#
# There is insufficient memory for the Java Runtime Environment to continue.
# Native memory allocation (malloc) failed to allocate 897136 bytes for Chunk::new
# Possible reasons:
#   The system is out of physical RAM or swap space
#   The process is running with CompressedOops enabled, and the Java Heap may be blocking the growth of the native heap
# Possible solutions:
#   Reduce memory load on the system
#   Increase physical memory or swap space
#   Check if swap backing store is full
#   Decrease Java heap size (-Xmx/-Xms)
#   Decrease number of Java threads
#   Decrease Java thread stack sizes (-Xss)
#   Set larger code cache with -XX:ReservedCodeCacheSize=
#   JVM is running with Zero Based Compressed Oops mode in which the Java heap is
#     placed in the first 32GB address space. The Java Heap base address is the
#     maximum limit for the native heap growth. Please use -XX:HeapBaseMinAddress
#     to set the Java Heap base and to place the Java Heap above 32GB virtual address.
# This output file may be truncated or incomplete.
#
#  Out of Memory Error (arena.cpp:184), pid=2624, tid=1948
#
# JRE version: Java(TM) SE Runtime Environment (20.0.2+9) (build 20.0.2+9-78)
# Java VM: Java HotSpot(TM) 64-Bit Server VM (20.0.2+9-78, mixed mode, sharing, tiered, compressed oops, compressed class ptrs, g1 gc, windows-amd64)
# No core dump will be written. Minidumps are not enabled by default on client versions of Windows
#

---------------  S U M M A R Y ------------

Command Line: --module-path=C:\Users\votan\OneDrive\Máy tính\Student_Management\Student_Management_Teacher\target\classes;C:\Users\votan\.m2\repository\io\github\palexdev\materialfx\11.16.1\materialfx-11.16.1.jar;C:\Users\votan\.m2\repository\io\github\palexdev\mfxcore\11.3.0\mfxcore-11.3.0.jar;C:\Users\votan\.m2\repository\io\github\palexdev\mfxeffects\11.0.5\mfxeffects-11.0.5.jar;C:\Users\votan\.m2\repository\io\github\palexdev\mfxlocalization\11.1.0\mfxlocalization-11.1.0.jar;C:\Users\votan\.m2\repository\io\github\palexdev\mfxresources\11.3.2\mfxresources-11.3.2.jar;C:\Users\votan\.m2\repository\io\github\palexdev\virtualizedfx\11.9.1\virtualizedfx-11.9.1.jar;C:\Users\votan\.m2\repository\org\openjfx\javafx-base\20.0.2\javafx-base-20.0.2-win.jar;C:\Users\votan\.m2\repository\org\openjfx\javafx-controls\20.0.2\javafx-controls-20.0.2-win.jar;C:\Users\votan\.m2\repository\org\openjfx\javafx-fxml\20.0.2\javafx-fxml-20.0.2-win.jar;C:\Users\votan\.m2\repository\org\openjfx\javafx-graphics\20.0.2\javafx-graphics-20.0.2-win.jar --add-modules=com.team_fortune.student_management_teacher -Djdk.module.main=com.team_fortune.student_management_teacher com.team_fortune.student_management_teacher/com.team_fortune.student_management_teacher.App

Host: 11th Gen Intel(R) Core(TM) i5-11400H @ 2.70GHz, 12 cores, 15G,  Windows 11 , 64 bit Build 22621 (10.0.22621.2215)
Time: Sat Sep 16 10:34:28 2023 SE Asia Standard Time elapsed time: 46.779088 seconds (0d 0h 0m 46s)

---------------  T H R E A D  ---------------

Current thread (0x000002b57ce4b4b0):  JavaThread "C2 CompilerThread0" daemon [_thread_in_native, id=1948, stack(0x000000f4f3400000,0x000000f4f3500000)]


Current CompileTask:
C2:  46779 6584   !   4       javafx.scene.CssStyleHelper::transitionToState (1039 bytes)

Stack: [0x000000f4f3400000,0x000000f4f3500000]
Native frames: (J=compiled Java code, j=interpreted, Vv=VM code, C=native code)
V  [jvm.dll+0x6bc25a]
V  [jvm.dll+0x84971a]
V  [jvm.dll+0x84b315]
V  [jvm.dll+0x84ba13]
V  [jvm.dll+0x280e4f]
V  [jvm.dll+0xc2ab1]
V  [jvm.dll+0xc2dd5]
V  [jvm.dll+0x2f611f]
V  [jvm.dll+0x5e3b0b]
V  [jvm.dll+0x254684]
V  [jvm.dll+0x254a4f]
V  [jvm.dll+0x24d23d]
V  [jvm.dll+0x24a819]
V  [jvm.dll+0x1ce761]
V  [jvm.dll+0x25a0eb]
V  [jvm.dll+0x2587c0]
V  [jvm.dll+0x3f2dd5]
V  [jvm.dll+0x7f5c76]
V  [jvm.dll+0x6baecb]
C  [ucrtbase.dll+0x29363]
C  [KERNEL32.DLL+0x1257d]
C  [ntdll.dll+0x5aa68]


---------------  P R O C E S S  ---------------

Threads class SMR info:
_java_thread_list=0x000002b57e7f94e0, length=19, elements={
0x000002b56c3f20c0, 0x000002b57a28ada0, 0x000002b57a28bba0, 0x000002b57a28e780,
0x000002b57ce464b0, 0x000002b57ce47160, 0x000002b57ce49fb0, 0x000002b57ce4b4b0,
0x000002b57ce4fbc0, 0x000002b57cf16b50, 0x000002b57d1cfe80, 0x000002b57d8d4c30,
0x000002b57da2ac30, 0x000002b57da33620, 0x000002b57ddc8630, 0x000002b57ddc6d00,
0x000002b57dff8b30, 0x000002b57e717770, 0x000002b57e718210
}

Java Threads: ( => current thread )
  0x000002b56c3f20c0 JavaThread "main" [_thread_blocked, id=3044, stack(0x000000f4f2700000,0x000000f4f2800000)]
  0x000002b57a28ada0 JavaThread "Reference Handler" daemon [_thread_blocked, id=18028, stack(0x000000f4f2e00000,0x000000f4f2f00000)]
  0x000002b57a28bba0 JavaThread "Finalizer" daemon [_thread_blocked, id=12472, stack(0x000000f4f2f00000,0x000000f4f3000000)]
  0x000002b57a28e780 JavaThread "Signal Dispatcher" daemon [_thread_blocked, id=28492, stack(0x000000f4f3000000,0x000000f4f3100000)]
  0x000002b57ce464b0 JavaThread "Attach Listener" daemon [_thread_blocked, id=22980, stack(0x000000f4f3100000,0x000000f4f3200000)]
  0x000002b57ce47160 JavaThread "Service Thread" daemon [_thread_blocked, id=13752, stack(0x000000f4f3200000,0x000000f4f3300000)]
  0x000002b57ce49fb0 JavaThread "Monitor Deflation Thread" daemon [_thread_blocked, id=20360, stack(0x000000f4f3300000,0x000000f4f3400000)]
=>0x000002b57ce4b4b0 JavaThread "C2 CompilerThread0" daemon [_thread_in_native, id=1948, stack(0x000000f4f3400000,0x000000f4f3500000)]
  0x000002b57ce4fbc0 JavaThread "C1 CompilerThread0" daemon [_thread_blocked, id=13844, stack(0x000000f4f3500000,0x000000f4f3600000)]
  0x000002b57cf16b50 JavaThread "Common-Cleaner" daemon [_thread_blocked, id=3140, stack(0x000000f4f3600000,0x000000f4f3700000)]
  0x000002b57d1cfe80 JavaThread "Notification Thread" daemon [_thread_blocked, id=6212, stack(0x000000f4f3700000,0x000000f4f3800000)]
  0x000002b57d8d4c30 JavaThread "QuantumRenderer-0" daemon [_thread_blocked, id=14096, stack(0x000000f4f3900000,0x000000f4f3a00000)]
  0x000002b57da2ac30 JavaThread "InvokeLaterDispatcher" daemon [_thread_blocked, id=14636, stack(0x000000f4f3a00000,0x000000f4f3b00000)]
  0x000002b57da33620 JavaThread "JavaFX Application Thread" [_thread_in_native, id=14748, stack(0x000000f4f3b00000,0x000000f4f3c00000)]
  0x000002b57ddc8630 JavaThread "JavaFX-Launcher" [_thread_blocked, id=27620, stack(0x000000f4f4500000,0x000000f4f4600000)]
  0x000002b57ddc6d00 JavaThread "Thread-2" daemon [_thread_in_native, id=27900, stack(0x000000f4f3f00000,0x000000f4f4000000)]
  0x000002b57dff8b30 JavaThread "Prism Font Disposer" daemon [_thread_blocked, id=25360, stack(0x000000f4f4600000,0x000000f4f4700000)]
  0x000002b57e717770 JavaThread "Cleaner-0" daemon [_thread_blocked, id=13400, stack(0x000000f4f4f00000,0x000000f4f5000000)]
  0x000002b57e718210 JavaThread "mysql-cj-abandoned-connection-cleanup" daemon [_thread_blocked, id=27944, stack(0x000000f4f5100000,0x000000f4f5200000)]

Other Threads:
  0x000002b57a26dc20 VMThread "VM Thread" [stack: 0x000000f4f2d00000,0x000000f4f2e00000] [id=18508]
  0x000002b57d1d0c00 WatcherThread "VM Periodic Task Thread" [stack: 0x000000f4f3800000,0x000000f4f3900000] [id=28276]
  0x000002b56c4610e0 WorkerThread "GC Thread#0" [stack: 0x000000f4f2800000,0x000000f4f2900000] [id=17496]
  0x000002b57dd7ace0 WorkerThread "GC Thread#1" [stack: 0x000000f4f4000000,0x000000f4f4100000] [id=28628]
  0x000002b57dd7b820 WorkerThread "GC Thread#2" [stack: 0x000000f4f4100000,0x000000f4f4200000] [id=11356]
  0x000002b57dd7b280 WorkerThread "GC Thread#3" [stack: 0x000000f4f4200000,0x000000f4f4300000] [id=17200]
  0x000002b57dd7aa10 WorkerThread "GC Thread#4" [stack: 0x000000f4f4300000,0x000000f4f4400000] [id=7064]
  0x000002b57dd7afb0 WorkerThread "GC Thread#5" [stack: 0x000000f4f4400000,0x000000f4f4500000] [id=27412]
  0x000002b57dd7c090 WorkerThread "GC Thread#6" [stack: 0x000000f4f4a00000,0x000000f4f4b00000] [id=18012]
  0x000002b57dd7c360 WorkerThread "GC Thread#7" [stack: 0x000000f4f4b00000,0x000000f4f4c00000] [id=28200]
  0x000002b57dd7a740 WorkerThread "GC Thread#8" [stack: 0x000000f4f4c00000,0x000000f4f4d00000] [id=28096]
  0x000002b57e3db070 WorkerThread "GC Thread#9" [stack: 0x000000f4f4d00000,0x000000f4f4e00000] [id=25712]
  0x000002b57a0d2010 ConcurrentGCThread "G1 Main Marker" [stack: 0x000000f4f2900000,0x000000f4f2a00000] [id=19976]
  0x000002b57a0d3900 WorkerThread "G1 Conc#0" [stack: 0x000000f4f2a00000,0x000000f4f2b00000] [id=18444]
  0x000002b57e3de310 WorkerThread "G1 Conc#1" [stack: 0x000000f4f5300000,0x000000f4f5400000] [id=28296]
  0x000002b57e3de5e0 WorkerThread "G1 Conc#2" [stack: 0x000000f4f5400000,0x000000f4f5500000] [id=21236]
  0x000002b56c4aeb20 ConcurrentGCThread "G1 Refine#0" [stack: 0x000000f4f2b00000,0x000000f4f2c00000] [id=21468]
  0x000002b57a12d700 ConcurrentGCThread "G1 Service" [stack: 0x000000f4f2c00000,0x000000f4f2d00000] [id=4476]

Threads with active compile tasks:
C2 CompilerThread0    46831 6584   !   4       javafx.scene.CssStyleHelper::transitionToState (1039 bytes)

VM state: not at safepoint (normal execution)

VM Mutex/Monitor currently owned by a thread: None

Heap address: 0x0000000704a00000, size: 4022 MB, Compressed Oops mode: Zero based, Oop shift amount: 3

CDS archive(s) mapped at: [0x000002b50f000000-0x000002b50fc60000-0x000002b50fc60000), size 12976128, SharedBaseAddress: 0x000002b50f000000, ArchiveRelocationMode: 1.
Compressed class space mapped at: 0x000002b510000000-0x000002b550000000, reserved size: 1073741824
Narrow klass base: 0x000002b50f000000, Narrow klass shift: 0, Narrow klass range: 0x100000000

GC Precious Log:
 CardTable entry size: 512
 Card Set container configuration: InlinePtr #cards 4 size 8 Array Of Cards #cards 16 size 48 Howl #buckets 8 coarsen threshold 3686 Howl Bitmap #cards 512 size 80 coarsen threshold 460 Card regions per heap region 1 cards per card region 4096
 CPUs: 12 total, 12 available
 Memory: 16086M
 Large Page Support: Disabled
 NUMA Support: Disabled
 Compressed Oops: Enabled (Zero based)
 Heap Region Size: 2M
 Heap Min Capacity: 8M
 Heap Initial Capacity: 252M
 Heap Max Capacity: 4022M
 Pre-touch: Disabled
 Parallel Workers: 10
 Concurrent Workers: 3
 Concurrent Refinement Workers: 10
 Periodic GC: Disabled

Heap:
 garbage-first heap   total 61440K, used 44013K [0x0000000704a00000, 0x0000000800000000)
  region size 2048K, 16 young (32768K), 3 survivors (6144K)
 Metaspace       used 31947K, committed 32448K, reserved 1114112K
  class space    used 4496K, committed 4736K, reserved 1048576K

Heap Regions: E=young(eden), S=young(survivor), O=old, HS=humongous(starts), HC=humongous(continues), CS=collection set, F=free, OA=open archive, CA=closed archive, TAMS=top-at-mark-start, PB=parsable bottom
|   0|0x0000000704a00000, 0x0000000704c00000, 0x0000000704c00000|100%|HS|  |TAMS 0x0000000704a00000| PB 0x0000000704a00000| Complete 
|   1|0x0000000704c00000, 0x0000000704da9000, 0x0000000704e00000| 83%| O|  |TAMS 0x0000000704c00000| PB 0x0000000704c00000| Complete 
|   2|0x0000000704e00000, 0x0000000705000000, 0x0000000705000000|100%|HS|  |TAMS 0x0000000704e00000| PB 0x0000000704e00000| Complete 
|   3|0x0000000705000000, 0x0000000705200000, 0x0000000705200000|100%| O|  |TAMS 0x0000000705000000| PB 0x0000000705000000| Untracked 
|   4|0x0000000705200000, 0x0000000705400000, 0x0000000705400000|100%| O|  |TAMS 0x0000000705200000| PB 0x0000000705200000| Untracked 
|   5|0x0000000705400000, 0x0000000705600000, 0x0000000705600000|100%| O|  |TAMS 0x0000000705400000| PB 0x0000000705400000| Untracked 
|   6|0x0000000705600000, 0x0000000705752400, 0x0000000705800000| 66%| O|  |TAMS 0x0000000705600000| PB 0x0000000705600000| Untracked 
|   7|0x0000000705800000, 0x0000000705800000, 0x0000000705a00000|  0%| F|  |TAMS 0x0000000705800000| PB 0x0000000705800000| Untracked 
|   8|0x0000000705a00000, 0x0000000705a00000, 0x0000000705c00000|  0%| F|  |TAMS 0x0000000705a00000| PB 0x0000000705a00000| Untracked 
|   9|0x0000000705c00000, 0x0000000705e00000, 0x0000000705e00000|100%| S|CS|TAMS 0x0000000705c00000| PB 0x0000000705c00000| Complete 
|  10|0x0000000705e00000, 0x0000000706000000, 0x0000000706000000|100%| S|CS|TAMS 0x0000000705e00000| PB 0x0000000705e00000| Complete 
|  11|0x0000000706000000, 0x0000000706200000, 0x0000000706200000|100%| S|CS|TAMS 0x0000000706000000| PB 0x0000000706000000| Complete 
|  12|0x0000000706200000, 0x0000000706200000, 0x0000000706400000|  0%| F|  |TAMS 0x0000000706200000| PB 0x0000000706200000| Untracked 
|  13|0x0000000706400000, 0x0000000706400000, 0x0000000706600000|  0%| F|  |TAMS 0x0000000706400000| PB 0x0000000706400000| Untracked 
|  14|0x0000000706600000, 0x0000000706600000, 0x0000000706800000|  0%| F|  |TAMS 0x0000000706600000| PB 0x0000000706600000| Untracked 
|  15|0x0000000706800000, 0x0000000706800000, 0x0000000706a00000|  0%| F|  |TAMS 0x0000000706800000| PB 0x0000000706800000| Untracked 
|  16|0x0000000706a00000, 0x0000000706a00000, 0x0000000706c00000|  0%| F|  |TAMS 0x0000000706a00000| PB 0x0000000706a00000| Untracked 
|  17|0x0000000706c00000, 0x0000000706decd08, 0x0000000706e00000| 96%| E|  |TAMS 0x0000000706c00000| PB 0x0000000706c00000| Complete 
|  18|0x0000000706e00000, 0x0000000707000000, 0x0000000707000000|100%| E|CS|TAMS 0x0000000706e00000| PB 0x0000000706e00000| Complete 
|  19|0x0000000707000000, 0x0000000707200000, 0x0000000707200000|100%| E|CS|TAMS 0x0000000707000000| PB 0x0000000707000000| Complete 
|  20|0x0000000707200000, 0x0000000707400000, 0x0000000707400000|100%| E|CS|TAMS 0x0000000707200000| PB 0x0000000707200000| Complete 
|  21|0x0000000707400000, 0x0000000707600000, 0x0000000707600000|100%| E|CS|TAMS 0x0000000707400000| PB 0x0000000707400000| Complete 
|  22|0x0000000707600000, 0x0000000707800000, 0x0000000707800000|100%| E|CS|TAMS 0x0000000707600000| PB 0x0000000707600000| Complete 
|  23|0x0000000707800000, 0x0000000707a00000, 0x0000000707a00000|100%| E|CS|TAMS 0x0000000707800000| PB 0x0000000707800000| Complete 
| 109|0x0000000712400000, 0x0000000712600000, 0x0000000712600000|100%| E|CS|TAMS 0x0000000712400000| PB 0x0000000712400000| Complete 
| 110|0x0000000712600000, 0x0000000712800000, 0x0000000712800000|100%| E|CS|TAMS 0x0000000712600000| PB 0x0000000712600000| Complete 
| 111|0x0000000712800000, 0x0000000712a00000, 0x0000000712a00000|100%| E|CS|TAMS 0x0000000712800000| PB 0x0000000712800000| Complete 
| 112|0x0000000712a00000, 0x0000000712c00000, 0x0000000712c00000|100%| E|CS|TAMS 0x0000000712a00000| PB 0x0000000712a00000| Complete 
| 113|0x0000000712c00000, 0x0000000712e00000, 0x0000000712e00000|100%| E|CS|TAMS 0x0000000712c00000| PB 0x0000000712c00000| Complete 
| 125|0x0000000714400000, 0x0000000714600000, 0x0000000714600000|100%| E|CS|TAMS 0x0000000714400000| PB 0x0000000714400000| Complete 

Card table byte_map: [0x000002b5751f0000,0x000002b5759d0000] _byte_map_base: 0x000002b5719cb000

Marking Bits: (CMBitMap*) 0x000002b56c461710
 Bits: [0x000002b5761b0000, 0x000002b57a088000)

Polling page: 0x000002b56bbb0000

Metaspace:

Usage:
  Non-class:     26.81 MB used.
      Class:      4.39 MB used.
       Both:     31.20 MB used.

Virtual space:
  Non-class space:       64.00 MB reserved,      27.06 MB ( 42%) committed,  1 nodes.
      Class space:        1.00 GB reserved,       4.62 MB ( <1%) committed,  1 nodes.
             Both:        1.06 GB reserved,      31.69 MB (  3%) committed. 

Chunk freelists:
   Non-Class:  112.00 KB
       Class:  3.31 MB
        Both:  3.42 MB

MaxMetaspaceSize: unlimited
CompressedClassSpaceSize: 1.00 GB
Initial GC threshold: 21.00 MB
Current GC threshold: 35.12 MB
CDS: on
MetaspaceReclaimPolicy: balanced
 - commit_granule_bytes: 65536.
 - commit_granule_words: 8192.
 - virtual_space_node_default_size: 8388608.
 - enlarge_chunks_in_place: 1.
 - new_chunks_are_fully_committed: 0.
 - uncommit_free_chunks: 1.
 - use_allocation_guard: 0.


Internal statistics:

num_allocs_failed_limit: 3.
num_arena_births: 438.
num_arena_deaths: 0.
num_vsnodes_births: 2.
num_vsnodes_deaths: 0.
num_space_committed: 506.
num_space_uncommitted: 0.
num_chunks_returned_to_freelist: 3.
num_chunks_taken_from_freelist: 1406.
num_chunk_merges: 0.
num_chunk_splits: 987.
num_chunks_enlarged: 731.
num_inconsistent_stats: 0.

CodeHeap 'non-profiled nmethods': size=120000Kb used=3205Kb max_used=3205Kb free=116794Kb
 bounds [0x000002b507ad0000, 0x000002b507e00000, 0x000002b50f000000]
CodeHeap 'profiled nmethods': size=120000Kb used=14717Kb max_used=14717Kb free=105282Kb
 bounds [0x000002b500000000, 0x000002b500e60000, 0x000002b507530000]
CodeHeap 'non-nmethods': size=5760Kb used=2229Kb max_used=2268Kb free=3530Kb
 bounds [0x000002b507530000, 0x000002b5077a0000, 0x000002b507ad0000]
 total_blobs=7515 nmethods=6583 adapters=840
 compilation: enabled
              stopped_count=0, restarted_count=0
 full_count=0

Compilation events (20 events):
Event: 44.295 Thread 0x000002b57ce4fbc0 nmethod 6575 0x000002b500e58190 code [0x000002b500e58380, 0x000002b500e58970]
Event: 44.594 Thread 0x000002b57ce4b4b0 6576       4       com.sun.prism.impl.ps.BaseShaderGraphics::renderGeneralRoundedRect (388 bytes)
Event: 44.597 Thread 0x000002b57ce4b4b0 nmethod 6576 0x000002b507deed10 code [0x000002b507deeec0, 0x000002b507def4b0]
Event: 45.364 Thread 0x000002b57ce4fbc0 6577       3       javafx.beans.property.DoublePropertyBase$Listener::invalidated (30 bytes)
Event: 45.365 Thread 0x000002b57ce4fbc0 nmethod 6577 0x000002b500e58b10 code [0x000002b500e58ce0, 0x000002b500e59310]
Event: 46.598 Thread 0x000002b57ce4b4b0 6579       4       javafx.scene.Parent::markDirtyLayout (62 bytes)
Event: 46.603 Thread 0x000002b57ce4b4b0 nmethod 6579 0x000002b507defd10 code [0x000002b507defec0, 0x000002b507df0688]
Event: 46.625 Thread 0x000002b57ce4fbc0 6580       3       com.sun.javafx.scene.control.inputmap.InputMap::lookupMappingAndSpecificity (182 bytes)
Event: 46.626 Thread 0x000002b57ce4fbc0 nmethod 6580 0x000002b500e59490 code [0x000002b500e59880, 0x000002b500e5bed0]
Event: 46.650 Thread 0x000002b57ce4fbc0 6581       3       javafx.scene.Node$15::invalidated (46 bytes)
Event: 46.650 Thread 0x000002b57ce4fbc0 nmethod 6581 0x000002b500e5cb90 code [0x000002b500e5ce00, 0x000002b500e5d9d8]
Event: 46.722 Thread 0x000002b57ce4b4b0 6582       4       com.sun.javafx.event.EventDispatchChainImpl::prepend (77 bytes)
Event: 46.725 Thread 0x000002b57ce4fbc0 6585       3       com.sun.prism.paint.Color::putBgraPreBytes (66 bytes)
Event: 46.725 Thread 0x000002b57ce4fbc0 nmethod 6585 0x000002b500e5dd90 code [0x000002b500e5df60, 0x000002b500e5e3d8]
Event: 46.726 Thread 0x000002b57ce4b4b0 nmethod 6582 0x000002b507df0a90 code [0x000002b507df0c40, 0x000002b507df13e0]
Event: 46.726 Thread 0x000002b57ce4b4b0 6584   !   4       javafx.scene.CssStyleHelper::transitionToState (1039 bytes)
Event: 46.767 Thread 0x000002b57ce4fbc0 6586       3       com.sun.javafx.scene.layout.RegionHelper::pickNodeLocalImpl (12 bytes)
Event: 46.767 Thread 0x000002b57ce4fbc0 nmethod 6586 0x000002b500e5e510 code [0x000002b500e5e6c0, 0x000002b500e5e9a8]
Event: 46.767 Thread 0x000002b57ce4fbc0 6587       3       javafx.scene.layout.Region::doPickNodeLocal (30 bytes)
Event: 46.767 Thread 0x000002b57ce4fbc0 nmethod 6587 0x000002b500e5eb10 code [0x000002b500e5ed20, 0x000002b500e5f400]

GC Heap History (8 events):
Event: 0.522 GC heap before
{Heap before GC invocations=0 (full 0):
 garbage-first heap   total 258048K, used 20480K [0x0000000704a00000, 0x0000000800000000)
  region size 2048K, 11 young (22528K), 0 survivors (0K)
 Metaspace       used 4011K, committed 4160K, reserved 1114112K
  class space    used 435K, committed 512K, reserved 1048576K
}
Event: 0.525 GC heap after
{Heap after GC invocations=1 (full 0):
 garbage-first heap   total 258048K, used 2634K [0x0000000704a00000, 0x0000000800000000)
  region size 2048K, 2 young (4096K), 2 survivors (4096K)
 Metaspace       used 4011K, committed 4160K, reserved 1114112K
  class space    used 435K, committed 512K, reserved 1048576K
}
Event: 1.306 GC heap before
{Heap before GC invocations=1 (full 0):
 garbage-first heap   total 258048K, used 43594K [0x0000000704a00000, 0x0000000800000000)
  region size 2048K, 21 young (43008K), 2 survivors (4096K)
 Metaspace       used 14547K, committed 14848K, reserved 1114112K
  class space    used 2215K, committed 2368K, reserved 1048576K
}
Event: 1.312 GC heap after
{Heap after GC invocations=2 (full 0):
 garbage-first heap   total 258048K, used 9892K [0x0000000704a00000, 0x0000000800000000)
  region size 2048K, 3 young (6144K), 3 survivors (6144K)
 Metaspace       used 14547K, committed 14848K, reserved 1114112K
  class space    used 2215K, committed 2368K, reserved 1048576K
}
Event: 14.456 GC heap before
{Heap before GC invocations=2 (full 0):
 garbage-first heap   total 258048K, used 34468K [0x0000000704a00000, 0x0000000800000000)
  region size 2048K, 15 young (30720K), 3 survivors (6144K)
 Metaspace       used 21092K, committed 21504K, reserved 1114112K
  class space    used 2982K, committed 3200K, reserved 1048576K
}
Event: 14.461 GC heap after
{Heap after GC invocations=3 (full 0):
 garbage-first heap   total 258048K, used 15278K [0x0000000704a00000, 0x0000000800000000)
  region size 2048K, 5 young (10240K), 5 survivors (10240K)
 Metaspace       used 21092K, committed 21504K, reserved 1114112K
  class space    used 2982K, committed 3200K, reserved 1048576K
}
Event: 18.073 GC heap before
{Heap before GC invocations=4 (full 0):
 garbage-first heap   total 61440K, used 41902K [0x0000000704a00000, 0x0000000800000000)
  region size 2048K, 18 young (36864K), 5 survivors (10240K)
 Metaspace       used 29260K, committed 29632K, reserved 1114112K
  class space    used 4094K, committed 4288K, reserved 1048576K
}
Event: 18.082 GC heap after
{Heap after GC invocations=5 (full 0):
 garbage-first heap   total 61440K, used 19437K [0x0000000704a00000, 0x0000000800000000)
  region size 2048K, 3 young (6144K), 3 survivors (6144K)
 Metaspace       used 29260K, committed 29632K, reserved 1114112K
  class space    used 4094K, committed 4288K, reserved 1048576K
}

Dll operation events (20 events):
Event: 0.366 Loaded shared library C:\Users\votan\.openjfx\cache\20.0.2+3\amd64\api-ms-win-crt-multibyte-l1-1-0.dll
Event: 0.368 Loaded shared library C:\Users\votan\.openjfx\cache\20.0.2+3\amd64\api-ms-win-crt-private-l1-1-0.dll
Event: 0.370 Loaded shared library C:\Users\votan\.openjfx\cache\20.0.2+3\amd64\api-ms-win-crt-process-l1-1-0.dll
Event: 0.373 Loaded shared library C:\Users\votan\.openjfx\cache\20.0.2+3\amd64\api-ms-win-crt-runtime-l1-1-0.dll
Event: 0.375 Loaded shared library C:\Users\votan\.openjfx\cache\20.0.2+3\amd64\api-ms-win-crt-stdio-l1-1-0.dll
Event: 0.377 Loaded shared library C:\Users\votan\.openjfx\cache\20.0.2+3\amd64\api-ms-win-crt-string-l1-1-0.dll
Event: 0.380 Loaded shared library C:\Users\votan\.openjfx\cache\20.0.2+3\amd64\api-ms-win-crt-time-l1-1-0.dll
Event: 0.383 Loaded shared library C:\Users\votan\.openjfx\cache\20.0.2+3\amd64\api-ms-win-crt-utility-l1-1-0.dll
Event: 0.392 Loaded shared library C:\Users\votan\.openjfx\cache\20.0.2+3\amd64\ucrtbase.dll
Event: 0.396 Loaded shared library C:\Users\votan\.openjfx\cache\20.0.2+3\amd64\vcruntime140.dll
Event: 0.398 Loaded shared library C:\Users\votan\.openjfx\cache\20.0.2+3\amd64\vcruntime140_1.dll
Event: 0.404 Loaded shared library C:\Users\votan\.openjfx\cache\20.0.2+3\amd64\msvcp140.dll
Event: 0.406 Loaded shared library C:\Users\votan\.openjfx\cache\20.0.2+3\amd64\msvcp140_1.dll
Event: 0.409 Loaded shared library C:\Users\votan\.openjfx\cache\20.0.2+3\amd64\msvcp140_2.dll
Event: 0.436 Loaded shared library C:\Users\votan\.openjfx\cache\20.0.2+3\amd64\prism_d3d.dll
Event: 0.473 Loaded shared library C:\Users\votan\.openjfx\cache\20.0.2+3\amd64\glass.dll
Event: 0.559 Loaded shared library C:\Program Files\Java\jdk-20\bin\jimage.dll
Event: 0.669 Loaded shared library C:\Users\votan\.openjfx\cache\20.0.2+3\amd64\javafx_iio.dll
Event: 0.733 Loaded shared library C:\Users\votan\.openjfx\cache\20.0.2+3\amd64\javafx_font.dll
Event: 14.504 Loaded shared library C:\Program Files\Java\jdk-20\bin\sunmscapi.dll

Deoptimization events (20 events):
Event: 43.580 Thread 0x000002b57d8d4c30 Uncommon trap: trap_request=0xfffffff4 fr.pc=0x000002b507db267c relative=0x000000000000639c
Event: 43.580 Thread 0x000002b57d8d4c30 Uncommon trap: reason=null_check action=make_not_entrant pc=0x000002b507db267c method=com.sun.javafx.geom.DirtyRegionPool.clearExpired()V @ 86 c2
Event: 43.580 Thread 0x000002b57d8d4c30 DEOPT PACKING pc=0x000002b507db267c sp=0x000000f4f39fe100
Event: 43.580 Thread 0x000002b57d8d4c30 DEOPT UNPACKING pc=0x000002b50754d2a2 sp=0x000000f4f39fdfa8 mode 2
Event: 43.892 Thread 0x000002b57da2ac30 Uncommon trap: trap_request=0xffffff45 fr.pc=0x000002b507db7e88 relative=0x0000000000000088
Event: 43.892 Thread 0x000002b57da2ac30 Uncommon trap: reason=unstable_if action=reinterpret pc=0x000002b507db7e88 method=java.util.concurrent.locks.AbstractQueuedSynchronizer$ConditionObject.canReacquire(Ljava/util/concurrent/locks/AbstractQueuedSynchronizer$ConditionNode;)Z @ 18 c2
Event: 43.892 Thread 0x000002b57da2ac30 DEOPT PACKING pc=0x000002b507db7e88 sp=0x000000f4f3afef40
Event: 43.892 Thread 0x000002b57da2ac30 DEOPT UNPACKING pc=0x000002b50754d2a2 sp=0x000000f4f3afeed0 mode 2
Event: 46.722 Thread 0x000002b57da33620 Uncommon trap: trap_request=0xffffff45 fr.pc=0x000002b507d305e4 relative=0x00000000000008e4
Event: 46.722 Thread 0x000002b57da33620 Uncommon trap: reason=unstable_if action=reinterpret pc=0x000002b507d305e4 method=javafx.scene.Parent.getOrderedChildren()Ljava/util/List; @ 23 c2
Event: 46.722 Thread 0x000002b57da33620 DEOPT PACKING pc=0x000002b507d305e4 sp=0x000000f4f3bfd7f0
Event: 46.722 Thread 0x000002b57da33620 DEOPT UNPACKING pc=0x000002b50754d2a2 sp=0x000000f4f3bfd540 mode 2
Event: 46.725 Thread 0x000002b57da33620 Uncommon trap: trap_request=0xffffff45 fr.pc=0x000002b507d324d0 relative=0x0000000000000870
Event: 46.725 Thread 0x000002b57da33620 Uncommon trap: reason=unstable_if action=reinterpret pc=0x000002b507d324d0 method=javafx.scene.Parent.getOrderedChildren()Ljava/util/List; @ 23 c2
Event: 46.725 Thread 0x000002b57da33620 DEOPT PACKING pc=0x000002b507d324d0 sp=0x000000f4f3bfda40
Event: 46.725 Thread 0x000002b57da33620 DEOPT UNPACKING pc=0x000002b50754d2a2 sp=0x000000f4f3bfd880 mode 2
Event: 46.725 Thread 0x000002b57d8d4c30 Uncommon trap: trap_request=0xffffff45 fr.pc=0x000002b507dc77fc relative=0x0000000000000bfc
Event: 46.725 Thread 0x000002b57d8d4c30 Uncommon trap: reason=unstable_if action=reinterpret pc=0x000002b507dc77fc method=com.sun.marlin.TransformingPathConsumer2D$PathClipFilter.closePath()V @ 9 c2
Event: 46.725 Thread 0x000002b57d8d4c30 DEOPT PACKING pc=0x000002b507dc77fc sp=0x000000f4f39fd0c0
Event: 46.725 Thread 0x000002b57d8d4c30 DEOPT UNPACKING pc=0x000002b50754d2a2 sp=0x000000f4f39fd070 mode 2

Classes loaded (20 events):
Event: 15.844 Loading class sun/util/logging/resources/logging_en_US
Event: 15.844 Loading class sun/util/logging/resources/logging_en_US done
Event: 15.844 Loading class sun/util/logging/resources/logging_en_US
Event: 15.844 Loading class sun/util/logging/resources/logging_en_US done
Event: 15.844 Loading class java/util/Formatter$DateTime
Event: 15.845 Loading class java/util/Formatter$DateTime done
Event: 15.845 Loading class java/time/ZonedDateTime$1
Event: 15.845 Loading class java/time/ZonedDateTime$1 done
Event: 18.121 Loading class sun/reflect/generics/tree/BottomSignature
Event: 18.121 Loading class sun/reflect/generics/tree/BottomSignature done
Event: 18.121 Loading class sun/reflect/generics/tree/Wildcard
Event: 18.121 Loading class sun/reflect/generics/tree/Wildcard done
Event: 18.122 Loading class sun/reflect/generics/reflectiveObjects/WildcardTypeImpl
Event: 18.122 Loading class java/lang/reflect/WildcardType
Event: 18.122 Loading class java/lang/reflect/WildcardType done
Event: 18.122 Loading class sun/reflect/generics/reflectiveObjects/WildcardTypeImpl done
Event: 27.100 Loading class java/util/RegularEnumSet$EnumSetIterator
Event: 27.100 Loading class java/util/RegularEnumSet$EnumSetIterator done
Event: 27.149 Loading class java/lang/foreign/MemorySegment
Event: 27.150 Loading class java/lang/foreign/MemorySegment done

Classes unloaded (0 events):
No events

Classes redefined (0 events):
No events

Internal exceptions (20 events):
Event: 14.302 Thread 0x000002b57da33620 Exception <a 'sun/nio/fs/WindowsException'{0x000000071343be70}> (0x000000071343be70) 
thrown [s\open\src\hotspot\share\prims\jni.cpp, line 519]
Event: 14.320 Thread 0x000002b57da33620 Exception <a 'java/lang/NoSuchMethodError'{0x0000000713555d90}: 'java.lang.Object java.lang.invoke.DirectMethodHandle$Holder.invokeInterface(java.lang.Object, java.lang.Object)'> (0x0000000713555d90) 
thrown [s\open\src\hotspot\share\interpreter\linkResolver.cpp, line 773]
Event: 14.322 Thread 0x000002b57da33620 Exception <a 'sun/nio/fs/WindowsException'{0x000000071355f8d8}> (0x000000071355f8d8) 
thrown [s\open\src\hotspot\share\prims\jni.cpp, line 519]
Event: 14.323 Thread 0x000002b57da33620 Exception <a 'sun/nio/fs/WindowsException'{0x0000000713561a38}> (0x0000000713561a38) 
thrown [s\open\src\hotspot\share\prims\jni.cpp, line 519]
Event: 14.329 Thread 0x000002b57da33620 Exception <a 'sun/nio/fs/WindowsException'{0x00000007135bcd78}> (0x00000007135bcd78) 
thrown [s\open\src\hotspot\share\prims\jni.cpp, line 519]
Event: 14.330 Thread 0x000002b57da33620 Exception <a 'sun/nio/fs/WindowsException'{0x00000007135bf038}> (0x00000007135bf038) 
thrown [s\open\src\hotspot\share\prims\jni.cpp, line 519]
Event: 14.334 Thread 0x000002b57da33620 Exception <a 'java/lang/NoSuchMethodError'{0x00000007135d64f0}: 'java.lang.Object java.lang.invoke.DirectMethodHandle$Holder.invokeVirtual(java.lang.Object, java.lang.Object, java.lang.Object)'> (0x00000007135d64f0) 
thrown [s\open\src\hotspot\share\interpreter\linkResolver.cpp, line 773]
Event: 14.395 Thread 0x000002b57da33620 Exception <a 'sun/nio/fs/WindowsException'{0x00000007130e3380}> (0x00000007130e3380) 
thrown [s\open\src\hotspot\share\prims\jni.cpp, line 519]
Event: 14.404 Thread 0x000002b57da33620 Exception <a 'java/lang/ClassNotFoundException'{0x00000007130ec148}: jdk/net/ExtendedSocketOptions> (0x00000007130ec148) 
thrown [s\open\src\hotspot\share\classfile\systemDictionary.cpp, line 305]
Event: 14.483 Thread 0x000002b57da33620 Exception <a 'sun/nio/fs/WindowsException'{0x00000007144bc800}> (0x00000007144bc800) 
thrown [s\open\src\hotspot\share\prims\jni.cpp, line 519]
Event: 14.543 Thread 0x000002b57da33620 Exception <a 'sun/nio/fs/WindowsException'{0x00000007078e0420}> (0x00000007078e0420) 
thrown [s\open\src\hotspot\share\prims\jni.cpp, line 519]
Event: 14.550 Thread 0x000002b57da33620 Exception <a 'sun/nio/fs/WindowsException'{0x00000007078f5130}> (0x00000007078f5130) 
thrown [s\open\src\hotspot\share\prims\jni.cpp, line 519]
Event: 14.833 Thread 0x000002b57da33620 Exception <a 'java/io/IOException'{0x00000007075615a8}> (0x00000007075615a8) 
thrown [s\open\src\hotspot\share\prims\jni.cpp, line 519]
Event: 14.833 Thread 0x000002b57da33620 Exception <a 'java/lang/NoSuchMethodError'{0x00000007075628f8}: 'void java.lang.invoke.DirectMethodHandle$Holder.invokeInterface(java.lang.Object, java.lang.Object)'> (0x00000007075628f8) 
thrown [s\open\src\hotspot\share\interpreter\linkResolver.cpp, line 773]
Event: 15.819 Thread 0x000002b57da33620 Exception <a 'java/io/FileNotFoundException'{0x0000000706b64298}> (0x0000000706b64298) 
thrown [s\open\src\hotspot\share\prims\jni.cpp, line 519]
Event: 15.841 Thread 0x000002b57da33620 Exception <a 'sun/nio/fs/WindowsException'{0x00000007068011d0}> (0x00000007068011d0) 
thrown [s\open\src\hotspot\share\prims\jni.cpp, line 519]
Event: 15.844 Thread 0x000002b57da33620 Exception <a 'java/lang/ClassNotFoundException'{0x000000070680d4e0}: sun/util/logging/resources/spi/loggingProvider> (0x000000070680d4e0) 
thrown [s\open\src\hotspot\share\classfile\systemDictionary.cpp, line 305]
Event: 15.900 Thread 0x000002b57da33620 Implicit null exception at 0x000002b507c72e5a to 0x000002b507c7362c
Event: 17.187 Thread 0x000002b57d8d4c30 Exception <a 'java/lang/NoSuchMethodError'{0x000000070709e018}: 'java.lang.Object java.lang.invoke.DirectMethodHandle$Holder.invokeStaticInit(java.lang.Object, int)'> (0x000000070709e018) 
thrown [s\open\src\hotspot\share\interpreter\linkResolver.cpp, line 773]
Event: 43.580 Thread 0x000002b57d8d4c30 Implicit null exception at 0x000002b507dad7ac to 0x000002b507db259c

VM Operations (20 events):
Event: 29.119 Executing VM operation: Cleanup
Event: 29.119 Executing VM operation: Cleanup done
Event: 30.119 Executing VM operation: Cleanup
Event: 30.120 Executing VM operation: Cleanup done
Event: 33.121 Executing VM operation: Cleanup
Event: 33.122 Executing VM operation: Cleanup done
Event: 34.122 Executing VM operation: Cleanup
Event: 34.122 Executing VM operation: Cleanup done
Event: 36.122 Executing VM operation: Cleanup
Event: 36.123 Executing VM operation: Cleanup done
Event: 38.124 Executing VM operation: Cleanup
Event: 38.124 Executing VM operation: Cleanup done
Event: 42.127 Executing VM operation: Cleanup
Event: 42.127 Executing VM operation: Cleanup done
Event: 43.127 Executing VM operation: Cleanup
Event: 43.127 Executing VM operation: Cleanup done
Event: 44.128 Executing VM operation: Cleanup
Event: 44.128 Executing VM operation: Cleanup done
Event: 45.128 Executing VM operation: Cleanup
Event: 45.128 Executing VM operation: Cleanup done

Events (20 events):
Event: 0.477 Thread 0x000002b57da33620 Thread added: 0x000002b57da33620
Event: 0.531 Thread 0x000002b57ddc8630 Thread added: 0x000002b57ddc8630
Event: 0.532 Thread 0x000002b57ddc6d00 Thread added: 0x000002b57ddc6d00
Event: 0.856 Thread 0x000002b57dff8b30 Thread added: 0x000002b57dff8b30
Event: 1.549 Thread 0x000002b57e717770 Thread added: 0x000002b57e717770
Event: 14.300 Thread 0x000002b57e718210 Thread added: 0x000002b57e718210
Event: 14.451 Thread 0x000002b57d7b9ac0 Thread added: 0x000002b57d7b9ac0
Event: 14.679 Thread 0x000002b57d027c40 Thread added: 0x000002b57d027c40
Event: 15.053 Thread 0x000002b57d7b9ac0 Thread exited: 0x000002b57d7b9ac0
Event: 15.053 Thread 0x000002b57d027c40 Thread exited: 0x000002b57d027c40
Event: 15.791 Thread 0x000002b57e9d4870 Thread added: 0x000002b57e9d4870
Event: 15.791 Thread 0x000002b57e70d850 Thread added: 0x000002b57e70d850
Event: 16.358 Thread 0x000002b57e70d850 Thread exited: 0x000002b57e70d850
Event: 16.708 Thread 0x000002b57e9d4870 Thread exited: 0x000002b57e9d4870
Event: 18.326 Thread 0x000002b55b0a8920 Thread added: 0x000002b55b0a8920
Event: 18.885 Thread 0x000002b55b0a8920 Thread exited: 0x000002b55b0a8920
Event: 25.891 Thread 0x000002b55af1da90 Thread added: 0x000002b55af1da90
Event: 26.229 Thread 0x000002b55af1da90 Thread exited: 0x000002b55af1da90
Event: 27.093 Thread 0x000002b55aa01440 Thread added: 0x000002b55aa01440
Event: 27.316 Thread 0x000002b55aa01440 Thread exited: 0x000002b55aa01440


Dynamic libraries:
0x00007ff6f61a0000 - 0x00007ff6f61b0000 	C:\Program Files\Java\jdk-20\bin\java.exe
0x00007ffb555f0000 - 0x00007ffb55804000 	C:\Windows\SYSTEM32\ntdll.dll
0x00007ffb54a60000 - 0x00007ffb54b24000 	C:\Windows\System32\KERNEL32.DLL
0x00007ffb52c50000 - 0x00007ffb52ff4000 	C:\Windows\System32\KERNELBASE.dll
0x00007ffb530f0000 - 0x00007ffb53201000 	C:\Windows\System32\ucrtbase.dll
0x00007ffb4b340000 - 0x00007ffb4b359000 	C:\Program Files\Java\jdk-20\bin\jli.dll
0x00007ffaa7820000 - 0x00007ffaa783b000 	C:\Program Files\Java\jdk-20\bin\VCRUNTIME140.dll
0x00007ffb541d0000 - 0x00007ffb54280000 	C:\Windows\System32\ADVAPI32.dll
0x00007ffb54b30000 - 0x00007ffb54bd7000 	C:\Windows\System32\msvcrt.dll
0x00007ffb543c0000 - 0x00007ffb54466000 	C:\Windows\System32\sechost.dll
0x00007ffb54e10000 - 0x00007ffb54f27000 	C:\Windows\System32\RPCRT4.dll
0x00007ffb53f90000 - 0x00007ffb5413e000 	C:\Windows\System32\USER32.dll
0x00007ffb530c0000 - 0x00007ffb530e6000 	C:\Windows\System32\win32u.dll
0x00007ffb54c60000 - 0x00007ffb54c89000 	C:\Windows\System32\GDI32.dll
0x00007ffb52b30000 - 0x00007ffb52c48000 	C:\Windows\System32\gdi32full.dll
0x00007ffb52a20000 - 0x00007ffb52aba000 	C:\Windows\System32\msvcp_win.dll
0x00007ffb34e40000 - 0x00007ffb350d3000 	C:\Windows\WinSxS\amd64_microsoft.windows.common-controls_6595b64144ccf1df_6.0.22621.2215_none_270d72677387dfc3\COMCTL32.dll
0x00007ffb48f40000 - 0x00007ffb48f4a000 	C:\Windows\SYSTEM32\VERSION.dll
0x00007ffb54380000 - 0x00007ffb543b1000 	C:\Windows\System32\IMM32.DLL
0x00007ffaa7810000 - 0x00007ffaa781c000 	C:\Program Files\Java\jdk-20\bin\vcruntime140_1.dll
0x00007ffaa6de0000 - 0x00007ffaa6e6e000 	C:\Program Files\Java\jdk-20\bin\msvcp140.dll
0x00007ffa74c00000 - 0x00007ffa75898000 	C:\Program Files\Java\jdk-20\bin\server\jvm.dll
0x00007ffb44cf0000 - 0x00007ffb44d24000 	C:\Windows\SYSTEM32\WINMM.dll
0x00007ffb1a410000 - 0x00007ffb1a419000 	C:\Windows\SYSTEM32\WSOCK32.dll
0x00007ffb53d50000 - 0x00007ffb53dc1000 	C:\Windows\System32\WS2_32.dll
0x00007ffb51960000 - 0x00007ffb51978000 	C:\Windows\SYSTEM32\kernel.appcore.dll
0x00007ffaa7710000 - 0x00007ffaa771a000 	C:\Program Files\Java\jdk-20\bin\jimage.dll
0x00007ffb50330000 - 0x00007ffb5055e000 	C:\Windows\SYSTEM32\DBGHELP.DLL
0x00007ffb544e0000 - 0x00007ffb5486a000 	C:\Windows\System32\combase.dll
0x00007ffb54d30000 - 0x00007ffb54e07000 	C:\Windows\System32\OLEAUT32.dll
0x00007ffb478b0000 - 0x00007ffb478e2000 	C:\Windows\SYSTEM32\dbgcore.DLL
0x00007ffb529a0000 - 0x00007ffb52a1a000 	C:\Windows\System32\bcryptPrimitives.dll
0x00007ffaa7720000 - 0x00007ffaa7746000 	C:\Program Files\Java\jdk-20\bin\java.dll
0x00007ffaa7090000 - 0x00007ffaa7167000 	C:\Program Files\Java\jdk-20\bin\jsvml.dll
0x00007ffb53520000 - 0x00007ffb53d43000 	C:\Windows\System32\SHELL32.dll
0x00007ffb508e0000 - 0x00007ffb511ca000 	C:\Windows\SYSTEM32\windows.storage.dll
0x00007ffb507a0000 - 0x00007ffb508de000 	C:\Windows\SYSTEM32\wintypes.dll
0x00007ffb54280000 - 0x00007ffb54373000 	C:\Windows\System32\SHCORE.dll
0x00007ffb54990000 - 0x00007ffb549ee000 	C:\Windows\System32\shlwapi.dll
0x00007ffb528d0000 - 0x00007ffb528f6000 	C:\Windows\SYSTEM32\profapi.dll
0x00007ffaa7070000 - 0x00007ffaa7083000 	C:\Program Files\Java\jdk-20\bin\net.dll
0x00007ffb486e0000 - 0x00007ffb48817000 	C:\Windows\SYSTEM32\WINHTTP.dll
0x00007ffb51e20000 - 0x00007ffb51e89000 	C:\Windows\system32\mswsock.dll
0x00007ffaa7050000 - 0x00007ffaa7066000 	C:\Program Files\Java\jdk-20\bin\nio.dll
0x00007ffaa7030000 - 0x00007ffaa7048000 	C:\Program Files\Java\jdk-20\bin\zip.dll
0x000002b57da40000 - 0x000002b57da43000 	C:\Users\votan\.openjfx\cache\20.0.2+3\amd64\api-ms-win-core-console-l1-1-0.dll
0x000002b57da50000 - 0x000002b57da53000 	C:\Users\votan\.openjfx\cache\20.0.2+3\amd64\api-ms-win-core-console-l1-2-0.dll
0x000002b57da60000 - 0x000002b57da63000 	C:\Users\votan\.openjfx\cache\20.0.2+3\amd64\api-ms-win-core-datetime-l1-1-0.dll
0x000002b57da70000 - 0x000002b57da73000 	C:\Users\votan\.openjfx\cache\20.0.2+3\amd64\api-ms-win-core-debug-l1-1-0.dll
0x000002b57da80000 - 0x000002b57da83000 	C:\Users\votan\.openjfx\cache\20.0.2+3\amd64\api-ms-win-core-errorhandling-l1-1-0.dll
0x000002b57da90000 - 0x000002b57da94000 	C:\Users\votan\.openjfx\cache\20.0.2+3\amd64\api-ms-win-core-file-l1-1-0.dll
0x000002b57ea70000 - 0x000002b57ea73000 	C:\Users\votan\.openjfx\cache\20.0.2+3\amd64\api-ms-win-core-file-l1-2-0.dll
0x000002b57ea80000 - 0x000002b57ea83000 	C:\Users\votan\.openjfx\cache\20.0.2+3\amd64\api-ms-win-core-file-l2-1-0.dll
0x000002b57ea90000 - 0x000002b57ea93000 	C:\Users\votan\.openjfx\cache\20.0.2+3\amd64\api-ms-win-core-handle-l1-1-0.dll
0x000002b57eaa0000 - 0x000002b57eaa3000 	C:\Users\votan\.openjfx\cache\20.0.2+3\amd64\api-ms-win-core-heap-l1-1-0.dll
0x000002b57eab0000 - 0x000002b57eab3000 	C:\Users\votan\.openjfx\cache\20.0.2+3\amd64\api-ms-win-core-interlocked-l1-1-0.dll
0x000002b57eac0000 - 0x000002b57eac3000 	C:\Users\votan\.openjfx\cache\20.0.2+3\amd64\api-ms-win-core-libraryloader-l1-1-0.dll
0x000002b57ead0000 - 0x000002b57ead3000 	C:\Users\votan\.openjfx\cache\20.0.2+3\amd64\api-ms-win-core-localization-l1-2-0.dll
0x000002b57eae0000 - 0x000002b57eae3000 	C:\Users\votan\.openjfx\cache\20.0.2+3\amd64\api-ms-win-core-memory-l1-1-0.dll
0x000002b57eaf0000 - 0x000002b57eaf3000 	C:\Users\votan\.openjfx\cache\20.0.2+3\amd64\api-ms-win-core-namedpipe-l1-1-0.dll
0x000002b57eb00000 - 0x000002b57eb03000 	C:\Users\votan\.openjfx\cache\20.0.2+3\amd64\api-ms-win-core-processenvironment-l1-1-0.dll
0x000002b57eb10000 - 0x000002b57eb13000 	C:\Users\votan\.openjfx\cache\20.0.2+3\amd64\api-ms-win-core-processthreads-l1-1-0.dll
0x000002b57eb20000 - 0x000002b57eb23000 	C:\Users\votan\.openjfx\cache\20.0.2+3\amd64\api-ms-win-core-processthreads-l1-1-1.dll
0x000002b57eb30000 - 0x000002b57eb33000 	C:\Users\votan\.openjfx\cache\20.0.2+3\amd64\api-ms-win-core-profile-l1-1-0.dll
0x000002b57eb40000 - 0x000002b57eb43000 	C:\Users\votan\.openjfx\cache\20.0.2+3\amd64\api-ms-win-core-rtlsupport-l1-1-0.dll
0x000002b57eb50000 - 0x000002b57eb53000 	C:\Users\votan\.openjfx\cache\20.0.2+3\amd64\api-ms-win-core-string-l1-1-0.dll
0x000002b57eb60000 - 0x000002b57eb63000 	C:\Users\votan\.openjfx\cache\20.0.2+3\amd64\api-ms-win-core-synch-l1-1-0.dll
0x000002b57eb70000 - 0x000002b57eb73000 	C:\Users\votan\.openjfx\cache\20.0.2+3\amd64\api-ms-win-core-synch-l1-2-0.dll
0x000002b57eb80000 - 0x000002b57eb83000 	C:\Users\votan\.openjfx\cache\20.0.2+3\amd64\api-ms-win-core-sysinfo-l1-1-0.dll
0x000002b57eb90000 - 0x000002b57eb93000 	C:\Users\votan\.openjfx\cache\20.0.2+3\amd64\api-ms-win-core-timezone-l1-1-0.dll
0x000002b57eba0000 - 0x000002b57eba3000 	C:\Users\votan\.openjfx\cache\20.0.2+3\amd64\api-ms-win-core-util-l1-1-0.dll
0x000002b57ebb0000 - 0x000002b57ebb3000 	C:\Users\votan\.openjfx\cache\20.0.2+3\amd64\api-ms-win-crt-conio-l1-1-0.dll
0x000002b57ebc0000 - 0x000002b57ebc4000 	C:\Users\votan\.openjfx\cache\20.0.2+3\amd64\api-ms-win-crt-convert-l1-1-0.dll
0x000002b57ebd0000 - 0x000002b57ebd3000 	C:\Users\votan\.openjfx\cache\20.0.2+3\amd64\api-ms-win-crt-environment-l1-1-0.dll
0x000002b57ebe0000 - 0x000002b57ebe3000 	C:\Users\votan\.openjfx\cache\20.0.2+3\amd64\api-ms-win-crt-filesystem-l1-1-0.dll
0x000002b57ebf0000 - 0x000002b57ebf3000 	C:\Users\votan\.openjfx\cache\20.0.2+3\amd64\api-ms-win-crt-heap-l1-1-0.dll
0x000002b57ec00000 - 0x000002b57ec03000 	C:\Users\votan\.openjfx\cache\20.0.2+3\amd64\api-ms-win-crt-locale-l1-1-0.dll
0x000002b57ec10000 - 0x000002b57ec15000 	C:\Users\votan\.openjfx\cache\20.0.2+3\amd64\api-ms-win-crt-math-l1-1-0.dll
0x000002b57ec20000 - 0x000002b57ec25000 	C:\Users\votan\.openjfx\cache\20.0.2+3\amd64\api-ms-win-crt-multibyte-l1-1-0.dll
0x000002b57ec30000 - 0x000002b57ec40000 	C:\Users\votan\.openjfx\cache\20.0.2+3\amd64\api-ms-win-crt-private-l1-1-0.dll
0x000002b57ec40000 - 0x000002b57ec43000 	C:\Users\votan\.openjfx\cache\20.0.2+3\amd64\api-ms-win-crt-process-l1-1-0.dll
0x000002b57ec50000 - 0x000002b57ec54000 	C:\Users\votan\.openjfx\cache\20.0.2+3\amd64\api-ms-win-crt-runtime-l1-1-0.dll
0x000002b57ec60000 - 0x000002b57ec64000 	C:\Users\votan\.openjfx\cache\20.0.2+3\amd64\api-ms-win-crt-stdio-l1-1-0.dll
0x000002b57ec70000 - 0x000002b57ec74000 	C:\Users\votan\.openjfx\cache\20.0.2+3\amd64\api-ms-win-crt-string-l1-1-0.dll
0x000002b57ec80000 - 0x000002b57ec83000 	C:\Users\votan\.openjfx\cache\20.0.2+3\amd64\api-ms-win-crt-time-l1-1-0.dll
0x000002b57ec90000 - 0x000002b57ec93000 	C:\Users\votan\.openjfx\cache\20.0.2+3\amd64\api-ms-win-crt-utility-l1-1-0.dll
0x00007ffaeaf40000 - 0x00007ffaeb03c000 	C:\Users\votan\.openjfx\cache\20.0.2+3\amd64\ucrtbase.dll
0x00007ffb4b270000 - 0x00007ffb4b28b000 	C:\Users\votan\.openjfx\cache\20.0.2+3\amd64\vcruntime140.dll
0x00007ffb4b330000 - 0x00007ffb4b33c000 	C:\Users\votan\.openjfx\cache\20.0.2+3\amd64\vcruntime140_1.dll
0x00007ffafa510000 - 0x00007ffafa59e000 	C:\Users\votan\.openjfx\cache\20.0.2+3\amd64\msvcp140.dll
0x00007ffb4b260000 - 0x00007ffb4b269000 	C:\Users\votan\.openjfx\cache\20.0.2+3\amd64\msvcp140_1.dll
0x00007ffb1d180000 - 0x00007ffb1d1b0000 	C:\Users\votan\.openjfx\cache\20.0.2+3\amd64\msvcp140_2.dll
0x00007ffb1d150000 - 0x00007ffb1d17f000 	C:\Users\votan\.openjfx\cache\20.0.2+3\amd64\prism_d3d.dll
0x00007ffb11100000 - 0x00007ffb112a9000 	C:\Windows\system32\d3d9.dll
0x00007ffb4ff70000 - 0x00007ffb4ff9b000 	C:\Windows\SYSTEM32\dwmapi.dll
0x00007ffb4fc40000 - 0x00007ffb4fc78000 	C:\Windows\SYSTEM32\dxcore.dll
0x00007ffb4fb60000 - 0x00007ffb4fc0b000 	C:\Windows\system32\uxtheme.dll
0x00007ffac6280000 - 0x00007ffac64f4000 	C:\Windows\System32\DriverStore\FileRepository\iigd_dch.inf_amd64_70ed43462b376a8e\igdumdim64.dll
0x00007ffb53380000 - 0x00007ffb5351e000 	C:\Windows\System32\ole32.dll
0x00007ffac4f20000 - 0x00007ffac627d000 	C:\Windows\System32\DriverStore\FileRepository\iigd_dch.inf_amd64_70ed43462b376a8e\igd9dxva64.dll
0x00007ffb55130000 - 0x00007ffb555a4000 	C:\Windows\System32\SETUPAPI.dll
0x00007ffb52690000 - 0x00007ffb526de000 	C:\Windows\SYSTEM32\cfgmgr32.dll
0x00007ffad1670000 - 0x00007ffad3395000 	C:\Windows\System32\DriverStore\FileRepository\iigd_dch.inf_amd64_70ed43462b376a8e\media_bin_64.dll
0x00007ffb43d10000 - 0x00007ffb4414b000 	C:\Windows\System32\DriverStore\FileRepository\iigd_dch.inf_amd64_70ed43462b376a8e\igdgmm64.dll
0x00007ffb4af80000 - 0x00007ffb4afca000 	C:\Windows\SYSTEM32\directxdatabasehelper.dll
0x00007ffb04030000 - 0x00007ffb04072000 	C:\Users\votan\.openjfx\cache\20.0.2+3\amd64\glass.dll
0x00007ffb54890000 - 0x00007ffb54989000 	C:\Windows\System32\COMDLG32.dll
0x00007ffb54f30000 - 0x00007ffb55079000 	C:\Windows\System32\MSCTF.dll
0x00007ffae4750000 - 0x00007ffae4777000 	C:\Windows\System32\DriverStore\FileRepository\iigd_dch.inf_amd64_70ed43462b376a8e\igdinfo64.dll
0x00007ffb3ba90000 - 0x00007ffb3f91c000 	C:\Windows\System32\DriverStore\FileRepository\iigd_dch.inf_amd64_70ed43462b376a8e\igc64.dll
0x00007ffb1d100000 - 0x00007ffb1d12d000 	C:\Users\votan\.openjfx\cache\20.0.2+3\amd64\javafx_iio.dll
0x00007ffb0cdc0000 - 0x00007ffb0cdd4000 	C:\Users\votan\.openjfx\cache\20.0.2+3\amd64\javafx_font.dll
0x00007ffb4e5b0000 - 0x00007ffb4e817000 	C:\Windows\SYSTEM32\dwrite.dll
0x00007ffb521b0000 - 0x00007ffb521cb000 	C:\Windows\SYSTEM32\CRYPTSP.dll
0x00007ffb51920000 - 0x00007ffb51955000 	C:\Windows\system32\rsaenh.dll
0x00007ffb51ec0000 - 0x00007ffb51eec000 	C:\Windows\SYSTEM32\USERENV.dll
0x00007ffb52350000 - 0x00007ffb52378000 	C:\Windows\SYSTEM32\bcrypt.dll
0x00007ffb52120000 - 0x00007ffb5212c000 	C:\Windows\SYSTEM32\CRYPTBASE.dll
0x00007ffb51430000 - 0x00007ffb5145d000 	C:\Windows\SYSTEM32\IPHLPAPI.DLL
0x00007ffb54a50000 - 0x00007ffb54a59000 	C:\Windows\System32\NSI.dll
0x00007ffb494a0000 - 0x00007ffb494b9000 	C:\Windows\SYSTEM32\dhcpcsvc6.DLL
0x00007ffb49480000 - 0x00007ffb4949f000 	C:\Windows\SYSTEM32\dhcpcsvc.DLL
0x00007ffb514a0000 - 0x00007ffb51592000 	C:\Windows\SYSTEM32\DNSAPI.dll
0x00007ffb55080000 - 0x00007ffb55130000 	C:\Windows\System32\clbcatq.dll
0x00007ffb4e400000 - 0x00007ffb4e5b0000 	C:\Windows\SYSTEM32\WindowsCodecs.dll
0x00007ffb06a20000 - 0x00007ffb06a7e000 	C:\Windows\system32\dataexchange.dll
0x00007ffb47160000 - 0x00007ffb473e2000 	C:\Windows\system32\twinapi.appcore.dll
0x00007ffb03570000 - 0x00007ffb035a2000 	C:\Program Files\Common Files\Microsoft Shared\Ink\rtscom.dll

dbghelp: loaded successfully - version: 4.0.5 - missing functions: none
symbol engine: initialized successfully - sym options: 0x614 - pdb path: .;C:\Program Files\Java\jdk-20\bin;C:\Windows\SYSTEM32;C:\Windows\WinSxS\amd64_microsoft.windows.common-controls_6595b64144ccf1df_6.0.22621.2215_none_270d72677387dfc3;C:\Program Files\Java\jdk-20\bin\server;C:\Users\votan\.openjfx\cache\20.0.2+3\amd64;C:\Windows\System32\DriverStore\FileRepository\iigd_dch.inf_amd64_70ed43462b376a8e;C:\Program Files\Common Files\Microsoft Shared\Ink

VM Arguments:
jvm_args: --module-path=C:\Users\votan\OneDrive\Máy tính\Student_Management\Student_Management_Teacher\target\classes;C:\Users\votan\.m2\repository\io\github\palexdev\materialfx\11.16.1\materialfx-11.16.1.jar;C:\Users\votan\.m2\repository\io\github\palexdev\mfxcore\11.3.0\mfxcore-11.3.0.jar;C:\Users\votan\.m2\repository\io\github\palexdev\mfxeffects\11.0.5\mfxeffects-11.0.5.jar;C:\Users\votan\.m2\repository\io\github\palexdev\mfxlocalization\11.1.0\mfxlocalization-11.1.0.jar;C:\Users\votan\.m2\repository\io\github\palexdev\mfxresources\11.3.2\mfxresources-11.3.2.jar;C:\Users\votan\.m2\repository\io\github\palexdev\virtualizedfx\11.9.1\virtualizedfx-11.9.1.jar;C:\Users\votan\.m2\repository\org\openjfx\javafx-base\20.0.2\javafx-base-20.0.2-win.jar;C:\Users\votan\.m2\repository\org\openjfx\javafx-controls\20.0.2\javafx-controls-20.0.2-win.jar;C:\Users\votan\.m2\repository\org\openjfx\javafx-fxml\20.0.2\javafx-fxml-20.0.2-win.jar;C:\Users\votan\.m2\repository\org\openjfx\javafx-graphics\20.0.2\javafx-graphics-20.0.2-win.jar --add-modules=com.team_fortune.student_management_teacher -Djdk.module.main=com.team_fortune.student_management_teacher 
java_command: com.team_fortune.student_management_teacher/com.team_fortune.student_management_teacher.App
java_class_path (initial): C:\Users\votan\OneDrive\Máy tính\Student_Management\Student_Management_Teacher\target\classes;C:\Users\votan\.m2\repository\com\google\protobuf\protobuf-java\3.21.9\protobuf-java-3.21.9.jar;C:\Users\votan\.m2\repository\com\mysql\mysql-connector-j\8.1.0\mysql-connector-j-8.1.0.jar;C:\Users\votan\.m2\repository\org\openjfx\javafx-base\20.0.2\javafx-base-20.0.2.jar;C:\Users\votan\.m2\repository\org\openjfx\javafx-controls\20.0.2\javafx-controls-20.0.2.jar;C:\Users\votan\.m2\repository\org\openjfx\javafx-fxml\20.0.2\javafx-fxml-20.0.2.jar;C:\Users\votan\.m2\repository\org\openjfx\javafx-graphics\20.0.2\javafx-graphics-20.0.2.jar
Launcher Type: SUN_STANDARD

[Global flags]
     intx CICompilerCount                          = 4                                         {product} {ergonomic}
     uint ConcGCThreads                            = 3                                         {product} {ergonomic}
     uint G1ConcRefinementThreads                  = 10                                        {product} {ergonomic}
   size_t G1HeapRegionSize                         = 2097152                                   {product} {ergonomic}
    uintx GCDrainStackTargetSize                   = 64                                        {product} {ergonomic}
   size_t InitialHeapSize                          = 264241152                                 {product} {ergonomic}
   size_t MarkStackSize                            = 4194304                                   {product} {ergonomic}
   size_t MaxHeapSize                              = 4217372672                                {product} {ergonomic}
   size_t MaxNewSize                               = 2529165312                                {product} {ergonomic}
   size_t MinHeapDeltaBytes                        = 2097152                                   {product} {ergonomic}
   size_t MinHeapSize                              = 8388608                                   {product} {ergonomic}
    uintx NonNMethodCodeHeapSize                   = 5839372                                {pd product} {ergonomic}
    uintx NonProfiledCodeHeapSize                  = 122909434                              {pd product} {ergonomic}
     bool PerfDisableSharedMem                     = true                                      {product} {ergonomic}
    uintx ProfiledCodeHeapSize                     = 122909434                              {pd product} {ergonomic}
    uintx ReservedCodeCacheSize                    = 251658240                              {pd product} {ergonomic}
     bool SegmentedCodeCache                       = true                                      {product} {ergonomic}
   size_t SoftMaxHeapSize                          = 4217372672                             {manageable} {ergonomic}
     bool UseCompressedClassPointers               = true                           {product lp64_product} {ergonomic}
     bool UseCompressedOops                        = true                           {product lp64_product} {ergonomic}
     bool UseG1GC                                  = true                                      {product} {ergonomic}
     bool UseLargePagesIndividualAllocation        = false                                  {pd product} {ergonomic}

Logging:
Log output configuration:
 #0: stdout all=warning uptime,level,tags foldmultilines=false
 #1: stderr all=off uptime,level,tags foldmultilines=false

Environment Variables:
JAVA_HOME=C:\Program Files\Java\jdk-20
PATH=C:\Program Files (x86)\VMware\VMware Workstation\bin\;C:\app\votan\product\21c\dbhomeXE\bin;C:\Program Files\Common Files\Oracle\Java\javapath;C:\Program Files (x86)\Common Files\Oracle\Java\javapath;C:\Program Files\Microsoft MPI\Bin\;C:\Python311\Scripts\;C:\Python311\;C:\Windows\system32;C:\Windows;C:\Windows\System32\Wbem;C:\Windows\System32\WindowsPowerShell\v1.0\;C:\Windows\System32\OpenSSH\;C:\Program Files (x86)\NVIDIA Corporation\PhysX\Common;C:\Program Files\NVIDIA Corporation\NVIDIA NvDLISR;C:\ProgramData\chocolatey\bin;C:\xampp\php;C:\composer;C:\Program Files (x86)\Microsoft SQL Server\160\Tools\Binn\;C:\Program Files\Microsoft SQL Server\160\Tools\Binn\;C:\Program Files\Microsoft SQL Server\Client SDK\ODBC\170\Tools\Binn\;C:\Program Files\Microsoft SQL Server\160\DTS\Binn\;C:\Program Files (x86)\Microsoft SQL Server\160\DTS\Binn\;C:\Program Files\Git\cmd;C:\Program Files\nodejs\;C:\Program Files\dotnet\;C:\Users\votan\anaconda3;C:\Users\votan\anaconda3\Library\mingw-w64\bin;C:\Users\votan\anaconda3\Library\usr\bin;C:\Users\votan\anaconda3\Library\bin;C:\Users\votan\anaconda3\Scripts;C:\Program Files\MySQL\MySQL Shell 8.0\bin\;C:\Users\votan\AppData\Local\Microsoft\WindowsApps;C:\Users\votan\AppData\Roaming\Composer\vendor\bin;C:\Users\votan\AppData\Local\Programs\Microsoft VS Code\bin;C:\Program Files\JetBrains\PhpStorm 2023.2.1\bin;C:\Program Files\JetBrains\DataGrip 2023.2.1\bin;C:\Program Files\JetBrains\CLion 2023.2.1\bin;C:\Program Files\JetBrains\IntelliJ IDEA 2023.2.1\bin;C:\Program Files\JetBrains\PyCharm 2023.2.1\bin;C:\Program Files\JetBrains\GoLand 2023.2.1\bin;C:\Program Files\JetBrains\JetBrains Rider 2023.2.1\bin;C:\Program Files\JetBrains\Aqua 232.9921.1\bin;C:\Program Files\JetBrains\WebStorm 2023.2.1\bin;C:\Users\votan\AppData\Local\GitHubDesktop\bin;C:\Users\votan\AppData\Roaming\npm
USERNAME=votan
OS=Windows_NT
PROCESSOR_IDENTIFIER=Intel64 Family 6 Model 141 Stepping 1, GenuineIntel
TMP=C:\Users\votan\AppData\Local\Temp
TEMP=C:\Users\votan\AppData\Local\Temp




---------------  S Y S T E M  ---------------

OS:
 Windows 11 , 64 bit Build 22621 (10.0.22621.2215)
OS uptime: 0 days 1:01 hours
Hyper-V role detected

CPU: total 12 (initial active 12) (6 cores per cpu, 2 threads per core) family 6 model 141 stepping 1 microcode 0x34, cx8, cmov, fxsr, ht, mmx, 3dnowpref, sse, sse2, sse3, ssse3, sse4.1, sse4.2, popcnt, lzcnt, tsc, tscinvbit, avx, avx2, aes, erms, clmul, bmi1, bmi2, adx, avx512f, avx512dq, avx512cd, avx512bw, avx512vl, sha, fma, vzeroupper, avx512_vpopcntdq, avx512_vpclmulqdq, avx512_vaes, avx512_vnni, clflush, clflushopt, clwb, avx512_vbmi2, avx512_vbmi, hv, rdtscp, rdpid, fsrm, gfni, avx512_bitalg, f16c, cet_ibt, cet_ss, avx512_ifma

Memory: 4k page, system-wide physical 16086M (5139M free)
TotalPageFile size 65238M (AvailPageFile size 5M)
current process WorkingSet (physical memory assigned to process): 258M, peak: 259M
current process commit charge ("private bytes"): 303M, peak: 453M

vm_info: Java HotSpot(TM) 64-Bit Server VM (20.0.2+9-78) for windows-amd64 JRE (20.0.2+9-78), built on 2023-06-14T10:08:48Z by "mach5one" with MS VC++ 17.1 (VS2022)

END.
