#
# There is insufficient memory for the Java Runtime Environment to continue.
# Native memory allocation (mmap) failed to map 264241152 bytes for G1 virtual space
# Possible reasons:
#   The system is out of physical RAM or swap space
#   The process is running with CompressedOops enabled, and the Java Heap may be blocking the growth of the native heap
# Possible solutions:
#   Reduce memory load on the system
#   Increase physical memory or swap space
#   Check if swap backing store is full
#   Decrease Java heap size (-Xmx/-Xms)
#   Decrease number of Java threads
#   Decrease Java thread stack sizes (-Xss)
#   Set larger code cache with -XX:ReservedCodeCacheSize=
#   JVM is running with Zero Based Compressed Oops mode in which the Java heap is
#     placed in the first 32GB address space. The Java Heap base address is the
#     maximum limit for the native heap growth. Please use -XX:HeapBaseMinAddress
#     to set the Java Heap base and to place the Java Heap above 32GB virtual address.
# This output file may be truncated or incomplete.
#
#  Out of Memory Error (os_windows.cpp:3528), pid=5028, tid=22580
#
# JRE version:  (20.0.2+9) (build )
# Java VM: Java HotSpot(TM) 64-Bit Server VM (20.0.2+9-78, mixed mode, sharing, tiered, compressed oops, compressed class ptrs, g1 gc, windows-amd64)
# No core dump will be written. Minidumps are not enabled by default on client versions of Windows
#

---------------  S U M M A R Y ------------

Command Line: -Dclassworlds.conf=C:\Program Files\NetBeans-19\netbeans\java\maven\bin\m2.conf -Dmaven.home=C:\Program Files\NetBeans-19\netbeans\java\maven -Dlibrary.jansi.path=C:\Program Files\NetBeans-19\netbeans\java\maven\lib\jansi-native -Dmaven.multiModuleProjectDirectory=C:\Users\votan\OneDrive\Máy tính\Student_Management\Student_Management_Teacher org.codehaus.plexus.classworlds.launcher.Launcher -Dexec.vmArgs= -Dexec.appArgs= -Dmaven.ext.class.path=C:\Program Files\NetBeans-19\netbeans\java\maven-nblib\netbeans-eventspy.jar --no-transfer-progress clean javafx:run

Host: 11th Gen Intel(R) Core(TM) i5-11400H @ 2.70GHz, 12 cores, 15G,  Windows 11 , 64 bit Build 22621 (10.0.22621.2215)
Time: Sat Sep 16 08:15:25 2023 SE Asia Standard Time elapsed time: 0.020203 seconds (0d 0h 0m 0s)

---------------  T H R E A D  ---------------

Current thread (0x000001b68c64f840):  JavaThread "Unknown thread" [_thread_in_vm, id=22580, stack(0x000000545e400000,0x000000545e500000)]

Stack: [0x000000545e400000,0x000000545e500000]
Native frames: (J=compiled Java code, j=interpreted, Vv=VM code, C=native code)
V  [jvm.dll+0x6bc25a]
V  [jvm.dll+0x84971a]
V  [jvm.dll+0x84b315]
V  [jvm.dll+0x84ba13]
V  [jvm.dll+0x280e4f]
V  [jvm.dll+0x6b8fe9]
V  [jvm.dll+0x6adbca]
V  [jvm.dll+0x35b165]
V  [jvm.dll+0x363386]
V  [jvm.dll+0x3b400e]
V  [jvm.dll+0x3b4295]
V  [jvm.dll+0x32b86a]
V  [jvm.dll+0x32c68b]
V  [jvm.dll+0x8123df]
V  [jvm.dll+0x3c1261]
V  [jvm.dll+0x7fe103]
V  [jvm.dll+0x44ccaf]
V  [jvm.dll+0x44e621]
C  [jli.dll+0x5287]
C  [ucrtbase.dll+0x29363]
C  [KERNEL32.DLL+0x1257d]
C  [ntdll.dll+0x5aa68]


---------------  P R O C E S S  ---------------

Threads class SMR info:
_java_thread_list=0x00007fff233bb118, length=0, elements={
}

Java Threads: ( => current thread )

Other Threads:
  0x000001b68c6c0870 WorkerThread "GC Thread#0" [stack: 0x000000545e500000,0x000000545e600000] [id=26804]
  0x000001b68c6d2490 ConcurrentGCThread "G1 Main Marker" [stack: 0x000000545e600000,0x000000545e700000] [id=10884]
  0x000001b68c6d2ec0 WorkerThread "G1 Conc#0" [stack: 0x000000545e700000,0x000000545e800000] [id=22532]

[error occurred during error reporting (printing all threads), id 0xc0000005, EXCEPTION_ACCESS_VIOLATION (0xc0000005) at pc=0x00007fff22b9eea7]
VM state: not at safepoint (not fully initialized)

VM Mutex/Monitor currently owned by a thread:  ([mutex/lock_event])
[0x000001b68c64e520] Heap_lock - owner thread: 0x000001b68c64f840

Heap address: 0x0000000704a00000, size: 4022 MB, Compressed Oops mode: Zero based, Oop shift amount: 3

CDS archive(s) mapped at: [0x0000000000000000-0x0000000000000000-0x0000000000000000), size 0, SharedBaseAddress: 0x0000000800000000, ArchiveRelocationMode: 1.
Narrow klass base: 0x0000000000000000, Narrow klass shift: 0, Narrow klass range: 0x0

GC Precious Log:
 CardTable entry size: 512
 Card Set container configuration: InlinePtr #cards 4 size 8 Array Of Cards #cards 16 size 48 Howl #buckets 8 coarsen threshold 3686 Howl Bitmap #cards 512 size 80 coarsen threshold 460 Card regions per heap region 1 cards per card region 4096

Heap:
 garbage-first heap   total 0K, used 0K [0x0000000704a00000, 0x0000000800000000)
  region size 2048K, 0 young (0K), 0 survivors (0K)

[error occurred during error reporting (printing heap information), id 0xc0000005, EXCEPTION_ACCESS_VIOLATION (0xc0000005) at pc=0x00007fff22f747b9]
GC Heap History (0 events):
No events

Dll operation events (1 events):
Event: 0.014 Loaded shared library C:\Program Files\Java\jdk-20\bin\java.dll

Deoptimization events (0 events):
No events

Classes loaded (0 events):
No events

Classes unloaded (0 events):
No events

Classes redefined (0 events):
No events

Internal exceptions (0 events):
No events

VM Operations (0 events):
No events

Events (0 events):
No events


Dynamic libraries:
0x00007ff7e83a0000 - 0x00007ff7e83b0000 	C:\Program Files\Java\jdk-20\bin\java.exe
0x00007ff80f110000 - 0x00007ff80f324000 	C:\Windows\SYSTEM32\ntdll.dll
0x00007ff80e360000 - 0x00007ff80e424000 	C:\Windows\System32\KERNEL32.DLL
0x00007ff80ca70000 - 0x00007ff80ce14000 	C:\Windows\System32\KERNELBASE.dll
0x00007ff80c4c0000 - 0x00007ff80c5d1000 	C:\Windows\System32\ucrtbase.dll
0x00007fffc3630000 - 0x00007fffc364b000 	C:\Program Files\Java\jdk-20\bin\VCRUNTIME140.dll
0x00007fffe5a80000 - 0x00007fffe5a99000 	C:\Program Files\Java\jdk-20\bin\jli.dll
0x00007ff80f010000 - 0x00007ff80f0c0000 	C:\Windows\System32\ADVAPI32.dll
0x00007ff80d460000 - 0x00007ff80d507000 	C:\Windows\System32\msvcrt.dll
0x00007ff80e630000 - 0x00007ff80e6d6000 	C:\Windows\System32\sechost.dll
0x00007ff80ee80000 - 0x00007ff80ef97000 	C:\Windows\System32\RPCRT4.dll
0x00007ff80cea0000 - 0x00007ff80d04e000 	C:\Windows\System32\USER32.dll
0x00007ff80c650000 - 0x00007ff80c676000 	C:\Windows\System32\win32u.dll
0x00007ff80e430000 - 0x00007ff80e459000 	C:\Windows\System32\GDI32.dll
0x00007ff80c740000 - 0x00007ff80c858000 	C:\Windows\System32\gdi32full.dll
0x00007ff80c9d0000 - 0x00007ff80ca6a000 	C:\Windows\System32\msvcp_win.dll
0x00007fffecb90000 - 0x00007fffece23000 	C:\Windows\WinSxS\amd64_microsoft.windows.common-controls_6595b64144ccf1df_6.0.22621.2215_none_270d72677387dfc3\COMCTL32.dll
0x00007ff804fe0000 - 0x00007ff804fea000 	C:\Windows\SYSTEM32\VERSION.dll
0x00007ff80d610000 - 0x00007ff80d641000 	C:\Windows\System32\IMM32.DLL
0x00007fffbfad0000 - 0x00007fffbfadc000 	C:\Program Files\Java\jdk-20\bin\vcruntime140_1.dll
0x00007fffa0470000 - 0x00007fffa04fe000 	C:\Program Files\Java\jdk-20\bin\msvcp140.dll
0x00007fff22860000 - 0x00007fff234f8000 	C:\Program Files\Java\jdk-20\bin\server\jvm.dll
0x00007fffe0200000 - 0x00007fffe0209000 	C:\Windows\SYSTEM32\WSOCK32.dll
0x00007ff800980000 - 0x00007ff8009b4000 	C:\Windows\SYSTEM32\WINMM.dll
0x00007ff80ee00000 - 0x00007ff80ee71000 	C:\Windows\System32\WS2_32.dll
0x00007ff80b480000 - 0x00007ff80b498000 	C:\Windows\SYSTEM32\kernel.appcore.dll
0x00007fffbfac0000 - 0x00007fffbfaca000 	C:\Program Files\Java\jdk-20\bin\jimage.dll
0x00007ff809e00000 - 0x00007ff80a02e000 	C:\Windows\SYSTEM32\DBGHELP.DLL
0x00007ff80df50000 - 0x00007ff80e2da000 	C:\Windows\System32\combase.dll
0x00007ff80e8a0000 - 0x00007ff80e977000 	C:\Windows\System32\OLEAUT32.dll
0x00007ffff4be0000 - 0x00007ffff4c12000 	C:\Windows\SYSTEM32\dbgcore.DLL
0x00007ff80ce20000 - 0x00007ff80ce9a000 	C:\Windows\System32\bcryptPrimitives.dll
0x00007fffb6b80000 - 0x00007fffb6ba6000 	C:\Program Files\Java\jdk-20\bin\java.dll

dbghelp: loaded successfully - version: 4.0.5 - missing functions: none
symbol engine: initialized successfully - sym options: 0x614 - pdb path: .;C:\Program Files\Java\jdk-20\bin;C:\Windows\SYSTEM32;C:\Windows\WinSxS\amd64_microsoft.windows.common-controls_6595b64144ccf1df_6.0.22621.2215_none_270d72677387dfc3;C:\Program Files\Java\jdk-20\bin\server

VM Arguments:
jvm_args: -Dclassworlds.conf=C:\Program Files\NetBeans-19\netbeans\java\maven\bin\m2.conf -Dmaven.home=C:\Program Files\NetBeans-19\netbeans\java\maven -Dlibrary.jansi.path=C:\Program Files\NetBeans-19\netbeans\java\maven\lib\jansi-native -Dmaven.multiModuleProjectDirectory=C:\Users\votan\OneDrive\Máy tính\Student_Management\Student_Management_Teacher 
java_command: org.codehaus.plexus.classworlds.launcher.Launcher -Dexec.vmArgs= -Dexec.appArgs= -Dmaven.ext.class.path=C:\Program Files\NetBeans-19\netbeans\java\maven-nblib\netbeans-eventspy.jar --no-transfer-progress clean javafx:run
java_class_path (initial): C:\Program Files\NetBeans-19\netbeans\java\maven\boot\plexus-classworlds-2.7.0.jar
Launcher Type: SUN_STANDARD

[Global flags]
     intx CICompilerCount                          = 4                                         {product} {ergonomic}
     uint ConcGCThreads                            = 3                                         {product} {ergonomic}
     uint G1ConcRefinementThreads                  = 10                                        {product} {ergonomic}
   size_t G1HeapRegionSize                         = 2097152                                   {product} {ergonomic}
    uintx GCDrainStackTargetSize                   = 64                                        {product} {ergonomic}
   size_t InitialHeapSize                          = 264241152                                 {product} {ergonomic}
   size_t MarkStackSize                            = 4194304                                   {product} {ergonomic}
   size_t MaxHeapSize                              = 4217372672                                {product} {ergonomic}
   size_t MinHeapDeltaBytes                        = 2097152                                   {product} {ergonomic}
   size_t MinHeapSize                              = 8388608                                   {product} {ergonomic}
    uintx NonNMethodCodeHeapSize                   = 5839372                                {pd product} {ergonomic}
    uintx NonProfiledCodeHeapSize                  = 122909434                              {pd product} {ergonomic}
     bool PerfDisableSharedMem                     = true                                      {product} {ergonomic}
    uintx ProfiledCodeHeapSize                     = 122909434                              {pd product} {ergonomic}
    uintx ReservedCodeCacheSize                    = 251658240                              {pd product} {ergonomic}
     bool SegmentedCodeCache                       = true                                      {product} {ergonomic}
   size_t SoftMaxHeapSize                          = 4217372672                             {manageable} {ergonomic}
     bool UseCompressedClassPointers               = true                           {product lp64_product} {ergonomic}
     bool UseCompressedOops                        = true                           {product lp64_product} {ergonomic}
     bool UseG1GC                                  = true                                      {product} {ergonomic}
     bool UseLargePagesIndividualAllocation        = false                                  {pd product} {ergonomic}

Logging:
Log output configuration:
 #0: stdout all=warning uptime,level,tags foldmultilines=false
 #1: stderr all=off uptime,level,tags foldmultilines=false

Environment Variables:
JAVA_HOME=C:\Program Files\Java\jdk-20
PATH=C:\Program Files (x86)\VMware\VMware Workstation\bin\;C:\app\votan\product\21c\dbhomeXE\bin;C:\Program Files\Common Files\Oracle\Java\javapath;C:\Program Files (x86)\Common Files\Oracle\Java\javapath;C:\Program Files\Microsoft MPI\Bin\;C:\Python311\Scripts\;C:\Python311\;C:\Windows\system32;C:\Windows;C:\Windows\System32\Wbem;C:\Windows\System32\WindowsPowerShell\v1.0\;C:\Windows\System32\OpenSSH\;C:\Program Files (x86)\NVIDIA Corporation\PhysX\Common;C:\Program Files\NVIDIA Corporation\NVIDIA NvDLISR;C:\ProgramData\chocolatey\bin;C:\xampp\php;C:\composer;C:\Program Files (x86)\Microsoft SQL Server\160\Tools\Binn\;C:\Program Files\Microsoft SQL Server\160\Tools\Binn\;C:\Program Files\Microsoft SQL Server\Client SDK\ODBC\170\Tools\Binn\;C:\Program Files\Microsoft SQL Server\160\DTS\Binn\;C:\Program Files (x86)\Microsoft SQL Server\160\DTS\Binn\;C:\Program Files\Git\cmd;C:\Program Files\nodejs\;C:\Program Files\dotnet\;C:\Users\votan\anaconda3;C:\Users\votan\anaconda3\Library\mingw-w64\bin;C:\Users\votan\anaconda3\Library\usr\bin;C:\Users\votan\anaconda3\Library\bin;C:\Users\votan\anaconda3\Scripts;C:\Program Files\MySQL\MySQL Shell 8.0\bin\;C:\Users\votan\AppData\Local\Microsoft\WindowsApps;C:\Users\votan\AppData\Roaming\Composer\vendor\bin;C:\Users\votan\AppData\Local\Programs\Microsoft VS Code\bin;C:\Program Files\JetBrains\PhpStorm 2023.2.1\bin;C:\Program Files\JetBrains\DataGrip 2023.2.1\bin;C:\Program Files\JetBrains\CLion 2023.2.1\bin;C:\Program Files\JetBrains\IntelliJ IDEA 2023.2.1\bin;C:\Program Files\JetBrains\PyCharm 2023.2.1\bin;C:\Program Files\JetBrains\GoLand 2023.2.1\bin;C:\Program Files\JetBrains\JetBrains Rider 2023.2.1\bin;C:\Program Files\JetBrains\Aqua 232.9921.1\bin;C:\Program Files\JetBrains\WebStorm 2023.2.1\bin;C:\Users\votan\AppData\Local\GitHubDesktop\bin;C:\Users\votan\AppData\Roaming\npm
USERNAME=votan
OS=Windows_NT
PROCESSOR_IDENTIFIER=Intel64 Family 6 Model 141 Stepping 1, GenuineIntel
TMP=C:\Users\votan\AppData\Local\Temp
TEMP=C:\Users\votan\AppData\Local\Temp




---------------  S Y S T E M  ---------------

OS:
 Windows 11 , 64 bit Build 22621 (10.0.22621.2215)
OS uptime: 0 days 2:28 hours
Hyper-V role detected

CPU: total 12 (initial active 12) (6 cores per cpu, 2 threads per core) family 6 model 141 stepping 1 microcode 0x34, cx8, cmov, fxsr, ht, mmx, 3dnowpref, sse, sse2, sse3, ssse3, sse4.1, sse4.2, popcnt, lzcnt, tsc, tscinvbit, avx, avx2, aes, erms, clmul, bmi1, bmi2, adx, avx512f, avx512dq, avx512cd, avx512bw, avx512vl, sha, fma, vzeroupper, avx512_vpopcntdq, avx512_vpclmulqdq, avx512_vaes, avx512_vnni, clflush, clflushopt, clwb, avx512_vbmi2, avx512_vbmi, hv, rdtscp, rdpid, fsrm, gfni, avx512_bitalg, f16c, cet_ibt, cet_ss, avx512_ifma

Memory: 4k page, system-wide physical 16086M (4345M free)
TotalPageFile size 65238M (AvailPageFile size 76M)
current process WorkingSet (physical memory assigned to process): 11M, peak: 11M
current process commit charge ("private bytes"): 64M, peak: 316M

vm_info: Java HotSpot(TM) 64-Bit Server VM (20.0.2+9-78) for windows-amd64 JRE (20.0.2+9-78), built on 2023-06-14T10:08:48Z by "mach5one" with MS VC++ 17.1 (VS2022)

END.
