#
# There is insufficient memory for the Java Runtime Environment to continue.
# Native memory allocation (malloc) failed to allocate 1555680 bytes for Chunk::new
# Possible reasons:
#   The system is out of physical RAM or swap space
#   The process is running with CompressedOops enabled, and the Java Heap may be blocking the growth of the native heap
# Possible solutions:
#   Reduce memory load on the system
#   Increase physical memory or swap space
#   Check if swap backing store is full
#   Decrease Java heap size (-Xmx/-Xms)
#   Decrease number of Java threads
#   Decrease Java thread stack sizes (-Xss)
#   Set larger code cache with -XX:ReservedCodeCacheSize=
#   JVM is running with Zero Based Compressed Oops mode in which the Java heap is
#     placed in the first 32GB address space. The Java Heap base address is the
#     maximum limit for the native heap growth. Please use -XX:HeapBaseMinAddress
#     to set the Java Heap base and to place the Java Heap above 32GB virtual address.
# This output file may be truncated or incomplete.
#
#  Out of Memory Error (arena.cpp:184), pid=12740, tid=10736
#
# JRE version: Java(TM) SE Runtime Environment (20.0.2+9) (build 20.0.2+9-78)
# Java VM: Java HotSpot(TM) 64-Bit Server VM (20.0.2+9-78, mixed mode, sharing, tiered, compressed oops, compressed class ptrs, g1 gc, windows-amd64)
# No core dump will be written. Minidumps are not enabled by default on client versions of Windows
#

---------------  S U M M A R Y ------------

Command Line: --module-path=C:\Users\votan\OneDrive\Máy tính\Student_Management\Student_Management_Teacher\target\classes;C:\Users\votan\.m2\repository\io\github\palexdev\materialfx\11.16.1\materialfx-11.16.1.jar;C:\Users\votan\.m2\repository\io\github\palexdev\mfxcore\11.3.0\mfxcore-11.3.0.jar;C:\Users\votan\.m2\repository\io\github\palexdev\mfxeffects\11.0.5\mfxeffects-11.0.5.jar;C:\Users\votan\.m2\repository\io\github\palexdev\mfxlocalization\11.1.0\mfxlocalization-11.1.0.jar;C:\Users\votan\.m2\repository\io\github\palexdev\mfxresources\11.3.2\mfxresources-11.3.2.jar;C:\Users\votan\.m2\repository\io\github\palexdev\virtualizedfx\11.9.1\virtualizedfx-11.9.1.jar;C:\Users\votan\.m2\repository\org\openjfx\javafx-base\20.0.2\javafx-base-20.0.2-win.jar;C:\Users\votan\.m2\repository\org\openjfx\javafx-controls\20.0.2\javafx-controls-20.0.2-win.jar;C:\Users\votan\.m2\repository\org\openjfx\javafx-fxml\20.0.2\javafx-fxml-20.0.2-win.jar;C:\Users\votan\.m2\repository\org\openjfx\javafx-graphics\20.0.2\javafx-graphics-20.0.2-win.jar --add-modules=com.team_fortune.student_management_teacher -Djdk.module.main=com.team_fortune.student_management_teacher com.team_fortune.student_management_teacher/com.team_fortune.student_management_teacher.App

Host: 11th Gen Intel(R) Core(TM) i5-11400H @ 2.70GHz, 12 cores, 15G,  Windows 11 , 64 bit Build 22621 (10.0.22621.2215)
Time: Sat Sep 16 07:38:13 2023 SE Asia Standard Time elapsed time: 1.372846 seconds (0d 0h 0m 1s)

---------------  T H R E A D  ---------------

Current thread (0x000001cea5821710):  JavaThread "C2 CompilerThread0" daemon [_thread_in_native, id=10736, stack(0x00000027c1400000,0x00000027c1500000)]


Current CompileTask:
C2:   1372 1987       4       java.lang.invoke.MethodType::makeImpl (109 bytes)

Stack: [0x00000027c1400000,0x00000027c1500000]
Native frames: (J=compiled Java code, j=interpreted, Vv=VM code, C=native code)
V  [jvm.dll+0x6bc25a]
V  [jvm.dll+0x84971a]
V  [jvm.dll+0x84b315]
V  [jvm.dll+0x84ba13]
V  [jvm.dll+0x280e4f]
V  [jvm.dll+0xc2ab1]
V  [jvm.dll+0xc2dd5]
V  [jvm.dll+0x3bb64c]
V  [jvm.dll+0x385b75]
V  [jvm.dll+0x384fea]
V  [jvm.dll+0x24b529]
V  [jvm.dll+0x24a921]
V  [jvm.dll+0x1ce761]
V  [jvm.dll+0x25a0eb]
V  [jvm.dll+0x2587c0]
V  [jvm.dll+0x3f2dd5]
V  [jvm.dll+0x7f5c76]
V  [jvm.dll+0x6baecb]
C  [ucrtbase.dll+0x29363]
C  [KERNEL32.DLL+0x1257d]
C  [ntdll.dll+0x5aa68]


---------------  P R O C E S S  ---------------

Threads class SMR info:
_java_thread_list=0x000001cea6b7bab0, length=19, elements={
0x000001ce40d20800, 0x000001ce5ffe5cb0, 0x000001ce5ffe6d40, 0x000001ce5ffea3d0,
0x000001ce5fff0300, 0x000001ce5fff11a0, 0x000001cea5820090, 0x000001cea5821710,
0x000001ce5fffc0e0, 0x000001ce5ffb0da0, 0x000001cea5dd3250, 0x000001cea5f6ca90,
0x000001cea5f6cfe0, 0x000001cea5f6d530, 0x000001cea5f6da80, 0x000001cea5f6dfd0,
0x000001cea6873980, 0x000001cea68cb500, 0x000001cea6829140
}

Java Threads: ( => current thread )
  0x000001ce40d20800 JavaThread "main" [_thread_blocked, id=4912, stack(0x00000027c0700000,0x00000027c0800000)]
  0x000001ce5ffe5cb0 JavaThread "Reference Handler" daemon [_thread_blocked, id=13636, stack(0x00000027c0e00000,0x00000027c0f00000)]
  0x000001ce5ffe6d40 JavaThread "Finalizer" daemon [_thread_blocked, id=1852, stack(0x00000027c0f00000,0x00000027c1000000)]
  0x000001ce5ffea3d0 JavaThread "Signal Dispatcher" daemon [_thread_blocked, id=26616, stack(0x00000027c1000000,0x00000027c1100000)]
  0x000001ce5fff0300 JavaThread "Attach Listener" daemon [_thread_blocked, id=18676, stack(0x00000027c1100000,0x00000027c1200000)]
  0x000001ce5fff11a0 JavaThread "Service Thread" daemon [_thread_blocked, id=26092, stack(0x00000027c1200000,0x00000027c1300000)]
  0x000001cea5820090 JavaThread "Monitor Deflation Thread" daemon [_thread_blocked, id=5644, stack(0x00000027c1300000,0x00000027c1400000)]
=>0x000001cea5821710 JavaThread "C2 CompilerThread0" daemon [_thread_in_native, id=10736, stack(0x00000027c1400000,0x00000027c1500000)]
  0x000001ce5fffc0e0 JavaThread "C1 CompilerThread0" daemon [_thread_blocked, id=15256, stack(0x00000027c1500000,0x00000027c1600000)]
  0x000001ce5ffb0da0 JavaThread "Common-Cleaner" daemon [_thread_blocked, id=23820, stack(0x00000027c1600000,0x00000027c1700000)]
  0x000001cea5dd3250 JavaThread "Notification Thread" daemon [_thread_blocked, id=27152, stack(0x00000027c1900000,0x00000027c1a00000)]
  0x000001cea5f6ca90 JavaThread "QuantumRenderer-0" daemon [_thread_blocked, id=25896, stack(0x00000027c1700000,0x00000027c1800000)]
  0x000001cea5f6cfe0 JavaThread "InvokeLaterDispatcher" daemon [_thread_blocked, id=4188, stack(0x00000027c1800000,0x00000027c1900000)]
  0x000001cea5f6d530 JavaThread "JavaFX Application Thread" [_thread_in_vm, id=23568, stack(0x00000027c1b00000,0x00000027c1c00000)]
  0x000001cea5f6da80 JavaThread "JavaFX-Launcher" [_thread_blocked, id=10336, stack(0x00000027c2500000,0x00000027c2600000)]
  0x000001cea5f6dfd0 JavaThread "Thread-2" daemon [_thread_in_native, id=19808, stack(0x00000027c1f00000,0x00000027c2000000)]
  0x000001cea6873980 JavaThread "C2 CompilerThread1" daemon [_thread_in_native, id=26988, stack(0x00000027c2600000,0x00000027c2700000)]
  0x000001cea68cb500 JavaThread "C2 CompilerThread2" daemon [_thread_blocked, id=20016, stack(0x00000027c2700000,0x00000027c2800000)]
  0x000001cea6829140 JavaThread "Prism Font Disposer" daemon [_thread_blocked, id=23364, stack(0x00000027c2800000,0x00000027c2900000)]

Other Threads:
  0x000001ce5ffc74a0 VMThread "VM Thread" [stack: 0x00000027c0d00000,0x00000027c0e00000] [id=22308]
  0x000001cea5d0af30 WatcherThread "VM Periodic Task Thread" [stack: 0x00000027c1a00000,0x00000027c1b00000] [id=8268]
  0x000001ce40d90830 WorkerThread "GC Thread#0" [stack: 0x00000027c0800000,0x00000027c0900000] [id=17844]
  0x000001cea65bb320 WorkerThread "GC Thread#1" [stack: 0x00000027c2000000,0x00000027c2100000] [id=21336]
  0x000001cea65bc6d0 WorkerThread "GC Thread#2" [stack: 0x00000027c2100000,0x00000027c2200000] [id=7720]
  0x000001cea65baab0 WorkerThread "GC Thread#3" [stack: 0x00000027c2200000,0x00000027c2300000] [id=25956]
  0x000001cea65bb050 WorkerThread "GC Thread#4" [stack: 0x00000027c2300000,0x00000027c2400000] [id=5116]
  0x000001cea65bb5f0 WorkerThread "GC Thread#5" [stack: 0x00000027c2400000,0x00000027c2500000] [id=22808]
  0x000001cea6c90b60 WorkerThread "GC Thread#6" [stack: 0x00000027c2c00000,0x00000027c2d00000] [id=29252]
  0x000001cea6c913d0 WorkerThread "GC Thread#7" [stack: 0x00000027c2d00000,0x00000027c2e00000] [id=21320]
  0x000001cea6c8f7b0 WorkerThread "GC Thread#8" [stack: 0x00000027c2e00000,0x00000027c2f00000] [id=25376]
  0x000001cea6c8de60 WorkerThread "GC Thread#9" [stack: 0x00000027c2f00000,0x00000027c3000000] [id=28164]
  0x000001ce40da1290 ConcurrentGCThread "G1 Main Marker" [stack: 0x00000027c0900000,0x00000027c0a00000] [id=16324]
  0x000001ce40da1e60 WorkerThread "G1 Conc#0" [stack: 0x00000027c0a00000,0x00000027c0b00000] [id=22240]
  0x000001ce40ddd9c0 ConcurrentGCThread "G1 Refine#0" [stack: 0x00000027c0b00000,0x00000027c0c00000] [id=20224]
  0x000001ce40dde460 ConcurrentGCThread "G1 Service" [stack: 0x00000027c0c00000,0x00000027c0d00000] [id=21072]

Threads with active compile tasks:
C2 CompilerThread0     1415 1987       4       java.lang.invoke.MethodType::makeImpl (109 bytes)
C2 CompilerThread1     1415 2109       4       java.lang.invoke.MethodType::methodType (69 bytes)

VM state: not at safepoint (normal execution)

VM Mutex/Monitor currently owned by a thread: None

Heap address: 0x0000000704a00000, size: 4022 MB, Compressed Oops mode: Zero based, Oop shift amount: 3

CDS archive(s) mapped at: [0x000001ce60800000-0x000001ce61460000-0x000001ce61460000), size 12976128, SharedBaseAddress: 0x000001ce60800000, ArchiveRelocationMode: 1.
Compressed class space mapped at: 0x000001ce61800000-0x000001cea1800000, reserved size: 1073741824
Narrow klass base: 0x000001ce60800000, Narrow klass shift: 0, Narrow klass range: 0x100000000

GC Precious Log:
 CardTable entry size: 512
 Card Set container configuration: InlinePtr #cards 4 size 8 Array Of Cards #cards 16 size 48 Howl #buckets 8 coarsen threshold 3686 Howl Bitmap #cards 512 size 80 coarsen threshold 460 Card regions per heap region 1 cards per card region 4096
 CPUs: 12 total, 12 available
 Memory: 16086M
 Large Page Support: Disabled
 NUMA Support: Disabled
 Compressed Oops: Enabled (Zero based)
 Heap Region Size: 2M
 Heap Min Capacity: 8M
 Heap Initial Capacity: 252M
 Heap Max Capacity: 4022M
 Pre-touch: Disabled
 Parallel Workers: 10
 Concurrent Workers: 3
 Concurrent Refinement Workers: 10
 Periodic GC: Disabled

Heap:
 garbage-first heap   total 258048K, used 14120K [0x0000000704a00000, 0x0000000800000000)
  region size 2048K, 6 young (12288K), 3 survivors (6144K)
 Metaspace       used 16127K, committed 16448K, reserved 1114112K
  class space    used 2525K, committed 2688K, reserved 1048576K

Heap Regions: E=young(eden), S=young(survivor), O=old, HS=humongous(starts), HC=humongous(continues), CS=collection set, F=free, OA=open archive, CA=closed archive, TAMS=top-at-mark-start, PB=parsable bottom
|   0|0x0000000704a00000, 0x0000000704c00000, 0x0000000704c00000|100%|HS|  |TAMS 0x0000000704a00000| PB 0x0000000704a00000| Complete 
|   1|0x0000000704c00000, 0x0000000704dca000, 0x0000000704e00000| 89%| O|  |TAMS 0x0000000704c00000| PB 0x0000000704c00000| Untracked 
|   2|0x0000000704e00000, 0x0000000704e00000, 0x0000000705000000|  0%| F|  |TAMS 0x0000000704e00000| PB 0x0000000704e00000| Untracked 
|   3|0x0000000705000000, 0x0000000705000000, 0x0000000705200000|  0%| F|  |TAMS 0x0000000705000000| PB 0x0000000705000000| Untracked 
|   4|0x0000000705200000, 0x0000000705200000, 0x0000000705400000|  0%| F|  |TAMS 0x0000000705200000| PB 0x0000000705200000| Untracked 
|   5|0x0000000705400000, 0x0000000705400000, 0x0000000705600000|  0%| F|  |TAMS 0x0000000705400000| PB 0x0000000705400000| Untracked 
|   6|0x0000000705600000, 0x0000000705600000, 0x0000000705800000|  0%| F|  |TAMS 0x0000000705600000| PB 0x0000000705600000| Untracked 
|   7|0x0000000705800000, 0x0000000705800000, 0x0000000705a00000|  0%| F|  |TAMS 0x0000000705800000| PB 0x0000000705800000| Untracked 
|   8|0x0000000705a00000, 0x0000000705a00000, 0x0000000705c00000|  0%| F|  |TAMS 0x0000000705a00000| PB 0x0000000705a00000| Untracked 
|   9|0x0000000705c00000, 0x0000000705c00000, 0x0000000705e00000|  0%| F|  |TAMS 0x0000000705c00000| PB 0x0000000705c00000| Untracked 
|  10|0x0000000705e00000, 0x0000000705e00000, 0x0000000706000000|  0%| F|  |TAMS 0x0000000705e00000| PB 0x0000000705e00000| Untracked 
|  11|0x0000000706000000, 0x0000000706000000, 0x0000000706200000|  0%| F|  |TAMS 0x0000000706000000| PB 0x0000000706000000| Untracked 
|  12|0x0000000706200000, 0x0000000706200000, 0x0000000706400000|  0%| F|  |TAMS 0x0000000706200000| PB 0x0000000706200000| Untracked 
|  13|0x0000000706400000, 0x0000000706400000, 0x0000000706600000|  0%| F|  |TAMS 0x0000000706400000| PB 0x0000000706400000| Untracked 
|  14|0x0000000706600000, 0x0000000706600000, 0x0000000706800000|  0%| F|  |TAMS 0x0000000706600000| PB 0x0000000706600000| Untracked 
|  15|0x0000000706800000, 0x0000000706800000, 0x0000000706a00000|  0%| F|  |TAMS 0x0000000706800000| PB 0x0000000706800000| Untracked 
|  16|0x0000000706a00000, 0x0000000706a00000, 0x0000000706c00000|  0%| F|  |TAMS 0x0000000706a00000| PB 0x0000000706a00000| Untracked 
|  17|0x0000000706c00000, 0x0000000706c00000, 0x0000000706e00000|  0%| F|  |TAMS 0x0000000706c00000| PB 0x0000000706c00000| Untracked 
|  18|0x0000000706e00000, 0x0000000706e00000, 0x0000000707000000|  0%| F|  |TAMS 0x0000000706e00000| PB 0x0000000706e00000| Untracked 
|  19|0x0000000707000000, 0x0000000707000000, 0x0000000707200000|  0%| F|  |TAMS 0x0000000707000000| PB 0x0000000707000000| Untracked 
|  20|0x0000000707200000, 0x0000000707200000, 0x0000000707400000|  0%| F|  |TAMS 0x0000000707200000| PB 0x0000000707200000| Untracked 
|  21|0x0000000707400000, 0x0000000707400000, 0x0000000707600000|  0%| F|  |TAMS 0x0000000707400000| PB 0x0000000707400000| Untracked 
|  22|0x0000000707600000, 0x0000000707600000, 0x0000000707800000|  0%| F|  |TAMS 0x0000000707600000| PB 0x0000000707600000| Untracked 
|  23|0x0000000707800000, 0x0000000707800000, 0x0000000707a00000|  0%| F|  |TAMS 0x0000000707800000| PB 0x0000000707800000| Untracked 
|  24|0x0000000707a00000, 0x0000000707a00000, 0x0000000707c00000|  0%| F|  |TAMS 0x0000000707a00000| PB 0x0000000707a00000| Untracked 
|  25|0x0000000707c00000, 0x0000000707c00000, 0x0000000707e00000|  0%| F|  |TAMS 0x0000000707c00000| PB 0x0000000707c00000| Untracked 
|  26|0x0000000707e00000, 0x0000000707e00000, 0x0000000708000000|  0%| F|  |TAMS 0x0000000707e00000| PB 0x0000000707e00000| Untracked 
|  27|0x0000000708000000, 0x0000000708000000, 0x0000000708200000|  0%| F|  |TAMS 0x0000000708000000| PB 0x0000000708000000| Untracked 
|  28|0x0000000708200000, 0x0000000708200000, 0x0000000708400000|  0%| F|  |TAMS 0x0000000708200000| PB 0x0000000708200000| Untracked 
|  29|0x0000000708400000, 0x0000000708400000, 0x0000000708600000|  0%| F|  |TAMS 0x0000000708400000| PB 0x0000000708400000| Untracked 
|  30|0x0000000708600000, 0x0000000708600000, 0x0000000708800000|  0%| F|  |TAMS 0x0000000708600000| PB 0x0000000708600000| Untracked 
|  31|0x0000000708800000, 0x0000000708800000, 0x0000000708a00000|  0%| F|  |TAMS 0x0000000708800000| PB 0x0000000708800000| Untracked 
|  32|0x0000000708a00000, 0x0000000708a00000, 0x0000000708c00000|  0%| F|  |TAMS 0x0000000708a00000| PB 0x0000000708a00000| Untracked 
|  33|0x0000000708c00000, 0x0000000708c00000, 0x0000000708e00000|  0%| F|  |TAMS 0x0000000708c00000| PB 0x0000000708c00000| Untracked 
|  34|0x0000000708e00000, 0x0000000708e00000, 0x0000000709000000|  0%| F|  |TAMS 0x0000000708e00000| PB 0x0000000708e00000| Untracked 
|  35|0x0000000709000000, 0x0000000709000000, 0x0000000709200000|  0%| F|  |TAMS 0x0000000709000000| PB 0x0000000709000000| Untracked 
|  36|0x0000000709200000, 0x0000000709200000, 0x0000000709400000|  0%| F|  |TAMS 0x0000000709200000| PB 0x0000000709200000| Untracked 
|  37|0x0000000709400000, 0x0000000709400000, 0x0000000709600000|  0%| F|  |TAMS 0x0000000709400000| PB 0x0000000709400000| Untracked 
|  38|0x0000000709600000, 0x0000000709600000, 0x0000000709800000|  0%| F|  |TAMS 0x0000000709600000| PB 0x0000000709600000| Untracked 
|  39|0x0000000709800000, 0x0000000709800000, 0x0000000709a00000|  0%| F|  |TAMS 0x0000000709800000| PB 0x0000000709800000| Untracked 
|  40|0x0000000709a00000, 0x0000000709a00000, 0x0000000709c00000|  0%| F|  |TAMS 0x0000000709a00000| PB 0x0000000709a00000| Untracked 
|  41|0x0000000709c00000, 0x0000000709c00000, 0x0000000709e00000|  0%| F|  |TAMS 0x0000000709c00000| PB 0x0000000709c00000| Untracked 
|  42|0x0000000709e00000, 0x0000000709e00000, 0x000000070a000000|  0%| F|  |TAMS 0x0000000709e00000| PB 0x0000000709e00000| Untracked 
|  43|0x000000070a000000, 0x000000070a000000, 0x000000070a200000|  0%| F|  |TAMS 0x000000070a000000| PB 0x000000070a000000| Untracked 
|  44|0x000000070a200000, 0x000000070a200000, 0x000000070a400000|  0%| F|  |TAMS 0x000000070a200000| PB 0x000000070a200000| Untracked 
|  45|0x000000070a400000, 0x000000070a400000, 0x000000070a600000|  0%| F|  |TAMS 0x000000070a400000| PB 0x000000070a400000| Untracked 
|  46|0x000000070a600000, 0x000000070a600000, 0x000000070a800000|  0%| F|  |TAMS 0x000000070a600000| PB 0x000000070a600000| Untracked 
|  47|0x000000070a800000, 0x000000070a800000, 0x000000070aa00000|  0%| F|  |TAMS 0x000000070a800000| PB 0x000000070a800000| Untracked 
|  48|0x000000070aa00000, 0x000000070aa00000, 0x000000070ac00000|  0%| F|  |TAMS 0x000000070aa00000| PB 0x000000070aa00000| Untracked 
|  49|0x000000070ac00000, 0x000000070ac00000, 0x000000070ae00000|  0%| F|  |TAMS 0x000000070ac00000| PB 0x000000070ac00000| Untracked 
|  50|0x000000070ae00000, 0x000000070ae00000, 0x000000070b000000|  0%| F|  |TAMS 0x000000070ae00000| PB 0x000000070ae00000| Untracked 
|  51|0x000000070b000000, 0x000000070b000000, 0x000000070b200000|  0%| F|  |TAMS 0x000000070b000000| PB 0x000000070b000000| Untracked 
|  52|0x000000070b200000, 0x000000070b200000, 0x000000070b400000|  0%| F|  |TAMS 0x000000070b200000| PB 0x000000070b200000| Untracked 
|  53|0x000000070b400000, 0x000000070b400000, 0x000000070b600000|  0%| F|  |TAMS 0x000000070b400000| PB 0x000000070b400000| Untracked 
|  54|0x000000070b600000, 0x000000070b600000, 0x000000070b800000|  0%| F|  |TAMS 0x000000070b600000| PB 0x000000070b600000| Untracked 
|  55|0x000000070b800000, 0x000000070b800000, 0x000000070ba00000|  0%| F|  |TAMS 0x000000070b800000| PB 0x000000070b800000| Untracked 
|  56|0x000000070ba00000, 0x000000070ba00000, 0x000000070bc00000|  0%| F|  |TAMS 0x000000070ba00000| PB 0x000000070ba00000| Untracked 
|  57|0x000000070bc00000, 0x000000070bc00000, 0x000000070be00000|  0%| F|  |TAMS 0x000000070bc00000| PB 0x000000070bc00000| Untracked 
|  58|0x000000070be00000, 0x000000070be00000, 0x000000070c000000|  0%| F|  |TAMS 0x000000070be00000| PB 0x000000070be00000| Untracked 
|  59|0x000000070c000000, 0x000000070c000000, 0x000000070c200000|  0%| F|  |TAMS 0x000000070c000000| PB 0x000000070c000000| Untracked 
|  60|0x000000070c200000, 0x000000070c200000, 0x000000070c400000|  0%| F|  |TAMS 0x000000070c200000| PB 0x000000070c200000| Untracked 
|  61|0x000000070c400000, 0x000000070c400000, 0x000000070c600000|  0%| F|  |TAMS 0x000000070c400000| PB 0x000000070c400000| Untracked 
|  62|0x000000070c600000, 0x000000070c600000, 0x000000070c800000|  0%| F|  |TAMS 0x000000070c600000| PB 0x000000070c600000| Untracked 
|  63|0x000000070c800000, 0x000000070c800000, 0x000000070ca00000|  0%| F|  |TAMS 0x000000070c800000| PB 0x000000070c800000| Untracked 
|  64|0x000000070ca00000, 0x000000070ca00000, 0x000000070cc00000|  0%| F|  |TAMS 0x000000070ca00000| PB 0x000000070ca00000| Untracked 
|  65|0x000000070cc00000, 0x000000070cc00000, 0x000000070ce00000|  0%| F|  |TAMS 0x000000070cc00000| PB 0x000000070cc00000| Untracked 
|  66|0x000000070ce00000, 0x000000070ce00000, 0x000000070d000000|  0%| F|  |TAMS 0x000000070ce00000| PB 0x000000070ce00000| Untracked 
|  67|0x000000070d000000, 0x000000070d000000, 0x000000070d200000|  0%| F|  |TAMS 0x000000070d000000| PB 0x000000070d000000| Untracked 
|  68|0x000000070d200000, 0x000000070d200000, 0x000000070d400000|  0%| F|  |TAMS 0x000000070d200000| PB 0x000000070d200000| Untracked 
|  69|0x000000070d400000, 0x000000070d400000, 0x000000070d600000|  0%| F|  |TAMS 0x000000070d400000| PB 0x000000070d400000| Untracked 
|  70|0x000000070d600000, 0x000000070d600000, 0x000000070d800000|  0%| F|  |TAMS 0x000000070d600000| PB 0x000000070d600000| Untracked 
|  71|0x000000070d800000, 0x000000070d800000, 0x000000070da00000|  0%| F|  |TAMS 0x000000070d800000| PB 0x000000070d800000| Untracked 
|  72|0x000000070da00000, 0x000000070da00000, 0x000000070dc00000|  0%| F|  |TAMS 0x000000070da00000| PB 0x000000070da00000| Untracked 
|  73|0x000000070dc00000, 0x000000070dc00000, 0x000000070de00000|  0%| F|  |TAMS 0x000000070dc00000| PB 0x000000070dc00000| Untracked 
|  74|0x000000070de00000, 0x000000070de00000, 0x000000070e000000|  0%| F|  |TAMS 0x000000070de00000| PB 0x000000070de00000| Untracked 
|  75|0x000000070e000000, 0x000000070e000000, 0x000000070e200000|  0%| F|  |TAMS 0x000000070e000000| PB 0x000000070e000000| Untracked 
|  76|0x000000070e200000, 0x000000070e200000, 0x000000070e400000|  0%| F|  |TAMS 0x000000070e200000| PB 0x000000070e200000| Untracked 
|  77|0x000000070e400000, 0x000000070e400000, 0x000000070e600000|  0%| F|  |TAMS 0x000000070e400000| PB 0x000000070e400000| Untracked 
|  78|0x000000070e600000, 0x000000070e600000, 0x000000070e800000|  0%| F|  |TAMS 0x000000070e600000| PB 0x000000070e600000| Untracked 
|  79|0x000000070e800000, 0x000000070e800000, 0x000000070ea00000|  0%| F|  |TAMS 0x000000070e800000| PB 0x000000070e800000| Untracked 
|  80|0x000000070ea00000, 0x000000070ea00000, 0x000000070ec00000|  0%| F|  |TAMS 0x000000070ea00000| PB 0x000000070ea00000| Untracked 
|  81|0x000000070ec00000, 0x000000070ec00000, 0x000000070ee00000|  0%| F|  |TAMS 0x000000070ec00000| PB 0x000000070ec00000| Untracked 
|  82|0x000000070ee00000, 0x000000070ee00000, 0x000000070f000000|  0%| F|  |TAMS 0x000000070ee00000| PB 0x000000070ee00000| Untracked 
|  83|0x000000070f000000, 0x000000070f000000, 0x000000070f200000|  0%| F|  |TAMS 0x000000070f000000| PB 0x000000070f000000| Untracked 
|  84|0x000000070f200000, 0x000000070f200000, 0x000000070f400000|  0%| F|  |TAMS 0x000000070f200000| PB 0x000000070f200000| Untracked 
|  85|0x000000070f400000, 0x000000070f400000, 0x000000070f600000|  0%| F|  |TAMS 0x000000070f400000| PB 0x000000070f400000| Untracked 
|  86|0x000000070f600000, 0x000000070f600000, 0x000000070f800000|  0%| F|  |TAMS 0x000000070f600000| PB 0x000000070f600000| Untracked 
|  87|0x000000070f800000, 0x000000070f800000, 0x000000070fa00000|  0%| F|  |TAMS 0x000000070f800000| PB 0x000000070f800000| Untracked 
|  88|0x000000070fa00000, 0x000000070fa00000, 0x000000070fc00000|  0%| F|  |TAMS 0x000000070fa00000| PB 0x000000070fa00000| Untracked 
|  89|0x000000070fc00000, 0x000000070fc00000, 0x000000070fe00000|  0%| F|  |TAMS 0x000000070fc00000| PB 0x000000070fc00000| Untracked 
|  90|0x000000070fe00000, 0x000000070fe00000, 0x0000000710000000|  0%| F|  |TAMS 0x000000070fe00000| PB 0x000000070fe00000| Untracked 
|  91|0x0000000710000000, 0x0000000710000000, 0x0000000710200000|  0%| F|  |TAMS 0x0000000710000000| PB 0x0000000710000000| Untracked 
|  92|0x0000000710200000, 0x0000000710200000, 0x0000000710400000|  0%| F|  |TAMS 0x0000000710200000| PB 0x0000000710200000| Untracked 
|  93|0x0000000710400000, 0x0000000710400000, 0x0000000710600000|  0%| F|  |TAMS 0x0000000710400000| PB 0x0000000710400000| Untracked 
|  94|0x0000000710600000, 0x0000000710600000, 0x0000000710800000|  0%| F|  |TAMS 0x0000000710600000| PB 0x0000000710600000| Untracked 
|  95|0x0000000710800000, 0x0000000710800000, 0x0000000710a00000|  0%| F|  |TAMS 0x0000000710800000| PB 0x0000000710800000| Untracked 
|  96|0x0000000710a00000, 0x0000000710a00000, 0x0000000710c00000|  0%| F|  |TAMS 0x0000000710a00000| PB 0x0000000710a00000| Untracked 
|  97|0x0000000710c00000, 0x0000000710c00000, 0x0000000710e00000|  0%| F|  |TAMS 0x0000000710c00000| PB 0x0000000710c00000| Untracked 
|  98|0x0000000710e00000, 0x0000000710e00000, 0x0000000711000000|  0%| F|  |TAMS 0x0000000710e00000| PB 0x0000000710e00000| Untracked 
|  99|0x0000000711000000, 0x0000000711000000, 0x0000000711200000|  0%| F|  |TAMS 0x0000000711000000| PB 0x0000000711000000| Untracked 
| 100|0x0000000711200000, 0x0000000711200000, 0x0000000711400000|  0%| F|  |TAMS 0x0000000711200000| PB 0x0000000711200000| Untracked 
| 101|0x0000000711400000, 0x0000000711600000, 0x0000000711600000|100%| S|CS|TAMS 0x0000000711400000| PB 0x0000000711400000| Complete 
| 102|0x0000000711600000, 0x0000000711800000, 0x0000000711800000|100%| S|CS|TAMS 0x0000000711600000| PB 0x0000000711600000| Complete 
| 103|0x0000000711800000, 0x0000000711a00000, 0x0000000711a00000|100%| S|CS|TAMS 0x0000000711800000| PB 0x0000000711800000| Complete 
| 104|0x0000000711a00000, 0x0000000711a00000, 0x0000000711c00000|  0%| F|  |TAMS 0x0000000711a00000| PB 0x0000000711a00000| Untracked 
| 105|0x0000000711c00000, 0x0000000711c00000, 0x0000000711e00000|  0%| F|  |TAMS 0x0000000711c00000| PB 0x0000000711c00000| Untracked 
| 106|0x0000000711e00000, 0x0000000711e00000, 0x0000000712000000|  0%| F|  |TAMS 0x0000000711e00000| PB 0x0000000711e00000| Untracked 
| 107|0x0000000712000000, 0x0000000712000000, 0x0000000712200000|  0%| F|  |TAMS 0x0000000712000000| PB 0x0000000712000000| Untracked 
| 108|0x0000000712200000, 0x0000000712200000, 0x0000000712400000|  0%| F|  |TAMS 0x0000000712200000| PB 0x0000000712200000| Untracked 
| 109|0x0000000712400000, 0x0000000712400000, 0x0000000712600000|  0%| F|  |TAMS 0x0000000712400000| PB 0x0000000712400000| Untracked 
| 110|0x0000000712600000, 0x0000000712600000, 0x0000000712800000|  0%| F|  |TAMS 0x0000000712600000| PB 0x0000000712600000| Untracked 
| 111|0x0000000712800000, 0x0000000712800000, 0x0000000712a00000|  0%| F|  |TAMS 0x0000000712800000| PB 0x0000000712800000| Untracked 
| 112|0x0000000712a00000, 0x0000000712a00000, 0x0000000712c00000|  0%| F|  |TAMS 0x0000000712a00000| PB 0x0000000712a00000| Untracked 
| 113|0x0000000712c00000, 0x0000000712c00000, 0x0000000712e00000|  0%| F|  |TAMS 0x0000000712c00000| PB 0x0000000712c00000| Untracked 
| 114|0x0000000712e00000, 0x0000000712e00000, 0x0000000713000000|  0%| F|  |TAMS 0x0000000712e00000| PB 0x0000000712e00000| Untracked 
| 115|0x0000000713000000, 0x0000000713000000, 0x0000000713200000|  0%| F|  |TAMS 0x0000000713000000| PB 0x0000000713000000| Untracked 
| 116|0x0000000713200000, 0x0000000713200000, 0x0000000713400000|  0%| F|  |TAMS 0x0000000713200000| PB 0x0000000713200000| Untracked 
| 117|0x0000000713400000, 0x0000000713400000, 0x0000000713600000|  0%| F|  |TAMS 0x0000000713400000| PB 0x0000000713400000| Untracked 
| 118|0x0000000713600000, 0x0000000713600000, 0x0000000713800000|  0%| F|  |TAMS 0x0000000713600000| PB 0x0000000713600000| Untracked 
| 119|0x0000000713800000, 0x0000000713800000, 0x0000000713a00000|  0%| F|  |TAMS 0x0000000713800000| PB 0x0000000713800000| Untracked 
| 120|0x0000000713a00000, 0x0000000713a00000, 0x0000000713c00000|  0%| F|  |TAMS 0x0000000713a00000| PB 0x0000000713a00000| Untracked 
| 121|0x0000000713c00000, 0x0000000713c00000, 0x0000000713e00000|  0%| F|  |TAMS 0x0000000713c00000| PB 0x0000000713c00000| Untracked 
| 122|0x0000000713e00000, 0x0000000713e852d8, 0x0000000714000000| 26%| E|  |TAMS 0x0000000713e00000| PB 0x0000000713e00000| Complete 
| 123|0x0000000714000000, 0x0000000714200000, 0x0000000714200000|100%| E|CS|TAMS 0x0000000714000000| PB 0x0000000714000000| Complete 
| 124|0x0000000714200000, 0x0000000714400000, 0x0000000714400000|100%| E|CS|TAMS 0x0000000714200000| PB 0x0000000714200000| Complete 
| 125|0x0000000714400000, 0x0000000714600000, 0x0000000714600000|100%| E|CS|TAMS 0x0000000714400000| PB 0x0000000714400000| Complete 

Card table byte_map: [0x000001ce58b20000,0x000001ce59300000] _byte_map_base: 0x000001ce552fb000

Marking Bits: (CMBitMap*) 0x000001ce40d90e60
 Bits: [0x000001ce59ae0000, 0x000001ce5d9b8000)

Polling page: 0x000001ce3ec90000

Metaspace:

Usage:
  Non-class:     13.32 MB used.
      Class:      2.48 MB used.
       Both:     15.80 MB used.

Virtual space:
  Non-class space:       64.00 MB reserved,      13.50 MB ( 21%) committed,  1 nodes.
      Class space:        1.00 GB reserved,       2.69 MB ( <1%) committed,  1 nodes.
             Both:        1.06 GB reserved,      16.19 MB (  1%) committed. 

Chunk freelists:
   Non-Class:  2.09 MB
       Class:  1.30 MB
        Both:  3.39 MB

MaxMetaspaceSize: unlimited
CompressedClassSpaceSize: 1.00 GB
Initial GC threshold: 21.00 MB
Current GC threshold: 21.00 MB
CDS: on
MetaspaceReclaimPolicy: balanced
 - commit_granule_bytes: 65536.
 - commit_granule_words: 8192.
 - virtual_space_node_default_size: 8388608.
 - enlarge_chunks_in_place: 1.
 - new_chunks_are_fully_committed: 0.
 - uncommit_free_chunks: 1.
 - use_allocation_guard: 0.


Internal statistics:

num_allocs_failed_limit: 0.
num_arena_births: 398.
num_arena_deaths: 0.
num_vsnodes_births: 2.
num_vsnodes_deaths: 0.
num_space_committed: 258.
num_space_uncommitted: 0.
num_chunks_returned_to_freelist: 0.
num_chunks_taken_from_freelist: 937.
num_chunk_merges: 0.
num_chunk_splits: 632.
num_chunks_enlarged: 438.
num_inconsistent_stats: 0.

CodeHeap 'non-profiled nmethods': size=120000Kb used=838Kb max_used=838Kb free=119161Kb
 bounds [0x000001ce508c0000, 0x000001ce50b30000, 0x000001ce57df0000]
CodeHeap 'profiled nmethods': size=120000Kb used=4064Kb max_used=4064Kb free=115935Kb
 bounds [0x000001ce48df0000, 0x000001ce491f0000, 0x000001ce50320000]
CodeHeap 'non-nmethods': size=5760Kb used=1937Kb max_used=1954Kb free=3823Kb
 bounds [0x000001ce50320000, 0x000001ce50590000, 0x000001ce508c0000]
 total_blobs=2970 nmethods=2231 adapters=649
 compilation: enabled
              stopped_count=0, restarted_count=0
 full_count=0

Compilation events (20 events):
Event: 1.368 Thread 0x000001cea68cb500 nmethod 2123 0x000001ce5098ae90 code [0x000001ce5098b000, 0x000001ce5098b148]
Event: 1.368 Thread 0x000001ce5fffc0e0 2124       3       jdk.internal.module.Checks::isJavaIdentifier (76 bytes)
Event: 1.369 Thread 0x000001ce5fffc0e0 nmethod 2124 0x000001ce491b3890 code [0x000001ce491b3b20, 0x000001ce491b46e0]
Event: 1.369 Thread 0x000001ce5fffc0e0 2125   !   3       jdk.internal.misc.ScopedMemoryAccess::getCharUnaligned (18 bytes)
Event: 1.370 Thread 0x000001ce5fffc0e0 nmethod 2125 0x000001ce491b4b10 code [0x000001ce491b4ce0, 0x000001ce491b5150]
Event: 1.370 Thread 0x000001ce5fffc0e0 2128       3       jdk.internal.misc.Unsafe::getCharUnaligned (34 bytes)
Event: 1.370 Thread 0x000001cea68cb500 2132       4       java.nio.HeapByteBuffer::byteOffset (7 bytes)
Event: 1.370 Thread 0x000001ce5fffc0e0 nmethod 2128 0x000001ce491b5390 code [0x000001ce491b5540, 0x000001ce491b5900]
Event: 1.370 Thread 0x000001ce5fffc0e0 2130       3       jdk.internal.misc.Unsafe::convEndian (16 bytes)
Event: 1.370 Thread 0x000001ce5fffc0e0 nmethod 2130 0x000001ce491b5a90 code [0x000001ce491b5c20, 0x000001ce491b5de0]
Event: 1.370 Thread 0x000001ce5fffc0e0 2131       3       java.nio.HeapByteBuffer::getChar (29 bytes)
Event: 1.370 Thread 0x000001cea68cb500 nmethod 2132 0x000001ce5098b610 code [0x000001ce5098b780, 0x000001ce5098b810]
Event: 1.370 Thread 0x000001ce5fffc0e0 nmethod 2131 0x000001ce491b5e90 code [0x000001ce491b60c0, 0x000001ce491b6978]
Event: 1.370 Thread 0x000001ce5fffc0e0 2126   !   3       jdk.internal.misc.ScopedMemoryAccess::getCharUnalignedInternal (36 bytes)
Event: 1.370 Thread 0x000001ce5fffc0e0 nmethod 2126 0x000001ce491b6d90 code [0x000001ce491b6f40, 0x000001ce491b7230]
Event: 1.370 Thread 0x000001ce5fffc0e0 2127       3       jdk.internal.misc.Unsafe::getCharUnaligned (12 bytes)
Event: 1.370 Thread 0x000001ce5fffc0e0 nmethod 2127 0x000001ce491b7390 code [0x000001ce491b7520, 0x000001ce491b7760]
Event: 1.370 Thread 0x000001cea68cb500 2133       4       java.nio.Buffer::session (20 bytes)
Event: 1.371 Thread 0x000001cea68cb500 nmethod 2133 0x000001ce5098b910 code [0x000001ce5098ba80, 0x000001ce5098bb28]
Event: 1.371 Thread 0x000001cea68cb500 2134       4       jdk.internal.misc.Unsafe::getCharUnaligned (12 bytes)

GC Heap History (4 events):
Event: 0.611 GC heap before
{Heap before GC invocations=0 (full 0):
 garbage-first heap   total 258048K, used 20480K [0x0000000704a00000, 0x0000000800000000)
  region size 2048K, 11 young (22528K), 0 survivors (0K)
 Metaspace       used 4027K, committed 4288K, reserved 1114112K
  class space    used 435K, committed 576K, reserved 1048576K
}
Event: 0.613 GC heap after
{Heap after GC invocations=1 (full 0):
 garbage-first heap   total 258048K, used 2581K [0x0000000704a00000, 0x0000000800000000)
  region size 2048K, 2 young (4096K), 2 survivors (4096K)
 Metaspace       used 4027K, committed 4288K, reserved 1114112K
  class space    used 435K, committed 576K, reserved 1048576K
}
Event: 1.306 GC heap before
{Heap before GC invocations=1 (full 0):
 garbage-first heap   total 258048K, used 43541K [0x0000000704a00000, 0x0000000800000000)
  region size 2048K, 22 young (45056K), 2 survivors (4096K)
 Metaspace       used 15096K, committed 15424K, reserved 1114112K
  class space    used 2329K, committed 2496K, reserved 1048576K
}
Event: 1.311 GC heap after
{Heap after GC invocations=2 (full 0):
 garbage-first heap   total 258048K, used 10024K [0x0000000704a00000, 0x0000000800000000)
  region size 2048K, 3 young (6144K), 3 survivors (6144K)
 Metaspace       used 15096K, committed 15424K, reserved 1114112K
  class space    used 2329K, committed 2496K, reserved 1048576K
}

Dll operation events (20 events):
Event: 0.393 Loaded shared library C:\Users\votan\.openjfx\cache\20.0.2+3\amd64\api-ms-win-crt-math-l1-1-0.dll
Event: 0.395 Loaded shared library C:\Users\votan\.openjfx\cache\20.0.2+3\amd64\api-ms-win-crt-multibyte-l1-1-0.dll
Event: 0.406 Loaded shared library C:\Users\votan\.openjfx\cache\20.0.2+3\amd64\api-ms-win-crt-private-l1-1-0.dll
Event: 0.409 Loaded shared library C:\Users\votan\.openjfx\cache\20.0.2+3\amd64\api-ms-win-crt-process-l1-1-0.dll
Event: 0.411 Loaded shared library C:\Users\votan\.openjfx\cache\20.0.2+3\amd64\api-ms-win-crt-runtime-l1-1-0.dll
Event: 0.416 Loaded shared library C:\Users\votan\.openjfx\cache\20.0.2+3\amd64\api-ms-win-crt-stdio-l1-1-0.dll
Event: 0.431 Loaded shared library C:\Users\votan\.openjfx\cache\20.0.2+3\amd64\api-ms-win-crt-string-l1-1-0.dll
Event: 0.439 Loaded shared library C:\Users\votan\.openjfx\cache\20.0.2+3\amd64\api-ms-win-crt-time-l1-1-0.dll
Event: 0.442 Loaded shared library C:\Users\votan\.openjfx\cache\20.0.2+3\amd64\api-ms-win-crt-utility-l1-1-0.dll
Event: 0.452 Loaded shared library C:\Users\votan\.openjfx\cache\20.0.2+3\amd64\ucrtbase.dll
Event: 0.455 Loaded shared library C:\Users\votan\.openjfx\cache\20.0.2+3\amd64\vcruntime140.dll
Event: 0.457 Loaded shared library C:\Users\votan\.openjfx\cache\20.0.2+3\amd64\vcruntime140_1.dll
Event: 0.463 Loaded shared library C:\Users\votan\.openjfx\cache\20.0.2+3\amd64\msvcp140.dll
Event: 0.465 Loaded shared library C:\Users\votan\.openjfx\cache\20.0.2+3\amd64\msvcp140_1.dll
Event: 0.468 Loaded shared library C:\Users\votan\.openjfx\cache\20.0.2+3\amd64\msvcp140_2.dll
Event: 0.508 Loaded shared library C:\Users\votan\.openjfx\cache\20.0.2+3\amd64\prism_d3d.dll
Event: 0.558 Loaded shared library C:\Users\votan\.openjfx\cache\20.0.2+3\amd64\glass.dll
Event: 0.645 Loaded shared library C:\Program Files\Java\jdk-20\bin\jimage.dll
Event: 0.753 Loaded shared library C:\Users\votan\.openjfx\cache\20.0.2+3\amd64\javafx_iio.dll
Event: 0.800 Loaded shared library C:\Users\votan\.openjfx\cache\20.0.2+3\amd64\javafx_font.dll

Deoptimization events (20 events):
Event: 1.233 Thread 0x000001cea5f6d530 Uncommon trap: trap_request=0xffffffde fr.pc=0x000001ce508d7028 relative=0x00000000000001a8
Event: 1.233 Thread 0x000001cea5f6d530 Uncommon trap: reason=class_check action=maybe_recompile pc=0x000001ce508d7028 method=java.lang.String.equals(Ljava/lang/Object;)Z @ 8 c2
Event: 1.233 Thread 0x000001cea5f6d530 DEOPT PACKING pc=0x000001ce508d7028 sp=0x00000027c1bfda00
Event: 1.233 Thread 0x000001cea5f6d530 DEOPT UNPACKING pc=0x000001ce5033d2a2 sp=0x00000027c1bfd998 mode 2
Event: 1.233 Thread 0x000001cea5f6d530 Uncommon trap: trap_request=0xffffffde fr.pc=0x000001ce508d7028 relative=0x00000000000001a8
Event: 1.233 Thread 0x000001cea5f6d530 Uncommon trap: reason=class_check action=maybe_recompile pc=0x000001ce508d7028 method=java.lang.String.equals(Ljava/lang/Object;)Z @ 8 c2
Event: 1.233 Thread 0x000001cea5f6d530 DEOPT PACKING pc=0x000001ce508d7028 sp=0x00000027c1bfda00
Event: 1.233 Thread 0x000001cea5f6d530 DEOPT UNPACKING pc=0x000001ce5033d2a2 sp=0x00000027c1bfd998 mode 2
Event: 1.233 Thread 0x000001cea5f6d530 Uncommon trap: trap_request=0xffffffde fr.pc=0x000001ce508d7028 relative=0x00000000000001a8
Event: 1.233 Thread 0x000001cea5f6d530 Uncommon trap: reason=class_check action=maybe_recompile pc=0x000001ce508d7028 method=java.lang.String.equals(Ljava/lang/Object;)Z @ 8 c2
Event: 1.233 Thread 0x000001cea5f6d530 DEOPT PACKING pc=0x000001ce508d7028 sp=0x00000027c1bfdaf0
Event: 1.233 Thread 0x000001cea5f6d530 DEOPT UNPACKING pc=0x000001ce5033d2a2 sp=0x00000027c1bfda88 mode 2
Event: 1.277 Thread 0x000001cea5f6d530 Uncommon trap: trap_request=0xffffff45 fr.pc=0x000001ce508d3b14 relative=0x0000000000000114
Event: 1.277 Thread 0x000001cea5f6d530 Uncommon trap: reason=unstable_if action=reinterpret pc=0x000001ce508d3b14 method=java.lang.StringLatin1.lastIndexOf([BI[BII)I @ 86 c2
Event: 1.277 Thread 0x000001cea5f6d530 DEOPT PACKING pc=0x000001ce508d3b14 sp=0x00000027c1bfcbc0
Event: 1.277 Thread 0x000001cea5f6d530 DEOPT UNPACKING pc=0x000001ce5033d2a2 sp=0x00000027c1bfcb18 mode 2
Event: 1.278 Thread 0x000001cea5f6d530 Uncommon trap: trap_request=0xffffff45 fr.pc=0x000001ce508cdf54 relative=0x0000000000000054
Event: 1.278 Thread 0x000001cea5f6d530 Uncommon trap: reason=unstable_if action=reinterpret pc=0x000001ce508cdf54 method=java.lang.CharacterData.of(I)Ljava/lang/CharacterData; @ 4 c2
Event: 1.278 Thread 0x000001cea5f6d530 DEOPT PACKING pc=0x000001ce508cdf54 sp=0x00000027c1bfcc80
Event: 1.278 Thread 0x000001cea5f6d530 DEOPT UNPACKING pc=0x000001ce5033d2a2 sp=0x00000027c1bfcc20 mode 2

Classes loaded (20 events):
Event: 1.369 Loading class jdk/internal/icu/impl/UBiDiProps$IsAcceptable
Event: 1.369 Loading class jdk/internal/icu/impl/ICUBinary$Authenticate
Event: 1.369 Loading class jdk/internal/icu/impl/ICUBinary$Authenticate done
Event: 1.369 Loading class jdk/internal/icu/impl/UBiDiProps$IsAcceptable done
Event: 1.369 Loading class jdk/internal/icu/impl/Trie2_16
Event: 1.369 Loading class jdk/internal/icu/impl/Trie2
Event: 1.369 Loading class jdk/internal/icu/impl/Trie2 done
Event: 1.369 Loading class jdk/internal/icu/impl/Trie2_16 done
Event: 1.369 Loading class jdk/internal/icu/impl/Trie2$1
Event: 1.369 Loading class jdk/internal/icu/impl/Trie2$ValueMapper
Event: 1.369 Loading class jdk/internal/icu/impl/Trie2$ValueMapper done
Event: 1.369 Loading class jdk/internal/icu/impl/Trie2$1 done
Event: 1.369 Loading class jdk/internal/icu/impl/Trie2$UTrie2Header
Event: 1.369 Loading class jdk/internal/icu/impl/Trie2$UTrie2Header done
Event: 1.370 Loading class jdk/internal/foreign/MemorySessionImpl
Event: 1.370 Loading class java/lang/foreign/SegmentScope
Event: 1.370 Loading class java/lang/foreign/SegmentScope done
Event: 1.370 Loading class java/lang/foreign/SegmentAllocator
Event: 1.370 Loading class java/lang/foreign/SegmentAllocator done
Event: 1.370 Loading class jdk/internal/foreign/MemorySessionImpl done

Classes unloaded (0 events):
No events

Classes redefined (0 events):
No events

Internal exceptions (20 events):
Event: 0.889 Thread 0x000001cea5f6d530 Exception <a 'java/lang/NoSuchMethodError'{0x0000000713190388}: 'java.lang.Object java.lang.invoke.DirectMethodHandle$Holder.invokeSpecial(java.lang.Object, java.lang.Object, java.lang.Object, java.lang.Object, java.lang.Object, java.lang.Object, int)'> (0x0000000713190388) 
thrown [s\open\src\hotspot\share\interpreter\linkResolver.cpp, line 773]
Event: 0.889 Thread 0x000001cea5f6d530 Exception <a 'java/lang/NoSuchMethodError'{0x0000000713194160}: 'java.lang.Object java.lang.invoke.Invokers$Holder.linkToTargetMethod(java.lang.Object, java.lang.Object, java.lang.Object, java.lang.Object, int, java.lang.Object)'> (0x0000000713194160) 
thrown [s\open\src\hotspot\share\interpreter\linkResolver.cpp, line 773]
Event: 0.916 Thread 0x000001cea5f6d530 Exception <a 'java/lang/NoSuchMethodError'{0x00000007128dc350}: 'int java.lang.invoke.DirectMethodHandle$Holder.invokeStaticInit(java.lang.Object, java.lang.Object)'> (0x00000007128dc350) 
thrown [s\open\src\hotspot\share\interpreter\linkResolver.cpp, line 773]
Event: 0.925 Thread 0x000001cea5f6d530 Exception <a 'java/lang/NoSuchMethodError'{0x000000071295c170}: 'java.lang.Object java.lang.invoke.DirectMethodHandle$Holder.invokeStaticInit(java.lang.Object, int, int, int, int)'> (0x000000071295c170) 
thrown [s\open\src\hotspot\share\interpreter\linkResolver.cpp, line 773]
Event: 0.980 Thread 0x000001cea5f6d530 Exception <a 'java/lang/NoSuchMethodError'{0x0000000712624b18}: 'java.lang.Object java.lang.invoke.DirectMethodHandle$Holder.invokeStaticInit(java.lang.Object, java.lang.Object, int, int, int, int)'> (0x0000000712624b18) 
thrown [s\open\src\hotspot\share\interpreter\linkResolver.cpp, line 773]
Event: 0.991 Thread 0x000001cea5f6d530 Exception <a 'sun/nio/fs/WindowsException'{0x0000000712641000}> (0x0000000712641000) 
thrown [s\open\src\hotspot\share\prims\jni.cpp, line 519]
Event: 1.002 Thread 0x000001cea5f6d530 Exception <a 'java/lang/NoSuchMethodError'{0x0000000712690488}: 'java.lang.Object java.lang.invoke.DirectMethodHandle$Holder.invokeSpecialIFC(java.lang.Object, java.lang.Object, java.lang.Object, java.lang.Object)'> (0x0000000712690488) 
thrown [s\open\src\hotspot\share\interpreter\linkResolver.cpp, line 773]
Event: 1.050 Thread 0x000001cea5f6d530 Exception <a 'sun/nio/fs/WindowsException'{0x0000000712427140}> (0x0000000712427140) 
thrown [s\open\src\hotspot\share\prims\jni.cpp, line 519]
Event: 1.054 Thread 0x000001cea5f6d530 Implicit null exception at 0x000001ce508e0846 to 0x000001ce508e08da
Event: 1.060 Thread 0x000001cea5f6d530 Implicit null exception at 0x000001ce5093b09d to 0x000001ce5093b30c
Event: 1.069 Thread 0x000001cea5f6d530 Exception <a 'java/lang/NoSuchMethodError'{0x0000000712545558}: 'void java.lang.invoke.Invokers$Holder.invokeExact_MT(java.lang.Object, java.lang.Object, java.lang.Object, java.lang.Object)'> (0x0000000712545558) 
thrown [s\open\src\hotspot\share\interpreter\linkResolver.cpp, line 773]
Event: 1.072 Thread 0x000001cea5f6d530 Exception <a 'java/lang/NoSuchMethodError'{0x0000000712576670}: 'java.lang.Object java.lang.invoke.Invokers$Holder.invokeExact_MT(java.lang.Object, java.lang.Object, java.lang.Object, java.lang.Object, java.lang.Object)'> (0x0000000712576670) 
thrown [s\open\src\hotspot\share\interpreter\linkResolver.cpp, line 773]
Event: 1.143 Thread 0x000001cea5f6d530 Exception <a 'java/lang/NoSuchMethodError'{0x000000071235b4d0}: 'java.lang.Object java.lang.invoke.DirectMethodHandle$Holder.newInvokeSpecial(java.lang.Object, double)'> (0x000000071235b4d0) 
thrown [s\open\src\hotspot\share\interpreter\linkResolver.cpp, line 773]
Event: 1.159 Thread 0x000001cea5f6d530 Exception <a 'java/io/FileNotFoundException'{0x000000071202a470}> (0x000000071202a470) 
thrown [s\open\src\hotspot\share\prims\jni.cpp, line 519]
Event: 1.222 Thread 0x000001cea5f6d530 Implicit null exception at 0x000001ce50932808 to 0x000001ce50932e44
Event: 1.242 Thread 0x000001cea5f6d530 Exception <a 'java/lang/IncompatibleClassChangeError'{0x0000000711c2b4e8}: Found class java.lang.Object, but interface was expected> (0x0000000711c2b4e8) 
thrown [s\open\src\hotspot\share\interpreter\linkResolver.cpp, line 840]
Event: 1.280 Thread 0x000001cea5f6d530 Exception <a 'java/lang/NoSuchMethodError'{0x0000000711dbcee0}: 'void java.lang.invoke.DirectMethodHandle$Holder.invokeSpecial(java.lang.Object, java.lang.Object, java.lang.Object, java.lang.Object, java.lang.Object, java.lang.Object)'> (0x0000000711dbcee0) 
thrown [s\open\src\hotspot\share\interpreter\linkResolver.cpp, line 773]
Event: 1.298 Thread 0x000001cea5f6d530 Exception <a 'java/lang/ClassNotFoundException'{0x0000000711b56af8}: com/sun/javafx/scene/control/skin/resources/controls> (0x0000000711b56af8) 
thrown [s\open\src\hotspot\share\prims\jni.cpp, line 538]
Event: 1.299 Thread 0x000001cea5f6d530 Exception <a 'java/lang/ClassNotFoundException'{0x0000000711b64e18}: com/sun/javafx/scene/control/skin/resources/controls_en> (0x0000000711b64e18) 
thrown [s\open\src\hotspot\share\prims\jni.cpp, line 538]
Event: 1.299 Thread 0x000001cea5f6d530 Exception <a 'java/lang/ClassNotFoundException'{0x0000000711b661b0}: com/sun/javafx/scene/control/skin/resources/controls_en_US> (0x0000000711b661b0) 
thrown [s\open\src\hotspot\share\prims\jni.cpp, line 538]

VM Operations (20 events):
Event: 0.772 Executing VM operation: HandshakeAllThreads
Event: 0.772 Executing VM operation: HandshakeAllThreads done
Event: 0.803 Executing VM operation: HandshakeAllThreads
Event: 0.803 Executing VM operation: HandshakeAllThreads done
Event: 0.854 Executing VM operation: ICBufferFull
Event: 0.855 Executing VM operation: ICBufferFull done
Event: 0.855 Executing VM operation: HandshakeAllThreads
Event: 0.855 Executing VM operation: HandshakeAllThreads done
Event: 0.929 Executing VM operation: HandshakeAllThreads
Event: 0.929 Executing VM operation: HandshakeAllThreads done
Event: 0.932 Executing VM operation: HandshakeAllThreads
Event: 0.932 Executing VM operation: HandshakeAllThreads done
Event: 1.007 Executing VM operation: HandshakeAllThreads
Event: 1.007 Executing VM operation: HandshakeAllThreads done
Event: 1.247 Executing VM operation: ICBufferFull
Event: 1.247 Executing VM operation: ICBufferFull done
Event: 1.279 Executing VM operation: HandshakeAllThreads
Event: 1.279 Executing VM operation: HandshakeAllThreads done
Event: 1.306 Executing VM operation: G1CollectForAllocation
Event: 1.311 Executing VM operation: G1CollectForAllocation done

Events (20 events):
Event: 0.036 Thread 0x000001ce5ffea3d0 Thread added: 0x000001ce5ffea3d0
Event: 0.036 Thread 0x000001ce5fff0300 Thread added: 0x000001ce5fff0300
Event: 0.037 Thread 0x000001ce5fff11a0 Thread added: 0x000001ce5fff11a0
Event: 0.037 Thread 0x000001cea5820090 Thread added: 0x000001cea5820090
Event: 0.037 Thread 0x000001cea5821710 Thread added: 0x000001cea5821710
Event: 0.037 Thread 0x000001ce5fffc0e0 Thread added: 0x000001ce5fffc0e0
Event: 0.052 Thread 0x000001ce5ffb0da0 Thread added: 0x000001ce5ffb0da0
Event: 0.204 Thread 0x000001cea5a0d0b0 Thread added: 0x000001cea5a0d0b0
Event: 0.210 Thread 0x000001cea5993ee0 Thread added: 0x000001cea5993ee0
Event: 0.244 Thread 0x000001cea5dd3250 Thread added: 0x000001cea5dd3250
Event: 0.449 Thread 0x000001cea5993ee0 Thread exited: 0x000001cea5993ee0
Event: 0.449 Thread 0x000001cea5a0d0b0 Thread exited: 0x000001cea5a0d0b0
Event: 0.500 Thread 0x000001cea5f6ca90 Thread added: 0x000001cea5f6ca90
Event: 0.560 Thread 0x000001cea5f6cfe0 Thread added: 0x000001cea5f6cfe0
Event: 0.562 Thread 0x000001cea5f6d530 Thread added: 0x000001cea5f6d530
Event: 0.620 Thread 0x000001cea5f6da80 Thread added: 0x000001cea5f6da80
Event: 0.620 Thread 0x000001cea5f6dfd0 Thread added: 0x000001cea5f6dfd0
Event: 0.653 Thread 0x000001cea6873980 Thread added: 0x000001cea6873980
Event: 0.653 Thread 0x000001cea68cb500 Thread added: 0x000001cea68cb500
Event: 0.913 Thread 0x000001cea6829140 Thread added: 0x000001cea6829140


Dynamic libraries:
0x00007ff720a40000 - 0x00007ff720a50000 	C:\Program Files\Java\jdk-20\bin\java.exe
0x00007ff80f110000 - 0x00007ff80f324000 	C:\Windows\SYSTEM32\ntdll.dll
0x00007ff80e360000 - 0x00007ff80e424000 	C:\Windows\System32\KERNEL32.DLL
0x00007ff80ca70000 - 0x00007ff80ce14000 	C:\Windows\System32\KERNELBASE.dll
0x00007ff80c4c0000 - 0x00007ff80c5d1000 	C:\Windows\System32\ucrtbase.dll
0x00007fffeefc0000 - 0x00007fffeefd9000 	C:\Program Files\Java\jdk-20\bin\jli.dll
0x00007fffc3630000 - 0x00007fffc364b000 	C:\Program Files\Java\jdk-20\bin\VCRUNTIME140.dll
0x00007ff80f010000 - 0x00007ff80f0c0000 	C:\Windows\System32\ADVAPI32.dll
0x00007ff80d460000 - 0x00007ff80d507000 	C:\Windows\System32\msvcrt.dll
0x00007ff80e630000 - 0x00007ff80e6d6000 	C:\Windows\System32\sechost.dll
0x00007ff80ee80000 - 0x00007ff80ef97000 	C:\Windows\System32\RPCRT4.dll
0x00007ff80cea0000 - 0x00007ff80d04e000 	C:\Windows\System32\USER32.dll
0x00007ff80c650000 - 0x00007ff80c676000 	C:\Windows\System32\win32u.dll
0x00007ff80e430000 - 0x00007ff80e459000 	C:\Windows\System32\GDI32.dll
0x00007ff80c740000 - 0x00007ff80c858000 	C:\Windows\System32\gdi32full.dll
0x00007ff80c9d0000 - 0x00007ff80ca6a000 	C:\Windows\System32\msvcp_win.dll
0x00007fffecb90000 - 0x00007fffece23000 	C:\Windows\WinSxS\amd64_microsoft.windows.common-controls_6595b64144ccf1df_6.0.22621.2215_none_270d72677387dfc3\COMCTL32.dll
0x00007ff804fe0000 - 0x00007ff804fea000 	C:\Windows\SYSTEM32\VERSION.dll
0x00007ff80d610000 - 0x00007ff80d641000 	C:\Windows\System32\IMM32.DLL
0x00007fffbfad0000 - 0x00007fffbfadc000 	C:\Program Files\Java\jdk-20\bin\vcruntime140_1.dll
0x00007fffa0470000 - 0x00007fffa04fe000 	C:\Program Files\Java\jdk-20\bin\msvcp140.dll
0x00007fff22860000 - 0x00007fff234f8000 	C:\Program Files\Java\jdk-20\bin\server\jvm.dll
0x00007fffe0200000 - 0x00007fffe0209000 	C:\Windows\SYSTEM32\WSOCK32.dll
0x00007ff80ee00000 - 0x00007ff80ee71000 	C:\Windows\System32\WS2_32.dll
0x00007ff800980000 - 0x00007ff8009b4000 	C:\Windows\SYSTEM32\WINMM.dll
0x00007ff80b480000 - 0x00007ff80b498000 	C:\Windows\SYSTEM32\kernel.appcore.dll
0x00007fffbfac0000 - 0x00007fffbfaca000 	C:\Program Files\Java\jdk-20\bin\jimage.dll
0x00007ff809e00000 - 0x00007ff80a02e000 	C:\Windows\SYSTEM32\DBGHELP.DLL
0x00007ff80df50000 - 0x00007ff80e2da000 	C:\Windows\System32\combase.dll
0x00007ff80e8a0000 - 0x00007ff80e977000 	C:\Windows\System32\OLEAUT32.dll
0x00007ffff4be0000 - 0x00007ffff4c12000 	C:\Windows\SYSTEM32\dbgcore.DLL
0x00007ff80ce20000 - 0x00007ff80ce9a000 	C:\Windows\System32\bcryptPrimitives.dll
0x00007fffb6b80000 - 0x00007fffb6ba6000 	C:\Program Files\Java\jdk-20\bin\java.dll
0x00007fffa06a0000 - 0x00007fffa0777000 	C:\Program Files\Java\jdk-20\bin\jsvml.dll
0x00007ff80d6d0000 - 0x00007ff80def3000 	C:\Windows\System32\SHELL32.dll
0x00007ff80a400000 - 0x00007ff80acea000 	C:\Windows\SYSTEM32\windows.storage.dll
0x00007ff80a2c0000 - 0x00007ff80a3fe000 	C:\Windows\SYSTEM32\wintypes.dll
0x00007ff80e480000 - 0x00007ff80e573000 	C:\Windows\System32\SHCORE.dll
0x00007ff80d050000 - 0x00007ff80d0ae000 	C:\Windows\System32\shlwapi.dll
0x00007ff80c3f0000 - 0x00007ff80c416000 	C:\Windows\SYSTEM32\profapi.dll
0x00007fffb69e0000 - 0x00007fffb69f3000 	C:\Program Files\Java\jdk-20\bin\net.dll
0x00007ff804d30000 - 0x00007ff804e67000 	C:\Windows\SYSTEM32\WINHTTP.dll
0x00007ff80b940000 - 0x00007ff80b9a9000 	C:\Windows\system32\mswsock.dll
0x00007fffb42d0000 - 0x00007fffb42e6000 	C:\Program Files\Java\jdk-20\bin\nio.dll
0x00007fffa0bc0000 - 0x00007fffa0bd8000 	C:\Program Files\Java\jdk-20\bin\zip.dll
0x000001ce3ecd0000 - 0x000001ce3ecd3000 	C:\Users\votan\.openjfx\cache\20.0.2+3\amd64\api-ms-win-core-console-l1-1-0.dll
0x000001ce3ece0000 - 0x000001ce3ece3000 	C:\Users\votan\.openjfx\cache\20.0.2+3\amd64\api-ms-win-core-console-l1-2-0.dll
0x000001ce3ecf0000 - 0x000001ce3ecf3000 	C:\Users\votan\.openjfx\cache\20.0.2+3\amd64\api-ms-win-core-datetime-l1-1-0.dll
0x000001ce3ed00000 - 0x000001ce3ed03000 	C:\Users\votan\.openjfx\cache\20.0.2+3\amd64\api-ms-win-core-debug-l1-1-0.dll
0x000001ce3ed10000 - 0x000001ce3ed13000 	C:\Users\votan\.openjfx\cache\20.0.2+3\amd64\api-ms-win-core-errorhandling-l1-1-0.dll
0x000001ce3ed20000 - 0x000001ce3ed24000 	C:\Users\votan\.openjfx\cache\20.0.2+3\amd64\api-ms-win-core-file-l1-1-0.dll
0x000001ce40ca0000 - 0x000001ce40ca3000 	C:\Users\votan\.openjfx\cache\20.0.2+3\amd64\api-ms-win-core-file-l1-2-0.dll
0x000001ce40cb0000 - 0x000001ce40cb3000 	C:\Users\votan\.openjfx\cache\20.0.2+3\amd64\api-ms-win-core-file-l2-1-0.dll
0x000001ce40cc0000 - 0x000001ce40cc3000 	C:\Users\votan\.openjfx\cache\20.0.2+3\amd64\api-ms-win-core-handle-l1-1-0.dll
0x000001ce40cd0000 - 0x000001ce40cd3000 	C:\Users\votan\.openjfx\cache\20.0.2+3\amd64\api-ms-win-core-heap-l1-1-0.dll
0x000001ce60770000 - 0x000001ce60773000 	C:\Users\votan\.openjfx\cache\20.0.2+3\amd64\api-ms-win-core-interlocked-l1-1-0.dll
0x000001ce60780000 - 0x000001ce60783000 	C:\Users\votan\.openjfx\cache\20.0.2+3\amd64\api-ms-win-core-libraryloader-l1-1-0.dll
0x000001ce60790000 - 0x000001ce60793000 	C:\Users\votan\.openjfx\cache\20.0.2+3\amd64\api-ms-win-core-localization-l1-2-0.dll
0x000001ce607a0000 - 0x000001ce607a3000 	C:\Users\votan\.openjfx\cache\20.0.2+3\amd64\api-ms-win-core-memory-l1-1-0.dll
0x000001ce607b0000 - 0x000001ce607b3000 	C:\Users\votan\.openjfx\cache\20.0.2+3\amd64\api-ms-win-core-namedpipe-l1-1-0.dll
0x000001ce607c0000 - 0x000001ce607c3000 	C:\Users\votan\.openjfx\cache\20.0.2+3\amd64\api-ms-win-core-processenvironment-l1-1-0.dll
0x000001ce607d0000 - 0x000001ce607d3000 	C:\Users\votan\.openjfx\cache\20.0.2+3\amd64\api-ms-win-core-processthreads-l1-1-0.dll
0x000001ce607e0000 - 0x000001ce607e3000 	C:\Users\votan\.openjfx\cache\20.0.2+3\amd64\api-ms-win-core-processthreads-l1-1-1.dll
0x000001ce607f0000 - 0x000001ce607f3000 	C:\Users\votan\.openjfx\cache\20.0.2+3\amd64\api-ms-win-core-profile-l1-1-0.dll
0x000001cea73d0000 - 0x000001cea73d3000 	C:\Users\votan\.openjfx\cache\20.0.2+3\amd64\api-ms-win-core-rtlsupport-l1-1-0.dll
0x000001cea73e0000 - 0x000001cea73e3000 	C:\Users\votan\.openjfx\cache\20.0.2+3\amd64\api-ms-win-core-string-l1-1-0.dll
0x000001cea73f0000 - 0x000001cea73f3000 	C:\Users\votan\.openjfx\cache\20.0.2+3\amd64\api-ms-win-core-synch-l1-1-0.dll
0x000001cea7400000 - 0x000001cea7403000 	C:\Users\votan\.openjfx\cache\20.0.2+3\amd64\api-ms-win-core-synch-l1-2-0.dll
0x000001cea7410000 - 0x000001cea7413000 	C:\Users\votan\.openjfx\cache\20.0.2+3\amd64\api-ms-win-core-sysinfo-l1-1-0.dll
0x000001cea7420000 - 0x000001cea7423000 	C:\Users\votan\.openjfx\cache\20.0.2+3\amd64\api-ms-win-core-timezone-l1-1-0.dll
0x000001cea7430000 - 0x000001cea7433000 	C:\Users\votan\.openjfx\cache\20.0.2+3\amd64\api-ms-win-core-util-l1-1-0.dll
0x000001cea7440000 - 0x000001cea7443000 	C:\Users\votan\.openjfx\cache\20.0.2+3\amd64\api-ms-win-crt-conio-l1-1-0.dll
0x000001cea7450000 - 0x000001cea7454000 	C:\Users\votan\.openjfx\cache\20.0.2+3\amd64\api-ms-win-crt-convert-l1-1-0.dll
0x000001cea7460000 - 0x000001cea7463000 	C:\Users\votan\.openjfx\cache\20.0.2+3\amd64\api-ms-win-crt-environment-l1-1-0.dll
0x000001cea7470000 - 0x000001cea7473000 	C:\Users\votan\.openjfx\cache\20.0.2+3\amd64\api-ms-win-crt-filesystem-l1-1-0.dll
0x000001cea7480000 - 0x000001cea7483000 	C:\Users\votan\.openjfx\cache\20.0.2+3\amd64\api-ms-win-crt-heap-l1-1-0.dll
0x000001cea7490000 - 0x000001cea7493000 	C:\Users\votan\.openjfx\cache\20.0.2+3\amd64\api-ms-win-crt-locale-l1-1-0.dll
0x000001cea74a0000 - 0x000001cea74a5000 	C:\Users\votan\.openjfx\cache\20.0.2+3\amd64\api-ms-win-crt-math-l1-1-0.dll
0x000001cea74b0000 - 0x000001cea74b5000 	C:\Users\votan\.openjfx\cache\20.0.2+3\amd64\api-ms-win-crt-multibyte-l1-1-0.dll
0x000001cea74c0000 - 0x000001cea74d0000 	C:\Users\votan\.openjfx\cache\20.0.2+3\amd64\api-ms-win-crt-private-l1-1-0.dll
0x000001cea74d0000 - 0x000001cea74d3000 	C:\Users\votan\.openjfx\cache\20.0.2+3\amd64\api-ms-win-crt-process-l1-1-0.dll
0x000001cea74e0000 - 0x000001cea74e4000 	C:\Users\votan\.openjfx\cache\20.0.2+3\amd64\api-ms-win-crt-runtime-l1-1-0.dll
0x000001cea74f0000 - 0x000001cea74f4000 	C:\Users\votan\.openjfx\cache\20.0.2+3\amd64\api-ms-win-crt-stdio-l1-1-0.dll
0x000001cea7500000 - 0x000001cea7504000 	C:\Users\votan\.openjfx\cache\20.0.2+3\amd64\api-ms-win-crt-string-l1-1-0.dll
0x000001cea7510000 - 0x000001cea7513000 	C:\Users\votan\.openjfx\cache\20.0.2+3\amd64\api-ms-win-crt-time-l1-1-0.dll
0x000001cea7520000 - 0x000001cea7523000 	C:\Users\votan\.openjfx\cache\20.0.2+3\amd64\api-ms-win-crt-utility-l1-1-0.dll
0x00007fffeee80000 - 0x00007fffeef7c000 	C:\Users\votan\.openjfx\cache\20.0.2+3\amd64\ucrtbase.dll
0x00007fffeee60000 - 0x00007fffeee7b000 	C:\Users\votan\.openjfx\cache\20.0.2+3\amd64\vcruntime140.dll
0x00007ff8075d0000 - 0x00007ff8075dc000 	C:\Users\votan\.openjfx\cache\20.0.2+3\amd64\vcruntime140_1.dll
0x00007fffeedd0000 - 0x00007fffeee5e000 	C:\Users\votan\.openjfx\cache\20.0.2+3\amd64\msvcp140.dll
0x00007fffef1d0000 - 0x00007fffef1d9000 	C:\Users\votan\.openjfx\cache\20.0.2+3\amd64\msvcp140_1.dll
0x00007fffeeda0000 - 0x00007fffeedd0000 	C:\Users\votan\.openjfx\cache\20.0.2+3\amd64\msvcp140_2.dll
0x00007fffeed70000 - 0x00007fffeed9f000 	C:\Users\votan\.openjfx\cache\20.0.2+3\amd64\prism_d3d.dll
0x00007fffce360000 - 0x00007fffce509000 	C:\Windows\system32\d3d9.dll
0x00007ff8099a0000 - 0x00007ff8099cb000 	C:\Windows\SYSTEM32\dwmapi.dll
0x00007ff809760000 - 0x00007ff809798000 	C:\Windows\SYSTEM32\dxcore.dll
0x00007ff809660000 - 0x00007ff80970b000 	C:\Windows\system32\uxtheme.dll
0x00007fff81970000 - 0x00007fff81be4000 	C:\Windows\System32\DriverStore\FileRepository\iigd_dch.inf_amd64_70ed43462b376a8e\igdumdim64.dll
0x00007ff80d0d0000 - 0x00007ff80d26e000 	C:\Windows\System32\ole32.dll
0x00007fff80610000 - 0x00007fff8196d000 	C:\Windows\System32\DriverStore\FileRepository\iigd_dch.inf_amd64_70ed43462b376a8e\igd9dxva64.dll
0x00007ff80e980000 - 0x00007ff80edf4000 	C:\Windows\System32\SETUPAPI.dll
0x00007ff80c180000 - 0x00007ff80c1ce000 	C:\Windows\SYSTEM32\cfgmgr32.dll
0x00007fff8dcc0000 - 0x00007fff8f9e5000 	C:\Windows\System32\DriverStore\FileRepository\iigd_dch.inf_amd64_70ed43462b376a8e\media_bin_64.dll
0x00007fffffbb0000 - 0x00007ffffffeb000 	C:\Windows\System32\DriverStore\FileRepository\iigd_dch.inf_amd64_70ed43462b376a8e\igdgmm64.dll
0x00007ff805cf0000 - 0x00007ff805d3a000 	C:\Windows\SYSTEM32\directxdatabasehelper.dll
0x00007fffeed20000 - 0x00007fffeed62000 	C:\Users\votan\.openjfx\cache\20.0.2+3\amd64\glass.dll
0x00007ff80d510000 - 0x00007ff80d609000 	C:\Windows\System32\COMDLG32.dll
0x00007ff80d270000 - 0x00007ff80d3b9000 	C:\Windows\System32\MSCTF.dll
0x00007fffb4520000 - 0x00007fffb4547000 	C:\Windows\System32\DriverStore\FileRepository\iigd_dch.inf_amd64_70ed43462b376a8e\igdinfo64.dll
0x00007ffff7c30000 - 0x00007ffffbabc000 	C:\Windows\System32\DriverStore\FileRepository\iigd_dch.inf_amd64_70ed43462b376a8e\igc64.dll
0x00007fffeecf0000 - 0x00007fffeed1d000 	C:\Users\votan\.openjfx\cache\20.0.2+3\amd64\javafx_iio.dll
0x00007fffeecd0000 - 0x00007fffeece4000 	C:\Users\votan\.openjfx\cache\20.0.2+3\amd64\javafx_font.dll
0x00007ff807fa0000 - 0x00007ff808207000 	C:\Windows\SYSTEM32\dwrite.dll
0x00007ff80bc60000 - 0x00007ff80bc7b000 	C:\Windows\SYSTEM32\CRYPTSP.dll
0x00007ff80b440000 - 0x00007ff80b475000 	C:\Windows\system32\rsaenh.dll
0x00007ff80b9e0000 - 0x00007ff80ba0c000 	C:\Windows\SYSTEM32\USERENV.dll
0x00007ff80be70000 - 0x00007ff80be98000 	C:\Windows\SYSTEM32\bcrypt.dll
0x00007ff80bc40000 - 0x00007ff80bc4c000 	C:\Windows\SYSTEM32\CRYPTBASE.dll
0x00007ff80af50000 - 0x00007ff80af7d000 	C:\Windows\SYSTEM32\IPHLPAPI.DLL
0x00007ff80d6b0000 - 0x00007ff80d6b9000 	C:\Windows\System32\NSI.dll
0x00007ff804cc0000 - 0x00007ff804cd9000 	C:\Windows\SYSTEM32\dhcpcsvc6.DLL
0x00007ff804aa0000 - 0x00007ff804abf000 	C:\Windows\SYSTEM32\dhcpcsvc.DLL
0x00007ff80afc0000 - 0x00007ff80b0b2000 	C:\Windows\SYSTEM32\DNSAPI.dll
0x00007ff80e580000 - 0x00007ff80e630000 	C:\Windows\System32\clbcatq.dll
0x00007ff807df0000 - 0x00007ff807fa0000 	C:\Windows\SYSTEM32\WindowsCodecs.dll
0x00007fffc51a0000 - 0x00007fffc51fe000 	C:\Windows\system32\dataexchange.dll
0x00007ff8032f0000 - 0x00007ff803572000 	C:\Windows\system32\twinapi.appcore.dll
0x00007fff9ff40000 - 0x00007fff9ff72000 	C:\Program Files\Common Files\Microsoft Shared\Ink\rtscom.dll

dbghelp: loaded successfully - version: 4.0.5 - missing functions: none
symbol engine: initialized successfully - sym options: 0x614 - pdb path: .;C:\Program Files\Java\jdk-20\bin;C:\Windows\SYSTEM32;C:\Windows\WinSxS\amd64_microsoft.windows.common-controls_6595b64144ccf1df_6.0.22621.2215_none_270d72677387dfc3;C:\Program Files\Java\jdk-20\bin\server;C:\Users\votan\.openjfx\cache\20.0.2+3\amd64;C:\Windows\System32\DriverStore\FileRepository\iigd_dch.inf_amd64_70ed43462b376a8e;C:\Program Files\Common Files\Microsoft Shared\Ink

VM Arguments:
jvm_args: --module-path=C:\Users\votan\OneDrive\Máy tính\Student_Management\Student_Management_Teacher\target\classes;C:\Users\votan\.m2\repository\io\github\palexdev\materialfx\11.16.1\materialfx-11.16.1.jar;C:\Users\votan\.m2\repository\io\github\palexdev\mfxcore\11.3.0\mfxcore-11.3.0.jar;C:\Users\votan\.m2\repository\io\github\palexdev\mfxeffects\11.0.5\mfxeffects-11.0.5.jar;C:\Users\votan\.m2\repository\io\github\palexdev\mfxlocalization\11.1.0\mfxlocalization-11.1.0.jar;C:\Users\votan\.m2\repository\io\github\palexdev\mfxresources\11.3.2\mfxresources-11.3.2.jar;C:\Users\votan\.m2\repository\io\github\palexdev\virtualizedfx\11.9.1\virtualizedfx-11.9.1.jar;C:\Users\votan\.m2\repository\org\openjfx\javafx-base\20.0.2\javafx-base-20.0.2-win.jar;C:\Users\votan\.m2\repository\org\openjfx\javafx-controls\20.0.2\javafx-controls-20.0.2-win.jar;C:\Users\votan\.m2\repository\org\openjfx\javafx-fxml\20.0.2\javafx-fxml-20.0.2-win.jar;C:\Users\votan\.m2\repository\org\openjfx\javafx-graphics\20.0.2\javafx-graphics-20.0.2-win.jar --add-modules=com.team_fortune.student_management_teacher -Djdk.module.main=com.team_fortune.student_management_teacher 
java_command: com.team_fortune.student_management_teacher/com.team_fortune.student_management_teacher.App
java_class_path (initial): C:\Users\votan\OneDrive\Máy tính\Student_Management\Student_Management_Teacher\target\classes;C:\Users\votan\.m2\repository\com\google\protobuf\protobuf-java\3.21.9\protobuf-java-3.21.9.jar;C:\Users\votan\.m2\repository\com\mysql\mysql-connector-j\8.1.0\mysql-connector-j-8.1.0.jar;C:\Users\votan\.m2\repository\org\openjfx\javafx-base\20.0.2\javafx-base-20.0.2.jar;C:\Users\votan\.m2\repository\org\openjfx\javafx-controls\20.0.2\javafx-controls-20.0.2.jar;C:\Users\votan\.m2\repository\org\openjfx\javafx-fxml\20.0.2\javafx-fxml-20.0.2.jar;C:\Users\votan\.m2\repository\org\openjfx\javafx-graphics\20.0.2\javafx-graphics-20.0.2.jar
Launcher Type: SUN_STANDARD

[Global flags]
     intx CICompilerCount                          = 4                                         {product} {ergonomic}
     uint ConcGCThreads                            = 3                                         {product} {ergonomic}
     uint G1ConcRefinementThreads                  = 10                                        {product} {ergonomic}
   size_t G1HeapRegionSize                         = 2097152                                   {product} {ergonomic}
    uintx GCDrainStackTargetSize                   = 64                                        {product} {ergonomic}
   size_t InitialHeapSize                          = 264241152                                 {product} {ergonomic}
   size_t MarkStackSize                            = 4194304                                   {product} {ergonomic}
   size_t MaxHeapSize                              = 4217372672                                {product} {ergonomic}
   size_t MaxNewSize                               = 2529165312                                {product} {ergonomic}
   size_t MinHeapDeltaBytes                        = 2097152                                   {product} {ergonomic}
   size_t MinHeapSize                              = 8388608                                   {product} {ergonomic}
    uintx NonNMethodCodeHeapSize                   = 5839372                                {pd product} {ergonomic}
    uintx NonProfiledCodeHeapSize                  = 122909434                              {pd product} {ergonomic}
     bool PerfDisableSharedMem                     = true                                      {product} {ergonomic}
    uintx ProfiledCodeHeapSize                     = 122909434                              {pd product} {ergonomic}
    uintx ReservedCodeCacheSize                    = 251658240                              {pd product} {ergonomic}
     bool SegmentedCodeCache                       = true                                      {product} {ergonomic}
   size_t SoftMaxHeapSize                          = 4217372672                             {manageable} {ergonomic}
     bool UseCompressedClassPointers               = true                           {product lp64_product} {ergonomic}
     bool UseCompressedOops                        = true                           {product lp64_product} {ergonomic}
     bool UseG1GC                                  = true                                      {product} {ergonomic}
     bool UseLargePagesIndividualAllocation        = false                                  {pd product} {ergonomic}

Logging:
Log output configuration:
 #0: stdout all=warning uptime,level,tags foldmultilines=false
 #1: stderr all=off uptime,level,tags foldmultilines=false

Environment Variables:
JAVA_HOME=C:\Program Files\Java\jdk-20
PATH=C:\Program Files (x86)\VMware\VMware Workstation\bin\;C:\app\votan\product\21c\dbhomeXE\bin;C:\Program Files\Common Files\Oracle\Java\javapath;C:\Program Files (x86)\Common Files\Oracle\Java\javapath;C:\Program Files\Microsoft MPI\Bin\;C:\Python311\Scripts\;C:\Python311\;C:\Windows\system32;C:\Windows;C:\Windows\System32\Wbem;C:\Windows\System32\WindowsPowerShell\v1.0\;C:\Windows\System32\OpenSSH\;C:\Program Files (x86)\NVIDIA Corporation\PhysX\Common;C:\Program Files\NVIDIA Corporation\NVIDIA NvDLISR;C:\ProgramData\chocolatey\bin;C:\xampp\php;C:\composer;C:\Program Files (x86)\Microsoft SQL Server\160\Tools\Binn\;C:\Program Files\Microsoft SQL Server\160\Tools\Binn\;C:\Program Files\Microsoft SQL Server\Client SDK\ODBC\170\Tools\Binn\;C:\Program Files\Microsoft SQL Server\160\DTS\Binn\;C:\Program Files (x86)\Microsoft SQL Server\160\DTS\Binn\;C:\Program Files\Git\cmd;C:\Program Files\nodejs\;C:\Program Files\dotnet\;C:\Users\votan\anaconda3;C:\Users\votan\anaconda3\Library\mingw-w64\bin;C:\Users\votan\anaconda3\Library\usr\bin;C:\Users\votan\anaconda3\Library\bin;C:\Users\votan\anaconda3\Scripts;C:\Program Files\MySQL\MySQL Shell 8.0\bin\;C:\Users\votan\AppData\Local\Microsoft\WindowsApps;C:\Users\votan\AppData\Roaming\Composer\vendor\bin;C:\Users\votan\AppData\Local\Programs\Microsoft VS Code\bin;C:\Program Files\JetBrains\PhpStorm 2023.2.1\bin;C:\Program Files\JetBrains\DataGrip 2023.2.1\bin;C:\Program Files\JetBrains\CLion 2023.2.1\bin;C:\Program Files\JetBrains\IntelliJ IDEA 2023.2.1\bin;C:\Program Files\JetBrains\PyCharm 2023.2.1\bin;C:\Program Files\JetBrains\GoLand 2023.2.1\bin;C:\Program Files\JetBrains\JetBrains Rider 2023.2.1\bin;C:\Program Files\JetBrains\Aqua 232.9921.1\bin;C:\Program Files\JetBrains\WebStorm 2023.2.1\bin;C:\Users\votan\AppData\Local\GitHubDesktop\bin;C:\Users\votan\AppData\Roaming\npm
USERNAME=votan
OS=Windows_NT
PROCESSOR_IDENTIFIER=Intel64 Family 6 Model 141 Stepping 1, GenuineIntel
TMP=C:\Users\votan\AppData\Local\Temp
TEMP=C:\Users\votan\AppData\Local\Temp




---------------  S Y S T E M  ---------------

OS:
 Windows 11 , 64 bit Build 22621 (10.0.22621.2215)
OS uptime: 0 days 1:51 hours
Hyper-V role detected

CPU: total 12 (initial active 12) (6 cores per cpu, 2 threads per core) family 6 model 141 stepping 1 microcode 0x34, cx8, cmov, fxsr, ht, mmx, 3dnowpref, sse, sse2, sse3, ssse3, sse4.1, sse4.2, popcnt, lzcnt, tsc, tscinvbit, avx, avx2, aes, erms, clmul, bmi1, bmi2, adx, avx512f, avx512dq, avx512cd, avx512bw, avx512vl, sha, fma, vzeroupper, avx512_vpopcntdq, avx512_vpclmulqdq, avx512_vaes, avx512_vnni, clflush, clflushopt, clwb, avx512_vbmi2, avx512_vbmi, hv, rdtscp, rdpid, fsrm, gfni, avx512_bitalg, f16c, cet_ibt, cet_ss, avx512_ifma

Memory: 4k page, system-wide physical 16086M (3951M free)
TotalPageFile size 65238M (AvailPageFile size 4M)
current process WorkingSet (physical memory assigned to process): 175M, peak: 175M
current process commit charge ("private bytes"): 426M, peak: 429M

vm_info: Java HotSpot(TM) 64-Bit Server VM (20.0.2+9-78) for windows-amd64 JRE (20.0.2+9-78), built on 2023-06-14T10:08:48Z by "mach5one" with MS VC++ 17.1 (VS2022)

END.
