#
# There is insufficient memory for the Java Runtime Environment to continue.
# Native memory allocation (malloc) failed to allocate 32744 bytes for Chunk::new
# Possible reasons:
#   The system is out of physical RAM or swap space
#   The process is running with CompressedOops enabled, and the Java Heap may be blocking the growth of the native heap
# Possible solutions:
#   Reduce memory load on the system
#   Increase physical memory or swap space
#   Check if swap backing store is full
#   Decrease Java heap size (-Xmx/-Xms)
#   Decrease number of Java threads
#   Decrease Java thread stack sizes (-Xss)
#   Set larger code cache with -XX:ReservedCodeCacheSize=
#   JVM is running with Zero Based Compressed Oops mode in which the Java heap is
#     placed in the first 32GB address space. The Java Heap base address is the
#     maximum limit for the native heap growth. Please use -XX:HeapBaseMinAddress
#     to set the Java Heap base and to place the Java Heap above 32GB virtual address.
# This output file may be truncated or incomplete.
#
#  Out of Memory Error (arena.cpp:184), pid=2656, tid=6544
#
# JRE version: Java(TM) SE Runtime Environment (20.0.2+9) (build 20.0.2+9-78)
# Java VM: Java HotSpot(TM) 64-Bit Server VM (20.0.2+9-78, mixed mode, sharing, tiered, compressed oops, compressed class ptrs, g1 gc, windows-amd64)
# No core dump will be written. Minidumps are not enabled by default on client versions of Windows
#

---------------  S U M M A R Y ------------

Command Line: --module-path=C:\Users\votan\OneDrive\Máy tính\Student_Management\Student_Management_Teacher\target\classes;C:\Users\votan\.m2\repository\io\github\palexdev\materialfx\11.16.1\materialfx-11.16.1.jar;C:\Users\votan\.m2\repository\io\github\palexdev\mfxcore\11.3.0\mfxcore-11.3.0.jar;C:\Users\votan\.m2\repository\io\github\palexdev\mfxeffects\11.0.5\mfxeffects-11.0.5.jar;C:\Users\votan\.m2\repository\io\github\palexdev\mfxlocalization\11.1.0\mfxlocalization-11.1.0.jar;C:\Users\votan\.m2\repository\io\github\palexdev\mfxresources\11.3.2\mfxresources-11.3.2.jar;C:\Users\votan\.m2\repository\io\github\palexdev\virtualizedfx\11.9.1\virtualizedfx-11.9.1.jar;C:\Users\votan\.m2\repository\org\openjfx\javafx-base\20.0.2\javafx-base-20.0.2-win.jar;C:\Users\votan\.m2\repository\org\openjfx\javafx-controls\20.0.2\javafx-controls-20.0.2-win.jar;C:\Users\votan\.m2\repository\org\openjfx\javafx-fxml\20.0.2\javafx-fxml-20.0.2-win.jar;C:\Users\votan\.m2\repository\org\openjfx\javafx-graphics\20.0.2\javafx-graphics-20.0.2-win.jar --add-modules=com.team_fortune.student_management_teacher -Djdk.module.main=com.team_fortune.student_management_teacher com.team_fortune.student_management_teacher/com.team_fortune.student_management_teacher.App

Host: 11th Gen Intel(R) Core(TM) i5-11400H @ 2.70GHz, 12 cores, 15G,  Windows 11 , 64 bit Build 22621 (10.0.22621.2215)
Time: Sat Sep 16 14:36:27 2023 SE Asia Standard Time elapsed time: 527.912639 seconds (0d 0h 8m 47s)

---------------  T H R E A D  ---------------

Current thread (0x0000024e1730f6d0):  JavaThread "C2 CompilerThread0" daemon [_thread_in_native, id=6544, stack(0x000000ae3a400000,0x000000ae3a500000)]


Current CompileTask:
C2: 527912 6428       4       com.sun.javafx.sg.prism.NGRegion::renderAsShape (471 bytes)

Stack: [0x000000ae3a400000,0x000000ae3a500000]
Native frames: (J=compiled Java code, j=interpreted, Vv=VM code, C=native code)
V  [jvm.dll+0x6bc25a]
V  [jvm.dll+0x84971a]
V  [jvm.dll+0x84b315]
V  [jvm.dll+0x84ba13]
V  [jvm.dll+0x280e4f]
V  [jvm.dll+0xc2ab1]
V  [jvm.dll+0xc2dd5]
V  [jvm.dll+0x5e3ac5]
V  [jvm.dll+0x254684]
V  [jvm.dll+0x24cb12]
V  [jvm.dll+0x24a819]
V  [jvm.dll+0x1ce761]
V  [jvm.dll+0x25a0eb]
V  [jvm.dll+0x2587c0]
V  [jvm.dll+0x3f2dd5]
V  [jvm.dll+0x7f5c76]
V  [jvm.dll+0x6baecb]
C  [ucrtbase.dll+0x29363]
C  [KERNEL32.DLL+0x1257d]
C  [ntdll.dll+0x5aa68]


---------------  P R O C E S S  ---------------

Threads class SMR info:
_java_thread_list=0x0000024e5c943950, length=19, elements={
0x0000024e779cfc10, 0x0000024e172fffa0, 0x0000024e17300da0, 0x0000024e17303f00,
0x0000024e1730bd50, 0x0000024e1730c780, 0x0000024e1730b250, 0x0000024e1730f6d0,
0x0000024e17310140, 0x0000024e5c5e5e10, 0x0000024e5cfd1d00, 0x0000024e5d3c8000,
0x0000024e5d4cc370, 0x0000024e5cdd33b0, 0x0000024e5d530210, 0x0000024e5d76ded0,
0x0000024e5dacd4b0, 0x0000024e5dd2be10, 0x0000024e5dd2f330
}

Java Threads: ( => current thread )
  0x0000024e779cfc10 JavaThread "main" [_thread_blocked, id=10640, stack(0x000000ae39700000,0x000000ae39800000)]
  0x0000024e172fffa0 JavaThread "Reference Handler" daemon [_thread_blocked, id=24132, stack(0x000000ae39e00000,0x000000ae39f00000)]
  0x0000024e17300da0 JavaThread "Finalizer" daemon [_thread_blocked, id=13044, stack(0x000000ae39f00000,0x000000ae3a000000)]
  0x0000024e17303f00 JavaThread "Signal Dispatcher" daemon [_thread_blocked, id=25900, stack(0x000000ae3a000000,0x000000ae3a100000)]
  0x0000024e1730bd50 JavaThread "Attach Listener" daemon [_thread_blocked, id=3992, stack(0x000000ae3a100000,0x000000ae3a200000)]
  0x0000024e1730c780 JavaThread "Service Thread" daemon [_thread_blocked, id=22076, stack(0x000000ae3a200000,0x000000ae3a300000)]
  0x0000024e1730b250 JavaThread "Monitor Deflation Thread" daemon [_thread_blocked, id=26172, stack(0x000000ae3a300000,0x000000ae3a400000)]
=>0x0000024e1730f6d0 JavaThread "C2 CompilerThread0" daemon [_thread_in_native, id=6544, stack(0x000000ae3a400000,0x000000ae3a500000)]
  0x0000024e17310140 JavaThread "C1 CompilerThread0" daemon [_thread_blocked, id=14512, stack(0x000000ae3a500000,0x000000ae3a600000)]
  0x0000024e5c5e5e10 JavaThread "Common-Cleaner" daemon [_thread_blocked, id=9644, stack(0x000000ae3a600000,0x000000ae3a700000)]
  0x0000024e5cfd1d00 JavaThread "Notification Thread" daemon [_thread_blocked, id=16672, stack(0x000000ae3a900000,0x000000ae3aa00000)]
  0x0000024e5d3c8000 JavaThread "QuantumRenderer-0" daemon [_thread_blocked, id=11784, stack(0x000000ae3ab00000,0x000000ae3ac00000)]
  0x0000024e5d4cc370 JavaThread "InvokeLaterDispatcher" daemon [_thread_blocked, id=23132, stack(0x000000ae3ac00000,0x000000ae3ad00000)]
  0x0000024e5cdd33b0 JavaThread "JavaFX Application Thread" [_thread_in_native, id=11300, stack(0x000000ae3ad00000,0x000000ae3ae00000)]
  0x0000024e5d530210 JavaThread "Thread-1" daemon [_thread_in_native, id=9532, stack(0x000000ae3b100000,0x000000ae3b200000)]
  0x0000024e5d76ded0 JavaThread "JavaFX-Launcher" [_thread_blocked, id=24464, stack(0x000000ae3b700000,0x000000ae3b800000)]
  0x0000024e5dacd4b0 JavaThread "Prism Font Disposer" daemon [_thread_blocked, id=24108, stack(0x000000ae3b800000,0x000000ae3b900000)]
  0x0000024e5dd2be10 JavaThread "Cleaner-0" daemon [_thread_blocked, id=14012, stack(0x000000ae3c100000,0x000000ae3c200000)]
  0x0000024e5dd2f330 JavaThread "mysql-cj-abandoned-connection-cleanup" daemon [_thread_blocked, id=10724, stack(0x000000ae3a700000,0x000000ae3a800000)]

Other Threads:
  0x0000024e172e2890 VMThread "VM Thread" [stack: 0x000000ae39d00000,0x000000ae39e00000] [id=8436]
  0x0000024e5cd37260 WatcherThread "VM Periodic Task Thread" [stack: 0x000000ae3aa00000,0x000000ae3ab00000] [id=10824]
  0x0000024e77a41c50 WorkerThread "GC Thread#0" [stack: 0x000000ae39800000,0x000000ae39900000] [id=8692]
  0x0000024e5cdcc0f0 WorkerThread "GC Thread#1" [stack: 0x000000ae3b200000,0x000000ae3b300000] [id=26940]
  0x0000024e5cdcc3c0 WorkerThread "GC Thread#2" [stack: 0x000000ae3b300000,0x000000ae3b400000] [id=25876]
  0x0000024e5cdcc690 WorkerThread "GC Thread#3" [stack: 0x000000ae3b400000,0x000000ae3b500000] [id=13832]
  0x0000024e5cdccc30 WorkerThread "GC Thread#4" [stack: 0x000000ae3b500000,0x000000ae3b600000] [id=3580]
  0x0000024e5cdcda40 WorkerThread "GC Thread#5" [stack: 0x000000ae3b600000,0x000000ae3b700000] [id=3416]
  0x0000024e5cdcc960 WorkerThread "GC Thread#6" [stack: 0x000000ae3bb00000,0x000000ae3bc00000] [id=16872]
  0x0000024e5cdcd770 WorkerThread "GC Thread#7" [stack: 0x000000ae3bc00000,0x000000ae3bd00000] [id=21384]
  0x0000024e5ddec5a0 WorkerThread "GC Thread#8" [stack: 0x000000ae3bd00000,0x000000ae3be00000] [id=18396]
  0x0000024e5dded3b0 WorkerThread "GC Thread#9" [stack: 0x000000ae3be00000,0x000000ae3bf00000] [id=24376]
  0x0000024e77a53860 ConcurrentGCThread "G1 Main Marker" [stack: 0x000000ae39900000,0x000000ae39a00000] [id=12936]
  0x0000024e77a54290 WorkerThread "G1 Conc#0" [stack: 0x000000ae39a00000,0x000000ae39b00000] [id=1756]
  0x0000024e5ddec000 WorkerThread "G1 Conc#1" [stack: 0x000000ae3c300000,0x000000ae3c400000] [id=13944]
  0x0000024e5dded950 WorkerThread "G1 Conc#2" [stack: 0x000000ae3c400000,0x000000ae3c500000] [id=21420]
  0x0000024e77a8e6e0 ConcurrentGCThread "G1 Refine#0" [stack: 0x000000ae39b00000,0x000000ae39c00000] [id=2052]
  0x0000024e171a4050 ConcurrentGCThread "G1 Service" [stack: 0x000000ae39c00000,0x000000ae39d00000] [id=25508]

Threads with active compile tasks:
C2 CompilerThread0   527959 6428       4       com.sun.javafx.sg.prism.NGRegion::renderAsShape (471 bytes)

VM state: not at safepoint (normal execution)

VM Mutex/Monitor currently owned by a thread: None

Heap address: 0x0000000704a00000, size: 4022 MB, Compressed Oops mode: Zero based, Oop shift amount: 3

CDS archive(s) mapped at: [0x0000024e17400000-0x0000024e18060000-0x0000024e18060000), size 12976128, SharedBaseAddress: 0x0000024e17400000, ArchiveRelocationMode: 1.
Compressed class space mapped at: 0x0000024e18400000-0x0000024e58400000, reserved size: 1073741824
Narrow klass base: 0x0000024e17400000, Narrow klass shift: 0, Narrow klass range: 0x100000000

GC Precious Log:
 CardTable entry size: 512
 Card Set container configuration: InlinePtr #cards 4 size 8 Array Of Cards #cards 16 size 48 Howl #buckets 8 coarsen threshold 3686 Howl Bitmap #cards 512 size 80 coarsen threshold 460 Card regions per heap region 1 cards per card region 4096
 CPUs: 12 total, 12 available
 Memory: 16086M
 Large Page Support: Disabled
 NUMA Support: Disabled
 Compressed Oops: Enabled (Zero based)
 Heap Region Size: 2M
 Heap Min Capacity: 8M
 Heap Initial Capacity: 252M
 Heap Max Capacity: 4022M
 Pre-touch: Disabled
 Parallel Workers: 10
 Concurrent Workers: 3
 Concurrent Refinement Workers: 10
 Periodic GC: Disabled

Heap:
 garbage-first heap   total 69632K, used 32492K [0x0000000704a00000, 0x0000000800000000)
  region size 2048K, 8 young (16384K), 2 survivors (4096K)
 Metaspace       used 31907K, committed 32320K, reserved 1114112K
  class space    used 4516K, committed 4672K, reserved 1048576K

Heap Regions: E=young(eden), S=young(survivor), O=old, HS=humongous(starts), HC=humongous(continues), CS=collection set, F=free, OA=open archive, CA=closed archive, TAMS=top-at-mark-start, PB=parsable bottom
|   0|0x0000000704a00000, 0x0000000704c00000, 0x0000000704c00000|100%|HS|  |TAMS 0x0000000704a00000| PB 0x0000000704a00000| Complete 
|   1|0x0000000704c00000, 0x0000000704df0a00, 0x0000000704e00000| 96%| O|  |TAMS 0x0000000704c00000| PB 0x0000000704c00000| Untracked 
|   2|0x0000000704e00000, 0x0000000705000000, 0x0000000705000000|100%|HS|  |TAMS 0x0000000704e00000| PB 0x0000000704e00000| Complete 
|   3|0x0000000705000000, 0x0000000705200000, 0x0000000705200000|100%| O|  |TAMS 0x0000000705000000| PB 0x0000000705000000| Untracked 
|   4|0x0000000705200000, 0x0000000705400000, 0x0000000705400000|100%| O|  |TAMS 0x0000000705200000| PB 0x0000000705200000| Untracked 
|   5|0x0000000705400000, 0x0000000705600000, 0x0000000705600000|100%| O|  |TAMS 0x0000000705400000| PB 0x0000000705400000| Untracked 
|   6|0x0000000705600000, 0x0000000705800000, 0x0000000705800000|100%| O|  |TAMS 0x0000000705600000| PB 0x0000000705600000| Untracked 
|   7|0x0000000705800000, 0x0000000705a00000, 0x0000000705a00000|100%| O|  |TAMS 0x0000000705800000| PB 0x0000000705800000| Untracked 
|   8|0x0000000705a00000, 0x0000000705c00000, 0x0000000705c00000|100%| O|  |TAMS 0x0000000705a00000| PB 0x0000000705a00000| Untracked 
|   9|0x0000000705c00000, 0x0000000705d28a00, 0x0000000705e00000| 57%| O|  |TAMS 0x0000000705c00000| PB 0x0000000705c00000| Untracked 
|  10|0x0000000705e00000, 0x0000000705e00000, 0x0000000706000000|  0%| F|  |TAMS 0x0000000705e00000| PB 0x0000000705e00000| Untracked 
|  11|0x0000000706000000, 0x0000000706000000, 0x0000000706200000|  0%| F|  |TAMS 0x0000000706000000| PB 0x0000000706000000| Untracked 
|  12|0x0000000706200000, 0x0000000706200000, 0x0000000706400000|  0%| F|  |TAMS 0x0000000706200000| PB 0x0000000706200000| Untracked 
|  13|0x0000000706400000, 0x0000000706400000, 0x0000000706600000|  0%| F|  |TAMS 0x0000000706400000| PB 0x0000000706400000| Untracked 
|  14|0x0000000706600000, 0x0000000706600000, 0x0000000706800000|  0%| F|  |TAMS 0x0000000706600000| PB 0x0000000706600000| Untracked 
|  15|0x0000000706800000, 0x00000007068a1cd0, 0x0000000706a00000| 31%| S|CS|TAMS 0x0000000706800000| PB 0x0000000706800000| Complete 
|  16|0x0000000706a00000, 0x0000000706a00000, 0x0000000706c00000|  0%| F|  |TAMS 0x0000000706a00000| PB 0x0000000706a00000| Untracked 
|  17|0x0000000706c00000, 0x0000000706c00000, 0x0000000706e00000|  0%| F|  |TAMS 0x0000000706c00000| PB 0x0000000706c00000| Untracked 
|  18|0x0000000706e00000, 0x0000000707000000, 0x0000000707000000|100%| S|CS|TAMS 0x0000000706e00000| PB 0x0000000706e00000| Complete 
|  19|0x0000000707000000, 0x0000000707000000, 0x0000000707200000|  0%| F|  |TAMS 0x0000000707000000| PB 0x0000000707000000| Untracked 
|  20|0x0000000707200000, 0x0000000707200000, 0x0000000707400000|  0%| F|  |TAMS 0x0000000707200000| PB 0x0000000707200000| Untracked 
|  21|0x0000000707400000, 0x0000000707400000, 0x0000000707600000|  0%| F|  |TAMS 0x0000000707400000| PB 0x0000000707400000| Untracked 
|  22|0x0000000707600000, 0x0000000707600000, 0x0000000707800000|  0%| F|  |TAMS 0x0000000707600000| PB 0x0000000707600000| Untracked 
|  23|0x0000000707800000, 0x0000000707800000, 0x0000000707a00000|  0%| F|  |TAMS 0x0000000707800000| PB 0x0000000707800000| Untracked 
|  24|0x0000000707a00000, 0x0000000707a00000, 0x0000000707c00000|  0%| F|  |TAMS 0x0000000707a00000| PB 0x0000000707a00000| Untracked 
|  25|0x0000000707c00000, 0x0000000707c00000, 0x0000000707e00000|  0%| F|  |TAMS 0x0000000707c00000| PB 0x0000000707c00000| Untracked 
|  26|0x0000000707e00000, 0x0000000707e00000, 0x0000000708000000|  0%| F|  |TAMS 0x0000000707e00000| PB 0x0000000707e00000| Untracked 
| 109|0x0000000712400000, 0x0000000712400000, 0x0000000712600000|  0%| F|  |TAMS 0x0000000712400000| PB 0x0000000712400000| Untracked 
| 110|0x0000000712600000, 0x0000000712781df0, 0x0000000712800000| 75%| E|  |TAMS 0x0000000712600000| PB 0x0000000712600000| Complete 
| 111|0x0000000712800000, 0x0000000712a00000, 0x0000000712a00000|100%| E|CS|TAMS 0x0000000712800000| PB 0x0000000712800000| Complete 
| 112|0x0000000712a00000, 0x0000000712c00000, 0x0000000712c00000|100%| E|CS|TAMS 0x0000000712a00000| PB 0x0000000712a00000| Complete 
| 113|0x0000000712c00000, 0x0000000712e00000, 0x0000000712e00000|100%| E|CS|TAMS 0x0000000712c00000| PB 0x0000000712c00000| Complete 
| 124|0x0000000714200000, 0x0000000714400000, 0x0000000714400000|100%| E|CS|TAMS 0x0000000714200000| PB 0x0000000714200000| Complete 
| 125|0x0000000714400000, 0x0000000714600000, 0x0000000714600000|100%| E|CS|TAMS 0x0000000714400000| PB 0x0000000714400000| Complete 

Card table byte_map: [0x0000024e0f7e0000,0x0000024e0ffc0000] _byte_map_base: 0x0000024e0bfbb000

Marking Bits: (CMBitMap*) 0x0000024e77a42280
 Bits: [0x0000024e107a0000, 0x0000024e14678000)

Polling page: 0x0000024e75930000

Metaspace:

Usage:
  Non-class:     26.75 MB used.
      Class:      4.41 MB used.
       Both:     31.16 MB used.

Virtual space:
  Non-class space:       64.00 MB reserved,      27.00 MB ( 42%) committed,  1 nodes.
      Class space:        1.00 GB reserved,       4.56 MB ( <1%) committed,  1 nodes.
             Both:        1.06 GB reserved,      31.56 MB (  3%) committed. 

Chunk freelists:
   Non-Class:  752.00 KB
       Class:  3.33 MB
        Both:  4.06 MB

MaxMetaspaceSize: unlimited
CompressedClassSpaceSize: 1.00 GB
Initial GC threshold: 21.00 MB
Current GC threshold: 35.12 MB
CDS: on
MetaspaceReclaimPolicy: balanced
 - commit_granule_bytes: 65536.
 - commit_granule_words: 8192.
 - virtual_space_node_default_size: 8388608.
 - enlarge_chunks_in_place: 1.
 - new_chunks_are_fully_committed: 0.
 - uncommit_free_chunks: 1.
 - use_allocation_guard: 0.


Internal statistics:

num_allocs_failed_limit: 3.
num_arena_births: 432.
num_arena_deaths: 0.
num_vsnodes_births: 2.
num_vsnodes_deaths: 0.
num_space_committed: 504.
num_space_uncommitted: 0.
num_chunks_returned_to_freelist: 3.
num_chunks_taken_from_freelist: 1408.
num_chunk_merges: 3.
num_chunk_splits: 978.
num_chunks_enlarged: 724.
num_inconsistent_stats: 0.

CodeHeap 'non-profiled nmethods': size=120000Kb used=3712Kb max_used=3712Kb free=116287Kb
 bounds [0x0000024e07ad0000, 0x0000024e07e80000, 0x0000024e0f000000]
CodeHeap 'profiled nmethods': size=120000Kb used=13940Kb max_used=13940Kb free=106059Kb
 bounds [0x0000024e00000000, 0x0000024e00da0000, 0x0000024e07530000]
CodeHeap 'non-nmethods': size=5760Kb used=2228Kb max_used=2278Kb free=3531Kb
 bounds [0x0000024e07530000, 0x0000024e077a0000, 0x0000024e07ad0000]
 total_blobs=7359 nmethods=6426 adapters=840
 compilation: enabled
              stopped_count=0, restarted_count=0
 full_count=0

Compilation events (20 events):
Event: 376.916 Thread 0x0000024e1730f6d0 nmethod 6418 0x0000024e07e66f90 code [0x0000024e07e67100, 0x0000024e07e67188]
Event: 378.402 Thread 0x0000024e1730f6d0 6419       4       java.util.Collections::unmodifiableList (51 bytes)
Event: 378.404 Thread 0x0000024e1730f6d0 nmethod 6419 0x0000024e07e67290 code [0x0000024e07e67420, 0x0000024e07e67700]
Event: 381.410 Thread 0x0000024e1730f6d0 6420       4       com.sun.javafx.sg.prism.NGImageView::doRender (24 bytes)
Event: 381.411 Thread 0x0000024e1730f6d0 nmethod 6420 0x0000024e07e67810 code [0x0000024e07e67980, 0x0000024e07e67a68]
Event: 393.919 Thread 0x0000024e1730f6d0 6421       4       com.sun.javafx.sg.prism.NGImageView::renderContent (248 bytes)
Event: 393.924 Thread 0x0000024e1730f6d0 nmethod 6421 0x0000024e07e67b90 code [0x0000024e07e67da0, 0x0000024e07e68568]
Event: 466.069 Thread 0x0000024e17310140 6422 % !   3       com.sun.glass.ui.InvokeLaterDispatcher::run @ 0 (153 bytes)
Event: 466.070 Thread 0x0000024e17310140 nmethod 6422% 0x0000024e00d99f90 code [0x0000024e00d9a240, 0x0000024e00d9b0d0]
Event: 474.003 Thread 0x0000024e17310140 6423   !   3       com.sun.glass.ui.InvokeLaterDispatcher::run (153 bytes)
Event: 474.004 Thread 0x0000024e17310140 nmethod 6423 0x0000024e00d9b910 code [0x0000024e00d9bba0, 0x0000024e00d9c9b0]
Event: 480.909 Thread 0x0000024e1730f6d0 6424       4       com.sun.scenario.effect.Blend::getRenderState (4 bytes)
Event: 480.910 Thread 0x0000024e1730f6d0 nmethod 6424 0x0000024e07e68e90 code [0x0000024e07e69000, 0x0000024e07e69090]
Event: 480.910 Thread 0x0000024e1730f6d0 6425       4       com.sun.scenario.effect.impl.state.RenderState$3::getInputTransform (2 bytes)
Event: 480.911 Thread 0x0000024e1730f6d0 nmethod 6425 0x0000024e07e69190 code [0x0000024e07e69300, 0x0000024e07e69388]
Event: 489.882 Thread 0x0000024e1730f6d0 6426   !   4       java.lang.Object::wait (50 bytes)
Event: 489.883 Thread 0x0000024e1730f6d0 nmethod 6426 0x0000024e07e69490 code [0x0000024e07e69620, 0x0000024e07e697a0]
Event: 512.907 Thread 0x0000024e1730f6d0 6427       4       com.sun.javafx.sg.prism.NGRegion::renderBorderRectangle (2679 bytes)
Event: 512.943 Thread 0x0000024e1730f6d0 nmethod 6427 0x0000024e07e69990 code [0x0000024e07e69d60, 0x0000024e07e6d5f0]
Event: 527.905 Thread 0x0000024e1730f6d0 6428       4       com.sun.javafx.sg.prism.NGRegion::renderAsShape (471 bytes)

GC Heap History (12 events):
Event: 0.782 GC heap before
{Heap before GC invocations=0 (full 0):
 garbage-first heap   total 258048K, used 20480K [0x0000000704a00000, 0x0000000800000000)
  region size 2048K, 11 young (22528K), 0 survivors (0K)
 Metaspace       used 4023K, committed 4288K, reserved 1114112K
  class space    used 436K, committed 576K, reserved 1048576K
}
Event: 0.784 GC heap after
{Heap after GC invocations=1 (full 0):
 garbage-first heap   total 258048K, used 2634K [0x0000000704a00000, 0x0000000800000000)
  region size 2048K, 2 young (4096K), 2 survivors (4096K)
 Metaspace       used 4023K, committed 4288K, reserved 1114112K
  class space    used 436K, committed 576K, reserved 1048576K
}
Event: 2.202 GC heap before
{Heap before GC invocations=1 (full 0):
 garbage-first heap   total 258048K, used 41546K [0x0000000704a00000, 0x0000000800000000)
  region size 2048K, 21 young (43008K), 2 survivors (4096K)
 Metaspace       used 14521K, committed 14912K, reserved 1114112K
  class space    used 2218K, committed 2368K, reserved 1048576K
}
Event: 2.209 GC heap after
{Heap after GC invocations=2 (full 0):
 garbage-first heap   total 258048K, used 10178K [0x0000000704a00000, 0x0000000800000000)
  region size 2048K, 3 young (6144K), 3 survivors (6144K)
 Metaspace       used 14521K, committed 14912K, reserved 1114112K
  class space    used 2218K, committed 2368K, reserved 1048576K
}
Event: 14.834 GC heap before
{Heap before GC invocations=2 (full 0):
 garbage-first heap   total 258048K, used 34754K [0x0000000704a00000, 0x0000000800000000)
  region size 2048K, 15 young (30720K), 3 survivors (6144K)
 Metaspace       used 21154K, committed 21504K, reserved 1114112K
  class space    used 3017K, committed 3200K, reserved 1048576K
}
Event: 14.841 GC heap after
{Heap after GC invocations=3 (full 0):
 garbage-first heap   total 258048K, used 15132K [0x0000000704a00000, 0x0000000800000000)
  region size 2048K, 5 young (10240K), 5 survivors (10240K)
 Metaspace       used 21154K, committed 21504K, reserved 1114112K
  class space    used 3017K, committed 3200K, reserved 1048576K
}
Event: 19.309 GC heap before
{Heap before GC invocations=4 (full 0):
 garbage-first heap   total 69632K, used 45852K [0x0000000704a00000, 0x0000000800000000)
  region size 2048K, 20 young (40960K), 5 survivors (10240K)
 Metaspace       used 29819K, committed 30208K, reserved 1114112K
  class space    used 4208K, committed 4352K, reserved 1048576K
}
Event: 19.317 GC heap after
{Heap after GC invocations=5 (full 0):
 garbage-first heap   total 69632K, used 19978K [0x0000000704a00000, 0x0000000800000000)
  region size 2048K, 3 young (6144K), 3 survivors (6144K)
 Metaspace       used 29819K, committed 30208K, reserved 1114112K
  class space    used 4208K, committed 4352K, reserved 1048576K
}
Event: 153.906 GC heap before
{Heap before GC invocations=5 (full 0):
 garbage-first heap   total 69632K, used 52746K [0x0000000704a00000, 0x0000000800000000)
  region size 2048K, 19 young (38912K), 3 survivors (6144K)
 Metaspace       used 31895K, committed 32320K, reserved 1114112K
  class space    used 4516K, committed 4672K, reserved 1048576K
}
Event: 153.911 GC heap after
{Heap after GC invocations=6 (full 0):
 garbage-first heap   total 69632K, used 22397K [0x0000000704a00000, 0x0000000800000000)
  region size 2048K, 2 young (4096K), 2 survivors (4096K)
 Metaspace       used 31895K, committed 32320K, reserved 1114112K
  class space    used 4516K, committed 4672K, reserved 1048576K
}
Event: 426.665 GC heap before
{Heap before GC invocations=6 (full 0):
 garbage-first heap   total 69632K, used 53117K [0x0000000704a00000, 0x0000000800000000)
  region size 2048K, 17 young (34816K), 2 survivors (4096K)
 Metaspace       used 31905K, committed 32320K, reserved 1114112K
  class space    used 4516K, committed 4672K, reserved 1048576K
}
Event: 426.667 GC heap after
{Heap after GC invocations=7 (full 0):
 garbage-first heap   total 69632K, used 22252K [0x0000000704a00000, 0x0000000800000000)
  region size 2048K, 2 young (4096K), 2 survivors (4096K)
 Metaspace       used 31905K, committed 32320K, reserved 1114112K
  class space    used 4516K, committed 4672K, reserved 1048576K
}

Dll operation events (20 events):
Event: 0.551 Loaded shared library C:\Users\votan\.openjfx\cache\20.0.2+3\amd64\api-ms-win-crt-multibyte-l1-1-0.dll
Event: 0.555 Loaded shared library C:\Users\votan\.openjfx\cache\20.0.2+3\amd64\api-ms-win-crt-private-l1-1-0.dll
Event: 0.558 Loaded shared library C:\Users\votan\.openjfx\cache\20.0.2+3\amd64\api-ms-win-crt-process-l1-1-0.dll
Event: 0.562 Loaded shared library C:\Users\votan\.openjfx\cache\20.0.2+3\amd64\api-ms-win-crt-runtime-l1-1-0.dll
Event: 0.565 Loaded shared library C:\Users\votan\.openjfx\cache\20.0.2+3\amd64\api-ms-win-crt-stdio-l1-1-0.dll
Event: 0.569 Loaded shared library C:\Users\votan\.openjfx\cache\20.0.2+3\amd64\api-ms-win-crt-string-l1-1-0.dll
Event: 0.572 Loaded shared library C:\Users\votan\.openjfx\cache\20.0.2+3\amd64\api-ms-win-crt-time-l1-1-0.dll
Event: 0.576 Loaded shared library C:\Users\votan\.openjfx\cache\20.0.2+3\amd64\api-ms-win-crt-utility-l1-1-0.dll
Event: 0.590 Loaded shared library C:\Users\votan\.openjfx\cache\20.0.2+3\amd64\ucrtbase.dll
Event: 0.594 Loaded shared library C:\Users\votan\.openjfx\cache\20.0.2+3\amd64\vcruntime140.dll
Event: 0.597 Loaded shared library C:\Users\votan\.openjfx\cache\20.0.2+3\amd64\vcruntime140_1.dll
Event: 0.606 Loaded shared library C:\Users\votan\.openjfx\cache\20.0.2+3\amd64\msvcp140.dll
Event: 0.608 Loaded shared library C:\Users\votan\.openjfx\cache\20.0.2+3\amd64\msvcp140_1.dll
Event: 0.613 Loaded shared library C:\Users\votan\.openjfx\cache\20.0.2+3\amd64\msvcp140_2.dll
Event: 0.658 Loaded shared library C:\Users\votan\.openjfx\cache\20.0.2+3\amd64\prism_d3d.dll
Event: 0.714 Loaded shared library C:\Users\votan\.openjfx\cache\20.0.2+3\amd64\glass.dll
Event: 0.838 Loaded shared library C:\Program Files\Java\jdk-20\bin\jimage.dll
Event: 1.215 Loaded shared library C:\Users\votan\.openjfx\cache\20.0.2+3\amd64\javafx_iio.dll
Event: 1.294 Loaded shared library C:\Users\votan\.openjfx\cache\20.0.2+3\amd64\javafx_font.dll
Event: 14.858 Loaded shared library C:\Program Files\Java\jdk-20\bin\sunmscapi.dll

Deoptimization events (20 events):
Event: 105.414 Thread 0x0000024e5d3c8000 Uncommon trap: trap_request=0xffffffbe fr.pc=0x0000024e07e3b7fc relative=0x0000000000000ddc
Event: 105.414 Thread 0x0000024e5d3c8000 Uncommon trap: reason=profile_predicate action=maybe_recompile pc=0x0000024e07e3b7fc method=com.sun.prism.impl.ps.PaintHelper.setMultiGradient(Lcom/sun/prism/ps/Shader;Lcom/sun/prism/paint/Gradient;)V @ 24 c2
Event: 105.414 Thread 0x0000024e5d3c8000 DEOPT PACKING pc=0x0000024e07e3b7fc sp=0x000000ae3abfdb20
Event: 105.414 Thread 0x0000024e5d3c8000 DEOPT UNPACKING pc=0x0000024e0754d2a2 sp=0x000000ae3abfdae0 mode 2
Event: 153.912 Thread 0x0000024e5d3c8000 Uncommon trap: trap_request=0xfffffff4 fr.pc=0x0000024e07df5804 relative=0x0000000000000264
Event: 153.912 Thread 0x0000024e5d3c8000 Uncommon trap: reason=null_check action=make_not_entrant pc=0x0000024e07df5804 method=com.sun.prism.impl.BaseResourcePool$WeakLinkedList.getResource()Lcom/sun/prism/impl/ManagedResource; @ 7 c2
Event: 153.912 Thread 0x0000024e5d3c8000 DEOPT PACKING pc=0x0000024e07df5804 sp=0x000000ae3abfeae0
Event: 153.912 Thread 0x0000024e5d3c8000 DEOPT UNPACKING pc=0x0000024e0754d2a2 sp=0x000000ae3abfea30 mode 2
Event: 153.912 Thread 0x0000024e5d3c8000 Uncommon trap: trap_request=0xffffff45 fr.pc=0x0000024e07cda3a4 relative=0x00000000000000a4
Event: 153.912 Thread 0x0000024e5d3c8000 Uncommon trap: reason=unstable_if action=reinterpret pc=0x0000024e07cda3a4 method=com.sun.prism.impl.ManagedResource._isgone(Lcom/sun/prism/impl/ManagedResource;)Z @ 1 c2
Event: 153.912 Thread 0x0000024e5d3c8000 DEOPT PACKING pc=0x0000024e07cda3a4 sp=0x000000ae3abfea90
Event: 153.912 Thread 0x0000024e5d3c8000 DEOPT UNPACKING pc=0x0000024e0754d2a2 sp=0x000000ae3abfea30 mode 2
Event: 209.407 Thread 0x0000024e5d3c8000 Uncommon trap: trap_request=0xffffff45 fr.pc=0x0000024e07e506cc relative=0x000000000000012c
Event: 209.407 Thread 0x0000024e5d3c8000 Uncommon trap: reason=unstable_if action=reinterpret pc=0x0000024e07e506cc method=com.sun.prism.impl.ManagedResource.bumpAge(I)V @ 7 c2
Event: 209.407 Thread 0x0000024e5d3c8000 DEOPT PACKING pc=0x0000024e07e506cc sp=0x000000ae3abfeae0
Event: 209.407 Thread 0x0000024e5d3c8000 DEOPT UNPACKING pc=0x0000024e0754d2a2 sp=0x000000ae3abfea18 mode 2
Event: 209.407 Thread 0x0000024e5d3c8000 Uncommon trap: trap_request=0xffffff45 fr.pc=0x0000024e07e514f0 relative=0x0000000000000070
Event: 209.407 Thread 0x0000024e5d3c8000 Uncommon trap: reason=unstable_if action=reinterpret pc=0x0000024e07e514f0 method=com.sun.prism.impl.ManagedResource.bumpAge(I)V @ 7 c2
Event: 209.407 Thread 0x0000024e5d3c8000 DEOPT PACKING pc=0x0000024e07e514f0 sp=0x000000ae3abfea80
Event: 209.408 Thread 0x0000024e5d3c8000 DEOPT UNPACKING pc=0x0000024e0754d2a2 sp=0x000000ae3abfea10 mode 2

Classes loaded (20 events):
Event: 19.233 Loading class sun/reflect/generics/reflectiveObjects/WildcardTypeImpl
Event: 19.233 Loading class java/lang/reflect/WildcardType
Event: 19.233 Loading class java/lang/reflect/WildcardType done
Event: 19.233 Loading class sun/reflect/generics/reflectiveObjects/WildcardTypeImpl done
Event: 24.456 Loading class java/util/RegularEnumSet$EnumSetIterator
Event: 24.456 Loading class java/util/RegularEnumSet$EnumSetIterator done
Event: 24.476 Loading class java/lang/StringIndexOutOfBoundsException
Event: 24.476 Loading class java/lang/StringIndexOutOfBoundsException done
Event: 24.478 Loading class java/util/concurrent/atomic/AtomicReferenceFieldUpdater
Event: 24.478 Loading class java/util/concurrent/atomic/AtomicReferenceFieldUpdater done
Event: 24.478 Loading class java/util/concurrent/atomic/AtomicReferenceFieldUpdater$AtomicReferenceFieldUpdaterImpl
Event: 24.478 Loading class java/util/concurrent/atomic/AtomicReferenceFieldUpdater$AtomicReferenceFieldUpdaterImpl done
Event: 24.478 Loading class java/util/concurrent/atomic/AtomicReferenceFieldUpdater$AtomicReferenceFieldUpdaterImpl$1
Event: 24.478 Loading class java/util/concurrent/atomic/AtomicReferenceFieldUpdater$AtomicReferenceFieldUpdaterImpl$1 done
Event: 24.478 Loading class sun/reflect/misc/ReflectUtil
Event: 24.478 Loading class sun/reflect/misc/ReflectUtil done
Event: 24.478 Loading class java/lang/Throwable$WrappedPrintStream
Event: 24.478 Loading class java/lang/Throwable$PrintStreamOrWriter
Event: 24.478 Loading class java/lang/Throwable$PrintStreamOrWriter done
Event: 24.478 Loading class java/lang/Throwable$WrappedPrintStream done

Classes unloaded (0 events):
No events

Classes redefined (0 events):
No events

Internal exceptions (20 events):
Event: 14.697 Thread 0x0000024e5cdd33b0 Exception <a 'sun/nio/fs/WindowsException'{0x00000007137c6be0}> (0x00000007137c6be0) 
thrown [s\open\src\hotspot\share\prims\jni.cpp, line 519]
Event: 14.698 Thread 0x0000024e5cdd33b0 Exception <a 'sun/nio/fs/WindowsException'{0x00000007137c8d40}> (0x00000007137c8d40) 
thrown [s\open\src\hotspot\share\prims\jni.cpp, line 519]
Event: 14.702 Thread 0x0000024e5cdd33b0 Exception <a 'sun/nio/fs/WindowsException'{0x0000000713424688}> (0x0000000713424688) 
thrown [s\open\src\hotspot\share\prims\jni.cpp, line 519]
Event: 14.703 Thread 0x0000024e5cdd33b0 Exception <a 'sun/nio/fs/WindowsException'{0x0000000713426948}> (0x0000000713426948) 
thrown [s\open\src\hotspot\share\prims\jni.cpp, line 519]
Event: 14.706 Thread 0x0000024e5cdd33b0 Exception <a 'java/lang/NoSuchMethodError'{0x00000007134375e0}: 'java.lang.Object java.lang.invoke.DirectMethodHandle$Holder.invokeVirtual(java.lang.Object, java.lang.Object, java.lang.Object)'> (0x00000007134375e0) 
thrown [s\open\src\hotspot\share\interpreter\linkResolver.cpp, line 773]
Event: 14.755 Thread 0x0000024e5cdd33b0 Exception <a 'sun/nio/fs/WindowsException'{0x0000000713345f78}> (0x0000000713345f78) 
thrown [s\open\src\hotspot\share\prims\jni.cpp, line 519]
Event: 14.765 Thread 0x0000024e5cdd33b0 Exception <a 'java/lang/ClassNotFoundException'{0x000000071334e6c8}: jdk/net/ExtendedSocketOptions> (0x000000071334e6c8) 
thrown [s\open\src\hotspot\share\classfile\systemDictionary.cpp, line 305]
Event: 14.841 Thread 0x0000024e5cdd33b0 Exception <a 'sun/nio/fs/WindowsException'{0x0000000714400988}> (0x0000000714400988) 
thrown [s\open\src\hotspot\share\prims\jni.cpp, line 519]
Event: 14.885 Thread 0x0000024e5cdd33b0 Exception <a 'sun/nio/fs/WindowsException'{0x0000000714209cc8}> (0x0000000714209cc8) 
thrown [s\open\src\hotspot\share\prims\jni.cpp, line 519]
Event: 14.890 Thread 0x0000024e5cdd33b0 Exception <a 'sun/nio/fs/WindowsException'{0x000000071421e9d8}> (0x000000071421e9d8) 
thrown [s\open\src\hotspot\share\prims\jni.cpp, line 519]
Event: 15.138 Thread 0x0000024e5cdd33b0 Exception <a 'java/io/IOException'{0x0000000707d8e760}> (0x0000000707d8e760) 
thrown [s\open\src\hotspot\share\prims\jni.cpp, line 519]
Event: 15.139 Thread 0x0000024e5cdd33b0 Exception <a 'java/lang/NoSuchMethodError'{0x0000000707d8fab0}: 'void java.lang.invoke.DirectMethodHandle$Holder.invokeInterface(java.lang.Object, java.lang.Object)'> (0x0000000707d8fab0) 
thrown [s\open\src\hotspot\share\interpreter\linkResolver.cpp, line 773]
Event: 16.290 Thread 0x0000024e5cdd33b0 Exception <a 'java/io/IOException'{0x0000000707263c38}> (0x0000000707263c38) 
thrown [s\open\src\hotspot\share\prims\jni.cpp, line 519]
Event: 16.294 Thread 0x0000024e5cdd33b0 Exception <a 'java/io/FileNotFoundException'{0x000000070729f9a8}> (0x000000070729f9a8) 
thrown [s\open\src\hotspot\share\prims\jni.cpp, line 519]
Event: 16.312 Thread 0x0000024e5cdd33b0 Exception <a 'sun/nio/fs/WindowsException'{0x000000070733c5b0}> (0x000000070733c5b0) 
thrown [s\open\src\hotspot\share\prims\jni.cpp, line 519]
Event: 16.314 Thread 0x0000024e5cdd33b0 Exception <a 'java/lang/ClassNotFoundException'{0x00000007073488c0}: sun/util/logging/resources/spi/loggingProvider> (0x00000007073488c0) 
thrown [s\open\src\hotspot\share\classfile\systemDictionary.cpp, line 305]
Event: 16.356 Thread 0x0000024e5cdd33b0 Implicit null exception at 0x0000024e07ca0dda to 0x0000024e07ca15ac
Event: 18.285 Thread 0x0000024e5d3c8000 Exception <a 'java/lang/NoSuchMethodError'{0x0000000707988be8}: 'java.lang.Object java.lang.invoke.DirectMethodHandle$Holder.invokeStaticInit(java.lang.Object, int)'> (0x0000000707988be8) 
thrown [s\open\src\hotspot\share\interpreter\linkResolver.cpp, line 773]
Event: 153.912 Thread 0x0000024e5d3c8000 Implicit null exception at 0x0000024e07df563b to 0x0000024e07df57e8
Event: 153.912 Thread 0x0000024e5d3c8000 Implicit null exception at 0x0000024e07cda31a to 0x0000024e07cda394

VM Operations (20 events):
Event: 161.982 Executing VM operation: Cleanup
Event: 161.982 Executing VM operation: Cleanup done
Event: 180.215 Executing VM operation: HandshakeAllThreads
Event: 180.215 Executing VM operation: HandshakeAllThreads done
Event: 199.394 Executing VM operation: Cleanup
Event: 199.394 Executing VM operation: Cleanup done
Event: 240.265 Executing VM operation: HandshakeAllThreads
Event: 240.265 Executing VM operation: HandshakeAllThreads done
Event: 300.419 Executing VM operation: HandshakeAllThreads
Event: 300.420 Executing VM operation: HandshakeAllThreads done
Event: 360.596 Executing VM operation: HandshakeAllThreads
Event: 360.596 Executing VM operation: HandshakeAllThreads done
Event: 420.653 Executing VM operation: HandshakeAllThreads
Event: 420.653 Executing VM operation: HandshakeAllThreads done
Event: 426.665 Executing VM operation: G1CollectForAllocation
Event: 426.667 Executing VM operation: G1CollectForAllocation done
Event: 480.797 Executing VM operation: HandshakeAllThreads
Event: 480.797 Executing VM operation: HandshakeAllThreads done
Event: 481.805 Executing VM operation: Cleanup
Event: 481.805 Executing VM operation: Cleanup done

Events (20 events):
Event: 2.660 Thread 0x0000024e5db02620 Thread exited: 0x0000024e5db02620
Event: 14.314 Thread 0x0000024e5de49db0 Thread added: 0x0000024e5de49db0
Event: 14.571 Thread 0x0000024e5de49db0 Thread exited: 0x0000024e5de49db0
Event: 14.674 Thread 0x0000024e5dd2f330 Thread added: 0x0000024e5dd2f330
Event: 14.674 Thread 0x0000024e5c6be1c0 Thread added: 0x0000024e5c6be1c0
Event: 15.007 Thread 0x0000024e66114de0 Thread added: 0x0000024e66114de0
Event: 15.462 Thread 0x0000024e66114de0 Thread exited: 0x0000024e66114de0
Event: 15.650 Thread 0x0000024e5c6be1c0 Thread exited: 0x0000024e5c6be1c0
Event: 16.276 Thread 0x0000024e661063e0 Thread added: 0x0000024e661063e0
Event: 16.346 Thread 0x0000024e5d328290 Thread added: 0x0000024e5d328290
Event: 16.657 Thread 0x0000024e5d328290 Thread exited: 0x0000024e5d328290
Event: 16.935 Thread 0x0000024e661063e0 Thread exited: 0x0000024e661063e0
Event: 18.283 Thread 0x0000024e661bd210 Thread added: 0x0000024e661bd210
Event: 18.531 Thread 0x0000024e661bd210 Thread exited: 0x0000024e661bd210
Event: 19.305 Thread 0x0000024e66232bc0 Thread added: 0x0000024e66232bc0
Event: 19.478 Thread 0x0000024e5c934770 Thread added: 0x0000024e5c934770
Event: 19.690 Thread 0x0000024e5c934770 Thread exited: 0x0000024e5c934770
Event: 19.770 Thread 0x0000024e66232bc0 Thread exited: 0x0000024e66232bc0
Event: 24.446 Thread 0x0000024e5c92e070 Thread added: 0x0000024e5c92e070
Event: 24.984 Thread 0x0000024e5c92e070 Thread exited: 0x0000024e5c92e070


Dynamic libraries:
0x00007ff664cc0000 - 0x00007ff664cd0000 	C:\Program Files\Java\jdk-20\bin\java.exe
0x00007ffb987b0000 - 0x00007ffb989c4000 	C:\Windows\SYSTEM32\ntdll.dll
0x00007ffb96d80000 - 0x00007ffb96e44000 	C:\Windows\System32\KERNEL32.DLL
0x00007ffb96190000 - 0x00007ffb96534000 	C:\Windows\System32\KERNELBASE.dll
0x00007ffb95e20000 - 0x00007ffb95f31000 	C:\Windows\System32\ucrtbase.dll
0x00007ffb7b7b0000 - 0x00007ffb7b7c9000 	C:\Program Files\Java\jdk-20\bin\jli.dll
0x00007ffb98250000 - 0x00007ffb98300000 	C:\Windows\System32\ADVAPI32.dll
0x00007ffb96990000 - 0x00007ffb96a37000 	C:\Windows\System32\msvcrt.dll
0x00007ffb972e0000 - 0x00007ffb97386000 	C:\Windows\System32\sechost.dll
0x00007ffb96540000 - 0x00007ffb96657000 	C:\Windows\System32\RPCRT4.dll
0x00007ffb29080000 - 0x00007ffb2909b000 	C:\Program Files\Java\jdk-20\bin\VCRUNTIME140.dll
0x00007ffb98520000 - 0x00007ffb986ce000 	C:\Windows\System32\USER32.dll
0x00007ffb95cd0000 - 0x00007ffb95cf6000 	C:\Windows\System32\win32u.dll
0x00007ffb96d00000 - 0x00007ffb96d29000 	C:\Windows\System32\GDI32.dll
0x00007ffb95d00000 - 0x00007ffb95e18000 	C:\Windows\System32\gdi32full.dll
0x00007ffb95f40000 - 0x00007ffb95fda000 	C:\Windows\System32\msvcp_win.dll
0x00007ffb8bbe0000 - 0x00007ffb8bbea000 	C:\Windows\SYSTEM32\VERSION.dll
0x00007ffb55dd0000 - 0x00007ffb56063000 	C:\Windows\WinSxS\amd64_microsoft.windows.common-controls_6595b64144ccf1df_6.0.22621.2215_none_270d72677387dfc3\COMCTL32.dll
0x00007ffb96a40000 - 0x00007ffb96a71000 	C:\Windows\System32\IMM32.DLL
0x00007ffb41290000 - 0x00007ffb4129c000 	C:\Program Files\Java\jdk-20\bin\vcruntime140_1.dll
0x00007ffb739a0000 - 0x00007ffb73a2e000 	C:\Program Files\Java\jdk-20\bin\msvcp140.dll
0x00007ffb114a0000 - 0x00007ffb12138000 	C:\Program Files\Java\jdk-20\bin\server\jvm.dll
0x00007ffb880f0000 - 0x00007ffb88124000 	C:\Windows\SYSTEM32\WINMM.dll
0x00007ffb775c0000 - 0x00007ffb775c9000 	C:\Windows\SYSTEM32\WSOCK32.dll
0x00007ffb983e0000 - 0x00007ffb98451000 	C:\Windows\System32\WS2_32.dll
0x00007ffb94b20000 - 0x00007ffb94b38000 	C:\Windows\SYSTEM32\kernel.appcore.dll
0x00007ffb314c0000 - 0x00007ffb314ca000 	C:\Program Files\Java\jdk-20\bin\jimage.dll
0x00007ffb934f0000 - 0x00007ffb9371e000 	C:\Windows\SYSTEM32\DBGHELP.DLL
0x00007ffb97550000 - 0x00007ffb978da000 	C:\Windows\System32\combase.dll
0x00007ffb98300000 - 0x00007ffb983d7000 	C:\Windows\System32\OLEAUT32.dll
0x00007ffb7dd40000 - 0x00007ffb7dd72000 	C:\Windows\SYSTEM32\dbgcore.DLL
0x00007ffb96050000 - 0x00007ffb960ca000 	C:\Windows\System32\bcryptPrimitives.dll
0x00007ffb22b70000 - 0x00007ffb22b96000 	C:\Program Files\Java\jdk-20\bin\java.dll
0x00007ffb113c0000 - 0x00007ffb11497000 	C:\Program Files\Java\jdk-20\bin\jsvml.dll
0x00007ffb97a20000 - 0x00007ffb98243000 	C:\Windows\System32\SHELL32.dll
0x00007ffb93aa0000 - 0x00007ffb9438a000 	C:\Windows\SYSTEM32\windows.storage.dll
0x00007ffb93960000 - 0x00007ffb93a9e000 	C:\Windows\SYSTEM32\wintypes.dll
0x00007ffb978e0000 - 0x00007ffb979d3000 	C:\Windows\System32\SHCORE.dll
0x00007ffb98460000 - 0x00007ffb984be000 	C:\Windows\System32\shlwapi.dll
0x00007ffb95a90000 - 0x00007ffb95ab6000 	C:\Windows\SYSTEM32\profapi.dll
0x00007ffb23500000 - 0x00007ffb23513000 	C:\Program Files\Java\jdk-20\bin\net.dll
0x00007ffb8b380000 - 0x00007ffb8b4b7000 	C:\Windows\SYSTEM32\WINHTTP.dll
0x00007ffb94fe0000 - 0x00007ffb95049000 	C:\Windows\system32\mswsock.dll
0x00007ffb16010000 - 0x00007ffb16026000 	C:\Program Files\Java\jdk-20\bin\nio.dll
0x00007ffb15ff0000 - 0x00007ffb16008000 	C:\Program Files\Java\jdk-20\bin\zip.dll
0x0000024e17350000 - 0x0000024e17353000 	C:\Users\votan\.openjfx\cache\20.0.2+3\amd64\api-ms-win-core-console-l1-1-0.dll
0x0000024e17360000 - 0x0000024e17363000 	C:\Users\votan\.openjfx\cache\20.0.2+3\amd64\api-ms-win-core-console-l1-2-0.dll
0x0000024e17370000 - 0x0000024e17373000 	C:\Users\votan\.openjfx\cache\20.0.2+3\amd64\api-ms-win-core-datetime-l1-1-0.dll
0x0000024e17380000 - 0x0000024e17383000 	C:\Users\votan\.openjfx\cache\20.0.2+3\amd64\api-ms-win-core-debug-l1-1-0.dll
0x0000024e17390000 - 0x0000024e17393000 	C:\Users\votan\.openjfx\cache\20.0.2+3\amd64\api-ms-win-core-errorhandling-l1-1-0.dll
0x0000024e173a0000 - 0x0000024e173a4000 	C:\Users\votan\.openjfx\cache\20.0.2+3\amd64\api-ms-win-core-file-l1-1-0.dll
0x0000024e173b0000 - 0x0000024e173b3000 	C:\Users\votan\.openjfx\cache\20.0.2+3\amd64\api-ms-win-core-file-l1-2-0.dll
0x0000024e173c0000 - 0x0000024e173c3000 	C:\Users\votan\.openjfx\cache\20.0.2+3\amd64\api-ms-win-core-file-l2-1-0.dll
0x0000024e173d0000 - 0x0000024e173d3000 	C:\Users\votan\.openjfx\cache\20.0.2+3\amd64\api-ms-win-core-handle-l1-1-0.dll
0x0000024e173e0000 - 0x0000024e173e3000 	C:\Users\votan\.openjfx\cache\20.0.2+3\amd64\api-ms-win-core-heap-l1-1-0.dll
0x0000024e173f0000 - 0x0000024e173f3000 	C:\Users\votan\.openjfx\cache\20.0.2+3\amd64\api-ms-win-core-interlocked-l1-1-0.dll
0x0000024e5e0d0000 - 0x0000024e5e0d3000 	C:\Users\votan\.openjfx\cache\20.0.2+3\amd64\api-ms-win-core-libraryloader-l1-1-0.dll
0x0000024e5e0e0000 - 0x0000024e5e0e3000 	C:\Users\votan\.openjfx\cache\20.0.2+3\amd64\api-ms-win-core-localization-l1-2-0.dll
0x0000024e5e0f0000 - 0x0000024e5e0f3000 	C:\Users\votan\.openjfx\cache\20.0.2+3\amd64\api-ms-win-core-memory-l1-1-0.dll
0x0000024e5e100000 - 0x0000024e5e103000 	C:\Users\votan\.openjfx\cache\20.0.2+3\amd64\api-ms-win-core-namedpipe-l1-1-0.dll
0x0000024e5e110000 - 0x0000024e5e113000 	C:\Users\votan\.openjfx\cache\20.0.2+3\amd64\api-ms-win-core-processenvironment-l1-1-0.dll
0x0000024e5e120000 - 0x0000024e5e123000 	C:\Users\votan\.openjfx\cache\20.0.2+3\amd64\api-ms-win-core-processthreads-l1-1-0.dll
0x0000024e5e130000 - 0x0000024e5e133000 	C:\Users\votan\.openjfx\cache\20.0.2+3\amd64\api-ms-win-core-processthreads-l1-1-1.dll
0x0000024e5e140000 - 0x0000024e5e143000 	C:\Users\votan\.openjfx\cache\20.0.2+3\amd64\api-ms-win-core-profile-l1-1-0.dll
0x0000024e5e150000 - 0x0000024e5e153000 	C:\Users\votan\.openjfx\cache\20.0.2+3\amd64\api-ms-win-core-rtlsupport-l1-1-0.dll
0x0000024e5e160000 - 0x0000024e5e163000 	C:\Users\votan\.openjfx\cache\20.0.2+3\amd64\api-ms-win-core-string-l1-1-0.dll
0x0000024e5e170000 - 0x0000024e5e173000 	C:\Users\votan\.openjfx\cache\20.0.2+3\amd64\api-ms-win-core-synch-l1-1-0.dll
0x0000024e5e180000 - 0x0000024e5e183000 	C:\Users\votan\.openjfx\cache\20.0.2+3\amd64\api-ms-win-core-synch-l1-2-0.dll
0x0000024e5e190000 - 0x0000024e5e193000 	C:\Users\votan\.openjfx\cache\20.0.2+3\amd64\api-ms-win-core-sysinfo-l1-1-0.dll
0x0000024e5e1a0000 - 0x0000024e5e1a3000 	C:\Users\votan\.openjfx\cache\20.0.2+3\amd64\api-ms-win-core-timezone-l1-1-0.dll
0x0000024e5e1b0000 - 0x0000024e5e1b3000 	C:\Users\votan\.openjfx\cache\20.0.2+3\amd64\api-ms-win-core-util-l1-1-0.dll
0x0000024e5e1c0000 - 0x0000024e5e1c3000 	C:\Users\votan\.openjfx\cache\20.0.2+3\amd64\api-ms-win-crt-conio-l1-1-0.dll
0x0000024e5e1d0000 - 0x0000024e5e1d4000 	C:\Users\votan\.openjfx\cache\20.0.2+3\amd64\api-ms-win-crt-convert-l1-1-0.dll
0x0000024e5e1e0000 - 0x0000024e5e1e3000 	C:\Users\votan\.openjfx\cache\20.0.2+3\amd64\api-ms-win-crt-environment-l1-1-0.dll
0x0000024e5e1f0000 - 0x0000024e5e1f3000 	C:\Users\votan\.openjfx\cache\20.0.2+3\amd64\api-ms-win-crt-filesystem-l1-1-0.dll
0x0000024e5e200000 - 0x0000024e5e203000 	C:\Users\votan\.openjfx\cache\20.0.2+3\amd64\api-ms-win-crt-heap-l1-1-0.dll
0x0000024e5e210000 - 0x0000024e5e213000 	C:\Users\votan\.openjfx\cache\20.0.2+3\amd64\api-ms-win-crt-locale-l1-1-0.dll
0x0000024e5e220000 - 0x0000024e5e225000 	C:\Users\votan\.openjfx\cache\20.0.2+3\amd64\api-ms-win-crt-math-l1-1-0.dll
0x0000024e5e230000 - 0x0000024e5e235000 	C:\Users\votan\.openjfx\cache\20.0.2+3\amd64\api-ms-win-crt-multibyte-l1-1-0.dll
0x0000024e5e240000 - 0x0000024e5e250000 	C:\Users\votan\.openjfx\cache\20.0.2+3\amd64\api-ms-win-crt-private-l1-1-0.dll
0x0000024e5e250000 - 0x0000024e5e253000 	C:\Users\votan\.openjfx\cache\20.0.2+3\amd64\api-ms-win-crt-process-l1-1-0.dll
0x0000024e5e260000 - 0x0000024e5e264000 	C:\Users\votan\.openjfx\cache\20.0.2+3\amd64\api-ms-win-crt-runtime-l1-1-0.dll
0x0000024e5e270000 - 0x0000024e5e274000 	C:\Users\votan\.openjfx\cache\20.0.2+3\amd64\api-ms-win-crt-stdio-l1-1-0.dll
0x0000024e5e280000 - 0x0000024e5e284000 	C:\Users\votan\.openjfx\cache\20.0.2+3\amd64\api-ms-win-crt-string-l1-1-0.dll
0x0000024e5e290000 - 0x0000024e5e293000 	C:\Users\votan\.openjfx\cache\20.0.2+3\amd64\api-ms-win-crt-time-l1-1-0.dll
0x0000024e5e2a0000 - 0x0000024e5e2a3000 	C:\Users\votan\.openjfx\cache\20.0.2+3\amd64\api-ms-win-crt-utility-l1-1-0.dll
0x00007ffafbbf0000 - 0x00007ffafbcec000 	C:\Users\votan\.openjfx\cache\20.0.2+3\amd64\ucrtbase.dll
0x00007ffb7b670000 - 0x00007ffb7b68b000 	C:\Users\votan\.openjfx\cache\20.0.2+3\amd64\vcruntime140.dll
0x00007ffb7bb50000 - 0x00007ffb7bb5c000 	C:\Users\votan\.openjfx\cache\20.0.2+3\amd64\vcruntime140_1.dll
0x00007ffafbb60000 - 0x00007ffafbbee000 	C:\Users\votan\.openjfx\cache\20.0.2+3\amd64\msvcp140.dll
0x00007ffb78990000 - 0x00007ffb78999000 	C:\Users\votan\.openjfx\cache\20.0.2+3\amd64\msvcp140_1.dll
0x00007ffb46b00000 - 0x00007ffb46b30000 	C:\Users\votan\.openjfx\cache\20.0.2+3\amd64\msvcp140_2.dll
0x00007ffafed60000 - 0x00007ffafed8f000 	C:\Users\votan\.openjfx\cache\20.0.2+3\amd64\prism_d3d.dll
0x00007ffb59650000 - 0x00007ffb597f9000 	C:\Windows\system32\d3d9.dll
0x00007ffb93130000 - 0x00007ffb9315b000 	C:\Windows\SYSTEM32\dwmapi.dll
0x00007ffb92e00000 - 0x00007ffb92e38000 	C:\Windows\SYSTEM32\dxcore.dll
0x00007ffb92d20000 - 0x00007ffb92dcb000 	C:\Windows\system32\uxtheme.dll
0x00007ffb22e60000 - 0x00007ffb230d4000 	C:\Windows\System32\DriverStore\FileRepository\iigd_dch.inf_amd64_70ed43462b376a8e\igdumdim64.dll
0x00007ffb967f0000 - 0x00007ffb9698e000 	C:\Windows\System32\ole32.dll
0x00007ffb134d0000 - 0x00007ffb1482d000 	C:\Windows\System32\DriverStore\FileRepository\iigd_dch.inf_amd64_70ed43462b376a8e\igd9dxva64.dll
0x00007ffb96e50000 - 0x00007ffb972c4000 	C:\Windows\System32\SETUPAPI.dll
0x00007ffb95850000 - 0x00007ffb9589e000 	C:\Windows\SYSTEM32\cfgmgr32.dll
0x00007ffb1a140000 - 0x00007ffb1be65000 	C:\Windows\System32\DriverStore\FileRepository\iigd_dch.inf_amd64_70ed43462b376a8e\media_bin_64.dll
0x00007ffb87a80000 - 0x00007ffb87ebb000 	C:\Windows\System32\DriverStore\FileRepository\iigd_dch.inf_amd64_70ed43462b376a8e\igdgmm64.dll
0x00007ffb8e1d0000 - 0x00007ffb8e21a000 	C:\Windows\SYSTEM32\directxdatabasehelper.dll
0x00007ffafbb10000 - 0x00007ffafbb52000 	C:\Users\votan\.openjfx\cache\20.0.2+3\amd64\glass.dll
0x00007ffb966f0000 - 0x00007ffb967e9000 	C:\Windows\System32\COMDLG32.dll
0x00007ffb96ba0000 - 0x00007ffb96ce9000 	C:\Windows\System32\MSCTF.dll
0x00007ffb4fea0000 - 0x00007ffb4fec7000 	C:\Windows\System32\DriverStore\FileRepository\iigd_dch.inf_amd64_70ed43462b376a8e\igdinfo64.dll
0x00007ffb83a00000 - 0x00007ffb8788c000 	C:\Windows\System32\DriverStore\FileRepository\iigd_dch.inf_amd64_70ed43462b376a8e\igc64.dll
0x00007ffafded0000 - 0x00007ffafdefd000 	C:\Users\votan\.openjfx\cache\20.0.2+3\amd64\javafx_iio.dll
0x00007ffb78970000 - 0x00007ffb78984000 	C:\Users\votan\.openjfx\cache\20.0.2+3\amd64\javafx_font.dll
0x00007ffb91770000 - 0x00007ffb919d7000 	C:\Windows\SYSTEM32\dwrite.dll
0x00007ffb95370000 - 0x00007ffb9538b000 	C:\Windows\SYSTEM32\CRYPTSP.dll
0x00007ffb94ae0000 - 0x00007ffb94b15000 	C:\Windows\system32\rsaenh.dll
0x00007ffb95080000 - 0x00007ffb950ac000 	C:\Windows\SYSTEM32\USERENV.dll
0x00007ffb95510000 - 0x00007ffb95538000 	C:\Windows\SYSTEM32\bcrypt.dll
0x00007ffb952e0000 - 0x00007ffb952ec000 	C:\Windows\SYSTEM32\CRYPTBASE.dll
0x00007ffb945f0000 - 0x00007ffb9461d000 	C:\Windows\SYSTEM32\IPHLPAPI.DLL
0x00007ffb97a00000 - 0x00007ffb97a09000 	C:\Windows\System32\NSI.dll
0x00007ffb8b550000 - 0x00007ffb8b569000 	C:\Windows\SYSTEM32\dhcpcsvc6.DLL
0x00007ffb8b530000 - 0x00007ffb8b54f000 	C:\Windows\SYSTEM32\dhcpcsvc.DLL
0x00007ffb94660000 - 0x00007ffb94752000 	C:\Windows\SYSTEM32\DNSAPI.dll
0x00007ffb96a80000 - 0x00007ffb96b30000 	C:\Windows\System32\clbcatq.dll
0x00007ffb915c0000 - 0x00007ffb91770000 	C:\Windows\SYSTEM32\WindowsCodecs.dll
0x00007ffb33f50000 - 0x00007ffb33fae000 	C:\Windows\system32\dataexchange.dll
0x00007ffb8a750000 - 0x00007ffb8a9d2000 	C:\Windows\system32\twinapi.appcore.dll
0x00007ffafcfd0000 - 0x00007ffafd002000 	C:\Program Files\Common Files\Microsoft Shared\Ink\rtscom.dll

dbghelp: loaded successfully - version: 4.0.5 - missing functions: none
symbol engine: initialized successfully - sym options: 0x614 - pdb path: .;C:\Program Files\Java\jdk-20\bin;C:\Windows\SYSTEM32;C:\Windows\WinSxS\amd64_microsoft.windows.common-controls_6595b64144ccf1df_6.0.22621.2215_none_270d72677387dfc3;C:\Program Files\Java\jdk-20\bin\server;C:\Users\votan\.openjfx\cache\20.0.2+3\amd64;C:\Windows\System32\DriverStore\FileRepository\iigd_dch.inf_amd64_70ed43462b376a8e;C:\Program Files\Common Files\Microsoft Shared\Ink

VM Arguments:
jvm_args: --module-path=C:\Users\votan\OneDrive\Máy tính\Student_Management\Student_Management_Teacher\target\classes;C:\Users\votan\.m2\repository\io\github\palexdev\materialfx\11.16.1\materialfx-11.16.1.jar;C:\Users\votan\.m2\repository\io\github\palexdev\mfxcore\11.3.0\mfxcore-11.3.0.jar;C:\Users\votan\.m2\repository\io\github\palexdev\mfxeffects\11.0.5\mfxeffects-11.0.5.jar;C:\Users\votan\.m2\repository\io\github\palexdev\mfxlocalization\11.1.0\mfxlocalization-11.1.0.jar;C:\Users\votan\.m2\repository\io\github\palexdev\mfxresources\11.3.2\mfxresources-11.3.2.jar;C:\Users\votan\.m2\repository\io\github\palexdev\virtualizedfx\11.9.1\virtualizedfx-11.9.1.jar;C:\Users\votan\.m2\repository\org\openjfx\javafx-base\20.0.2\javafx-base-20.0.2-win.jar;C:\Users\votan\.m2\repository\org\openjfx\javafx-controls\20.0.2\javafx-controls-20.0.2-win.jar;C:\Users\votan\.m2\repository\org\openjfx\javafx-fxml\20.0.2\javafx-fxml-20.0.2-win.jar;C:\Users\votan\.m2\repository\org\openjfx\javafx-graphics\20.0.2\javafx-graphics-20.0.2-win.jar --add-modules=com.team_fortune.student_management_teacher -Djdk.module.main=com.team_fortune.student_management_teacher 
java_command: com.team_fortune.student_management_teacher/com.team_fortune.student_management_teacher.App
java_class_path (initial): C:\Users\votan\OneDrive\Máy tính\Student_Management\Student_Management_Teacher\target\classes;C:\Users\votan\.m2\repository\com\google\protobuf\protobuf-java\3.21.9\protobuf-java-3.21.9.jar;C:\Users\votan\.m2\repository\com\mysql\mysql-connector-j\8.1.0\mysql-connector-j-8.1.0.jar;C:\Users\votan\.m2\repository\org\openjfx\javafx-base\20.0.2\javafx-base-20.0.2.jar;C:\Users\votan\.m2\repository\org\openjfx\javafx-controls\20.0.2\javafx-controls-20.0.2.jar;C:\Users\votan\.m2\repository\org\openjfx\javafx-fxml\20.0.2\javafx-fxml-20.0.2.jar;C:\Users\votan\.m2\repository\org\openjfx\javafx-graphics\20.0.2\javafx-graphics-20.0.2.jar
Launcher Type: SUN_STANDARD

[Global flags]
     intx CICompilerCount                          = 4                                         {product} {ergonomic}
     uint ConcGCThreads                            = 3                                         {product} {ergonomic}
     uint G1ConcRefinementThreads                  = 10                                        {product} {ergonomic}
   size_t G1HeapRegionSize                         = 2097152                                   {product} {ergonomic}
    uintx GCDrainStackTargetSize                   = 64                                        {product} {ergonomic}
   size_t InitialHeapSize                          = 264241152                                 {product} {ergonomic}
   size_t MarkStackSize                            = 4194304                                   {product} {ergonomic}
   size_t MaxHeapSize                              = 4217372672                                {product} {ergonomic}
   size_t MaxNewSize                               = 2529165312                                {product} {ergonomic}
   size_t MinHeapDeltaBytes                        = 2097152                                   {product} {ergonomic}
   size_t MinHeapSize                              = 8388608                                   {product} {ergonomic}
    uintx NonNMethodCodeHeapSize                   = 5839372                                {pd product} {ergonomic}
    uintx NonProfiledCodeHeapSize                  = 122909434                              {pd product} {ergonomic}
     bool PerfDisableSharedMem                     = true                                      {product} {ergonomic}
    uintx ProfiledCodeHeapSize                     = 122909434                              {pd product} {ergonomic}
    uintx ReservedCodeCacheSize                    = 251658240                              {pd product} {ergonomic}
     bool SegmentedCodeCache                       = true                                      {product} {ergonomic}
   size_t SoftMaxHeapSize                          = 4217372672                             {manageable} {ergonomic}
     bool UseCompressedClassPointers               = true                           {product lp64_product} {ergonomic}
     bool UseCompressedOops                        = true                           {product lp64_product} {ergonomic}
     bool UseG1GC                                  = true                                      {product} {ergonomic}
     bool UseLargePagesIndividualAllocation        = false                                  {pd product} {ergonomic}

Logging:
Log output configuration:
 #0: stdout all=warning uptime,level,tags foldmultilines=false
 #1: stderr all=off uptime,level,tags foldmultilines=false

Environment Variables:
JAVA_HOME=C:\Program Files\Java\jdk-20
PATH=C:\Program Files (x86)\VMware\VMware Workstation\bin\;C:\app\votan\product\21c\dbhomeXE\bin;C:\Program Files\Common Files\Oracle\Java\javapath;C:\Program Files (x86)\Common Files\Oracle\Java\javapath;C:\Program Files\Microsoft MPI\Bin\;C:\Python311\Scripts\;C:\Python311\;C:\Windows\system32;C:\Windows;C:\Windows\System32\Wbem;C:\Windows\System32\WindowsPowerShell\v1.0\;C:\Windows\System32\OpenSSH\;C:\Program Files (x86)\NVIDIA Corporation\PhysX\Common;C:\Program Files\NVIDIA Corporation\NVIDIA NvDLISR;C:\ProgramData\chocolatey\bin;C:\xampp\php;C:\composer;C:\Program Files (x86)\Microsoft SQL Server\160\Tools\Binn\;C:\Program Files\Microsoft SQL Server\160\Tools\Binn\;C:\Program Files\Microsoft SQL Server\Client SDK\ODBC\170\Tools\Binn\;C:\Program Files\Microsoft SQL Server\160\DTS\Binn\;C:\Program Files (x86)\Microsoft SQL Server\160\DTS\Binn\;C:\Program Files\Git\cmd;C:\Program Files\nodejs\;C:\Program Files\dotnet\;C:\Users\votan\anaconda3;C:\Users\votan\anaconda3\Library\mingw-w64\bin;C:\Users\votan\anaconda3\Library\usr\bin;C:\Users\votan\anaconda3\Library\bin;C:\Users\votan\anaconda3\Scripts;C:\Program Files\MySQL\MySQL Shell 8.0\bin\;C:\Users\votan\AppData\Local\Microsoft\WindowsApps;C:\Users\votan\AppData\Roaming\Composer\vendor\bin;C:\Users\votan\AppData\Local\Programs\Microsoft VS Code\bin;C:\Program Files\JetBrains\PhpStorm 2023.2.1\bin;;C:\Program Files\JetBrains\DataGrip 2023.2.1\bin;;C:\Program Files\JetBrains\CLion 2023.2.1\bin;;C:\Program Files\JetBrains\IntelliJ IDEA 2023.2.1\bin;;C:\Program Files\JetBrains\PyCharm 2023.2.1\bin;;C:\Program Files\JetBrains\GoLand 2023.2.1\bin;;C:\Program Files\JetBrains\JetBrains Rider 2023.2.1\bin;;C:\Program Files\JetBrains\Aqua 232.9921.1\bin;;C:\Program Files\JetBrains\WebStorm 2023.2.1\bin;;C:\Users\votan\AppData\Local\GitHubDesktop\bin;C:\Users\votan\AppData\Roaming\npm
USERNAME=votan
OS=Windows_NT
PROCESSOR_IDENTIFIER=Intel64 Family 6 Model 141 Stepping 1, GenuineIntel
TMP=C:\Users\votan\AppData\Local\Temp
TEMP=C:\Users\votan\AppData\Local\Temp




---------------  S Y S T E M  ---------------

OS:
 Windows 11 , 64 bit Build 22621 (10.0.22621.2215)
OS uptime: 0 days 0:56 hours
Hyper-V role detected

CPU: total 12 (initial active 12) (6 cores per cpu, 2 threads per core) family 6 model 141 stepping 1 microcode 0x34, cx8, cmov, fxsr, ht, mmx, 3dnowpref, sse, sse2, sse3, ssse3, sse4.1, sse4.2, popcnt, lzcnt, tsc, tscinvbit, avx, avx2, aes, erms, clmul, bmi1, bmi2, adx, avx512f, avx512dq, avx512cd, avx512bw, avx512vl, sha, fma, vzeroupper, avx512_vpopcntdq, avx512_vpclmulqdq, avx512_vaes, avx512_vnni, clflush, clflushopt, clwb, avx512_vbmi2, avx512_vbmi, hv, rdtscp, rdpid, fsrm, gfni, avx512_bitalg, f16c, cet_ibt, cet_ss, avx512_ifma

Memory: 4k page, system-wide physical 16086M (777M free)
TotalPageFile size 65238M (AvailPageFile size 3M)
current process WorkingSet (physical memory assigned to process): 256M, peak: 270M
current process commit charge ("private bytes"): 302M, peak: 458M

vm_info: Java HotSpot(TM) 64-Bit Server VM (20.0.2+9-78) for windows-amd64 JRE (20.0.2+9-78), built on 2023-06-14T10:08:48Z by "mach5one" with MS VC++ 17.1 (VS2022)

END.
