#
# There is insufficient memory for the Java Runtime Environment to continue.
# Native memory allocation (malloc) failed to allocate 784656 bytes for Chunk::new
# Possible reasons:
#   The system is out of physical RAM or swap space
#   The process is running with CompressedOops enabled, and the Java Heap may be blocking the growth of the native heap
# Possible solutions:
#   Reduce memory load on the system
#   Increase physical memory or swap space
#   Check if swap backing store is full
#   Decrease Java heap size (-Xmx/-Xms)
#   Decrease number of Java threads
#   Decrease Java thread stack sizes (-Xss)
#   Set larger code cache with -XX:ReservedCodeCacheSize=
#   JVM is running with Zero Based Compressed Oops mode in which the Java heap is
#     placed in the first 32GB address space. The Java Heap base address is the
#     maximum limit for the native heap growth. Please use -XX:HeapBaseMinAddress
#     to set the Java Heap base and to place the Java Heap above 32GB virtual address.
# This output file may be truncated or incomplete.
#
#  Out of Memory Error (arena.cpp:184), pid=18900, tid=19828
#
# JRE version: Java(TM) SE Runtime Environment (20.0.2+9) (build 20.0.2+9-78)
# Java VM: Java HotSpot(TM) 64-Bit Server VM (20.0.2+9-78, mixed mode, sharing, tiered, compressed oops, compressed class ptrs, g1 gc, windows-amd64)
# No core dump will be written. Minidumps are not enabled by default on client versions of Windows
#

---------------  S U M M A R Y ------------

Command Line: --module-path=C:\Users\votan\OneDrive\Máy tính\Student_Management\Student_Management_Teacher\target\classes;C:\Users\votan\.m2\repository\io\github\palexdev\materialfx\11.16.1\materialfx-11.16.1.jar;C:\Users\votan\.m2\repository\io\github\palexdev\mfxcore\11.3.0\mfxcore-11.3.0.jar;C:\Users\votan\.m2\repository\io\github\palexdev\mfxeffects\11.0.5\mfxeffects-11.0.5.jar;C:\Users\votan\.m2\repository\io\github\palexdev\mfxlocalization\11.1.0\mfxlocalization-11.1.0.jar;C:\Users\votan\.m2\repository\io\github\palexdev\mfxresources\11.3.2\mfxresources-11.3.2.jar;C:\Users\votan\.m2\repository\io\github\palexdev\virtualizedfx\11.9.1\virtualizedfx-11.9.1.jar;C:\Users\votan\.m2\repository\org\openjfx\javafx-base\20.0.2\javafx-base-20.0.2-win.jar;C:\Users\votan\.m2\repository\org\openjfx\javafx-controls\20.0.2\javafx-controls-20.0.2-win.jar;C:\Users\votan\.m2\repository\org\openjfx\javafx-fxml\20.0.2\javafx-fxml-20.0.2-win.jar;C:\Users\votan\.m2\repository\org\openjfx\javafx-graphics\20.0.2\javafx-graphics-20.0.2-win.jar --add-modules=com.team_fortune.student_management_teacher -Djdk.module.main=com.team_fortune.student_management_teacher com.team_fortune.student_management_teacher/com.team_fortune.student_management_teacher.App

Host: 11th Gen Intel(R) Core(TM) i5-11400H @ 2.70GHz, 12 cores, 15G,  Windows 11 , 64 bit Build 22621 (10.0.22621.2215)
Time: Sat Sep 16 14:37:05 2023 SE Asia Standard Time elapsed time: 1429.390116 seconds (0d 0h 23m 49s)

---------------  T H R E A D  ---------------

Current thread (0x00000287c701ffe0):  JavaThread "C2 CompilerThread0" daemon [_thread_in_native, id=19828, stack(0x000000aedf000000,0x000000aedf100000)]


Current CompileTask:
C2:1429390 6871       4       com.sun.scenario.effect.FilterEffect::filter (265 bytes)

Stack: [0x000000aedf000000,0x000000aedf100000]
Native frames: (J=compiled Java code, j=interpreted, Vv=VM code, C=native code)
V  [jvm.dll+0x6bc25a]
V  [jvm.dll+0x84971a]
V  [jvm.dll+0x84b315]
V  [jvm.dll+0x84ba13]
V  [jvm.dll+0x280e4f]
V  [jvm.dll+0xc2ab1]
V  [jvm.dll+0xc2dd5]
V  [jvm.dll+0x3bb612]
V  [jvm.dll+0x385b75]
V  [jvm.dll+0x384fea]
V  [jvm.dll+0x24b529]
V  [jvm.dll+0x24a921]
V  [jvm.dll+0x1ce761]
V  [jvm.dll+0x25a0eb]
V  [jvm.dll+0x2587c0]
V  [jvm.dll+0x3f2dd5]
V  [jvm.dll+0x7f5c76]
V  [jvm.dll+0x6baecb]
C  [ucrtbase.dll+0x29363]
C  [KERNEL32.DLL+0x1257d]
C  [ntdll.dll+0x5aa68]


---------------  P R O C E S S  ---------------

Threads class SMR info:
_java_thread_list=0x00000287c7142a30, length=19, elements={
0x00000287e2591360, 0x00000287ffefe220, 0x00000287c70001e0, 0x00000287c7003340,
0x00000287c7007350, 0x00000287c70080e0, 0x00000287c7008c40, 0x00000287c701ffe0,
0x00000287c700c690, 0x00000287c70fd3f0, 0x00000287c73523e0, 0x00000287c790b750,
0x00000287c7df5440, 0x00000287c7de9c20, 0x00000287c80607a0, 0x00000287c7e443e0,
0x00000287c830d040, 0x00000287d0fb7c70, 0x00000287d0fb71d0
}

Java Threads: ( => current thread )
  0x00000287e2591360 JavaThread "main" [_thread_blocked, id=11356, stack(0x000000aede300000,0x000000aede400000)]
  0x00000287ffefe220 JavaThread "Reference Handler" daemon [_thread_blocked, id=20924, stack(0x000000aedea00000,0x000000aedeb00000)]
  0x00000287c70001e0 JavaThread "Finalizer" daemon [_thread_blocked, id=3496, stack(0x000000aedeb00000,0x000000aedec00000)]
  0x00000287c7003340 JavaThread "Signal Dispatcher" daemon [_thread_blocked, id=14020, stack(0x000000aedec00000,0x000000aeded00000)]
  0x00000287c7007350 JavaThread "Attach Listener" daemon [_thread_blocked, id=2820, stack(0x000000aeded00000,0x000000aedee00000)]
  0x00000287c70080e0 JavaThread "Service Thread" daemon [_thread_blocked, id=22064, stack(0x000000aedee00000,0x000000aedef00000)]
  0x00000287c7008c40 JavaThread "Monitor Deflation Thread" daemon [_thread_blocked, id=26748, stack(0x000000aedef00000,0x000000aedf000000)]
=>0x00000287c701ffe0 JavaThread "C2 CompilerThread0" daemon [_thread_in_native, id=19828, stack(0x000000aedf000000,0x000000aedf100000)]
  0x00000287c700c690 JavaThread "C1 CompilerThread0" daemon [_thread_blocked, id=20256, stack(0x000000aedf100000,0x000000aedf200000)]
  0x00000287c70fd3f0 JavaThread "Common-Cleaner" daemon [_thread_blocked, id=4756, stack(0x000000aedf200000,0x000000aedf300000)]
  0x00000287c73523e0 JavaThread "Notification Thread" daemon [_thread_blocked, id=23768, stack(0x000000aedf500000,0x000000aedf600000)]
  0x00000287c790b750 JavaThread "QuantumRenderer-0" daemon [_thread_blocked, id=3868, stack(0x000000aedf700000,0x000000aedf800000)]
  0x00000287c7df5440 JavaThread "InvokeLaterDispatcher" daemon [_thread_blocked, id=24492, stack(0x000000aedf300000,0x000000aedf400000)]
  0x00000287c7de9c20 JavaThread "JavaFX Application Thread" [_thread_in_native, id=3928, stack(0x000000aedf400000,0x000000aedf500000)]
  0x00000287c80607a0 JavaThread "Thread-1" daemon [_thread_in_native, id=4192, stack(0x000000aedfb00000,0x000000aedfc00000)]
  0x00000287c7e443e0 JavaThread "JavaFX-Launcher" [_thread_blocked, id=23920, stack(0x000000aee0100000,0x000000aee0200000)]
  0x00000287c830d040 JavaThread "Prism Font Disposer" daemon [_thread_blocked, id=3048, stack(0x000000aee0300000,0x000000aee0400000)]
  0x00000287d0fb7c70 JavaThread "Cleaner-0" daemon [_thread_blocked, id=27128, stack(0x000000aee0c00000,0x000000aee0d00000)]
  0x00000287d0fb71d0 JavaThread "mysql-cj-abandoned-connection-cleanup" daemon [_thread_blocked, id=1948, stack(0x000000aee0200000,0x000000aee0300000)]

Other Threads:
  0x00000287ffee0cc0 VMThread "VM Thread" [stack: 0x000000aede900000,0x000000aedea00000] [id=12840]
  0x00000287c748e830 WatcherThread "VM Periodic Task Thread" [stack: 0x000000aedf600000,0x000000aedf700000] [id=10460]
  0x00000287e26033a0 WorkerThread "GC Thread#0" [stack: 0x000000aede400000,0x000000aede500000] [id=6012]
  0x00000287c7de1190 WorkerThread "GC Thread#1" [stack: 0x000000aedfc00000,0x000000aedfd00000] [id=19304]
  0x00000287c7de1460 WorkerThread "GC Thread#2" [stack: 0x000000aedfd00000,0x000000aedfe00000] [id=17864]
  0x00000287c7de0bf0 WorkerThread "GC Thread#3" [stack: 0x000000aedfe00000,0x000000aedff00000] [id=19308]
  0x00000287c7de1a00 WorkerThread "GC Thread#4" [stack: 0x000000aedff00000,0x000000aee0000000] [id=12248]
  0x00000287c7de0ec0 WorkerThread "GC Thread#5" [stack: 0x000000aee0000000,0x000000aee0100000] [id=10764]
  0x00000287c7de0650 WorkerThread "GC Thread#6" [stack: 0x000000aee0700000,0x000000aee0800000] [id=23620]
  0x00000287c7de0920 WorkerThread "GC Thread#7" [stack: 0x000000aee0800000,0x000000aee0900000] [id=9500]
  0x00000287c8655b60 WorkerThread "GC Thread#8" [stack: 0x000000aee0900000,0x000000aee0a00000] [id=16876]
  0x00000287c8653c70 WorkerThread "GC Thread#9" [stack: 0x000000aee0a00000,0x000000aee0b00000] [id=20228]
  0x00000287e2613e00 ConcurrentGCThread "G1 Main Marker" [stack: 0x000000aede500000,0x000000aede600000] [id=21112]
  0x00000287e26149d0 WorkerThread "G1 Conc#0" [stack: 0x000000aede600000,0x000000aede700000] [id=25656]
  0x00000287c8654210 WorkerThread "G1 Conc#1" [stack: 0x000000aee0e00000,0x000000aee0f00000] [id=3508]
  0x00000287c86574b0 WorkerThread "G1 Conc#2" [stack: 0x000000aee0f00000,0x000000aee1000000] [id=20192]
  0x00000287e264e990 ConcurrentGCThread "G1 Refine#0" [stack: 0x000000aede700000,0x000000aede800000] [id=19100]
  0x00000287ffda24e0 ConcurrentGCThread "G1 Service" [stack: 0x000000aede800000,0x000000aede900000] [id=8524]

Threads with active compile tasks:
C2 CompilerThread0  1429437 6871       4       com.sun.scenario.effect.FilterEffect::filter (265 bytes)

VM state: not at safepoint (normal execution)

VM Mutex/Monitor currently owned by a thread: None

Heap address: 0x0000000704a00000, size: 4022 MB, Compressed Oops mode: Zero based, Oop shift amount: 3

CDS archive(s) mapped at: [0x0000028782000000-0x0000028782c60000-0x0000028782c60000), size 12976128, SharedBaseAddress: 0x0000028782000000, ArchiveRelocationMode: 1.
Compressed class space mapped at: 0x0000028783000000-0x00000287c3000000, reserved size: 1073741824
Narrow klass base: 0x0000028782000000, Narrow klass shift: 0, Narrow klass range: 0x100000000

GC Precious Log:
 CardTable entry size: 512
 Card Set container configuration: InlinePtr #cards 4 size 8 Array Of Cards #cards 16 size 48 Howl #buckets 8 coarsen threshold 3686 Howl Bitmap #cards 512 size 80 coarsen threshold 460 Card regions per heap region 1 cards per card region 4096
 CPUs: 12 total, 12 available
 Memory: 16086M
 Large Page Support: Disabled
 NUMA Support: Disabled
 Compressed Oops: Enabled (Zero based)
 Heap Region Size: 2M
 Heap Min Capacity: 8M
 Heap Initial Capacity: 252M
 Heap Max Capacity: 4022M
 Pre-touch: Disabled
 Parallel Workers: 10
 Concurrent Workers: 3
 Concurrent Refinement Workers: 10
 Periodic GC: Disabled

Heap:
 garbage-first heap   total 69632K, used 36954K [0x0000000704a00000, 0x0000000800000000)
  region size 2048K, 9 young (18432K), 1 survivors (2048K)
 Metaspace       used 32081K, committed 32448K, reserved 1114112K
  class space    used 4514K, committed 4672K, reserved 1048576K

Heap Regions: E=young(eden), S=young(survivor), O=old, HS=humongous(starts), HC=humongous(continues), CS=collection set, F=free, OA=open archive, CA=closed archive, TAMS=top-at-mark-start, PB=parsable bottom
|   0|0x0000000704a00000, 0x0000000704c00000, 0x0000000704c00000|100%|HS|  |TAMS 0x0000000704a00000| PB 0x0000000704a00000| Complete 
|   1|0x0000000704c00000, 0x0000000704dd3e00, 0x0000000704e00000| 91%| O|  |TAMS 0x0000000704c00000| PB 0x0000000704c00000| Untracked 
|   2|0x0000000704e00000, 0x0000000705000000, 0x0000000705000000|100%|HS|  |TAMS 0x0000000704e00000| PB 0x0000000704e00000| Complete 
|   3|0x0000000705000000, 0x0000000705200000, 0x0000000705200000|100%| O|  |TAMS 0x0000000705000000| PB 0x0000000705000000| Untracked 
|   4|0x0000000705200000, 0x0000000705400000, 0x0000000705400000|100%| O|  |TAMS 0x0000000705200000| PB 0x0000000705200000| Untracked 
|   5|0x0000000705400000, 0x0000000705600000, 0x0000000705600000|100%| O|  |TAMS 0x0000000705400000| PB 0x0000000705400000| Untracked 
|   6|0x0000000705600000, 0x0000000705800000, 0x0000000705800000|100%| O|  |TAMS 0x0000000705600000| PB 0x0000000705600000| Untracked 
|   7|0x0000000705800000, 0x0000000705a00000, 0x0000000705a00000|100%| O|  |TAMS 0x0000000705800000| PB 0x0000000705800000| Untracked 
|   8|0x0000000705a00000, 0x0000000705c00000, 0x0000000705c00000|100%| O|  |TAMS 0x0000000705a00000| PB 0x0000000705a00000| Untracked 
|   9|0x0000000705c00000, 0x0000000705e00000, 0x0000000705e00000|100%| O|  |TAMS 0x0000000705c00000| PB 0x0000000705c00000| Untracked 
|  10|0x0000000705e00000, 0x0000000706000000, 0x0000000706000000|100%| O|  |TAMS 0x0000000705e00000| PB 0x0000000705e00000| Untracked 
|  11|0x0000000706000000, 0x000000070603fc00, 0x0000000706200000| 12%| O|  |TAMS 0x0000000706000000| PB 0x0000000706000000| Untracked 
|  12|0x0000000706200000, 0x0000000706200000, 0x0000000706400000|  0%| F|  |TAMS 0x0000000706200000| PB 0x0000000706200000| Untracked 
|  13|0x0000000706400000, 0x0000000706400000, 0x0000000706600000|  0%| F|  |TAMS 0x0000000706400000| PB 0x0000000706400000| Untracked 
|  14|0x0000000706600000, 0x0000000706600000, 0x0000000706800000|  0%| F|  |TAMS 0x0000000706600000| PB 0x0000000706600000| Untracked 
|  15|0x0000000706800000, 0x0000000706803060, 0x0000000706a00000|  0%| S|CS|TAMS 0x0000000706800000| PB 0x0000000706800000| Complete 
|  16|0x0000000706a00000, 0x0000000706a00000, 0x0000000706c00000|  0%| F|  |TAMS 0x0000000706a00000| PB 0x0000000706a00000| Untracked 
|  17|0x0000000706c00000, 0x0000000706c00000, 0x0000000706e00000|  0%| F|  |TAMS 0x0000000706c00000| PB 0x0000000706c00000| Untracked 
|  18|0x0000000706e00000, 0x0000000706e00000, 0x0000000707000000|  0%| F|  |TAMS 0x0000000706e00000| PB 0x0000000706e00000| Untracked 
|  19|0x0000000707000000, 0x0000000707000000, 0x0000000707200000|  0%| F|  |TAMS 0x0000000707000000| PB 0x0000000707000000| Untracked 
|  20|0x0000000707200000, 0x0000000707200000, 0x0000000707400000|  0%| F|  |TAMS 0x0000000707200000| PB 0x0000000707200000| Untracked 
|  21|0x0000000707400000, 0x0000000707400000, 0x0000000707600000|  0%| F|  |TAMS 0x0000000707400000| PB 0x0000000707400000| Untracked 
|  22|0x0000000707600000, 0x0000000707600000, 0x0000000707800000|  0%| F|  |TAMS 0x0000000707600000| PB 0x0000000707600000| Untracked 
|  23|0x0000000707800000, 0x0000000707800000, 0x0000000707a00000|  0%| F|  |TAMS 0x0000000707800000| PB 0x0000000707800000| Untracked 
|  24|0x0000000707a00000, 0x0000000707a00000, 0x0000000707c00000|  0%| F|  |TAMS 0x0000000707a00000| PB 0x0000000707a00000| Untracked 
|  25|0x0000000707c00000, 0x0000000707c00000, 0x0000000707e00000|  0%| F|  |TAMS 0x0000000707c00000| PB 0x0000000707c00000| Untracked 
|  26|0x0000000707e00000, 0x0000000707f58db0, 0x0000000708000000| 67%| E|  |TAMS 0x0000000707e00000| PB 0x0000000707e00000| Complete 
| 110|0x0000000712600000, 0x0000000712800000, 0x0000000712800000|100%| E|CS|TAMS 0x0000000712600000| PB 0x0000000712600000| Complete 
| 111|0x0000000712800000, 0x0000000712a00000, 0x0000000712a00000|100%| E|CS|TAMS 0x0000000712800000| PB 0x0000000712800000| Complete 
| 112|0x0000000712a00000, 0x0000000712c00000, 0x0000000712c00000|100%| E|CS|TAMS 0x0000000712a00000| PB 0x0000000712a00000| Complete 
| 113|0x0000000712c00000, 0x0000000712e00000, 0x0000000712e00000|100%| E|CS|TAMS 0x0000000712c00000| PB 0x0000000712c00000| Complete 
| 114|0x0000000712e00000, 0x0000000713000000, 0x0000000713000000|100%| E|CS|TAMS 0x0000000712e00000| PB 0x0000000712e00000| Complete 
| 124|0x0000000714200000, 0x0000000714400000, 0x0000000714400000|100%| E|CS|TAMS 0x0000000714200000| PB 0x0000000714200000| Complete 
| 125|0x0000000714400000, 0x0000000714600000, 0x0000000714600000|100%| E|CS|TAMS 0x0000000714400000| PB 0x0000000714400000| Complete 

Card table byte_map: [0x00000287fa3b0000,0x00000287fab90000] _byte_map_base: 0x00000287f6b8b000

Marking Bits: (CMBitMap*) 0x00000287e26039d0
 Bits: [0x00000287fb370000, 0x00000287ff248000)

Polling page: 0x00000287e1d50000

Metaspace:

Usage:
  Non-class:     26.92 MB used.
      Class:      4.41 MB used.
       Both:     31.33 MB used.

Virtual space:
  Non-class space:       64.00 MB reserved,      27.12 MB ( 42%) committed,  1 nodes.
      Class space:        1.00 GB reserved,       4.56 MB ( <1%) committed,  1 nodes.
             Both:        1.06 GB reserved,      31.69 MB (  3%) committed. 

Chunk freelists:
   Non-Class:  592.00 KB
       Class:  3.33 MB
        Both:  3.91 MB

MaxMetaspaceSize: unlimited
CompressedClassSpaceSize: 1.00 GB
Initial GC threshold: 21.00 MB
Current GC threshold: 35.12 MB
CDS: on
MetaspaceReclaimPolicy: balanced
 - commit_granule_bytes: 65536.
 - commit_granule_words: 8192.
 - virtual_space_node_default_size: 8388608.
 - enlarge_chunks_in_place: 1.
 - new_chunks_are_fully_committed: 0.
 - uncommit_free_chunks: 1.
 - use_allocation_guard: 0.


Internal statistics:

num_allocs_failed_limit: 3.
num_arena_births: 432.
num_arena_deaths: 0.
num_vsnodes_births: 2.
num_vsnodes_deaths: 0.
num_space_committed: 506.
num_space_uncommitted: 0.
num_chunks_returned_to_freelist: 3.
num_chunks_taken_from_freelist: 1412.
num_chunk_merges: 0.
num_chunk_splits: 984.
num_chunks_enlarged: 726.
num_inconsistent_stats: 0.

CodeHeap 'non-profiled nmethods': size=120000Kb used=4209Kb max_used=4209Kb free=115790Kb
 bounds [0x00000287f2130000, 0x00000287f2550000, 0x00000287f9660000]
CodeHeap 'profiled nmethods': size=120000Kb used=15401Kb max_used=15401Kb free=104598Kb
 bounds [0x00000287ea660000, 0x00000287eb570000, 0x00000287f1b90000]
CodeHeap 'non-nmethods': size=5760Kb used=2228Kb max_used=2284Kb free=3531Kb
 bounds [0x00000287f1b90000, 0x00000287f1e00000, 0x00000287f2130000]
 total_blobs=7799 nmethods=6868 adapters=840
 compilation: enabled
              stopped_count=0, restarted_count=0
 full_count=0

Compilation events (20 events):
Event: 1140.581 Thread 0x00000287c700c690 nmethod 6861 0x00000287eb569010 code [0x00000287eb5691c0, 0x00000287eb569440]
Event: 1141.838 Thread 0x00000287c701ffe0 6862       4       com.sun.scenario.effect.ImageData::getTransformedBounds (46 bytes)
Event: 1141.840 Thread 0x00000287c701ffe0 nmethod 6862 0x00000287f2549f10 code [0x00000287f254a080, 0x00000287f254a148]
Event: 1142.836 Thread 0x00000287c701ffe0 6863       4       com.sun.javafx.sg.prism.NGNode$PassThrough::filter (41 bytes)
Event: 1142.843 Thread 0x00000287c701ffe0 nmethod 6863 0x00000287f254a210 code [0x00000287f254a3a0, 0x00000287f254a980]
Event: 1166.842 Thread 0x00000287c701ffe0 6864       4       javafx.scene.Node$7::invalidated (11 bytes)
Event: 1166.843 Thread 0x00000287c701ffe0 nmethod 6864 0x00000287f254ac90 code [0x00000287f254ae00, 0x00000287f254af20]
Event: 1173.844 Thread 0x00000287c701ffe0 6865       4       com.sun.scenario.effect.impl.EffectPeer::getTextureCoordinates (16 bytes)
Event: 1173.848 Thread 0x00000287c701ffe0 nmethod 6865 0x00000287f254b090 code [0x00000287f254b220, 0x00000287f254b478]
Event: 1240.755 Thread 0x00000287c700c690 6866   !   3       jdk.internal.loader.URLClassPath::check (123 bytes)
Event: 1240.755 Thread 0x00000287c700c690 nmethod 6866 0x00000287eb569510 code [0x00000287eb5696a0, 0x00000287eb569878]
Event: 1245.769 Thread 0x00000287c700c690 6867   !   3       com.mysql.cj.jdbc.AbandonedConnectionCleanupThread::checkThreadContextClassLoader (20 bytes)
Event: 1245.771 Thread 0x00000287c700c690 nmethod 6867 0x00000287eb569990 code [0x00000287eb569b80, 0x00000287eb56a1d0]
Event: 1351.337 Thread 0x00000287c701ffe0 6868       4       com.sun.marlin.Helpers::cubicRootsInAB (363 bytes)
Event: 1351.338 Thread 0x00000287c701ffe0 nmethod 6868 0x00000287f254b690 code [0x00000287f254b840, 0x00000287f254bb70]
Event: 1351.338 Thread 0x00000287c701ffe0 6869       4       com.sun.marlin.Helpers::quadraticRoots (145 bytes)
Event: 1351.339 Thread 0x00000287c701ffe0 nmethod 6869 0x00000287f254c010 code [0x00000287f254c1c0, 0x00000287f254c310]
Event: 1378.340 Thread 0x00000287c701ffe0 6870       4       javafx.beans.binding.BooleanBinding::get (25 bytes)
Event: 1378.342 Thread 0x00000287c701ffe0 nmethod 6870 0x00000287f254c490 code [0x00000287f254c600, 0x00000287f254c6c0]
Event: 1429.331 Thread 0x00000287c701ffe0 6871       4       com.sun.scenario.effect.FilterEffect::filter (265 bytes)

GC Heap History (18 events):
Event: 0.838 GC heap before
{Heap before GC invocations=0 (full 0):
 garbage-first heap   total 258048K, used 20480K [0x0000000704a00000, 0x0000000800000000)
  region size 2048K, 11 young (22528K), 0 survivors (0K)
 Metaspace       used 3980K, committed 4160K, reserved 1114112K
  class space    used 431K, committed 512K, reserved 1048576K
}
Event: 0.841 GC heap after
{Heap after GC invocations=1 (full 0):
 garbage-first heap   total 258048K, used 2527K [0x0000000704a00000, 0x0000000800000000)
  region size 2048K, 2 young (4096K), 2 survivors (4096K)
 Metaspace       used 3980K, committed 4160K, reserved 1114112K
  class space    used 431K, committed 512K, reserved 1048576K
}
Event: 1.664 GC heap before
{Heap before GC invocations=1 (full 0):
 garbage-first heap   total 258048K, used 43487K [0x0000000704a00000, 0x0000000800000000)
  region size 2048K, 22 young (45056K), 2 survivors (4096K)
 Metaspace       used 15114K, committed 15488K, reserved 1114112K
  class space    used 2333K, committed 2496K, reserved 1048576K
}
Event: 1.669 GC heap after
{Heap after GC invocations=2 (full 0):
 garbage-first heap   total 258048K, used 10063K [0x0000000704a00000, 0x0000000800000000)
  region size 2048K, 3 young (6144K), 3 survivors (6144K)
 Metaspace       used 15114K, committed 15488K, reserved 1114112K
  class space    used 2333K, committed 2496K, reserved 1048576K
}
Event: 12.377 GC heap before
{Heap before GC invocations=2 (full 0):
 garbage-first heap   total 258048K, used 32591K [0x0000000704a00000, 0x0000000800000000)
  region size 2048K, 14 young (28672K), 3 survivors (6144K)
 Metaspace       used 21094K, committed 21504K, reserved 1114112K
  class space    used 3004K, committed 3200K, reserved 1048576K
}
Event: 12.383 GC heap after
{Heap after GC invocations=3 (full 0):
 garbage-first heap   total 258048K, used 16178K [0x0000000704a00000, 0x0000000800000000)
  region size 2048K, 5 young (10240K), 5 survivors (10240K)
 Metaspace       used 21094K, committed 21504K, reserved 1114112K
  class space    used 3004K, committed 3200K, reserved 1048576K
}
Event: 32.374 GC heap before
{Heap before GC invocations=4 (full 0):
 garbage-first heap   total 69632K, used 46898K [0x0000000704a00000, 0x0000000800000000)
  region size 2048K, 20 young (40960K), 5 survivors (10240K)
 Metaspace       used 29314K, committed 29696K, reserved 1114112K
  class space    used 4043K, committed 4224K, reserved 1048576K
}
Event: 32.382 GC heap after
{Heap after GC invocations=5 (full 0):
 garbage-first heap   total 69632K, used 19314K [0x0000000704a00000, 0x0000000800000000)
  region size 2048K, 2 young (4096K), 2 survivors (4096K)
 Metaspace       used 29314K, committed 29696K, reserved 1114112K
  class space    used 4043K, committed 4224K, reserved 1048576K
}
Event: 118.835 GC heap before
{Heap before GC invocations=5 (full 0):
 garbage-first heap   total 69632K, used 52082K [0x0000000704a00000, 0x0000000800000000)
  region size 2048K, 18 young (36864K), 2 survivors (4096K)
 Metaspace       used 32064K, committed 32448K, reserved 1114112K
  class space    used 4514K, committed 4672K, reserved 1048576K
}
Event: 118.840 GC heap after
{Heap after GC invocations=6 (full 0):
 garbage-first heap   total 69632K, used 23163K [0x0000000704a00000, 0x0000000800000000)
  region size 2048K, 2 young (4096K), 2 survivors (4096K)
 Metaspace       used 32064K, committed 32448K, reserved 1114112K
  class space    used 4514K, committed 4672K, reserved 1048576K
}
Event: 389.335 GC heap before
{Heap before GC invocations=6 (full 0):
 garbage-first heap   total 69632K, used 53883K [0x0000000704a00000, 0x0000000800000000)
  region size 2048K, 17 young (34816K), 2 survivors (4096K)
 Metaspace       used 32074K, committed 32448K, reserved 1114112K
  class space    used 4514K, committed 4672K, reserved 1048576K
}
Event: 389.337 GC heap after
{Heap after GC invocations=7 (full 0):
 garbage-first heap   total 69632K, used 23334K [0x0000000704a00000, 0x0000000800000000)
  region size 2048K, 1 young (2048K), 1 survivors (2048K)
 Metaspace       used 32074K, committed 32448K, reserved 1114112K
  class space    used 4514K, committed 4672K, reserved 1048576K
}
Event: 681.333 GC heap before
{Heap before GC invocations=7 (full 0):
 garbage-first heap   total 69632K, used 56102K [0x0000000704a00000, 0x0000000800000000)
  region size 2048K, 17 young (34816K), 1 survivors (2048K)
 Metaspace       used 32077K, committed 32448K, reserved 1114112K
  class space    used 4514K, committed 4672K, reserved 1048576K
}
Event: 681.334 GC heap after
{Heap after GC invocations=8 (full 0):
 garbage-first heap   total 69632K, used 22789K [0x0000000704a00000, 0x0000000800000000)
  region size 2048K, 1 young (2048K), 1 survivors (2048K)
 Metaspace       used 32077K, committed 32448K, reserved 1114112K
  class space    used 4514K, committed 4672K, reserved 1048576K
}
Event: 977.498 GC heap before
{Heap before GC invocations=8 (full 0):
 garbage-first heap   total 69632K, used 55557K [0x0000000704a00000, 0x0000000800000000)
  region size 2048K, 17 young (34816K), 1 survivors (2048K)
 Metaspace       used 32077K, committed 32448K, reserved 1114112K
  class space    used 4514K, committed 4672K, reserved 1048576K
}
Event: 977.501 GC heap after
{Heap after GC invocations=9 (full 0):
 garbage-first heap   total 69632K, used 22629K [0x0000000704a00000, 0x0000000800000000)
  region size 2048K, 1 young (2048K), 1 survivors (2048K)
 Metaspace       used 32077K, committed 32448K, reserved 1114112K
  class space    used 4514K, committed 4672K, reserved 1048576K
}
Event: 1291.411 GC heap before
{Heap before GC invocations=9 (full 0):
 garbage-first heap   total 69632K, used 57445K [0x0000000704a00000, 0x0000000800000000)
  region size 2048K, 18 young (36864K), 1 survivors (2048K)
 Metaspace       used 32081K, committed 32448K, reserved 1114112K
  class space    used 4514K, committed 4672K, reserved 1048576K
}
Event: 1291.412 GC heap after
{Heap after GC invocations=10 (full 0):
 garbage-first heap   total 69632K, used 22618K [0x0000000704a00000, 0x0000000800000000)
  region size 2048K, 1 young (2048K), 1 survivors (2048K)
 Metaspace       used 32081K, committed 32448K, reserved 1114112K
  class space    used 4514K, committed 4672K, reserved 1048576K
}

Dll operation events (20 events):
Event: 0.462 Loaded shared library C:\Users\votan\.openjfx\cache\20.0.2+3\amd64\api-ms-win-crt-multibyte-l1-1-0.dll
Event: 0.465 Loaded shared library C:\Users\votan\.openjfx\cache\20.0.2+3\amd64\api-ms-win-crt-private-l1-1-0.dll
Event: 0.468 Loaded shared library C:\Users\votan\.openjfx\cache\20.0.2+3\amd64\api-ms-win-crt-process-l1-1-0.dll
Event: 0.472 Loaded shared library C:\Users\votan\.openjfx\cache\20.0.2+3\amd64\api-ms-win-crt-runtime-l1-1-0.dll
Event: 0.475 Loaded shared library C:\Users\votan\.openjfx\cache\20.0.2+3\amd64\api-ms-win-crt-stdio-l1-1-0.dll
Event: 0.479 Loaded shared library C:\Users\votan\.openjfx\cache\20.0.2+3\amd64\api-ms-win-crt-string-l1-1-0.dll
Event: 0.482 Loaded shared library C:\Users\votan\.openjfx\cache\20.0.2+3\amd64\api-ms-win-crt-time-l1-1-0.dll
Event: 0.485 Loaded shared library C:\Users\votan\.openjfx\cache\20.0.2+3\amd64\api-ms-win-crt-utility-l1-1-0.dll
Event: 0.499 Loaded shared library C:\Users\votan\.openjfx\cache\20.0.2+3\amd64\ucrtbase.dll
Event: 0.504 Loaded shared library C:\Users\votan\.openjfx\cache\20.0.2+3\amd64\vcruntime140.dll
Event: 0.507 Loaded shared library C:\Users\votan\.openjfx\cache\20.0.2+3\amd64\vcruntime140_1.dll
Event: 0.515 Loaded shared library C:\Users\votan\.openjfx\cache\20.0.2+3\amd64\msvcp140.dll
Event: 0.518 Loaded shared library C:\Users\votan\.openjfx\cache\20.0.2+3\amd64\msvcp140_1.dll
Event: 0.523 Loaded shared library C:\Users\votan\.openjfx\cache\20.0.2+3\amd64\msvcp140_2.dll
Event: 0.565 Loaded shared library C:\Users\votan\.openjfx\cache\20.0.2+3\amd64\prism_d3d.dll
Event: 0.618 Loaded shared library C:\Users\votan\.openjfx\cache\20.0.2+3\amd64\glass.dll
Event: 0.885 Loaded shared library C:\Program Files\Java\jdk-20\bin\jimage.dll
Event: 1.003 Loaded shared library C:\Users\votan\.openjfx\cache\20.0.2+3\amd64\javafx_iio.dll
Event: 1.055 Loaded shared library C:\Users\votan\.openjfx\cache\20.0.2+3\amd64\javafx_font.dll
Event: 12.410 Loaded shared library C:\Program Files\Java\jdk-20\bin\sunmscapi.dll

Deoptimization events (20 events):
Event: 88.833 Thread 0x00000287c790b750 Uncommon trap: trap_request=0xffffffbe fr.pc=0x00000287f2503bdc relative=0x0000000000000efc
Event: 88.833 Thread 0x00000287c790b750 Uncommon trap: reason=profile_predicate action=maybe_recompile pc=0x00000287f2503bdc method=com.sun.prism.impl.ps.PaintHelper.setMultiGradient(Lcom/sun/prism/ps/Shader;Lcom/sun/prism/paint/Gradient;)V @ 24 c2
Event: 88.833 Thread 0x00000287c790b750 DEOPT PACKING pc=0x00000287f2503bdc sp=0x000000aedf7fdf90
Event: 88.833 Thread 0x00000287c790b750 DEOPT UNPACKING pc=0x00000287f1bad2a2 sp=0x000000aedf7fdf50 mode 2
Event: 88.833 Thread 0x00000287c790b750 Uncommon trap: trap_request=0xffffffbe fr.pc=0x00000287f2503bdc relative=0x0000000000000efc
Event: 88.833 Thread 0x00000287c790b750 Uncommon trap: reason=profile_predicate action=maybe_recompile pc=0x00000287f2503bdc method=com.sun.prism.impl.ps.PaintHelper.setMultiGradient(Lcom/sun/prism/ps/Shader;Lcom/sun/prism/paint/Gradient;)V @ 24 c2
Event: 88.833 Thread 0x00000287c790b750 DEOPT PACKING pc=0x00000287f2503bdc sp=0x000000aedf7fdf90
Event: 88.833 Thread 0x00000287c790b750 DEOPT UNPACKING pc=0x00000287f1bad2a2 sp=0x000000aedf7fdf50 mode 2
Event: 88.833 Thread 0x00000287c790b750 Uncommon trap: trap_request=0xffffffbe fr.pc=0x00000287f2503bdc relative=0x0000000000000efc
Event: 88.833 Thread 0x00000287c790b750 Uncommon trap: reason=profile_predicate action=maybe_recompile pc=0x00000287f2503bdc method=com.sun.prism.impl.ps.PaintHelper.setMultiGradient(Lcom/sun/prism/ps/Shader;Lcom/sun/prism/paint/Gradient;)V @ 24 c2
Event: 88.833 Thread 0x00000287c790b750 DEOPT PACKING pc=0x00000287f2503bdc sp=0x000000aedf7fdf90
Event: 88.833 Thread 0x00000287c790b750 DEOPT UNPACKING pc=0x00000287f1bad2a2 sp=0x000000aedf7fdf50 mode 2
Event: 118.841 Thread 0x00000287c790b750 Uncommon trap: trap_request=0xffffff45 fr.pc=0x00000287f22df0a4 relative=0x00000000000000a4
Event: 118.841 Thread 0x00000287c790b750 Uncommon trap: reason=unstable_if action=reinterpret pc=0x00000287f22df0a4 method=com.sun.prism.impl.ManagedResource._isgone(Lcom/sun/prism/impl/ManagedResource;)Z @ 1 c2
Event: 118.841 Thread 0x00000287c790b750 DEOPT PACKING pc=0x00000287f22df0a4 sp=0x000000aedf7fef70
Event: 118.841 Thread 0x00000287c790b750 DEOPT UNPACKING pc=0x00000287f1bad2a2 sp=0x000000aedf7fef08 mode 2
Event: 468.840 Thread 0x00000287c790b750 DEOPT PACKING pc=0x00000287eb536c32 sp=0x000000aedf7fefa0
Event: 468.840 Thread 0x00000287c790b750 DEOPT UNPACKING pc=0x00000287f1bfe462 sp=0x000000aedf7fe458 mode 0
Event: 907.242 Thread 0x00000287c7df5440 DEOPT PACKING pc=0x00000287eb561e22 sp=0x000000aedf3ff720
Event: 907.245 Thread 0x00000287c7df5440 DEOPT UNPACKING pc=0x00000287f1bfe462 sp=0x000000aedf3febf8 mode 0

Classes loaded (20 events):
Event: 33.174 Loading class sun/reflect/generics/tree/Wildcard
Event: 33.174 Loading class sun/reflect/generics/tree/Wildcard done
Event: 33.174 Loading class sun/reflect/generics/reflectiveObjects/WildcardTypeImpl
Event: 33.174 Loading class java/lang/reflect/WildcardType
Event: 33.174 Loading class java/lang/reflect/WildcardType done
Event: 33.174 Loading class sun/reflect/generics/reflectiveObjects/WildcardTypeImpl done
Event: 38.034 Loading class java/util/RegularEnumSet$EnumSetIterator
Event: 38.034 Loading class java/util/RegularEnumSet$EnumSetIterator done
Event: 38.045 Loading class java/util/concurrent/atomic/AtomicReferenceFieldUpdater
Event: 38.045 Loading class java/util/concurrent/atomic/AtomicReferenceFieldUpdater done
Event: 38.045 Loading class java/util/concurrent/atomic/AtomicReferenceFieldUpdater$AtomicReferenceFieldUpdaterImpl
Event: 38.046 Loading class java/util/concurrent/atomic/AtomicReferenceFieldUpdater$AtomicReferenceFieldUpdaterImpl done
Event: 38.046 Loading class java/util/concurrent/atomic/AtomicReferenceFieldUpdater$AtomicReferenceFieldUpdaterImpl$1
Event: 38.046 Loading class java/util/concurrent/atomic/AtomicReferenceFieldUpdater$AtomicReferenceFieldUpdaterImpl$1 done
Event: 38.046 Loading class sun/reflect/misc/ReflectUtil
Event: 38.046 Loading class sun/reflect/misc/ReflectUtil done
Event: 38.047 Loading class java/lang/Throwable$WrappedPrintStream
Event: 38.047 Loading class java/lang/Throwable$PrintStreamOrWriter
Event: 38.047 Loading class java/lang/Throwable$PrintStreamOrWriter done
Event: 38.047 Loading class java/lang/Throwable$WrappedPrintStream done

Classes unloaded (0 events):
No events

Classes redefined (0 events):
No events

Internal exceptions (20 events):
Event: 12.256 Thread 0x00000287c7de9c20 Exception <a 'sun/nio/fs/WindowsException'{0x00000007137f9cb0}> (0x00000007137f9cb0) 
thrown [s\open\src\hotspot\share\prims\jni.cpp, line 519]
Event: 12.259 Thread 0x00000287c7de9c20 Exception <a 'java/lang/NoSuchMethodError'{0x000000071340b000}: 'java.lang.Object java.lang.invoke.DirectMethodHandle$Holder.invokeVirtual(java.lang.Object, java.lang.Object, java.lang.Object)'> (0x000000071340b000) 
thrown [s\open\src\hotspot\share\interpreter\linkResolver.cpp, line 773]
Event: 12.310 Thread 0x00000287c7de9c20 Exception <a 'sun/nio/fs/WindowsException'{0x0000000713312470}> (0x0000000713312470) 
thrown [s\open\src\hotspot\share\prims\jni.cpp, line 519]
Event: 12.319 Thread 0x00000287c7de9c20 Exception <a 'java/lang/ClassNotFoundException'{0x000000071331abc0}: jdk/net/ExtendedSocketOptions> (0x000000071331abc0) 
thrown [s\open\src\hotspot\share\classfile\systemDictionary.cpp, line 305]
Event: 12.392 Thread 0x00000287c7de9c20 Exception <a 'sun/nio/fs/WindowsException'{0x0000000714421f48}> (0x0000000714421f48) 
thrown [s\open\src\hotspot\share\prims\jni.cpp, line 519]
Event: 12.439 Thread 0x00000287c7de9c20 Exception <a 'sun/nio/fs/WindowsException'{0x0000000714326020}> (0x0000000714326020) 
thrown [s\open\src\hotspot\share\prims\jni.cpp, line 519]
Event: 12.446 Thread 0x00000287c7de9c20 Exception <a 'sun/nio/fs/WindowsException'{0x000000071433ad30}> (0x000000071433ad30) 
thrown [s\open\src\hotspot\share\prims\jni.cpp, line 519]
Event: 12.867 Thread 0x00000287c7de9c20 Exception <a 'java/io/IOException'{0x0000000707dafef0}> (0x0000000707dafef0) 
thrown [s\open\src\hotspot\share\prims\jni.cpp, line 519]
Event: 12.868 Thread 0x00000287c7de9c20 Exception <a 'java/lang/NoSuchMethodError'{0x0000000707db1240}: 'void java.lang.invoke.DirectMethodHandle$Holder.invokeInterface(java.lang.Object, java.lang.Object)'> (0x0000000707db1240) 
thrown [s\open\src\hotspot\share\interpreter\linkResolver.cpp, line 773]
Event: 18.191 Thread 0x00000287c7de9c20 Exception <a 'java/io/IOException'{0x000000070763e450}> (0x000000070763e450) 
thrown [s\open\src\hotspot\share\prims\jni.cpp, line 519]
Event: 22.133 Thread 0x00000287c7de9c20 Exception <a 'java/io/IOException'{0x00000007077c5cb0}> (0x00000007077c5cb0) 
thrown [s\open\src\hotspot\share\prims\jni.cpp, line 519]
Event: 29.579 Thread 0x00000287c7de9c20 Exception <a 'java/io/IOException'{0x0000000707027358}> (0x0000000707027358) 
thrown [s\open\src\hotspot\share\prims\jni.cpp, line 519]
Event: 30.875 Thread 0x00000287c7de9c20 Exception <a 'java/io/IOException'{0x0000000706d9fc50}> (0x0000000706d9fc50) 
thrown [s\open\src\hotspot\share\prims\jni.cpp, line 519]
Event: 30.879 Thread 0x00000287c7de9c20 Exception <a 'java/io/FileNotFoundException'{0x0000000706ddbab0}> (0x0000000706ddbab0) 
thrown [s\open\src\hotspot\share\prims\jni.cpp, line 519]
Event: 30.902 Thread 0x00000287c7de9c20 Exception <a 'sun/nio/fs/WindowsException'{0x0000000706a78928}> (0x0000000706a78928) 
thrown [s\open\src\hotspot\share\prims\jni.cpp, line 519]
Event: 30.904 Thread 0x00000287c7de9c20 Exception <a 'java/lang/ClassNotFoundException'{0x0000000706a84c38}: sun/util/logging/resources/spi/loggingProvider> (0x0000000706a84c38) 
thrown [s\open\src\hotspot\share\classfile\systemDictionary.cpp, line 305]
Event: 30.911 Thread 0x00000287c7de9c20 Implicit null exception at 0x00000287f22f1a5a to 0x00000287f22f222c
Event: 30.925 Thread 0x00000287c7de9c20 Implicit null exception at 0x00000287f22e22fe to 0x00000287f22e2458
Event: 32.333 Thread 0x00000287c790b750 Exception <a 'java/lang/NoSuchMethodError'{0x00000007073ce298}: 'java.lang.Object java.lang.invoke.DirectMethodHandle$Holder.invokeStaticInit(java.lang.Object, int)'> (0x00000007073ce298) 
thrown [s\open\src\hotspot\share\interpreter\linkResolver.cpp, line 773]
Event: 118.841 Thread 0x00000287c790b750 Implicit null exception at 0x00000287f22df01a to 0x00000287f22df094

VM Operations (20 events):
Event: 1142.850 Executing VM operation: HandshakeAllThreads
Event: 1142.850 Executing VM operation: HandshakeAllThreads done
Event: 1143.863 Executing VM operation: Cleanup
Event: 1143.863 Executing VM operation: Cleanup done
Event: 1145.890 Executing VM operation: Cleanup
Event: 1145.890 Executing VM operation: Cleanup done
Event: 1168.104 Executing VM operation: Cleanup
Event: 1168.104 Executing VM operation: Cleanup done
Event: 1203.095 Executing VM operation: HandshakeAllThreads
Event: 1203.095 Executing VM operation: HandshakeAllThreads done
Event: 1263.297 Executing VM operation: HandshakeAllThreads
Event: 1263.297 Executing VM operation: HandshakeAllThreads done
Event: 1291.411 Executing VM operation: G1CollectForAllocation
Event: 1291.412 Executing VM operation: G1CollectForAllocation done
Event: 1323.308 Executing VM operation: HandshakeAllThreads
Event: 1323.309 Executing VM operation: HandshakeAllThreads done
Event: 1379.750 Executing VM operation: Cleanup
Event: 1379.750 Executing VM operation: Cleanup done
Event: 1383.430 Executing VM operation: HandshakeAllThreads
Event: 1383.431 Executing VM operation: HandshakeAllThreads done

Events (20 events):
Event: 0.206 Thread 0x00000287c7293cf0 Thread added: 0x00000287c7293cf0
Event: 0.243 Thread 0x00000287c73523e0 Thread added: 0x00000287c73523e0
Event: 0.555 Thread 0x00000287c790b750 Thread added: 0x00000287c790b750
Event: 0.604 Thread 0x00000287c7293cf0 Thread exited: 0x00000287c7293cf0
Event: 0.604 Thread 0x00000287c7229630 Thread exited: 0x00000287c7229630
Event: 0.620 Thread 0x00000287c7df5440 Thread added: 0x00000287c7df5440
Event: 0.622 Thread 0x00000287c7de9c20 Thread added: 0x00000287c7de9c20
Event: 0.837 Thread 0x00000287c80607a0 Thread added: 0x00000287c80607a0
Event: 0.855 Thread 0x00000287c7e443e0 Thread added: 0x00000287c7e443e0
Event: 0.889 Thread 0x00000287c813c250 Thread added: 0x00000287c813c250
Event: 1.186 Thread 0x00000287c830d040 Thread added: 0x00000287c830d040
Event: 1.902 Thread 0x00000287d0fb7c70 Thread added: 0x00000287d0fb7c70
Event: 1.999 Thread 0x00000287c813c250 Thread exited: 0x00000287c813c250
Event: 12.228 Thread 0x00000287d0fb71d0 Thread added: 0x00000287d0fb71d0
Event: 12.235 Thread 0x00000287c8b30c70 Thread added: 0x00000287c8b30c70
Event: 12.668 Thread 0x00000287c8b30c70 Thread exited: 0x00000287c8b30c70
Event: 12.689 Thread 0x00000287c754b550 Thread added: 0x00000287c754b550
Event: 13.307 Thread 0x00000287c754b550 Thread exited: 0x00000287c754b550
Event: 18.174 Thread 0x00000287c8939370 Thread added: 0x00000287c8939370
Event: 18.322 Thread 0x00000287c8939370 Thread exited: 0x00000287c8939370


Dynamic libraries:
0x00007ff664cc0000 - 0x00007ff664cd0000 	C:\Program Files\Java\jdk-20\bin\java.exe
0x00007ffb987b0000 - 0x00007ffb989c4000 	C:\Windows\SYSTEM32\ntdll.dll
0x00007ffb96d80000 - 0x00007ffb96e44000 	C:\Windows\System32\KERNEL32.DLL
0x00007ffb96190000 - 0x00007ffb96534000 	C:\Windows\System32\KERNELBASE.dll
0x00007ffb95e20000 - 0x00007ffb95f31000 	C:\Windows\System32\ucrtbase.dll
0x00007ffb7b7b0000 - 0x00007ffb7b7c9000 	C:\Program Files\Java\jdk-20\bin\jli.dll
0x00007ffb29080000 - 0x00007ffb2909b000 	C:\Program Files\Java\jdk-20\bin\VCRUNTIME140.dll
0x00007ffb98250000 - 0x00007ffb98300000 	C:\Windows\System32\ADVAPI32.dll
0x00007ffb96990000 - 0x00007ffb96a37000 	C:\Windows\System32\msvcrt.dll
0x00007ffb972e0000 - 0x00007ffb97386000 	C:\Windows\System32\sechost.dll
0x00007ffb96540000 - 0x00007ffb96657000 	C:\Windows\System32\RPCRT4.dll
0x00007ffb98520000 - 0x00007ffb986ce000 	C:\Windows\System32\USER32.dll
0x00007ffb95cd0000 - 0x00007ffb95cf6000 	C:\Windows\System32\win32u.dll
0x00007ffb96d00000 - 0x00007ffb96d29000 	C:\Windows\System32\GDI32.dll
0x00007ffb95d00000 - 0x00007ffb95e18000 	C:\Windows\System32\gdi32full.dll
0x00007ffb95f40000 - 0x00007ffb95fda000 	C:\Windows\System32\msvcp_win.dll
0x00007ffb55dd0000 - 0x00007ffb56063000 	C:\Windows\WinSxS\amd64_microsoft.windows.common-controls_6595b64144ccf1df_6.0.22621.2215_none_270d72677387dfc3\COMCTL32.dll
0x00007ffb8bbe0000 - 0x00007ffb8bbea000 	C:\Windows\SYSTEM32\VERSION.dll
0x00007ffb96a40000 - 0x00007ffb96a71000 	C:\Windows\System32\IMM32.DLL
0x00007ffb41290000 - 0x00007ffb4129c000 	C:\Program Files\Java\jdk-20\bin\vcruntime140_1.dll
0x00007ffb739a0000 - 0x00007ffb73a2e000 	C:\Program Files\Java\jdk-20\bin\msvcp140.dll
0x00007ffb114a0000 - 0x00007ffb12138000 	C:\Program Files\Java\jdk-20\bin\server\jvm.dll
0x00007ffb775c0000 - 0x00007ffb775c9000 	C:\Windows\SYSTEM32\WSOCK32.dll
0x00007ffb880f0000 - 0x00007ffb88124000 	C:\Windows\SYSTEM32\WINMM.dll
0x00007ffb983e0000 - 0x00007ffb98451000 	C:\Windows\System32\WS2_32.dll
0x00007ffb94b20000 - 0x00007ffb94b38000 	C:\Windows\SYSTEM32\kernel.appcore.dll
0x00007ffb314c0000 - 0x00007ffb314ca000 	C:\Program Files\Java\jdk-20\bin\jimage.dll
0x00007ffb934f0000 - 0x00007ffb9371e000 	C:\Windows\SYSTEM32\DBGHELP.DLL
0x00007ffb97550000 - 0x00007ffb978da000 	C:\Windows\System32\combase.dll
0x00007ffb98300000 - 0x00007ffb983d7000 	C:\Windows\System32\OLEAUT32.dll
0x00007ffb7dd40000 - 0x00007ffb7dd72000 	C:\Windows\SYSTEM32\dbgcore.DLL
0x00007ffb96050000 - 0x00007ffb960ca000 	C:\Windows\System32\bcryptPrimitives.dll
0x00007ffb22b70000 - 0x00007ffb22b96000 	C:\Program Files\Java\jdk-20\bin\java.dll
0x00007ffb113c0000 - 0x00007ffb11497000 	C:\Program Files\Java\jdk-20\bin\jsvml.dll
0x00007ffb97a20000 - 0x00007ffb98243000 	C:\Windows\System32\SHELL32.dll
0x00007ffb93aa0000 - 0x00007ffb9438a000 	C:\Windows\SYSTEM32\windows.storage.dll
0x00007ffb93960000 - 0x00007ffb93a9e000 	C:\Windows\SYSTEM32\wintypes.dll
0x00007ffb978e0000 - 0x00007ffb979d3000 	C:\Windows\System32\SHCORE.dll
0x00007ffb98460000 - 0x00007ffb984be000 	C:\Windows\System32\shlwapi.dll
0x00007ffb95a90000 - 0x00007ffb95ab6000 	C:\Windows\SYSTEM32\profapi.dll
0x00007ffb23500000 - 0x00007ffb23513000 	C:\Program Files\Java\jdk-20\bin\net.dll
0x00007ffb8b380000 - 0x00007ffb8b4b7000 	C:\Windows\SYSTEM32\WINHTTP.dll
0x00007ffb94fe0000 - 0x00007ffb95049000 	C:\Windows\system32\mswsock.dll
0x00007ffb16010000 - 0x00007ffb16026000 	C:\Program Files\Java\jdk-20\bin\nio.dll
0x00007ffb15ff0000 - 0x00007ffb16008000 	C:\Program Files\Java\jdk-20\bin\zip.dll
0x00000287c8bd0000 - 0x00000287c8bd3000 	C:\Users\votan\.openjfx\cache\20.0.2+3\amd64\api-ms-win-core-console-l1-1-0.dll
0x00000287c8be0000 - 0x00000287c8be3000 	C:\Users\votan\.openjfx\cache\20.0.2+3\amd64\api-ms-win-core-console-l1-2-0.dll
0x00000287c8bf0000 - 0x00000287c8bf3000 	C:\Users\votan\.openjfx\cache\20.0.2+3\amd64\api-ms-win-core-datetime-l1-1-0.dll
0x00000287c8c00000 - 0x00000287c8c03000 	C:\Users\votan\.openjfx\cache\20.0.2+3\amd64\api-ms-win-core-debug-l1-1-0.dll
0x00000287c8c10000 - 0x00000287c8c13000 	C:\Users\votan\.openjfx\cache\20.0.2+3\amd64\api-ms-win-core-errorhandling-l1-1-0.dll
0x00000287c8c20000 - 0x00000287c8c24000 	C:\Users\votan\.openjfx\cache\20.0.2+3\amd64\api-ms-win-core-file-l1-1-0.dll
0x00000287c8c30000 - 0x00000287c8c33000 	C:\Users\votan\.openjfx\cache\20.0.2+3\amd64\api-ms-win-core-file-l1-2-0.dll
0x00000287c8c40000 - 0x00000287c8c43000 	C:\Users\votan\.openjfx\cache\20.0.2+3\amd64\api-ms-win-core-file-l2-1-0.dll
0x00000287c8c50000 - 0x00000287c8c53000 	C:\Users\votan\.openjfx\cache\20.0.2+3\amd64\api-ms-win-core-handle-l1-1-0.dll
0x00000287c8c60000 - 0x00000287c8c63000 	C:\Users\votan\.openjfx\cache\20.0.2+3\amd64\api-ms-win-core-heap-l1-1-0.dll
0x00000287c8c70000 - 0x00000287c8c73000 	C:\Users\votan\.openjfx\cache\20.0.2+3\amd64\api-ms-win-core-interlocked-l1-1-0.dll
0x00000287c8c80000 - 0x00000287c8c83000 	C:\Users\votan\.openjfx\cache\20.0.2+3\amd64\api-ms-win-core-libraryloader-l1-1-0.dll
0x00000287c8c90000 - 0x00000287c8c93000 	C:\Users\votan\.openjfx\cache\20.0.2+3\amd64\api-ms-win-core-localization-l1-2-0.dll
0x00000287c8ca0000 - 0x00000287c8ca3000 	C:\Users\votan\.openjfx\cache\20.0.2+3\amd64\api-ms-win-core-memory-l1-1-0.dll
0x00000287c8cb0000 - 0x00000287c8cb3000 	C:\Users\votan\.openjfx\cache\20.0.2+3\amd64\api-ms-win-core-namedpipe-l1-1-0.dll
0x00000287c8cc0000 - 0x00000287c8cc3000 	C:\Users\votan\.openjfx\cache\20.0.2+3\amd64\api-ms-win-core-processenvironment-l1-1-0.dll
0x00000287c8cd0000 - 0x00000287c8cd3000 	C:\Users\votan\.openjfx\cache\20.0.2+3\amd64\api-ms-win-core-processthreads-l1-1-0.dll
0x00000287c8ce0000 - 0x00000287c8ce3000 	C:\Users\votan\.openjfx\cache\20.0.2+3\amd64\api-ms-win-core-processthreads-l1-1-1.dll
0x00000287c8cf0000 - 0x00000287c8cf3000 	C:\Users\votan\.openjfx\cache\20.0.2+3\amd64\api-ms-win-core-profile-l1-1-0.dll
0x00000287c8d00000 - 0x00000287c8d03000 	C:\Users\votan\.openjfx\cache\20.0.2+3\amd64\api-ms-win-core-rtlsupport-l1-1-0.dll
0x00000287c8d10000 - 0x00000287c8d13000 	C:\Users\votan\.openjfx\cache\20.0.2+3\amd64\api-ms-win-core-string-l1-1-0.dll
0x00000287c8d20000 - 0x00000287c8d23000 	C:\Users\votan\.openjfx\cache\20.0.2+3\amd64\api-ms-win-core-synch-l1-1-0.dll
0x00000287c8d30000 - 0x00000287c8d33000 	C:\Users\votan\.openjfx\cache\20.0.2+3\amd64\api-ms-win-core-synch-l1-2-0.dll
0x00000287c8d40000 - 0x00000287c8d43000 	C:\Users\votan\.openjfx\cache\20.0.2+3\amd64\api-ms-win-core-sysinfo-l1-1-0.dll
0x00000287c8d50000 - 0x00000287c8d53000 	C:\Users\votan\.openjfx\cache\20.0.2+3\amd64\api-ms-win-core-timezone-l1-1-0.dll
0x00000287c8d60000 - 0x00000287c8d63000 	C:\Users\votan\.openjfx\cache\20.0.2+3\amd64\api-ms-win-core-util-l1-1-0.dll
0x00000287c8d70000 - 0x00000287c8d73000 	C:\Users\votan\.openjfx\cache\20.0.2+3\amd64\api-ms-win-crt-conio-l1-1-0.dll
0x00000287c8d80000 - 0x00000287c8d84000 	C:\Users\votan\.openjfx\cache\20.0.2+3\amd64\api-ms-win-crt-convert-l1-1-0.dll
0x00000287c8d90000 - 0x00000287c8d93000 	C:\Users\votan\.openjfx\cache\20.0.2+3\amd64\api-ms-win-crt-environment-l1-1-0.dll
0x00000287c8da0000 - 0x00000287c8da3000 	C:\Users\votan\.openjfx\cache\20.0.2+3\amd64\api-ms-win-crt-filesystem-l1-1-0.dll
0x00000287c8db0000 - 0x00000287c8db3000 	C:\Users\votan\.openjfx\cache\20.0.2+3\amd64\api-ms-win-crt-heap-l1-1-0.dll
0x00000287c8dc0000 - 0x00000287c8dc3000 	C:\Users\votan\.openjfx\cache\20.0.2+3\amd64\api-ms-win-crt-locale-l1-1-0.dll
0x00000287c8dd0000 - 0x00000287c8dd5000 	C:\Users\votan\.openjfx\cache\20.0.2+3\amd64\api-ms-win-crt-math-l1-1-0.dll
0x00000287c8de0000 - 0x00000287c8de5000 	C:\Users\votan\.openjfx\cache\20.0.2+3\amd64\api-ms-win-crt-multibyte-l1-1-0.dll
0x00000287c8df0000 - 0x00000287c8e00000 	C:\Users\votan\.openjfx\cache\20.0.2+3\amd64\api-ms-win-crt-private-l1-1-0.dll
0x00000287c8e00000 - 0x00000287c8e03000 	C:\Users\votan\.openjfx\cache\20.0.2+3\amd64\api-ms-win-crt-process-l1-1-0.dll
0x00000287c8e10000 - 0x00000287c8e14000 	C:\Users\votan\.openjfx\cache\20.0.2+3\amd64\api-ms-win-crt-runtime-l1-1-0.dll
0x00000287c8e20000 - 0x00000287c8e24000 	C:\Users\votan\.openjfx\cache\20.0.2+3\amd64\api-ms-win-crt-stdio-l1-1-0.dll
0x00000287c8e30000 - 0x00000287c8e34000 	C:\Users\votan\.openjfx\cache\20.0.2+3\amd64\api-ms-win-crt-string-l1-1-0.dll
0x00000287c8e40000 - 0x00000287c8e43000 	C:\Users\votan\.openjfx\cache\20.0.2+3\amd64\api-ms-win-crt-time-l1-1-0.dll
0x00000287c8e50000 - 0x00000287c8e53000 	C:\Users\votan\.openjfx\cache\20.0.2+3\amd64\api-ms-win-crt-utility-l1-1-0.dll
0x00007ffafbbf0000 - 0x00007ffafbcec000 	C:\Users\votan\.openjfx\cache\20.0.2+3\amd64\ucrtbase.dll
0x00007ffb7b670000 - 0x00007ffb7b68b000 	C:\Users\votan\.openjfx\cache\20.0.2+3\amd64\vcruntime140.dll
0x00007ffb7bb50000 - 0x00007ffb7bb5c000 	C:\Users\votan\.openjfx\cache\20.0.2+3\amd64\vcruntime140_1.dll
0x00007ffafbb60000 - 0x00007ffafbbee000 	C:\Users\votan\.openjfx\cache\20.0.2+3\amd64\msvcp140.dll
0x00007ffb78990000 - 0x00007ffb78999000 	C:\Users\votan\.openjfx\cache\20.0.2+3\amd64\msvcp140_1.dll
0x00007ffb46b00000 - 0x00007ffb46b30000 	C:\Users\votan\.openjfx\cache\20.0.2+3\amd64\msvcp140_2.dll
0x00007ffafed60000 - 0x00007ffafed8f000 	C:\Users\votan\.openjfx\cache\20.0.2+3\amd64\prism_d3d.dll
0x00007ffb59650000 - 0x00007ffb597f9000 	C:\Windows\system32\d3d9.dll
0x00007ffb93130000 - 0x00007ffb9315b000 	C:\Windows\SYSTEM32\dwmapi.dll
0x00007ffb92e00000 - 0x00007ffb92e38000 	C:\Windows\SYSTEM32\dxcore.dll
0x00007ffb92d20000 - 0x00007ffb92dcb000 	C:\Windows\system32\uxtheme.dll
0x00007ffb22e60000 - 0x00007ffb230d4000 	C:\Windows\System32\DriverStore\FileRepository\iigd_dch.inf_amd64_70ed43462b376a8e\igdumdim64.dll
0x00007ffb967f0000 - 0x00007ffb9698e000 	C:\Windows\System32\ole32.dll
0x00007ffb134d0000 - 0x00007ffb1482d000 	C:\Windows\System32\DriverStore\FileRepository\iigd_dch.inf_amd64_70ed43462b376a8e\igd9dxva64.dll
0x00007ffb96e50000 - 0x00007ffb972c4000 	C:\Windows\System32\SETUPAPI.dll
0x00007ffb95850000 - 0x00007ffb9589e000 	C:\Windows\SYSTEM32\cfgmgr32.dll
0x00007ffb1a140000 - 0x00007ffb1be65000 	C:\Windows\System32\DriverStore\FileRepository\iigd_dch.inf_amd64_70ed43462b376a8e\media_bin_64.dll
0x00007ffb87a80000 - 0x00007ffb87ebb000 	C:\Windows\System32\DriverStore\FileRepository\iigd_dch.inf_amd64_70ed43462b376a8e\igdgmm64.dll
0x00007ffb8e1d0000 - 0x00007ffb8e21a000 	C:\Windows\SYSTEM32\directxdatabasehelper.dll
0x00007ffafbb10000 - 0x00007ffafbb52000 	C:\Users\votan\.openjfx\cache\20.0.2+3\amd64\glass.dll
0x00007ffb966f0000 - 0x00007ffb967e9000 	C:\Windows\System32\COMDLG32.dll
0x00007ffb96ba0000 - 0x00007ffb96ce9000 	C:\Windows\System32\MSCTF.dll
0x00007ffb4fea0000 - 0x00007ffb4fec7000 	C:\Windows\System32\DriverStore\FileRepository\iigd_dch.inf_amd64_70ed43462b376a8e\igdinfo64.dll
0x00007ffb83a00000 - 0x00007ffb8788c000 	C:\Windows\System32\DriverStore\FileRepository\iigd_dch.inf_amd64_70ed43462b376a8e\igc64.dll
0x00007ffafded0000 - 0x00007ffafdefd000 	C:\Users\votan\.openjfx\cache\20.0.2+3\amd64\javafx_iio.dll
0x00007ffb78970000 - 0x00007ffb78984000 	C:\Users\votan\.openjfx\cache\20.0.2+3\amd64\javafx_font.dll
0x00007ffb91770000 - 0x00007ffb919d7000 	C:\Windows\SYSTEM32\dwrite.dll
0x00007ffb95370000 - 0x00007ffb9538b000 	C:\Windows\SYSTEM32\CRYPTSP.dll
0x00007ffb94ae0000 - 0x00007ffb94b15000 	C:\Windows\system32\rsaenh.dll
0x00007ffb95080000 - 0x00007ffb950ac000 	C:\Windows\SYSTEM32\USERENV.dll
0x00007ffb95510000 - 0x00007ffb95538000 	C:\Windows\SYSTEM32\bcrypt.dll
0x00007ffb952e0000 - 0x00007ffb952ec000 	C:\Windows\SYSTEM32\CRYPTBASE.dll
0x00007ffb945f0000 - 0x00007ffb9461d000 	C:\Windows\SYSTEM32\IPHLPAPI.DLL
0x00007ffb97a00000 - 0x00007ffb97a09000 	C:\Windows\System32\NSI.dll
0x00007ffb8b550000 - 0x00007ffb8b569000 	C:\Windows\SYSTEM32\dhcpcsvc6.DLL
0x00007ffb8b530000 - 0x00007ffb8b54f000 	C:\Windows\SYSTEM32\dhcpcsvc.DLL
0x00007ffb94660000 - 0x00007ffb94752000 	C:\Windows\SYSTEM32\DNSAPI.dll
0x00007ffb96a80000 - 0x00007ffb96b30000 	C:\Windows\System32\clbcatq.dll
0x00007ffb915c0000 - 0x00007ffb91770000 	C:\Windows\SYSTEM32\WindowsCodecs.dll
0x00007ffb33f50000 - 0x00007ffb33fae000 	C:\Windows\system32\dataexchange.dll
0x00007ffb8a750000 - 0x00007ffb8a9d2000 	C:\Windows\system32\twinapi.appcore.dll
0x00007ffafcfd0000 - 0x00007ffafd002000 	C:\Program Files\Common Files\Microsoft Shared\Ink\rtscom.dll

dbghelp: loaded successfully - version: 4.0.5 - missing functions: none
symbol engine: initialized successfully - sym options: 0x614 - pdb path: .;C:\Program Files\Java\jdk-20\bin;C:\Windows\SYSTEM32;C:\Windows\WinSxS\amd64_microsoft.windows.common-controls_6595b64144ccf1df_6.0.22621.2215_none_270d72677387dfc3;C:\Program Files\Java\jdk-20\bin\server;C:\Users\votan\.openjfx\cache\20.0.2+3\amd64;C:\Windows\System32\DriverStore\FileRepository\iigd_dch.inf_amd64_70ed43462b376a8e;C:\Program Files\Common Files\Microsoft Shared\Ink

VM Arguments:
jvm_args: --module-path=C:\Users\votan\OneDrive\Máy tính\Student_Management\Student_Management_Teacher\target\classes;C:\Users\votan\.m2\repository\io\github\palexdev\materialfx\11.16.1\materialfx-11.16.1.jar;C:\Users\votan\.m2\repository\io\github\palexdev\mfxcore\11.3.0\mfxcore-11.3.0.jar;C:\Users\votan\.m2\repository\io\github\palexdev\mfxeffects\11.0.5\mfxeffects-11.0.5.jar;C:\Users\votan\.m2\repository\io\github\palexdev\mfxlocalization\11.1.0\mfxlocalization-11.1.0.jar;C:\Users\votan\.m2\repository\io\github\palexdev\mfxresources\11.3.2\mfxresources-11.3.2.jar;C:\Users\votan\.m2\repository\io\github\palexdev\virtualizedfx\11.9.1\virtualizedfx-11.9.1.jar;C:\Users\votan\.m2\repository\org\openjfx\javafx-base\20.0.2\javafx-base-20.0.2-win.jar;C:\Users\votan\.m2\repository\org\openjfx\javafx-controls\20.0.2\javafx-controls-20.0.2-win.jar;C:\Users\votan\.m2\repository\org\openjfx\javafx-fxml\20.0.2\javafx-fxml-20.0.2-win.jar;C:\Users\votan\.m2\repository\org\openjfx\javafx-graphics\20.0.2\javafx-graphics-20.0.2-win.jar --add-modules=com.team_fortune.student_management_teacher -Djdk.module.main=com.team_fortune.student_management_teacher 
java_command: com.team_fortune.student_management_teacher/com.team_fortune.student_management_teacher.App
java_class_path (initial): C:\Users\votan\OneDrive\Máy tính\Student_Management\Student_Management_Teacher\target\classes;C:\Users\votan\.m2\repository\com\google\protobuf\protobuf-java\3.21.9\protobuf-java-3.21.9.jar;C:\Users\votan\.m2\repository\com\mysql\mysql-connector-j\8.1.0\mysql-connector-j-8.1.0.jar;C:\Users\votan\.m2\repository\org\openjfx\javafx-base\20.0.2\javafx-base-20.0.2.jar;C:\Users\votan\.m2\repository\org\openjfx\javafx-controls\20.0.2\javafx-controls-20.0.2.jar;C:\Users\votan\.m2\repository\org\openjfx\javafx-fxml\20.0.2\javafx-fxml-20.0.2.jar;C:\Users\votan\.m2\repository\org\openjfx\javafx-graphics\20.0.2\javafx-graphics-20.0.2.jar
Launcher Type: SUN_STANDARD

[Global flags]
     intx CICompilerCount                          = 4                                         {product} {ergonomic}
     uint ConcGCThreads                            = 3                                         {product} {ergonomic}
     uint G1ConcRefinementThreads                  = 10                                        {product} {ergonomic}
   size_t G1HeapRegionSize                         = 2097152                                   {product} {ergonomic}
    uintx GCDrainStackTargetSize                   = 64                                        {product} {ergonomic}
   size_t InitialHeapSize                          = 264241152                                 {product} {ergonomic}
   size_t MarkStackSize                            = 4194304                                   {product} {ergonomic}
   size_t MaxHeapSize                              = 4217372672                                {product} {ergonomic}
   size_t MaxNewSize                               = 2529165312                                {product} {ergonomic}
   size_t MinHeapDeltaBytes                        = 2097152                                   {product} {ergonomic}
   size_t MinHeapSize                              = 8388608                                   {product} {ergonomic}
    uintx NonNMethodCodeHeapSize                   = 5839372                                {pd product} {ergonomic}
    uintx NonProfiledCodeHeapSize                  = 122909434                              {pd product} {ergonomic}
     bool PerfDisableSharedMem                     = true                                      {product} {ergonomic}
    uintx ProfiledCodeHeapSize                     = 122909434                              {pd product} {ergonomic}
    uintx ReservedCodeCacheSize                    = 251658240                              {pd product} {ergonomic}
     bool SegmentedCodeCache                       = true                                      {product} {ergonomic}
   size_t SoftMaxHeapSize                          = 4217372672                             {manageable} {ergonomic}
     bool UseCompressedClassPointers               = true                           {product lp64_product} {ergonomic}
     bool UseCompressedOops                        = true                           {product lp64_product} {ergonomic}
     bool UseG1GC                                  = true                                      {product} {ergonomic}
     bool UseLargePagesIndividualAllocation        = false                                  {pd product} {ergonomic}

Logging:
Log output configuration:
 #0: stdout all=warning uptime,level,tags foldmultilines=false
 #1: stderr all=off uptime,level,tags foldmultilines=false

Environment Variables:
JAVA_HOME=C:\Program Files\Java\jdk-20
PATH=C:\Program Files (x86)\VMware\VMware Workstation\bin\;C:\app\votan\product\21c\dbhomeXE\bin;C:\Program Files\Common Files\Oracle\Java\javapath;C:\Program Files (x86)\Common Files\Oracle\Java\javapath;C:\Program Files\Microsoft MPI\Bin\;C:\Python311\Scripts\;C:\Python311\;C:\Windows\system32;C:\Windows;C:\Windows\System32\Wbem;C:\Windows\System32\WindowsPowerShell\v1.0\;C:\Windows\System32\OpenSSH\;C:\Program Files (x86)\NVIDIA Corporation\PhysX\Common;C:\Program Files\NVIDIA Corporation\NVIDIA NvDLISR;C:\ProgramData\chocolatey\bin;C:\xampp\php;C:\composer;C:\Program Files (x86)\Microsoft SQL Server\160\Tools\Binn\;C:\Program Files\Microsoft SQL Server\160\Tools\Binn\;C:\Program Files\Microsoft SQL Server\Client SDK\ODBC\170\Tools\Binn\;C:\Program Files\Microsoft SQL Server\160\DTS\Binn\;C:\Program Files (x86)\Microsoft SQL Server\160\DTS\Binn\;C:\Program Files\Git\cmd;C:\Program Files\nodejs\;C:\Program Files\dotnet\;C:\Users\votan\anaconda3;C:\Users\votan\anaconda3\Library\mingw-w64\bin;C:\Users\votan\anaconda3\Library\usr\bin;C:\Users\votan\anaconda3\Library\bin;C:\Users\votan\anaconda3\Scripts;C:\Program Files\MySQL\MySQL Shell 8.0\bin\;C:\Users\votan\AppData\Local\Microsoft\WindowsApps;C:\Users\votan\AppData\Roaming\Composer\vendor\bin;C:\Users\votan\AppData\Local\Programs\Microsoft VS Code\bin;C:\Program Files\JetBrains\PhpStorm 2023.2.1\bin;;C:\Program Files\JetBrains\DataGrip 2023.2.1\bin;;C:\Program Files\JetBrains\CLion 2023.2.1\bin;;C:\Program Files\JetBrains\IntelliJ IDEA 2023.2.1\bin;;C:\Program Files\JetBrains\PyCharm 2023.2.1\bin;;C:\Program Files\JetBrains\GoLand 2023.2.1\bin;;C:\Program Files\JetBrains\JetBrains Rider 2023.2.1\bin;;C:\Program Files\JetBrains\Aqua 232.9921.1\bin;;C:\Program Files\JetBrains\WebStorm 2023.2.1\bin;;C:\Users\votan\AppData\Local\GitHubDesktop\bin;C:\Users\votan\AppData\Roaming\npm
USERNAME=votan
OS=Windows_NT
PROCESSOR_IDENTIFIER=Intel64 Family 6 Model 141 Stepping 1, GenuineIntel
TMP=C:\Users\votan\AppData\Local\Temp
TEMP=C:\Users\votan\AppData\Local\Temp




---------------  S Y S T E M  ---------------

OS:
 Windows 11 , 64 bit Build 22621 (10.0.22621.2215)
OS uptime: 0 days 0:57 hours
Hyper-V role detected

CPU: total 12 (initial active 12) (6 cores per cpu, 2 threads per core) family 6 model 141 stepping 1 microcode 0x34, cx8, cmov, fxsr, ht, mmx, 3dnowpref, sse, sse2, sse3, ssse3, sse4.1, sse4.2, popcnt, lzcnt, tsc, tscinvbit, avx, avx2, aes, erms, clmul, bmi1, bmi2, adx, avx512f, avx512dq, avx512cd, avx512bw, avx512vl, sha, fma, vzeroupper, avx512_vpopcntdq, avx512_vpclmulqdq, avx512_vaes, avx512_vnni, clflush, clflushopt, clwb, avx512_vbmi2, avx512_vbmi, hv, rdtscp, rdpid, fsrm, gfni, avx512_bitalg, f16c, cet_ibt, cet_ss, avx512_ifma

Memory: 4k page, system-wide physical 16086M (926M free)
TotalPageFile size 65238M (AvailPageFile size 113M)
current process WorkingSet (physical memory assigned to process): 130M, peak: 277M
current process commit charge ("private bytes"): 314M, peak: 456M

vm_info: Java HotSpot(TM) 64-Bit Server VM (20.0.2+9-78) for windows-amd64 JRE (20.0.2+9-78), built on 2023-06-14T10:08:48Z by "mach5one" with MS VC++ 17.1 (VS2022)

END.
