#
# There is insufficient memory for the Java Runtime Environment to continue.
# Native memory allocation (malloc) failed to allocate 32744 bytes for Chunk::new
# Possible reasons:
#   The system is out of physical RAM or swap space
#   The process is running with CompressedOops enabled, and the Java Heap may be blocking the growth of the native heap
# Possible solutions:
#   Reduce memory load on the system
#   Increase physical memory or swap space
#   Check if swap backing store is full
#   Decrease Java heap size (-Xmx/-Xms)
#   Decrease number of Java threads
#   Decrease Java thread stack sizes (-Xss)
#   Set larger code cache with -XX:ReservedCodeCacheSize=
#   JVM is running with Zero Based Compressed Oops mode in which the Java heap is
#     placed in the first 32GB address space. The Java Heap base address is the
#     maximum limit for the native heap growth. Please use -XX:HeapBaseMinAddress
#     to set the Java Heap base and to place the Java Heap above 32GB virtual address.
# This output file may be truncated or incomplete.
#
#  Out of Memory Error (arena.cpp:184), pid=28360, tid=27180
#
# JRE version: Java(TM) SE Runtime Environment (20.0.2+9) (build 20.0.2+9-78)
# Java VM: Java HotSpot(TM) 64-Bit Server VM (20.0.2+9-78, mixed mode, sharing, tiered, compressed oops, compressed class ptrs, g1 gc, windows-amd64)
# No core dump will be written. Minidumps are not enabled by default on client versions of Windows
#

---------------  S U M M A R Y ------------

Command Line: --module-path=C:\Users\votan\OneDrive\Máy tính\Student_Management\Student_Management_Admin\target\classes;C:\Users\votan\.m2\repository\com\sun\mail\javax.mail\1.6.2\javax.mail-1.6.2.jar;C:\Users\votan\.m2\repository\io\github\palexdev\materialfx\11.16.1\materialfx-11.16.1.jar;C:\Users\votan\.m2\repository\io\github\palexdev\mfxcore\11.3.0\mfxcore-11.3.0.jar;C:\Users\votan\.m2\repository\io\github\palexdev\mfxeffects\11.0.5\mfxeffects-11.0.5.jar;C:\Users\votan\.m2\repository\io\github\palexdev\mfxlocalization\11.1.0\mfxlocalization-11.1.0.jar;C:\Users\votan\.m2\repository\io\github\palexdev\mfxresources\11.3.2\mfxresources-11.3.2.jar;C:\Users\votan\.m2\repository\io\github\palexdev\virtualizedfx\11.9.1\virtualizedfx-11.9.1.jar;C:\Users\votan\.m2\repository\org\openjfx\javafx-base\20.0.2\javafx-base-20.0.2-win.jar;C:\Users\votan\.m2\repository\org\openjfx\javafx-controls\20.0.2\javafx-controls-20.0.2-win.jar;C:\Users\votan\.m2\repository\org\openjfx\javafx-fxml\20.0.2\javafx-fxml-20.0.2-win.jar;C:\Users\votan\.m2\repository\org\openjfx\javafx-graphics\20.0.2\javafx-graphics-20.0.2-win.jar --add-modules=com.team_fortune.student_management_admin -Djdk.module.main=com.team_fortune.student_management_admin com.team_fortune.student_management_admin/com.team_fortune.student_management_admin.App

Host: 11th Gen Intel(R) Core(TM) i5-11400H @ 2.70GHz, 12 cores, 15G,  Windows 11 , 64 bit Build 22621 (10.0.22621.2215)
Time: Wed Sep 27 19:07:27 2023 SE Asia Standard Time elapsed time: 188.827060 seconds (0d 0h 3m 8s)

---------------  T H R E A D  ---------------

Current thread (0x0000015b6f3e8860):  JavaThread "C2 CompilerThread0" daemon [_thread_in_native, id=27180, stack(0x0000001046f00000,0x0000001047000000)]


Current CompileTask:
C2: 188827 3434       4       com.sun.prism.d3d.D3DGraphics::create (55 bytes)

Stack: [0x0000001046f00000,0x0000001047000000]
Native frames: (J=compiled Java code, j=interpreted, Vv=VM code, C=native code)
V  [jvm.dll+0x6bc25a]
V  [jvm.dll+0x84971a]
V  [jvm.dll+0x84b315]
V  [jvm.dll+0x84ba13]
V  [jvm.dll+0x280e4f]
V  [jvm.dll+0xc2ab1]
V  [jvm.dll+0xc2dd5]
V  [jvm.dll+0xc2bd4]
V  [jvm.dll+0x7110dc]
V  [jvm.dll+0x5ee3cf]
V  [jvm.dll+0x73c55e]
V  [jvm.dll+0x73b5fc]
V  [jvm.dll+0x5fa454]
V  [jvm.dll+0x5fa14a]
V  [jvm.dll+0x5e4203]
V  [jvm.dll+0x254684]
V  [jvm.dll+0x24ce00]
V  [jvm.dll+0x24a819]
V  [jvm.dll+0x1ce761]
V  [jvm.dll+0x25a0eb]
V  [jvm.dll+0x2587c0]
V  [jvm.dll+0x3f2dd5]
V  [jvm.dll+0x7f5c76]
V  [jvm.dll+0x6baecb]
C  [ucrtbase.dll+0x29363]
C  [KERNEL32.DLL+0x1257d]
C  [ntdll.dll+0x5aa68]


---------------  P R O C E S S  ---------------

Threads class SMR info:
_java_thread_list=0x0000015b7477de80, length=18, elements={
0x0000015b4fab4d50, 0x0000015b6f3d2550, 0x0000015b6f3d3350, 0x0000015b6f3d87a0,
0x0000015b6f3db770, 0x0000015b6f3dc940, 0x0000015b6f3e6040, 0x0000015b6f3e8860,
0x0000015b6f3e9980, 0x0000015b738e2410, 0x0000015b738e1420, 0x0000015b738e0430,
0x0000015b738dfee0, 0x0000015b738e3400, 0x0000015b738e0980, 0x0000015b738e0ed0,
0x0000015b738e1970, 0x0000015b7c6a9f40
}

Java Threads: ( => current thread )
  0x0000015b4fab4d50 JavaThread "main" [_thread_blocked, id=28652, stack(0x0000001046200000,0x0000001046300000)]
  0x0000015b6f3d2550 JavaThread "Reference Handler" daemon [_thread_blocked, id=23956, stack(0x0000001046900000,0x0000001046a00000)]
  0x0000015b6f3d3350 JavaThread "Finalizer" daemon [_thread_blocked, id=23452, stack(0x0000001046a00000,0x0000001046b00000)]
  0x0000015b6f3d87a0 JavaThread "Signal Dispatcher" daemon [_thread_blocked, id=18408, stack(0x0000001046b00000,0x0000001046c00000)]
  0x0000015b6f3db770 JavaThread "Attach Listener" daemon [_thread_blocked, id=22408, stack(0x0000001046c00000,0x0000001046d00000)]
  0x0000015b6f3dc940 JavaThread "Service Thread" daemon [_thread_blocked, id=17468, stack(0x0000001046d00000,0x0000001046e00000)]
  0x0000015b6f3e6040 JavaThread "Monitor Deflation Thread" daemon [_thread_blocked, id=23140, stack(0x0000001046e00000,0x0000001046f00000)]
=>0x0000015b6f3e8860 JavaThread "C2 CompilerThread0" daemon [_thread_in_native, id=27180, stack(0x0000001046f00000,0x0000001047000000)]
  0x0000015b6f3e9980 JavaThread "C1 CompilerThread0" daemon [_thread_blocked, id=25564, stack(0x0000001047000000,0x0000001047100000)]
  0x0000015b738e2410 JavaThread "Common-Cleaner" daemon [_thread_blocked, id=22364, stack(0x0000001047100000,0x0000001047200000)]
  0x0000015b738e1420 JavaThread "Notification Thread" daemon [_thread_blocked, id=25520, stack(0x0000001047400000,0x0000001047500000)]
  0x0000015b738e0430 JavaThread "QuantumRenderer-0" daemon [_thread_blocked, id=13080, stack(0x0000001047300000,0x0000001047400000)]
  0x0000015b738dfee0 JavaThread "InvokeLaterDispatcher" daemon [_thread_blocked, id=15524, stack(0x0000001047200000,0x0000001047300000)]
  0x0000015b738e3400 JavaThread "JavaFX Application Thread" [_thread_in_native, id=10508, stack(0x0000001047600000,0x0000001047700000)]
  0x0000015b738e0980 JavaThread "Thread-1" daemon [_thread_in_native, id=22228, stack(0x0000001047f00000,0x0000001048000000)]
  0x0000015b738e0ed0 JavaThread "JavaFX-Launcher" [_thread_blocked, id=4552, stack(0x0000001048000000,0x0000001048100000)]
  0x0000015b738e1970 JavaThread "Prism Font Disposer" daemon [_thread_blocked, id=26968, stack(0x0000001048200000,0x0000001048300000)]
  0x0000015b7c6a9f40 JavaThread "Cleaner-0" daemon [_thread_blocked, id=18744, stack(0x0000001048c00000,0x0000001048d00000)]

Other Threads:
  0x0000015b6f3b4ea0 VMThread "VM Thread" [stack: 0x0000001046800000,0x0000001046900000] [id=26300]
  0x0000015b73ad5de0 WatcherThread "VM Periodic Task Thread" [stack: 0x0000001047500000,0x0000001047600000] [id=20392]
  0x0000015b4fb24d80 WorkerThread "GC Thread#0" [stack: 0x0000001046300000,0x0000001046400000] [id=25184]
  0x0000015b747bb710 WorkerThread "GC Thread#1" [stack: 0x0000001047a00000,0x0000001047b00000] [id=5692]
  0x0000015b747bd060 WorkerThread "GC Thread#2" [stack: 0x0000001047b00000,0x0000001047c00000] [id=11136]
  0x0000015b747bbf80 WorkerThread "GC Thread#3" [stack: 0x0000001047c00000,0x0000001047d00000] [id=7428]
  0x0000015b747bc250 WorkerThread "GC Thread#4" [stack: 0x0000001047d00000,0x0000001047e00000] [id=28632]
  0x0000015b747bbcb0 WorkerThread "GC Thread#5" [stack: 0x0000001047e00000,0x0000001047f00000] [id=25952]
  0x0000015b747bcac0 WorkerThread "GC Thread#6" [stack: 0x0000001048600000,0x0000001048700000] [id=1616]
  0x0000015b74f86a40 WorkerThread "GC Thread#7" [stack: 0x0000001048700000,0x0000001048800000] [id=13544]
  0x0000015b74f86770 WorkerThread "GC Thread#8" [stack: 0x0000001048800000,0x0000001048900000] [id=26492]
  0x0000015b74f880c0 WorkerThread "GC Thread#9" [stack: 0x0000001048900000,0x0000001048a00000] [id=26640]
  0x0000015b4fb35980 ConcurrentGCThread "G1 Main Marker" [stack: 0x0000001046400000,0x0000001046500000] [id=17756]
  0x0000015b4fb36b50 WorkerThread "G1 Conc#0" [stack: 0x0000001046500000,0x0000001046600000] [id=24408]
  0x0000015b6f2733e0 ConcurrentGCThread "G1 Refine#0" [stack: 0x0000001046600000,0x0000001046700000] [id=27232]
  0x0000015b6f273e80 ConcurrentGCThread "G1 Service" [stack: 0x0000001046700000,0x0000001046800000] [id=10764]

Threads with active compile tasks:
C2 CompilerThread0   188981 3434       4       com.sun.prism.d3d.D3DGraphics::create (55 bytes)

VM state: not at safepoint (normal execution)

VM Mutex/Monitor currently owned by a thread: None

Heap address: 0x0000000704a00000, size: 4022 MB, Compressed Oops mode: Zero based, Oop shift amount: 3

CDS archive(s) mapped at: [0x0000015b00000000-0x0000015b00c60000-0x0000015b00c60000), size 12976128, SharedBaseAddress: 0x0000015b00000000, ArchiveRelocationMode: 1.
Compressed class space mapped at: 0x0000015b01000000-0x0000015b41000000, reserved size: 1073741824
Narrow klass base: 0x0000015b00000000, Narrow klass shift: 0, Narrow klass range: 0x100000000

GC Precious Log:
 CardTable entry size: 512
 Card Set container configuration: InlinePtr #cards 4 size 8 Array Of Cards #cards 16 size 48 Howl #buckets 8 coarsen threshold 3686 Howl Bitmap #cards 512 size 80 coarsen threshold 460 Card regions per heap region 1 cards per card region 4096
 CPUs: 12 total, 12 available
 Memory: 16086M
 Large Page Support: Disabled
 NUMA Support: Disabled
 Compressed Oops: Enabled (Zero based)
 Heap Region Size: 2M
 Heap Min Capacity: 8M
 Heap Initial Capacity: 252M
 Heap Max Capacity: 4022M
 Pre-touch: Disabled
 Parallel Workers: 10
 Concurrent Workers: 3
 Concurrent Refinement Workers: 10
 Periodic GC: Disabled

Heap:
 garbage-first heap   total 258048K, used 38671K [0x0000000704a00000, 0x0000000800000000)
  region size 2048K, 17 young (34816K), 3 survivors (6144K)
 Metaspace       used 18029K, committed 18432K, reserved 1114112K
  class space    used 2674K, committed 2880K, reserved 1048576K

Heap Regions: E=young(eden), S=young(survivor), O=old, HS=humongous(starts), HC=humongous(continues), CS=collection set, F=free, OA=open archive, CA=closed archive, TAMS=top-at-mark-start, PB=parsable bottom
|   0|0x0000000704a00000, 0x0000000704c00000, 0x0000000704c00000|100%|HS|  |TAMS 0x0000000704a00000| PB 0x0000000704a00000| Complete 
|   1|0x0000000704c00000, 0x0000000704dc3e00, 0x0000000704e00000| 88%| O|  |TAMS 0x0000000704c00000| PB 0x0000000704c00000| Untracked 
|   2|0x0000000704e00000, 0x0000000705000000, 0x0000000705000000|100%|HS|  |TAMS 0x0000000704e00000| PB 0x0000000704e00000| Complete 
|   3|0x0000000705000000, 0x0000000705000000, 0x0000000705200000|  0%| F|  |TAMS 0x0000000705000000| PB 0x0000000705000000| Untracked 
|   4|0x0000000705200000, 0x0000000705200000, 0x0000000705400000|  0%| F|  |TAMS 0x0000000705200000| PB 0x0000000705200000| Untracked 
|   5|0x0000000705400000, 0x0000000705400000, 0x0000000705600000|  0%| F|  |TAMS 0x0000000705400000| PB 0x0000000705400000| Untracked 
|   6|0x0000000705600000, 0x0000000705600000, 0x0000000705800000|  0%| F|  |TAMS 0x0000000705600000| PB 0x0000000705600000| Untracked 
|   7|0x0000000705800000, 0x0000000705800000, 0x0000000705a00000|  0%| F|  |TAMS 0x0000000705800000| PB 0x0000000705800000| Untracked 
|   8|0x0000000705a00000, 0x0000000705a00000, 0x0000000705c00000|  0%| F|  |TAMS 0x0000000705a00000| PB 0x0000000705a00000| Untracked 
|   9|0x0000000705c00000, 0x0000000705c00000, 0x0000000705e00000|  0%| F|  |TAMS 0x0000000705c00000| PB 0x0000000705c00000| Untracked 
|  10|0x0000000705e00000, 0x0000000705e00000, 0x0000000706000000|  0%| F|  |TAMS 0x0000000705e00000| PB 0x0000000705e00000| Untracked 
|  11|0x0000000706000000, 0x0000000706000000, 0x0000000706200000|  0%| F|  |TAMS 0x0000000706000000| PB 0x0000000706000000| Untracked 
|  12|0x0000000706200000, 0x0000000706200000, 0x0000000706400000|  0%| F|  |TAMS 0x0000000706200000| PB 0x0000000706200000| Untracked 
|  13|0x0000000706400000, 0x0000000706400000, 0x0000000706600000|  0%| F|  |TAMS 0x0000000706400000| PB 0x0000000706400000| Untracked 
|  14|0x0000000706600000, 0x0000000706600000, 0x0000000706800000|  0%| F|  |TAMS 0x0000000706600000| PB 0x0000000706600000| Untracked 
|  15|0x0000000706800000, 0x0000000706800000, 0x0000000706a00000|  0%| F|  |TAMS 0x0000000706800000| PB 0x0000000706800000| Untracked 
|  16|0x0000000706a00000, 0x0000000706a00000, 0x0000000706c00000|  0%| F|  |TAMS 0x0000000706a00000| PB 0x0000000706a00000| Untracked 
|  17|0x0000000706c00000, 0x0000000706c00000, 0x0000000706e00000|  0%| F|  |TAMS 0x0000000706c00000| PB 0x0000000706c00000| Untracked 
|  18|0x0000000706e00000, 0x0000000706e00000, 0x0000000707000000|  0%| F|  |TAMS 0x0000000706e00000| PB 0x0000000706e00000| Untracked 
|  19|0x0000000707000000, 0x0000000707000000, 0x0000000707200000|  0%| F|  |TAMS 0x0000000707000000| PB 0x0000000707000000| Untracked 
|  20|0x0000000707200000, 0x0000000707200000, 0x0000000707400000|  0%| F|  |TAMS 0x0000000707200000| PB 0x0000000707200000| Untracked 
|  21|0x0000000707400000, 0x0000000707400000, 0x0000000707600000|  0%| F|  |TAMS 0x0000000707400000| PB 0x0000000707400000| Untracked 
|  22|0x0000000707600000, 0x0000000707600000, 0x0000000707800000|  0%| F|  |TAMS 0x0000000707600000| PB 0x0000000707600000| Untracked 
|  23|0x0000000707800000, 0x0000000707800000, 0x0000000707a00000|  0%| F|  |TAMS 0x0000000707800000| PB 0x0000000707800000| Untracked 
|  24|0x0000000707a00000, 0x0000000707a00000, 0x0000000707c00000|  0%| F|  |TAMS 0x0000000707a00000| PB 0x0000000707a00000| Untracked 
|  25|0x0000000707c00000, 0x0000000707c00000, 0x0000000707e00000|  0%| F|  |TAMS 0x0000000707c00000| PB 0x0000000707c00000| Untracked 
|  26|0x0000000707e00000, 0x0000000707e00000, 0x0000000708000000|  0%| F|  |TAMS 0x0000000707e00000| PB 0x0000000707e00000| Untracked 
|  27|0x0000000708000000, 0x0000000708000000, 0x0000000708200000|  0%| F|  |TAMS 0x0000000708000000| PB 0x0000000708000000| Untracked 
|  28|0x0000000708200000, 0x0000000708200000, 0x0000000708400000|  0%| F|  |TAMS 0x0000000708200000| PB 0x0000000708200000| Untracked 
|  29|0x0000000708400000, 0x0000000708400000, 0x0000000708600000|  0%| F|  |TAMS 0x0000000708400000| PB 0x0000000708400000| Untracked 
|  30|0x0000000708600000, 0x0000000708600000, 0x0000000708800000|  0%| F|  |TAMS 0x0000000708600000| PB 0x0000000708600000| Untracked 
|  31|0x0000000708800000, 0x0000000708800000, 0x0000000708a00000|  0%| F|  |TAMS 0x0000000708800000| PB 0x0000000708800000| Untracked 
|  32|0x0000000708a00000, 0x0000000708a00000, 0x0000000708c00000|  0%| F|  |TAMS 0x0000000708a00000| PB 0x0000000708a00000| Untracked 
|  33|0x0000000708c00000, 0x0000000708c00000, 0x0000000708e00000|  0%| F|  |TAMS 0x0000000708c00000| PB 0x0000000708c00000| Untracked 
|  34|0x0000000708e00000, 0x0000000708e00000, 0x0000000709000000|  0%| F|  |TAMS 0x0000000708e00000| PB 0x0000000708e00000| Untracked 
|  35|0x0000000709000000, 0x0000000709000000, 0x0000000709200000|  0%| F|  |TAMS 0x0000000709000000| PB 0x0000000709000000| Untracked 
|  36|0x0000000709200000, 0x0000000709200000, 0x0000000709400000|  0%| F|  |TAMS 0x0000000709200000| PB 0x0000000709200000| Untracked 
|  37|0x0000000709400000, 0x0000000709400000, 0x0000000709600000|  0%| F|  |TAMS 0x0000000709400000| PB 0x0000000709400000| Untracked 
|  38|0x0000000709600000, 0x0000000709600000, 0x0000000709800000|  0%| F|  |TAMS 0x0000000709600000| PB 0x0000000709600000| Untracked 
|  39|0x0000000709800000, 0x0000000709800000, 0x0000000709a00000|  0%| F|  |TAMS 0x0000000709800000| PB 0x0000000709800000| Untracked 
|  40|0x0000000709a00000, 0x0000000709a00000, 0x0000000709c00000|  0%| F|  |TAMS 0x0000000709a00000| PB 0x0000000709a00000| Untracked 
|  41|0x0000000709c00000, 0x0000000709c00000, 0x0000000709e00000|  0%| F|  |TAMS 0x0000000709c00000| PB 0x0000000709c00000| Untracked 
|  42|0x0000000709e00000, 0x0000000709e00000, 0x000000070a000000|  0%| F|  |TAMS 0x0000000709e00000| PB 0x0000000709e00000| Untracked 
|  43|0x000000070a000000, 0x000000070a000000, 0x000000070a200000|  0%| F|  |TAMS 0x000000070a000000| PB 0x000000070a000000| Untracked 
|  44|0x000000070a200000, 0x000000070a200000, 0x000000070a400000|  0%| F|  |TAMS 0x000000070a200000| PB 0x000000070a200000| Untracked 
|  45|0x000000070a400000, 0x000000070a400000, 0x000000070a600000|  0%| F|  |TAMS 0x000000070a400000| PB 0x000000070a400000| Untracked 
|  46|0x000000070a600000, 0x000000070a600000, 0x000000070a800000|  0%| F|  |TAMS 0x000000070a600000| PB 0x000000070a600000| Untracked 
|  47|0x000000070a800000, 0x000000070a800000, 0x000000070aa00000|  0%| F|  |TAMS 0x000000070a800000| PB 0x000000070a800000| Untracked 
|  48|0x000000070aa00000, 0x000000070aa00000, 0x000000070ac00000|  0%| F|  |TAMS 0x000000070aa00000| PB 0x000000070aa00000| Untracked 
|  49|0x000000070ac00000, 0x000000070ac00000, 0x000000070ae00000|  0%| F|  |TAMS 0x000000070ac00000| PB 0x000000070ac00000| Untracked 
|  50|0x000000070ae00000, 0x000000070ae00000, 0x000000070b000000|  0%| F|  |TAMS 0x000000070ae00000| PB 0x000000070ae00000| Untracked 
|  51|0x000000070b000000, 0x000000070b000000, 0x000000070b200000|  0%| F|  |TAMS 0x000000070b000000| PB 0x000000070b000000| Untracked 
|  52|0x000000070b200000, 0x000000070b200000, 0x000000070b400000|  0%| F|  |TAMS 0x000000070b200000| PB 0x000000070b200000| Untracked 
|  53|0x000000070b400000, 0x000000070b400000, 0x000000070b600000|  0%| F|  |TAMS 0x000000070b400000| PB 0x000000070b400000| Untracked 
|  54|0x000000070b600000, 0x000000070b600000, 0x000000070b800000|  0%| F|  |TAMS 0x000000070b600000| PB 0x000000070b600000| Untracked 
|  55|0x000000070b800000, 0x000000070b800000, 0x000000070ba00000|  0%| F|  |TAMS 0x000000070b800000| PB 0x000000070b800000| Untracked 
|  56|0x000000070ba00000, 0x000000070ba00000, 0x000000070bc00000|  0%| F|  |TAMS 0x000000070ba00000| PB 0x000000070ba00000| Untracked 
|  57|0x000000070bc00000, 0x000000070bc00000, 0x000000070be00000|  0%| F|  |TAMS 0x000000070bc00000| PB 0x000000070bc00000| Untracked 
|  58|0x000000070be00000, 0x000000070be00000, 0x000000070c000000|  0%| F|  |TAMS 0x000000070be00000| PB 0x000000070be00000| Untracked 
|  59|0x000000070c000000, 0x000000070c000000, 0x000000070c200000|  0%| F|  |TAMS 0x000000070c000000| PB 0x000000070c000000| Untracked 
|  60|0x000000070c200000, 0x000000070c200000, 0x000000070c400000|  0%| F|  |TAMS 0x000000070c200000| PB 0x000000070c200000| Untracked 
|  61|0x000000070c400000, 0x000000070c400000, 0x000000070c600000|  0%| F|  |TAMS 0x000000070c400000| PB 0x000000070c400000| Untracked 
|  62|0x000000070c600000, 0x000000070c600000, 0x000000070c800000|  0%| F|  |TAMS 0x000000070c600000| PB 0x000000070c600000| Untracked 
|  63|0x000000070c800000, 0x000000070c800000, 0x000000070ca00000|  0%| F|  |TAMS 0x000000070c800000| PB 0x000000070c800000| Untracked 
|  64|0x000000070ca00000, 0x000000070ca00000, 0x000000070cc00000|  0%| F|  |TAMS 0x000000070ca00000| PB 0x000000070ca00000| Untracked 
|  65|0x000000070cc00000, 0x000000070cc00000, 0x000000070ce00000|  0%| F|  |TAMS 0x000000070cc00000| PB 0x000000070cc00000| Untracked 
|  66|0x000000070ce00000, 0x000000070ce00000, 0x000000070d000000|  0%| F|  |TAMS 0x000000070ce00000| PB 0x000000070ce00000| Untracked 
|  67|0x000000070d000000, 0x000000070d000000, 0x000000070d200000|  0%| F|  |TAMS 0x000000070d000000| PB 0x000000070d000000| Untracked 
|  68|0x000000070d200000, 0x000000070d200000, 0x000000070d400000|  0%| F|  |TAMS 0x000000070d200000| PB 0x000000070d200000| Untracked 
|  69|0x000000070d400000, 0x000000070d400000, 0x000000070d600000|  0%| F|  |TAMS 0x000000070d400000| PB 0x000000070d400000| Untracked 
|  70|0x000000070d600000, 0x000000070d600000, 0x000000070d800000|  0%| F|  |TAMS 0x000000070d600000| PB 0x000000070d600000| Untracked 
|  71|0x000000070d800000, 0x000000070d800000, 0x000000070da00000|  0%| F|  |TAMS 0x000000070d800000| PB 0x000000070d800000| Untracked 
|  72|0x000000070da00000, 0x000000070da00000, 0x000000070dc00000|  0%| F|  |TAMS 0x000000070da00000| PB 0x000000070da00000| Untracked 
|  73|0x000000070dc00000, 0x000000070dc00000, 0x000000070de00000|  0%| F|  |TAMS 0x000000070dc00000| PB 0x000000070dc00000| Untracked 
|  74|0x000000070de00000, 0x000000070de00000, 0x000000070e000000|  0%| F|  |TAMS 0x000000070de00000| PB 0x000000070de00000| Untracked 
|  75|0x000000070e000000, 0x000000070e000000, 0x000000070e200000|  0%| F|  |TAMS 0x000000070e000000| PB 0x000000070e000000| Untracked 
|  76|0x000000070e200000, 0x000000070e200000, 0x000000070e400000|  0%| F|  |TAMS 0x000000070e200000| PB 0x000000070e200000| Untracked 
|  77|0x000000070e400000, 0x000000070e400000, 0x000000070e600000|  0%| F|  |TAMS 0x000000070e400000| PB 0x000000070e400000| Untracked 
|  78|0x000000070e600000, 0x000000070e600000, 0x000000070e800000|  0%| F|  |TAMS 0x000000070e600000| PB 0x000000070e600000| Untracked 
|  79|0x000000070e800000, 0x000000070e800000, 0x000000070ea00000|  0%| F|  |TAMS 0x000000070e800000| PB 0x000000070e800000| Untracked 
|  80|0x000000070ea00000, 0x000000070ea00000, 0x000000070ec00000|  0%| F|  |TAMS 0x000000070ea00000| PB 0x000000070ea00000| Untracked 
|  81|0x000000070ec00000, 0x000000070ec00000, 0x000000070ee00000|  0%| F|  |TAMS 0x000000070ec00000| PB 0x000000070ec00000| Untracked 
|  82|0x000000070ee00000, 0x000000070ee00000, 0x000000070f000000|  0%| F|  |TAMS 0x000000070ee00000| PB 0x000000070ee00000| Untracked 
|  83|0x000000070f000000, 0x000000070f000000, 0x000000070f200000|  0%| F|  |TAMS 0x000000070f000000| PB 0x000000070f000000| Untracked 
|  84|0x000000070f200000, 0x000000070f200000, 0x000000070f400000|  0%| F|  |TAMS 0x000000070f200000| PB 0x000000070f200000| Untracked 
|  85|0x000000070f400000, 0x000000070f400000, 0x000000070f600000|  0%| F|  |TAMS 0x000000070f400000| PB 0x000000070f400000| Untracked 
|  86|0x000000070f600000, 0x000000070f600000, 0x000000070f800000|  0%| F|  |TAMS 0x000000070f600000| PB 0x000000070f600000| Untracked 
|  87|0x000000070f800000, 0x000000070f800000, 0x000000070fa00000|  0%| F|  |TAMS 0x000000070f800000| PB 0x000000070f800000| Untracked 
|  88|0x000000070fa00000, 0x000000070fa00000, 0x000000070fc00000|  0%| F|  |TAMS 0x000000070fa00000| PB 0x000000070fa00000| Untracked 
|  89|0x000000070fc00000, 0x000000070fc00000, 0x000000070fe00000|  0%| F|  |TAMS 0x000000070fc00000| PB 0x000000070fc00000| Untracked 
|  90|0x000000070fe00000, 0x000000070fe00000, 0x0000000710000000|  0%| F|  |TAMS 0x000000070fe00000| PB 0x000000070fe00000| Untracked 
|  91|0x0000000710000000, 0x0000000710000000, 0x0000000710200000|  0%| F|  |TAMS 0x0000000710000000| PB 0x0000000710000000| Untracked 
|  92|0x0000000710200000, 0x0000000710200000, 0x0000000710400000|  0%| F|  |TAMS 0x0000000710200000| PB 0x0000000710200000| Untracked 
|  93|0x0000000710400000, 0x0000000710400000, 0x0000000710600000|  0%| F|  |TAMS 0x0000000710400000| PB 0x0000000710400000| Untracked 
|  94|0x0000000710600000, 0x0000000710600000, 0x0000000710800000|  0%| F|  |TAMS 0x0000000710600000| PB 0x0000000710600000| Untracked 
|  95|0x0000000710800000, 0x0000000710800000, 0x0000000710a00000|  0%| F|  |TAMS 0x0000000710800000| PB 0x0000000710800000| Untracked 
|  96|0x0000000710a00000, 0x0000000710a00000, 0x0000000710c00000|  0%| F|  |TAMS 0x0000000710a00000| PB 0x0000000710a00000| Untracked 
|  97|0x0000000710c00000, 0x0000000710c00000, 0x0000000710e00000|  0%| F|  |TAMS 0x0000000710c00000| PB 0x0000000710c00000| Untracked 
|  98|0x0000000710e00000, 0x0000000710e00000, 0x0000000711000000|  0%| F|  |TAMS 0x0000000710e00000| PB 0x0000000710e00000| Untracked 
|  99|0x0000000711000000, 0x0000000711000000, 0x0000000711200000|  0%| F|  |TAMS 0x0000000711000000| PB 0x0000000711000000| Untracked 
| 100|0x0000000711200000, 0x0000000711200000, 0x0000000711400000|  0%| F|  |TAMS 0x0000000711200000| PB 0x0000000711200000| Untracked 
| 101|0x0000000711400000, 0x0000000711400000, 0x0000000711600000|  0%| F|  |TAMS 0x0000000711400000| PB 0x0000000711400000| Untracked 
| 102|0x0000000711600000, 0x0000000711800000, 0x0000000711800000|100%| S|CS|TAMS 0x0000000711600000| PB 0x0000000711600000| Complete 
| 103|0x0000000711800000, 0x0000000711a00000, 0x0000000711a00000|100%| S|CS|TAMS 0x0000000711800000| PB 0x0000000711800000| Complete 
| 104|0x0000000711a00000, 0x0000000711c00000, 0x0000000711c00000|100%| S|CS|TAMS 0x0000000711a00000| PB 0x0000000711a00000| Complete 
| 105|0x0000000711c00000, 0x0000000711c00000, 0x0000000711e00000|  0%| F|  |TAMS 0x0000000711c00000| PB 0x0000000711c00000| Untracked 
| 106|0x0000000711e00000, 0x0000000711e00000, 0x0000000712000000|  0%| F|  |TAMS 0x0000000711e00000| PB 0x0000000711e00000| Untracked 
| 107|0x0000000712000000, 0x0000000712000000, 0x0000000712200000|  0%| F|  |TAMS 0x0000000712000000| PB 0x0000000712000000| Untracked 
| 108|0x0000000712200000, 0x0000000712200000, 0x0000000712400000|  0%| F|  |TAMS 0x0000000712200000| PB 0x0000000712200000| Untracked 
| 109|0x0000000712400000, 0x0000000712400000, 0x0000000712600000|  0%| F|  |TAMS 0x0000000712400000| PB 0x0000000712400000| Untracked 
| 110|0x0000000712600000, 0x0000000712600000, 0x0000000712800000|  0%| F|  |TAMS 0x0000000712600000| PB 0x0000000712600000| Untracked 
| 111|0x0000000712800000, 0x0000000712800000, 0x0000000712a00000|  0%| F|  |TAMS 0x0000000712800000| PB 0x0000000712800000| Untracked 
| 112|0x0000000712a00000, 0x0000000712a7d3d0, 0x0000000712c00000| 24%| E|  |TAMS 0x0000000712a00000| PB 0x0000000712a00000| Complete 
| 113|0x0000000712c00000, 0x0000000712e00000, 0x0000000712e00000|100%| E|CS|TAMS 0x0000000712c00000| PB 0x0000000712c00000| Complete 
| 114|0x0000000712e00000, 0x0000000713000000, 0x0000000713000000|100%| E|CS|TAMS 0x0000000712e00000| PB 0x0000000712e00000| Complete 
| 115|0x0000000713000000, 0x0000000713200000, 0x0000000713200000|100%| E|CS|TAMS 0x0000000713000000| PB 0x0000000713000000| Complete 
| 116|0x0000000713200000, 0x0000000713400000, 0x0000000713400000|100%| E|CS|TAMS 0x0000000713200000| PB 0x0000000713200000| Complete 
| 117|0x0000000713400000, 0x0000000713600000, 0x0000000713600000|100%| E|CS|TAMS 0x0000000713400000| PB 0x0000000713400000| Complete 
| 118|0x0000000713600000, 0x0000000713800000, 0x0000000713800000|100%| E|CS|TAMS 0x0000000713600000| PB 0x0000000713600000| Complete 
| 119|0x0000000713800000, 0x0000000713a00000, 0x0000000713a00000|100%| E|CS|TAMS 0x0000000713800000| PB 0x0000000713800000| Complete 
| 120|0x0000000713a00000, 0x0000000713c00000, 0x0000000713c00000|100%| E|CS|TAMS 0x0000000713a00000| PB 0x0000000713a00000| Complete 
| 121|0x0000000713c00000, 0x0000000713e00000, 0x0000000713e00000|100%| E|CS|TAMS 0x0000000713c00000| PB 0x0000000713c00000| Complete 
| 122|0x0000000713e00000, 0x0000000714000000, 0x0000000714000000|100%| E|CS|TAMS 0x0000000713e00000| PB 0x0000000713e00000| Complete 
| 123|0x0000000714000000, 0x0000000714200000, 0x0000000714200000|100%| E|CS|TAMS 0x0000000714000000| PB 0x0000000714000000| Complete 
| 124|0x0000000714200000, 0x0000000714400000, 0x0000000714400000|100%| E|CS|TAMS 0x0000000714200000| PB 0x0000000714200000| Complete 
| 125|0x0000000714400000, 0x0000000714600000, 0x0000000714600000|100%| E|CS|TAMS 0x0000000714400000| PB 0x0000000714400000| Complete 

Card table byte_map: [0x0000015b678c0000,0x0000015b680a0000] _byte_map_base: 0x0000015b6409b000

Marking Bits: (CMBitMap*) 0x0000015b4fb253b0
 Bits: [0x0000015b68880000, 0x0000015b6c758000)

Polling page: 0x0000015b4daa0000

Metaspace:

Usage:
  Non-class:     15.00 MB used.
      Class:      2.61 MB used.
       Both:     17.61 MB used.

Virtual space:
  Non-class space:       64.00 MB reserved,      15.19 MB ( 24%) committed,  1 nodes.
      Class space:        1.00 GB reserved,       2.81 MB ( <1%) committed,  1 nodes.
             Both:        1.06 GB reserved,      18.00 MB (  2%) committed. 

Chunk freelists:
   Non-Class:  608.00 KB
       Class:  1.17 MB
        Both:  1.76 MB

MaxMetaspaceSize: unlimited
CompressedClassSpaceSize: 1.00 GB
Initial GC threshold: 21.00 MB
Current GC threshold: 21.00 MB
CDS: on
MetaspaceReclaimPolicy: balanced
 - commit_granule_bytes: 65536.
 - commit_granule_words: 8192.
 - virtual_space_node_default_size: 8388608.
 - enlarge_chunks_in_place: 1.
 - new_chunks_are_fully_committed: 0.
 - uncommit_free_chunks: 1.
 - use_allocation_guard: 0.


Internal statistics:

num_allocs_failed_limit: 0.
num_arena_births: 410.
num_arena_deaths: 0.
num_vsnodes_births: 2.
num_vsnodes_deaths: 0.
num_space_committed: 287.
num_space_uncommitted: 0.
num_chunks_returned_to_freelist: 0.
num_chunks_taken_from_freelist: 1007.
num_chunk_merges: 0.
num_chunk_splits: 687.
num_chunks_enlarged: 505.
num_inconsistent_stats: 0.

CodeHeap 'non-profiled nmethods': size=120000Kb used=1511Kb max_used=1511Kb free=118488Kb
 bounds [0x0000015b5f650000, 0x0000015b5f8c0000, 0x0000015b66b80000]
CodeHeap 'profiled nmethods': size=120000Kb used=6458Kb max_used=6458Kb free=113541Kb
 bounds [0x0000015b57b80000, 0x0000015b581d0000, 0x0000015b5f0b0000]
CodeHeap 'non-nmethods': size=5760Kb used=2035Kb max_used=2067Kb free=3724Kb
 bounds [0x0000015b5f0b0000, 0x0000015b5f320000, 0x0000015b5f650000]
 total_blobs=4236 nmethods=3431 adapters=714
 compilation: enabled
              stopped_count=0, restarted_count=0
 full_count=0

Compilation events (20 events):
Event: 179.807 Thread 0x0000015b6f3e9980 nmethod 3424 0x0000015b581caa10 code [0x0000015b581cacc0, 0x0000015b581cbe58]
Event: 179.807 Thread 0x0000015b6f3e9980 3425       3       com.sun.javafx.tk.quantum.GlassScene::sceneChanged (25 bytes)
Event: 179.808 Thread 0x0000015b6f3e9980 nmethod 3425 0x0000015b581cc410 code [0x0000015b581cc5e0, 0x0000015b581cc8b8]
Event: 179.808 Thread 0x0000015b6f3e9980 3426       3       com.sun.javafx.tk.quantum.PaintCollector::addDirtyScene (95 bytes)
Event: 179.809 Thread 0x0000015b6f3e9980 nmethod 3426 0x0000015b581cca10 code [0x0000015b581ccc20, 0x0000015b581cd630]
Event: 179.809 Thread 0x0000015b6f3e9980 3427       3       com.sun.javafx.tk.quantum.GlassScene::updateSceneState (8 bytes)
Event: 179.809 Thread 0x0000015b6f3e9980 nmethod 3427 0x0000015b581cd990 code [0x0000015b581cdb20, 0x0000015b581cdc68]
Event: 179.809 Thread 0x0000015b6f3e9980 3428       3       com.sun.javafx.tk.quantum.SceneState::update (80 bytes)
Event: 179.810 Thread 0x0000015b6f3e9980 nmethod 3428 0x0000015b581cdd10 code [0x0000015b581cdee0, 0x0000015b581ce548]
Event: 180.306 Thread 0x0000015b6f3e8860 3429       4       com.sun.javafx.scene.NodeHelper::getHelper (59 bytes)
Event: 180.308 Thread 0x0000015b6f3e8860 nmethod 3429 0x0000015b5f7c8f90 code [0x0000015b5f7c9100, 0x0000015b5f7c91d0]
Event: 180.807 Thread 0x0000015b6f3e8860 3430       4       java.lang.Class::cast (27 bytes)
Event: 180.808 Thread 0x0000015b6f3e8860 nmethod 3430 0x0000015b5f7c9310 code [0x0000015b5f7c9480, 0x0000015b5f7c9588]
Event: 183.801 Thread 0x0000015b6f3e9980 3431       3       com.sun.javafx.geom.transform.Affine3D::scale (27 bytes)
Event: 183.802 Thread 0x0000015b6f3e9980 nmethod 3431 0x0000015b581ce710 code [0x0000015b581ce8e0, 0x0000015b581cead8]
Event: 188.330 Thread 0x0000015b6f3e8860 3432       4       com.sun.glass.ui.Application::checkEventThread (35 bytes)
Event: 188.331 Thread 0x0000015b6f3e8860 nmethod 3432 0x0000015b5f7c9690 code [0x0000015b5f7c9800, 0x0000015b5f7c98a0]
Event: 188.331 Thread 0x0000015b6f3e8860 3433       4       com.sun.javafx.geom.transform.Affine3D::<init> (20 bytes)
Event: 188.332 Thread 0x0000015b6f3e8860 nmethod 3433 0x0000015b5f7c9990 code [0x0000015b5f7c9b20, 0x0000015b5f7c9bc0]
Event: 188.802 Thread 0x0000015b6f3e8860 3434       4       com.sun.prism.d3d.D3DGraphics::create (55 bytes)

GC Heap History (4 events):
Event: 1.147 GC heap before
{Heap before GC invocations=0 (full 0):
 garbage-first heap   total 258048K, used 22528K [0x0000000704a00000, 0x0000000800000000)
  region size 2048K, 11 young (22528K), 0 survivors (0K)
 Metaspace       used 3796K, committed 3968K, reserved 1114112K
  class space    used 396K, committed 448K, reserved 1048576K
}
Event: 1.150 GC heap after
{Heap after GC invocations=1 (full 0):
 garbage-first heap   total 258048K, used 2474K [0x0000000704a00000, 0x0000000800000000)
  region size 2048K, 2 young (4096K), 2 survivors (4096K)
 Metaspace       used 3796K, committed 3968K, reserved 1114112K
  class space    used 396K, committed 448K, reserved 1048576K
}
Event: 2.669 GC heap before
{Heap before GC invocations=1 (full 0):
 garbage-first heap   total 258048K, used 41386K [0x0000000704a00000, 0x0000000800000000)
  region size 2048K, 21 young (43008K), 2 survivors (4096K)
 Metaspace       used 14549K, committed 14912K, reserved 1114112K
  class space    used 2221K, committed 2368K, reserved 1048576K
}
Event: 2.678 GC heap after
{Heap after GC invocations=2 (full 0):
 garbage-first heap   total 258048K, used 9999K [0x0000000704a00000, 0x0000000800000000)
  region size 2048K, 3 young (6144K), 3 survivors (6144K)
 Metaspace       used 14549K, committed 14912K, reserved 1114112K
  class space    used 2221K, committed 2368K, reserved 1048576K
}

Dll operation events (20 events):
Event: 0.806 Loaded shared library C:\Users\votan\.openjfx\cache\20.0.2+3\amd64\api-ms-win-crt-math-l1-1-0.dll
Event: 0.809 Loaded shared library C:\Users\votan\.openjfx\cache\20.0.2+3\amd64\api-ms-win-crt-multibyte-l1-1-0.dll
Event: 0.813 Loaded shared library C:\Users\votan\.openjfx\cache\20.0.2+3\amd64\api-ms-win-crt-private-l1-1-0.dll
Event: 0.817 Loaded shared library C:\Users\votan\.openjfx\cache\20.0.2+3\amd64\api-ms-win-crt-process-l1-1-0.dll
Event: 0.823 Loaded shared library C:\Users\votan\.openjfx\cache\20.0.2+3\amd64\api-ms-win-crt-runtime-l1-1-0.dll
Event: 0.830 Loaded shared library C:\Users\votan\.openjfx\cache\20.0.2+3\amd64\api-ms-win-crt-stdio-l1-1-0.dll
Event: 0.836 Loaded shared library C:\Users\votan\.openjfx\cache\20.0.2+3\amd64\api-ms-win-crt-string-l1-1-0.dll
Event: 0.839 Loaded shared library C:\Users\votan\.openjfx\cache\20.0.2+3\amd64\api-ms-win-crt-time-l1-1-0.dll
Event: 0.844 Loaded shared library C:\Users\votan\.openjfx\cache\20.0.2+3\amd64\api-ms-win-crt-utility-l1-1-0.dll
Event: 0.858 Loaded shared library C:\Users\votan\.openjfx\cache\20.0.2+3\amd64\ucrtbase.dll
Event: 0.863 Loaded shared library C:\Users\votan\.openjfx\cache\20.0.2+3\amd64\vcruntime140.dll
Event: 0.869 Loaded shared library C:\Users\votan\.openjfx\cache\20.0.2+3\amd64\vcruntime140_1.dll
Event: 0.881 Loaded shared library C:\Users\votan\.openjfx\cache\20.0.2+3\amd64\msvcp140.dll
Event: 0.885 Loaded shared library C:\Users\votan\.openjfx\cache\20.0.2+3\amd64\msvcp140_1.dll
Event: 0.901 Loaded shared library C:\Users\votan\.openjfx\cache\20.0.2+3\amd64\msvcp140_2.dll
Event: 0.981 Loaded shared library C:\Users\votan\.openjfx\cache\20.0.2+3\amd64\prism_d3d.dll
Event: 1.052 Loaded shared library C:\Users\votan\.openjfx\cache\20.0.2+3\amd64\glass.dll
Event: 1.254 Loaded shared library C:\Program Files\Java\jdk-20\bin\jimage.dll
Event: 1.508 Loaded shared library C:\Users\votan\.openjfx\cache\20.0.2+3\amd64\javafx_iio.dll
Event: 1.589 Loaded shared library C:\Users\votan\.openjfx\cache\20.0.2+3\amd64\javafx_font.dll

Deoptimization events (20 events):
Event: 50.796 Thread 0x0000015b738e0430 Uncommon trap: trap_request=0xffffffde fr.pc=0x0000015b5f78df20 relative=0x0000000000000120
Event: 50.796 Thread 0x0000015b738e0430 Uncommon trap: reason=class_check action=maybe_recompile pc=0x0000015b5f78df20 method=jdk.internal.misc.Unsafe.allocateUninitializedArray(Ljava/lang/Class;I)Ljava/lang/Object; @ 51 c2
Event: 50.796 Thread 0x0000015b738e0430 DEOPT PACKING pc=0x0000015b5f78df20 sp=0x00000010473fd950
Event: 50.796 Thread 0x0000015b738e0430 DEOPT UNPACKING pc=0x0000015b5f0cd2a2 sp=0x00000010473fd8c8 mode 2
Event: 51.309 Thread 0x0000015b738e0430 Uncommon trap: trap_request=0xffffffde fr.pc=0x0000015b5f78df20 relative=0x0000000000000120
Event: 51.309 Thread 0x0000015b738e0430 Uncommon trap: reason=class_check action=maybe_recompile pc=0x0000015b5f78df20 method=jdk.internal.misc.Unsafe.allocateUninitializedArray(Ljava/lang/Class;I)Ljava/lang/Object; @ 51 c2
Event: 51.309 Thread 0x0000015b738e0430 DEOPT PACKING pc=0x0000015b5f78df20 sp=0x00000010473fd950
Event: 51.309 Thread 0x0000015b738e0430 DEOPT UNPACKING pc=0x0000015b5f0cd2a2 sp=0x00000010473fd8c8 mode 2
Event: 51.809 Thread 0x0000015b738e0430 Uncommon trap: trap_request=0xffffffde fr.pc=0x0000015b5f78df20 relative=0x0000000000000120
Event: 51.809 Thread 0x0000015b738e0430 Uncommon trap: reason=class_check action=maybe_recompile pc=0x0000015b5f78df20 method=jdk.internal.misc.Unsafe.allocateUninitializedArray(Ljava/lang/Class;I)Ljava/lang/Object; @ 51 c2
Event: 51.809 Thread 0x0000015b738e0430 DEOPT PACKING pc=0x0000015b5f78df20 sp=0x00000010473fde30
Event: 51.809 Thread 0x0000015b738e0430 DEOPT UNPACKING pc=0x0000015b5f0cd2a2 sp=0x00000010473fdda8 mode 2
Event: 52.300 Thread 0x0000015b738e0430 Uncommon trap: trap_request=0xffffffde fr.pc=0x0000015b5f78df20 relative=0x0000000000000120
Event: 52.300 Thread 0x0000015b738e0430 Uncommon trap: reason=class_check action=maybe_recompile pc=0x0000015b5f78df20 method=jdk.internal.misc.Unsafe.allocateUninitializedArray(Ljava/lang/Class;I)Ljava/lang/Object; @ 51 c2
Event: 52.300 Thread 0x0000015b738e0430 DEOPT PACKING pc=0x0000015b5f78df20 sp=0x00000010473fde30
Event: 52.300 Thread 0x0000015b738e0430 DEOPT UNPACKING pc=0x0000015b5f0cd2a2 sp=0x00000010473fdda8 mode 2
Event: 66.793 Thread 0x0000015b738e3400 Uncommon trap: trap_request=0xffffff45 fr.pc=0x0000015b5f792364 relative=0x0000000000000424
Event: 66.793 Thread 0x0000015b738e3400 Uncommon trap: reason=unstable_if action=reinterpret pc=0x0000015b5f792364 method=com.sun.scenario.animation.shared.InfiniteClipEnvelope.timePulse(J)V @ 249 c2
Event: 66.793 Thread 0x0000015b738e3400 DEOPT PACKING pc=0x0000015b5f792364 sp=0x00000010476fe350
Event: 66.794 Thread 0x0000015b738e3400 DEOPT UNPACKING pc=0x0000015b5f0cd2a2 sp=0x00000010476fe008 mode 2

Classes loaded (20 events):
Event: 2.889 Loading class java/util/concurrent/ConcurrentLinkedQueue$Node
Event: 2.889 Loading class java/util/concurrent/ConcurrentLinkedQueue$Node done
Event: 2.976 Loading class java/nio/ShortBuffer
Event: 2.976 Loading class java/nio/ShortBuffer done
Event: 2.976 Loading class java/nio/DoubleBuffer
Event: 2.976 Loading class java/nio/DoubleBuffer done
Event: 2.977 Loading class java/nio/DirectFloatBufferU
Event: 2.977 Loading class java/nio/DirectFloatBufferU done
Event: 3.019 Loading class jdk/internal/ref/CleanerImpl$InnocuousThreadFactory
Event: 3.019 Loading class jdk/internal/ref/CleanerImpl$InnocuousThreadFactory done
Event: 3.025 Loading class sun/misc/Unsafe
Event: 3.025 Loading class sun/misc/Unsafe done
Event: 3.025 Loading class java/lang/invoke/DirectMethodHandle$StaticAccessor
Event: 3.026 Loading class java/lang/invoke/DirectMethodHandle$StaticAccessor done
Event: 4.209 Loading class java/util/EnumMap$Values
Event: 4.209 Loading class java/util/EnumMap$Values done
Event: 4.209 Loading class java/util/EnumMap$ValueIterator
Event: 4.209 Loading class java/util/EnumMap$EnumMapIterator
Event: 4.209 Loading class java/util/EnumMap$EnumMapIterator done
Event: 4.209 Loading class java/util/EnumMap$ValueIterator done

Classes unloaded (0 events):
No events

Classes redefined (0 events):
No events

Internal exceptions (20 events):
Event: 2.217 Thread 0x0000015b738e3400 Exception <a 'java/lang/NoSuchMethodError'{0x00000007124eef10}: 'void java.lang.invoke.Invokers$Holder.invokeExact_MT(java.lang.Object, java.lang.Object, java.lang.Object, java.lang.Object)'> (0x00000007124eef10) 
thrown [s\open\src\hotspot\share\interpreter\linkResolver.cpp, line 773]
Event: 2.229 Thread 0x0000015b738e3400 Exception <a 'java/lang/NoSuchMethodError'{0x000000071254d080}: 'java.lang.Object java.lang.invoke.DelegatingMethodHandle$Holder.reinvoke_L(java.lang.Object, double, double, double, double)'> (0x000000071254d080) 
thrown [s\open\src\hotspot\share\interpreter\linkResolver.cpp, line 773]
Event: 2.231 Thread 0x0000015b738e3400 Exception <a 'java/lang/NoSuchMethodError'{0x0000000712558028}: 'java.lang.Object java.lang.invoke.DirectMethodHandle$Holder.invokeStatic(java.lang.Object, java.lang.Object, int)'> (0x0000000712558028) 
thrown [s\open\src\hotspot\share\interpreter\linkResolver.cpp, line 773]
Event: 2.234 Thread 0x0000015b738e3400 Exception <a 'java/lang/NoSuchMethodError'{0x000000071255bc00}: 'void java.lang.invoke.DirectMethodHandle$Holder.invokeStatic(java.lang.Object, java.lang.Object, int, java.lang.Object)'> (0x000000071255bc00) 
thrown [s\open\src\hotspot\share\interpreter\linkResolver.cpp, line 773]
Event: 2.236 Thread 0x0000015b738e3400 Exception <a 'java/lang/NoSuchMethodError'{0x0000000712562670}: 'void java.lang.invoke.DelegatingMethodHandle$Holder.delegate(java.lang.Object, java.lang.Object, int, java.lang.Object)'> (0x0000000712562670) 
thrown [s\open\src\hotspot\share\interpreter\linkResolver.cpp, line 773]
Event: 2.242 Thread 0x0000015b738e3400 Exception <a 'java/lang/NoSuchMethodError'{0x0000000712593d60}: 'java.lang.Object java.lang.invoke.Invokers$Holder.invokeExact_MT(java.lang.Object, java.lang.Object, java.lang.Object, java.lang.Object, java.lang.Object)'> (0x0000000712593d60) 
thrown [s\open\src\hotspot\share\interpreter\linkResolver.cpp, line 773]
Event: 2.405 Thread 0x0000015b738e3400 Implicit null exception at 0x0000015b5f6c249d to 0x0000015b5f6c2724
Event: 2.424 Thread 0x0000015b738e3400 Exception <a 'java/io/FileNotFoundException'{0x0000000712001bd8}> (0x0000000712001bd8) 
thrown [s\open\src\hotspot\share\prims\jni.cpp, line 519]
Event: 2.545 Thread 0x0000015b738e3400 Implicit null exception at 0x0000015b5f6c188c to 0x0000015b5f6c1f08
Event: 2.582 Thread 0x0000015b738e3400 Exception <a 'java/lang/IncompatibleClassChangeError'{0x0000000711fe55a0}: Found class java.lang.Object, but interface was expected> (0x0000000711fe55a0) 
thrown [s\open\src\hotspot\share\interpreter\linkResolver.cpp, line 840]
Event: 2.653 Thread 0x0000015b738e3400 Exception <a 'java/lang/NoSuchMethodError'{0x0000000711d6b8f8}: 'void java.lang.invoke.DirectMethodHandle$Holder.invokeSpecial(java.lang.Object, java.lang.Object, java.lang.Object, java.lang.Object, java.lang.Object, java.lang.Object)'> (0x0000000711d6b8f8) 
thrown [s\open\src\hotspot\share\interpreter\linkResolver.cpp, line 773]
Event: 2.704 Thread 0x0000015b738e3400 Exception <a 'java/lang/ClassNotFoundException'{0x00000007145b8340}: com/sun/javafx/scene/control/skin/resources/controls> (0x00000007145b8340) 
thrown [s\open\src\hotspot\share\prims\jni.cpp, line 538]
Event: 2.705 Thread 0x0000015b738e3400 Exception <a 'java/lang/ClassNotFoundException'{0x00000007145c63f8}: com/sun/javafx/scene/control/skin/resources/controls_en> (0x00000007145c63f8) 
thrown [s\open\src\hotspot\share\prims\jni.cpp, line 538]
Event: 2.705 Thread 0x0000015b738e3400 Exception <a 'java/lang/ClassNotFoundException'{0x00000007145c7a40}: com/sun/javafx/scene/control/skin/resources/controls_en_US> (0x00000007145c7a40) 
thrown [s\open\src\hotspot\share\prims\jni.cpp, line 538]
Event: 2.834 Thread 0x0000015b738e3400 Exception <a 'java/lang/NoSuchMethodError'{0x00000007141a5440}: 'int java.lang.invoke.DirectMethodHandle$Holder.invokeSpecial(java.lang.Object, java.lang.Object, int)'> (0x00000007141a5440) 
thrown [s\open\src\hotspot\share\interpreter\linkResolver.cpp, line 773]
Event: 2.857 Thread 0x0000015b738e3400 Exception <a 'java/lang/NoSuchMethodError'{0x0000000713e06940}: 'java.lang.Object java.lang.invoke.DirectMethodHandle$Holder.newInvokeSpecial(java.lang.Object, java.lang.Object, int)'> (0x0000000713e06940) 
thrown [s\open\src\hotspot\share\interpreter\linkResolver.cpp, line 773]
Event: 2.890 Thread 0x0000015b738e3400 Exception <a 'java/lang/NoSuchMethodError'{0x0000000713e285b0}: 'long java.lang.invoke.DirectMethodHandle$Holder.invokeStatic(java.lang.Object, java.lang.Object, java.lang.Object)'> (0x0000000713e285b0) 
thrown [s\open\src\hotspot\share\interpreter\linkResolver.cpp, line 773]
Event: 2.890 Thread 0x0000015b738e3400 Exception <a 'java/lang/NoSuchMethodError'{0x0000000713e2b980}: 'long java.lang.invoke.DirectMethodHandle$Holder.invokeStaticInit(java.lang.Object, java.lang.Object, java.lang.Object)'> (0x0000000713e2b980) 
thrown [s\open\src\hotspot\share\interpreter\linkResolver.cpp, line 773]
Event: 2.892 Thread 0x0000015b738e3400 Exception <a 'java/lang/NoSuchMethodError'{0x0000000713e439d8}: 'java.lang.Object java.lang.invoke.DirectMethodHandle$Holder.newInvokeSpecial(java.lang.Object, java.lang.Object, long)'> (0x0000000713e439d8) 
thrown [s\open\src\hotspot\share\interpreter\linkResolver.cpp, line 773]
Event: 2.893 Thread 0x0000015b738e3400 Exception <a 'java/lang/NoSuchMethodError'{0x0000000713e472d0}: 'java.lang.Object java.lang.invoke.Invokers$Holder.linkToTargetMethod(java.lang.Object, long, java.lang.Object)'> (0x0000000713e472d0) 
thrown [s\open\src\hotspot\share\interpreter\linkResolver.cpp, line 773]

VM Operations (20 events):
Event: 118.864 Executing VM operation: Cleanup
Event: 118.864 Executing VM operation: Cleanup done
Event: 120.403 Executing VM operation: HandshakeAllThreads
Event: 120.403 Executing VM operation: HandshakeAllThreads done
Event: 132.527 Executing VM operation: Cleanup
Event: 132.528 Executing VM operation: Cleanup done
Event: 145.695 Executing VM operation: Cleanup
Event: 145.699 Executing VM operation: Cleanup done
Event: 152.754 Executing VM operation: Cleanup
Event: 152.754 Executing VM operation: Cleanup done
Event: 156.804 Executing VM operation: Cleanup
Event: 156.804 Executing VM operation: Cleanup done
Event: 162.870 Executing VM operation: Cleanup
Event: 162.870 Executing VM operation: Cleanup done
Event: 163.874 Executing VM operation: Cleanup
Event: 163.874 Executing VM operation: Cleanup done
Event: 166.915 Executing VM operation: Cleanup
Event: 166.915 Executing VM operation: Cleanup done
Event: 180.596 Executing VM operation: HandshakeAllThreads
Event: 180.596 Executing VM operation: HandshakeAllThreads done

Events (20 events):
Event: 0.381 Thread 0x0000015b739b5c50 Thread added: 0x0000015b739b5c50
Event: 0.389 Thread 0x0000015b7394d0b0 Thread added: 0x0000015b7394d0b0
Event: 0.504 Thread 0x0000015b738e1420 Thread added: 0x0000015b738e1420
Event: 0.852 Thread 0x0000015b7394d0b0 Thread exited: 0x0000015b7394d0b0
Event: 0.968 Thread 0x0000015b738e0430 Thread added: 0x0000015b738e0430
Event: 1.023 Thread 0x0000015b739b5c50 Thread exited: 0x0000015b739b5c50
Event: 1.055 Thread 0x0000015b738dfee0 Thread added: 0x0000015b738dfee0
Event: 1.060 Thread 0x0000015b738e3400 Thread added: 0x0000015b738e3400
Event: 1.184 Thread 0x0000015b738e0980 Thread added: 0x0000015b738e0980
Event: 1.193 Thread 0x0000015b738e0ed0 Thread added: 0x0000015b738e0ed0
Event: 1.274 Thread 0x0000015b74b0a1c0 Thread added: 0x0000015b74b0a1c0
Event: 1.647 Thread 0x0000015b74cf5ae0 Thread added: 0x0000015b74cf5ae0
Event: 1.781 Thread 0x0000015b74cf5ae0 Thread exited: 0x0000015b74cf5ae0
Event: 1.837 Thread 0x0000015b738e1970 Thread added: 0x0000015b738e1970
Event: 1.952 Thread 0x0000015b74b0a1c0 Thread exited: 0x0000015b74b0a1c0
Event: 2.461 Thread 0x0000015b74e99f60 Thread added: 0x0000015b74e99f60
Event: 2.837 Thread 0x0000015b7509cd80 Thread added: 0x0000015b7509cd80
Event: 3.020 Thread 0x0000015b7c6a9f40 Thread added: 0x0000015b7c6a9f40
Event: 3.081 Thread 0x0000015b7509cd80 Thread exited: 0x0000015b7509cd80
Event: 3.281 Thread 0x0000015b74e99f60 Thread exited: 0x0000015b74e99f60


Dynamic libraries:
0x00007ff7b6e50000 - 0x00007ff7b6e60000 	C:\Program Files\Java\jdk-20\bin\java.exe
0x00007ffcd9d90000 - 0x00007ffcd9fa4000 	C:\Windows\SYSTEM32\ntdll.dll
0x00007ffcd8960000 - 0x00007ffcd8a24000 	C:\Windows\System32\KERNEL32.DLL
0x00007ffcd72e0000 - 0x00007ffcd7684000 	C:\Windows\System32\KERNELBASE.dll
0x00007ffcd7960000 - 0x00007ffcd7a71000 	C:\Windows\System32\ucrtbase.dll
0x00007ffc73450000 - 0x00007ffc73469000 	C:\Program Files\Java\jdk-20\bin\jli.dll
0x00007ffcd81f0000 - 0x00007ffcd82a0000 	C:\Windows\System32\ADVAPI32.dll
0x00007ffcd8030000 - 0x00007ffcd80d7000 	C:\Windows\System32\msvcrt.dll
0x00007ffcd7e60000 - 0x00007ffcd7f06000 	C:\Windows\System32\sechost.dll
0x00007ffcd7f10000 - 0x00007ffcd8027000 	C:\Windows\System32\RPCRT4.dll
0x00007ffcd2330000 - 0x00007ffcd234b000 	C:\Program Files\Java\jdk-20\bin\VCRUNTIME140.dll
0x00007ffcd9ba0000 - 0x00007ffcd9d4e000 	C:\Windows\System32\USER32.dll
0x00007ffcd72b0000 - 0x00007ffcd72d6000 	C:\Windows\System32\win32u.dll
0x00007ffcd7c80000 - 0x00007ffcd7ca9000 	C:\Windows\System32\GDI32.dll
0x00007ffcb4020000 - 0x00007ffcb42b3000 	C:\Windows\WinSxS\amd64_microsoft.windows.common-controls_6595b64144ccf1df_6.0.22621.2215_none_270d72677387dfc3\COMCTL32.dll
0x00007ffcd7780000 - 0x00007ffcd7898000 	C:\Windows\System32\gdi32full.dll
0x00007ffcd7a80000 - 0x00007ffcd7b1a000 	C:\Windows\System32\msvcp_win.dll
0x00007ffccfb80000 - 0x00007ffccfb8a000 	C:\Windows\SYSTEM32\VERSION.dll
0x00007ffcd9a00000 - 0x00007ffcd9a31000 	C:\Windows\System32\IMM32.DLL
0x00007ffcd2320000 - 0x00007ffcd232c000 	C:\Program Files\Java\jdk-20\bin\vcruntime140_1.dll
0x00007ffc71d30000 - 0x00007ffc71dbe000 	C:\Program Files\Java\jdk-20\bin\msvcp140.dll
0x00007ffc4def0000 - 0x00007ffc4eb88000 	C:\Program Files\Java\jdk-20\bin\server\jvm.dll
0x00007ffcaa660000 - 0x00007ffcaa669000 	C:\Windows\SYSTEM32\WSOCK32.dll
0x00007ffcd9750000 - 0x00007ffcd97c1000 	C:\Windows\System32\WS2_32.dll
0x00007ffccb710000 - 0x00007ffccb744000 	C:\Windows\SYSTEM32\WINMM.dll
0x00007ffcd6100000 - 0x00007ffcd6118000 	C:\Windows\SYSTEM32\kernel.appcore.dll
0x00007ffcd22a0000 - 0x00007ffcd22aa000 	C:\Program Files\Java\jdk-20\bin\jimage.dll
0x00007ffcd4aa0000 - 0x00007ffcd4cce000 	C:\Windows\SYSTEM32\DBGHELP.DLL
0x00007ffcd8ad0000 - 0x00007ffcd8e5a000 	C:\Windows\System32\combase.dll
0x00007ffcd97d0000 - 0x00007ffcd98a7000 	C:\Windows\System32\OLEAUT32.dll
0x00007ffcbcd00000 - 0x00007ffcbcd32000 	C:\Windows\SYSTEM32\dbgcore.DLL
0x00007ffcd7690000 - 0x00007ffcd770a000 	C:\Windows\System32\bcryptPrimitives.dll
0x00007ffcd22b0000 - 0x00007ffcd22d6000 	C:\Program Files\Java\jdk-20\bin\java.dll
0x00007ffc9cef0000 - 0x00007ffc9cfc7000 	C:\Program Files\Java\jdk-20\bin\jsvml.dll
0x00007ffcd8e60000 - 0x00007ffcd9683000 	C:\Windows\System32\SHELL32.dll
0x00007ffcd5080000 - 0x00007ffcd596a000 	C:\Windows\SYSTEM32\windows.storage.dll
0x00007ffcd4f40000 - 0x00007ffcd507e000 	C:\Windows\SYSTEM32\wintypes.dll
0x00007ffcd80e0000 - 0x00007ffcd81d3000 	C:\Windows\System32\SHCORE.dll
0x00007ffcd8a70000 - 0x00007ffcd8ace000 	C:\Windows\System32\shlwapi.dll
0x00007ffcd7070000 - 0x00007ffcd7096000 	C:\Windows\SYSTEM32\profapi.dll
0x00007ffcd2260000 - 0x00007ffcd2273000 	C:\Program Files\Java\jdk-20\bin\net.dll
0x00007ffcd03d0000 - 0x00007ffcd0507000 	C:\Windows\SYSTEM32\WINHTTP.dll
0x00007ffcd65c0000 - 0x00007ffcd6629000 	C:\Windows\system32\mswsock.dll
0x00007ffcbc510000 - 0x00007ffcbc526000 	C:\Program Files\Java\jdk-20\bin\nio.dll
0x00007ffcbc400000 - 0x00007ffcbc418000 	C:\Program Files\Java\jdk-20\bin\zip.dll
0x0000015b4fa50000 - 0x0000015b4fa53000 	C:\Users\votan\.openjfx\cache\20.0.2+3\amd64\api-ms-win-core-console-l1-1-0.dll
0x0000015b4fa60000 - 0x0000015b4fa63000 	C:\Users\votan\.openjfx\cache\20.0.2+3\amd64\api-ms-win-core-console-l1-2-0.dll
0x0000015b6f510000 - 0x0000015b6f513000 	C:\Users\votan\.openjfx\cache\20.0.2+3\amd64\api-ms-win-core-datetime-l1-1-0.dll
0x0000015b6f520000 - 0x0000015b6f523000 	C:\Users\votan\.openjfx\cache\20.0.2+3\amd64\api-ms-win-core-debug-l1-1-0.dll
0x0000015b6f530000 - 0x0000015b6f533000 	C:\Users\votan\.openjfx\cache\20.0.2+3\amd64\api-ms-win-core-errorhandling-l1-1-0.dll
0x0000015b6f540000 - 0x0000015b6f544000 	C:\Users\votan\.openjfx\cache\20.0.2+3\amd64\api-ms-win-core-file-l1-1-0.dll
0x0000015b6f550000 - 0x0000015b6f553000 	C:\Users\votan\.openjfx\cache\20.0.2+3\amd64\api-ms-win-core-file-l1-2-0.dll
0x0000015b6f560000 - 0x0000015b6f563000 	C:\Users\votan\.openjfx\cache\20.0.2+3\amd64\api-ms-win-core-file-l2-1-0.dll
0x0000015b6f570000 - 0x0000015b6f573000 	C:\Users\votan\.openjfx\cache\20.0.2+3\amd64\api-ms-win-core-handle-l1-1-0.dll
0x0000015b6f580000 - 0x0000015b6f583000 	C:\Users\votan\.openjfx\cache\20.0.2+3\amd64\api-ms-win-core-heap-l1-1-0.dll
0x0000015b6f590000 - 0x0000015b6f593000 	C:\Users\votan\.openjfx\cache\20.0.2+3\amd64\api-ms-win-core-interlocked-l1-1-0.dll
0x0000015b6f5a0000 - 0x0000015b6f5a3000 	C:\Users\votan\.openjfx\cache\20.0.2+3\amd64\api-ms-win-core-libraryloader-l1-1-0.dll
0x0000015b6f5b0000 - 0x0000015b6f5b3000 	C:\Users\votan\.openjfx\cache\20.0.2+3\amd64\api-ms-win-core-localization-l1-2-0.dll
0x0000015b6f5c0000 - 0x0000015b6f5c3000 	C:\Users\votan\.openjfx\cache\20.0.2+3\amd64\api-ms-win-core-memory-l1-1-0.dll
0x0000015b6f5d0000 - 0x0000015b6f5d3000 	C:\Users\votan\.openjfx\cache\20.0.2+3\amd64\api-ms-win-core-namedpipe-l1-1-0.dll
0x0000015b6f5e0000 - 0x0000015b6f5e3000 	C:\Users\votan\.openjfx\cache\20.0.2+3\amd64\api-ms-win-core-processenvironment-l1-1-0.dll
0x0000015b6f5f0000 - 0x0000015b6f5f3000 	C:\Users\votan\.openjfx\cache\20.0.2+3\amd64\api-ms-win-core-processthreads-l1-1-0.dll
0x0000015b6f600000 - 0x0000015b6f603000 	C:\Users\votan\.openjfx\cache\20.0.2+3\amd64\api-ms-win-core-processthreads-l1-1-1.dll
0x0000015b6f610000 - 0x0000015b6f613000 	C:\Users\votan\.openjfx\cache\20.0.2+3\amd64\api-ms-win-core-profile-l1-1-0.dll
0x0000015b6f620000 - 0x0000015b6f623000 	C:\Users\votan\.openjfx\cache\20.0.2+3\amd64\api-ms-win-core-rtlsupport-l1-1-0.dll
0x0000015b6f630000 - 0x0000015b6f633000 	C:\Users\votan\.openjfx\cache\20.0.2+3\amd64\api-ms-win-core-string-l1-1-0.dll
0x0000015b6f640000 - 0x0000015b6f643000 	C:\Users\votan\.openjfx\cache\20.0.2+3\amd64\api-ms-win-core-synch-l1-1-0.dll
0x0000015b6f650000 - 0x0000015b6f653000 	C:\Users\votan\.openjfx\cache\20.0.2+3\amd64\api-ms-win-core-synch-l1-2-0.dll
0x0000015b6f660000 - 0x0000015b6f663000 	C:\Users\votan\.openjfx\cache\20.0.2+3\amd64\api-ms-win-core-sysinfo-l1-1-0.dll
0x0000015b6f670000 - 0x0000015b6f673000 	C:\Users\votan\.openjfx\cache\20.0.2+3\amd64\api-ms-win-core-timezone-l1-1-0.dll
0x0000015b6f680000 - 0x0000015b6f683000 	C:\Users\votan\.openjfx\cache\20.0.2+3\amd64\api-ms-win-core-util-l1-1-0.dll
0x0000015b6f690000 - 0x0000015b6f693000 	C:\Users\votan\.openjfx\cache\20.0.2+3\amd64\api-ms-win-crt-conio-l1-1-0.dll
0x0000015b6f6a0000 - 0x0000015b6f6a4000 	C:\Users\votan\.openjfx\cache\20.0.2+3\amd64\api-ms-win-crt-convert-l1-1-0.dll
0x0000015b6f6b0000 - 0x0000015b6f6b3000 	C:\Users\votan\.openjfx\cache\20.0.2+3\amd64\api-ms-win-crt-environment-l1-1-0.dll
0x0000015b6f6c0000 - 0x0000015b6f6c3000 	C:\Users\votan\.openjfx\cache\20.0.2+3\amd64\api-ms-win-crt-filesystem-l1-1-0.dll
0x0000015b6f6d0000 - 0x0000015b6f6d3000 	C:\Users\votan\.openjfx\cache\20.0.2+3\amd64\api-ms-win-crt-heap-l1-1-0.dll
0x0000015b6f6e0000 - 0x0000015b6f6e3000 	C:\Users\votan\.openjfx\cache\20.0.2+3\amd64\api-ms-win-crt-locale-l1-1-0.dll
0x0000015b6f6f0000 - 0x0000015b6f6f5000 	C:\Users\votan\.openjfx\cache\20.0.2+3\amd64\api-ms-win-crt-math-l1-1-0.dll
0x0000015b6f700000 - 0x0000015b6f705000 	C:\Users\votan\.openjfx\cache\20.0.2+3\amd64\api-ms-win-crt-multibyte-l1-1-0.dll
0x0000015b6f710000 - 0x0000015b6f720000 	C:\Users\votan\.openjfx\cache\20.0.2+3\amd64\api-ms-win-crt-private-l1-1-0.dll
0x0000015b6f720000 - 0x0000015b6f723000 	C:\Users\votan\.openjfx\cache\20.0.2+3\amd64\api-ms-win-crt-process-l1-1-0.dll
0x0000015b6f730000 - 0x0000015b6f734000 	C:\Users\votan\.openjfx\cache\20.0.2+3\amd64\api-ms-win-crt-runtime-l1-1-0.dll
0x0000015b6f740000 - 0x0000015b6f744000 	C:\Users\votan\.openjfx\cache\20.0.2+3\amd64\api-ms-win-crt-stdio-l1-1-0.dll
0x0000015b6f750000 - 0x0000015b6f754000 	C:\Users\votan\.openjfx\cache\20.0.2+3\amd64\api-ms-win-crt-string-l1-1-0.dll
0x0000015b6f760000 - 0x0000015b6f763000 	C:\Users\votan\.openjfx\cache\20.0.2+3\amd64\api-ms-win-crt-time-l1-1-0.dll
0x0000015b6f770000 - 0x0000015b6f773000 	C:\Users\votan\.openjfx\cache\20.0.2+3\amd64\api-ms-win-crt-utility-l1-1-0.dll
0x00007ffc559d0000 - 0x00007ffc55acc000 	C:\Users\votan\.openjfx\cache\20.0.2+3\amd64\ucrtbase.dll
0x00007ffcd2300000 - 0x00007ffcd231b000 	C:\Users\votan\.openjfx\cache\20.0.2+3\amd64\vcruntime140.dll
0x00007ffcd22f0000 - 0x00007ffcd22fc000 	C:\Users\votan\.openjfx\cache\20.0.2+3\amd64\vcruntime140_1.dll
0x00007ffc689c0000 - 0x00007ffc68a4e000 	C:\Users\votan\.openjfx\cache\20.0.2+3\amd64\msvcp140.dll
0x00007ffcd22e0000 - 0x00007ffcd22e9000 	C:\Users\votan\.openjfx\cache\20.0.2+3\amd64\msvcp140_1.dll
0x00007ffc8c860000 - 0x00007ffc8c890000 	C:\Users\votan\.openjfx\cache\20.0.2+3\amd64\msvcp140_2.dll
0x00007ffc81150000 - 0x00007ffc8117f000 	C:\Users\votan\.openjfx\cache\20.0.2+3\amd64\prism_d3d.dll
0x00007ffc9d5d0000 - 0x00007ffc9d779000 	C:\Windows\system32\d3d9.dll
0x00007ffcd4620000 - 0x00007ffcd464b000 	C:\Windows\SYSTEM32\dwmapi.dll
0x00007ffcd43e0000 - 0x00007ffcd4418000 	C:\Windows\SYSTEM32\dxcore.dll
0x00007ffcd42e0000 - 0x00007ffcd438b000 	C:\Windows\system32\uxtheme.dll
0x00007ffc4bf10000 - 0x00007ffc4c184000 	C:\Windows\System32\DriverStore\FileRepository\iigd_dch.inf_amd64_70ed43462b376a8e\igdumdim64.dll
0x00007ffcd7cc0000 - 0x00007ffcd7e5e000 	C:\Windows\System32\ole32.dll
0x00007ffc4abb0000 - 0x00007ffc4bf0d000 	C:\Windows\System32\DriverStore\FileRepository\iigd_dch.inf_amd64_70ed43462b376a8e\igd9dxva64.dll
0x00007ffcd84e0000 - 0x00007ffcd8954000 	C:\Windows\System32\SETUPAPI.dll
0x00007ffcd6e30000 - 0x00007ffcd6e7e000 	C:\Windows\SYSTEM32\cfgmgr32.dll
0x00007ffc56720000 - 0x00007ffc58445000 	C:\Windows\System32\DriverStore\FileRepository\iigd_dch.inf_amd64_70ed43462b376a8e\media_bin_64.dll
0x00007ffccb050000 - 0x00007ffccb48b000 	C:\Windows\System32\DriverStore\FileRepository\iigd_dch.inf_amd64_70ed43462b376a8e\igdgmm64.dll
0x00007ffcd02d0000 - 0x00007ffcd031a000 	C:\Windows\SYSTEM32\directxdatabasehelper.dll
0x00007ffc5f570000 - 0x00007ffc5f5b2000 	C:\Users\votan\.openjfx\cache\20.0.2+3\amd64\glass.dll
0x00007ffcd9a40000 - 0x00007ffcd9b39000 	C:\Windows\System32\COMDLG32.dll
0x00007ffcd98b0000 - 0x00007ffcd99f9000 	C:\Windows\System32\MSCTF.dll
0x0000000010000000 - 0x0000000010025000 	C:\Users\votan\AppData\Roaming\FOT4\whook.dll
0x00007ffc846b0000 - 0x00007ffc846d7000 	C:\Windows\System32\DriverStore\FileRepository\iigd_dch.inf_amd64_70ed43462b376a8e\igdinfo64.dll
0x00007ffcc6a70000 - 0x00007ffcca8fc000 	C:\Windows\System32\DriverStore\FileRepository\iigd_dch.inf_amd64_70ed43462b376a8e\igc64.dll
0x00007ffc68170000 - 0x00007ffc6819d000 	C:\Users\votan\.openjfx\cache\20.0.2+3\amd64\javafx_iio.dll
0x00007ffc862b0000 - 0x00007ffc862c4000 	C:\Users\votan\.openjfx\cache\20.0.2+3\amd64\javafx_font.dll
0x00007ffcd2c20000 - 0x00007ffcd2e87000 	C:\Windows\SYSTEM32\dwrite.dll
0x00007ffcd68e0000 - 0x00007ffcd68fb000 	C:\Windows\SYSTEM32\CRYPTSP.dll
0x00007ffcd60c0000 - 0x00007ffcd60f5000 	C:\Windows\system32\rsaenh.dll
0x00007ffcd6660000 - 0x00007ffcd668c000 	C:\Windows\SYSTEM32\USERENV.dll
0x00007ffcd6af0000 - 0x00007ffcd6b18000 	C:\Windows\SYSTEM32\bcrypt.dll
0x00007ffcd68c0000 - 0x00007ffcd68cc000 	C:\Windows\SYSTEM32\CRYPTBASE.dll
0x00007ffcd5bd0000 - 0x00007ffcd5bfd000 	C:\Windows\SYSTEM32\IPHLPAPI.DLL
0x00007ffcd7c70000 - 0x00007ffcd7c79000 	C:\Windows\System32\NSI.dll
0x00007ffcd02b0000 - 0x00007ffcd02c9000 	C:\Windows\SYSTEM32\dhcpcsvc6.DLL
0x00007ffcd0290000 - 0x00007ffcd02af000 	C:\Windows\SYSTEM32\dhcpcsvc.DLL
0x00007ffcd5c40000 - 0x00007ffcd5d32000 	C:\Windows\SYSTEM32\DNSAPI.dll
0x00007ffcd7bc0000 - 0x00007ffcd7c70000 	C:\Windows\System32\clbcatq.dll
0x00007ffcd2680000 - 0x00007ffcd2830000 	C:\Windows\SYSTEM32\WindowsCodecs.dll
0x00007ffcae9d0000 - 0x00007ffcaea2e000 	C:\Windows\system32\dataexchange.dll
0x00007ffccff80000 - 0x00007ffcd0202000 	C:\Windows\system32\twinapi.appcore.dll

dbghelp: loaded successfully - version: 4.0.5 - missing functions: none
symbol engine: initialized successfully - sym options: 0x614 - pdb path: .;C:\Program Files\Java\jdk-20\bin;C:\Windows\SYSTEM32;C:\Windows\WinSxS\amd64_microsoft.windows.common-controls_6595b64144ccf1df_6.0.22621.2215_none_270d72677387dfc3;C:\Program Files\Java\jdk-20\bin\server;C:\Users\votan\.openjfx\cache\20.0.2+3\amd64;C:\Windows\System32\DriverStore\FileRepository\iigd_dch.inf_amd64_70ed43462b376a8e;C:\Users\votan\AppData\Roaming\FOT4;C:\Program Files\Common Files\Microsoft Shared\Ink;C:\Program Files (x86)\IOTransfer\IOT

VM Arguments:
jvm_args: --module-path=C:\Users\votan\OneDrive\Máy tính\Student_Management\Student_Management_Admin\target\classes;C:\Users\votan\.m2\repository\com\sun\mail\javax.mail\1.6.2\javax.mail-1.6.2.jar;C:\Users\votan\.m2\repository\io\github\palexdev\materialfx\11.16.1\materialfx-11.16.1.jar;C:\Users\votan\.m2\repository\io\github\palexdev\mfxcore\11.3.0\mfxcore-11.3.0.jar;C:\Users\votan\.m2\repository\io\github\palexdev\mfxeffects\11.0.5\mfxeffects-11.0.5.jar;C:\Users\votan\.m2\repository\io\github\palexdev\mfxlocalization\11.1.0\mfxlocalization-11.1.0.jar;C:\Users\votan\.m2\repository\io\github\palexdev\mfxresources\11.3.2\mfxresources-11.3.2.jar;C:\Users\votan\.m2\repository\io\github\palexdev\virtualizedfx\11.9.1\virtualizedfx-11.9.1.jar;C:\Users\votan\.m2\repository\org\openjfx\javafx-base\20.0.2\javafx-base-20.0.2-win.jar;C:\Users\votan\.m2\repository\org\openjfx\javafx-controls\20.0.2\javafx-controls-20.0.2-win.jar;C:\Users\votan\.m2\repository\org\openjfx\javafx-fxml\20.0.2\javafx-fxml-20.0.2-win.jar;C:\Users\votan\.m2\repository\org\openjfx\javafx-graphics\20.0.2\javafx-graphics-20.0.2-win.jar --add-modules=com.team_fortune.student_management_admin -Djdk.module.main=com.team_fortune.student_management_admin 
java_command: com.team_fortune.student_management_admin/com.team_fortune.student_management_admin.App
java_class_path (initial): C:\Users\votan\OneDrive\Máy tính\Student_Management\Student_Management_Admin\target\classes;C:\Users\votan\.m2\repository\com\google\protobuf\protobuf-java\3.21.9\protobuf-java-3.21.9.jar;C:\Users\votan\.m2\repository\com\mysql\mysql-connector-j\8.1.0\mysql-connector-j-8.1.0.jar;C:\Users\votan\.m2\repository\javax\activation\activation\1.1\activation-1.1.jar;C:\Users\votan\.m2\repository\org\openjfx\javafx-base\20.0.2\javafx-base-20.0.2.jar;C:\Users\votan\.m2\repository\org\openjfx\javafx-controls\20.0.2\javafx-controls-20.0.2.jar;C:\Users\votan\.m2\repository\org\openjfx\javafx-fxml\20.0.2\javafx-fxml-20.0.2.jar;C:\Users\votan\.m2\repository\org\openjfx\javafx-graphics\20.0.2\javafx-graphics-20.0.2.jar
Launcher Type: SUN_STANDARD

[Global flags]
     intx CICompilerCount                          = 4                                         {product} {ergonomic}
     uint ConcGCThreads                            = 3                                         {product} {ergonomic}
     uint G1ConcRefinementThreads                  = 10                                        {product} {ergonomic}
   size_t G1HeapRegionSize                         = 2097152                                   {product} {ergonomic}
    uintx GCDrainStackTargetSize                   = 64                                        {product} {ergonomic}
   size_t InitialHeapSize                          = 264241152                                 {product} {ergonomic}
   size_t MarkStackSize                            = 4194304                                   {product} {ergonomic}
   size_t MaxHeapSize                              = 4217372672                                {product} {ergonomic}
   size_t MaxNewSize                               = 2529165312                                {product} {ergonomic}
   size_t MinHeapDeltaBytes                        = 2097152                                   {product} {ergonomic}
   size_t MinHeapSize                              = 8388608                                   {product} {ergonomic}
    uintx NonNMethodCodeHeapSize                   = 5839372                                {pd product} {ergonomic}
    uintx NonProfiledCodeHeapSize                  = 122909434                              {pd product} {ergonomic}
    uintx ProfiledCodeHeapSize                     = 122909434                              {pd product} {ergonomic}
    uintx ReservedCodeCacheSize                    = 251658240                              {pd product} {ergonomic}
     bool SegmentedCodeCache                       = true                                      {product} {ergonomic}
   size_t SoftMaxHeapSize                          = 4217372672                             {manageable} {ergonomic}
     bool UseCompressedClassPointers               = true                           {product lp64_product} {ergonomic}
     bool UseCompressedOops                        = true                           {product lp64_product} {ergonomic}
     bool UseG1GC                                  = true                                      {product} {ergonomic}
     bool UseLargePagesIndividualAllocation        = false                                  {pd product} {ergonomic}

Logging:
Log output configuration:
 #0: stdout all=warning uptime,level,tags foldmultilines=false
 #1: stderr all=off uptime,level,tags foldmultilines=false

Environment Variables:
JAVA_HOME=C:\Program Files\Java\jdk-20
PATH=C:\Program Files (x86)\VMware\VMware Workstation\bin\;C:\app\votan\product\21c\dbhomeXE\bin;C:\Program Files\Common Files\Oracle\Java\javapath;C:\Program Files (x86)\Common Files\Oracle\Java\javapath;C:\Program Files\Microsoft MPI\Bin\;C:\Python311\Scripts\;C:\Python311\;C:\Windows\system32;C:\Windows;C:\Windows\System32\Wbem;C:\Windows\System32\WindowsPowerShell\v1.0\;C:\Windows\System32\OpenSSH\;C:\Program Files (x86)\NVIDIA Corporation\PhysX\Common;C:\Program Files\NVIDIA Corporation\NVIDIA NvDLISR;C:\ProgramData\chocolatey\bin;C:\xampp\php;C:\composer;C:\Program Files (x86)\Microsoft SQL Server\160\Tools\Binn\;C:\Program Files\Microsoft SQL Server\160\Tools\Binn\;C:\Program Files\Microsoft SQL Server\Client SDK\ODBC\170\Tools\Binn\;C:\Program Files\Microsoft SQL Server\160\DTS\Binn\;C:\Program Files (x86)\Microsoft SQL Server\160\DTS\Binn\;C:\Program Files\Git\cmd;C:\Program Files\dotnet\;C:\Program Files\Docker\Docker\resources\bin;C:\Program Files\nodejs\;C:\Program Files\MySQL\MySQL Shell 8.0\bin\;C:\Users\votan\AppData\Local\Microsoft\WindowsApps;C:\Users\votan\AppData\Roaming\Composer\vendor\bin;C:\Users\votan\AppData\Local\Programs\Microsoft VS Code\bin;C:\Program Files\JetBrains\PhpStorm 2023.2.1\bin;;C:\Program Files\JetBrains\DataGrip 2023.2.1\bin;;C:\Program Files\JetBrains\CLion 2023.2.1\bin;;C:\Program Files\JetBrains\IntelliJ IDEA 2023.2.1\bin;;C:\Program Files\JetBrains\PyCharm 2023.2.1\bin;;C:\Program Files\JetBrains\GoLand 2023.2.1\bin;;C:\Program Files\JetBrains\JetBrains Rider 2023.2.1\bin;;C:\Program Files\JetBrains\Aqua 232.9921.1\bin;;C:\Program Files\JetBrains\WebStorm 2023.2.1\bin;;C:\Users\votan\AppData\Local\GitHubDesktop\bin;C:\Users\votan\AppData\Roaming\npm
USERNAME=votan
OS=Windows_NT
PROCESSOR_IDENTIFIER=Intel64 Family 6 Model 141 Stepping 1, GenuineIntel
TMP=C:\Users\votan\AppData\Local\Temp
TEMP=C:\Users\votan\AppData\Local\Temp




---------------  S Y S T E M  ---------------

OS:
 Windows 11 , 64 bit Build 22621 (10.0.22621.2215)
OS uptime: 0 days 1:30 hours
Hyper-V role detected

CPU: total 12 (initial active 12) (6 cores per cpu, 2 threads per core) family 6 model 141 stepping 1 microcode 0x34, cx8, cmov, fxsr, ht, mmx, 3dnowpref, sse, sse2, sse3, ssse3, sse4.1, sse4.2, popcnt, lzcnt, tsc, tscinvbit, avx, avx2, aes, erms, clmul, bmi1, bmi2, adx, avx512f, avx512dq, avx512cd, avx512bw, avx512vl, sha, fma, vzeroupper, avx512_vpopcntdq, avx512_vpclmulqdq, avx512_vaes, avx512_vnni, clflush, clflushopt, clwb, avx512_vbmi2, avx512_vbmi, hv, rdtscp, rdpid, fsrm, gfni, avx512_bitalg, f16c, cet_ibt, cet_ss, avx512_ifma

Memory: 4k page, system-wide physical 16086M (3931M free)
TotalPageFile size 65238M (AvailPageFile size 9M)
current process WorkingSet (physical memory assigned to process): 28M, peak: 199M
current process commit charge ("private bytes"): 440M, peak: 452M

vm_info: Java HotSpot(TM) 64-Bit Server VM (20.0.2+9-78) for windows-amd64 JRE (20.0.2+9-78), built on 2023-06-14T10:08:48Z by "mach5one" with MS VC++ 17.1 (VS2022)

END.
