#
# There is insufficient memory for the Java Runtime Environment to continue.
# Native memory allocation (malloc) failed to allocate 126576 bytes for Chunk::new
# Possible reasons:
#   The system is out of physical RAM or swap space
#   The process is running with CompressedOops enabled, and the Java Heap may be blocking the growth of the native heap
# Possible solutions:
#   Reduce memory load on the system
#   Increase physical memory or swap space
#   Check if swap backing store is full
#   Decrease Java heap size (-Xmx/-Xms)
#   Decrease number of Java threads
#   Decrease Java thread stack sizes (-Xss)
#   Set larger code cache with -XX:ReservedCodeCacheSize=
#   JVM is running with Zero Based Compressed Oops mode in which the Java heap is
#     placed in the first 32GB address space. The Java Heap base address is the
#     maximum limit for the native heap growth. Please use -XX:HeapBaseMinAddress
#     to set the Java Heap base and to place the Java Heap above 32GB virtual address.
# This output file may be truncated or incomplete.
#
#  Out of Memory Error (arena.cpp:184), pid=23876, tid=11024
#
# JRE version: Java(TM) SE Runtime Environment (20.0.2+9) (build 20.0.2+9-78)
# Java VM: Java HotSpot(TM) 64-Bit Server VM (20.0.2+9-78, mixed mode, sharing, tiered, compressed oops, compressed class ptrs, g1 gc, windows-amd64)
# No core dump will be written. Minidumps are not enabled by default on client versions of Windows
#

---------------  S U M M A R Y ------------

Command Line: --module-path=C:\Users\votan\OneDrive\Máy tính\Student_Management\Student_Management_Admin\target\classes;C:\Users\votan\.m2\repository\com\sun\mail\javax.mail\1.6.2\javax.mail-1.6.2.jar;C:\Users\votan\.m2\repository\io\github\palexdev\materialfx\11.16.1\materialfx-11.16.1.jar;C:\Users\votan\.m2\repository\io\github\palexdev\mfxcore\11.3.0\mfxcore-11.3.0.jar;C:\Users\votan\.m2\repository\io\github\palexdev\mfxeffects\11.0.5\mfxeffects-11.0.5.jar;C:\Users\votan\.m2\repository\io\github\palexdev\mfxlocalization\11.1.0\mfxlocalization-11.1.0.jar;C:\Users\votan\.m2\repository\io\github\palexdev\mfxresources\11.3.2\mfxresources-11.3.2.jar;C:\Users\votan\.m2\repository\io\github\palexdev\virtualizedfx\11.9.1\virtualizedfx-11.9.1.jar;C:\Users\votan\.m2\repository\org\openjfx\javafx-base\20.0.2\javafx-base-20.0.2-win.jar;C:\Users\votan\.m2\repository\org\openjfx\javafx-controls\20.0.2\javafx-controls-20.0.2-win.jar;C:\Users\votan\.m2\repository\org\openjfx\javafx-fxml\20.0.2\javafx-fxml-20.0.2-win.jar;C:\Users\votan\.m2\repository\org\openjfx\javafx-graphics\20.0.2\javafx-graphics-20.0.2-win.jar --add-modules=com.team_fortune.student_management_admin -Djdk.module.main=com.team_fortune.student_management_admin com.team_fortune.student_management_admin/com.team_fortune.student_management_admin.App

Host: 11th Gen Intel(R) Core(TM) i5-11400H @ 2.70GHz, 12 cores, 15G,  Windows 11 , 64 bit Build 22621 (10.0.22621.2215)
Time: Wed Sep 27 19:15:40 2023 SE Asia Standard Time elapsed time: 73.241087 seconds (0d 0h 1m 13s)

---------------  T H R E A D  ---------------

Current thread (0x000001c7a10a6200):  JavaThread "C2 CompilerThread0" daemon [_thread_in_native, id=11024, stack(0x000000998c000000,0x000000998c100000)]


Current CompileTask:
C2:  73241 5538       4       javafx.scene.Parent::layout (160 bytes)

Stack: [0x000000998c000000,0x000000998c100000]
Native frames: (J=compiled Java code, j=interpreted, Vv=VM code, C=native code)
V  [jvm.dll+0x6bc25a]
V  [jvm.dll+0x84971a]
V  [jvm.dll+0x84b315]
V  [jvm.dll+0x84ba13]
V  [jvm.dll+0x280e4f]
V  [jvm.dll+0xc2ab1]
V  [jvm.dll+0xc2dd5]
V  [jvm.dll+0x3bb612]
V  [jvm.dll+0x385b75]
V  [jvm.dll+0x384fea]
V  [jvm.dll+0x24b529]
V  [jvm.dll+0x24a921]
V  [jvm.dll+0x1ce761]
V  [jvm.dll+0x25a0eb]
V  [jvm.dll+0x2587c0]
V  [jvm.dll+0x3f2dd5]
V  [jvm.dll+0x7f5c76]
V  [jvm.dll+0x6baecb]
C  [ucrtbase.dll+0x29363]
C  [KERNEL32.DLL+0x1257d]
C  [ntdll.dll+0x5aa68]


---------------  P R O C E S S  ---------------

Threads class SMR info:
_java_thread_list=0x000001c7f0a00bd0, length=19, elements={
0x000001c7ffb25c20, 0x000001c7a1092940, 0x000001c7a10939d0, 0x000001c7a1098a40,
0x000001c7a109c790, 0x000001c7a109dd70, 0x000001c7a109f4e0, 0x000001c7a10a6200,
0x000001c7a10a44f0, 0x000001c7e64a0fc0, 0x000001c7e6ff95c0, 0x000001c7e6edeb00,
0x000001c7e72bc700, 0x000001c7e7333330, 0x000001c7e75aa070, 0x000001c7e75c3fe0,
0x000001c7e78c9d20, 0x000001c7e7b35c20, 0x000001c7e7b66880
}

Java Threads: ( => current thread )
  0x000001c7ffb25c20 JavaThread "main" [_thread_blocked, id=26836, stack(0x000000998b300000,0x000000998b400000)]
  0x000001c7a1092940 JavaThread "Reference Handler" daemon [_thread_blocked, id=24744, stack(0x000000998ba00000,0x000000998bb00000)]
  0x000001c7a10939d0 JavaThread "Finalizer" daemon [_thread_blocked, id=15192, stack(0x000000998bb00000,0x000000998bc00000)]
  0x000001c7a1098a40 JavaThread "Signal Dispatcher" daemon [_thread_blocked, id=24240, stack(0x000000998bc00000,0x000000998bd00000)]
  0x000001c7a109c790 JavaThread "Attach Listener" daemon [_thread_blocked, id=16776, stack(0x000000998bd00000,0x000000998be00000)]
  0x000001c7a109dd70 JavaThread "Service Thread" daemon [_thread_blocked, id=27208, stack(0x000000998be00000,0x000000998bf00000)]
  0x000001c7a109f4e0 JavaThread "Monitor Deflation Thread" daemon [_thread_blocked, id=25812, stack(0x000000998bf00000,0x000000998c000000)]
=>0x000001c7a10a6200 JavaThread "C2 CompilerThread0" daemon [_thread_in_native, id=11024, stack(0x000000998c000000,0x000000998c100000)]
  0x000001c7a10a44f0 JavaThread "C1 CompilerThread0" daemon [_thread_blocked, id=28016, stack(0x000000998c100000,0x000000998c200000)]
  0x000001c7e64a0fc0 JavaThread "Common-Cleaner" daemon [_thread_blocked, id=20432, stack(0x000000998c200000,0x000000998c300000)]
  0x000001c7e6ff95c0 JavaThread "Notification Thread" daemon [_thread_blocked, id=19068, stack(0x000000998c500000,0x000000998c600000)]
  0x000001c7e6edeb00 JavaThread "QuantumRenderer-0" daemon [_thread_blocked, id=24024, stack(0x000000998c300000,0x000000998c400000)]
  0x000001c7e72bc700 JavaThread "InvokeLaterDispatcher" daemon [_thread_blocked, id=28244, stack(0x000000998c400000,0x000000998c500000)]
  0x000001c7e7333330 JavaThread "JavaFX Application Thread" [_thread_in_native, id=24104, stack(0x000000998c700000,0x000000998c800000)]
  0x000001c7e75aa070 JavaThread "Thread-1" daemon [_thread_in_native, id=11752, stack(0x000000998d000000,0x000000998d100000)]
  0x000001c7e75c3fe0 JavaThread "JavaFX-Launcher" [_thread_blocked, id=9936, stack(0x000000998d100000,0x000000998d200000)]
  0x000001c7e78c9d20 JavaThread "Prism Font Disposer" daemon [_thread_blocked, id=14500, stack(0x000000998d400000,0x000000998d500000)]
  0x000001c7e7b35c20 JavaThread "Cleaner-0" daemon [_thread_blocked, id=28412, stack(0x000000998dc00000,0x000000998dd00000)]
  0x000001c7e7b66880 JavaThread "mysql-cj-abandoned-connection-cleanup" daemon [_thread_blocked, id=24500, stack(0x000000998d200000,0x000000998d300000)]

Other Threads:
  0x000001c7a1074830 VMThread "VM Thread" [stack: 0x000000998b900000,0x000000998ba00000] [id=24228]
  0x000001c7e7047810 WatcherThread "VM Periodic Task Thread" [stack: 0x000000998c600000,0x000000998c700000] [id=13580]
  0x000001c7ffb95c50 WorkerThread "GC Thread#0" [stack: 0x000000998b400000,0x000000998b500000] [id=9016]
  0x000001c7e72b3890 WorkerThread "GC Thread#1" [stack: 0x000000998cb00000,0x000000998cc00000] [id=21184]
  0x000001c7e72b3b60 WorkerThread "GC Thread#2" [stack: 0x000000998cc00000,0x000000998cd00000] [id=19704]
  0x000001c7e72b3e30 WorkerThread "GC Thread#3" [stack: 0x000000998cd00000,0x000000998ce00000] [id=5484]
  0x000001c7e72b46a0 WorkerThread "GC Thread#4" [stack: 0x000000998ce00000,0x000000998cf00000] [id=2784]
  0x000001c7e72b4970 WorkerThread "GC Thread#5" [stack: 0x000000998cf00000,0x000000998d000000] [id=13508]
  0x000001c7e7bbe710 WorkerThread "GC Thread#6" [stack: 0x000000998d700000,0x000000998d800000] [id=9812]
  0x000001c7e7bbdea0 WorkerThread "GC Thread#7" [stack: 0x000000998d800000,0x000000998d900000] [id=23412]
  0x000001c7e7bbd900 WorkerThread "GC Thread#8" [stack: 0x000000998d900000,0x000000998da00000] [id=18392]
  0x000001c7e7bc08d0 WorkerThread "GC Thread#9" [stack: 0x000000998da00000,0x000000998db00000] [id=17232]
  0x000001c7ffba6850 ConcurrentGCThread "G1 Main Marker" [stack: 0x000000998b500000,0x000000998b600000] [id=14036]
  0x000001c7ffba7280 WorkerThread "G1 Conc#0" [stack: 0x000000998b600000,0x000000998b700000] [id=15264]
  0x000001c7e7bbe170 WorkerThread "G1 Conc#1" [stack: 0x000000998df00000,0x000000998e000000] [id=884]
  0x000001c7e7bc0600 WorkerThread "G1 Conc#2" [stack: 0x000000998e000000,0x000000998e100000] [id=26116]
  0x000001c7a0f333e0 ConcurrentGCThread "G1 Refine#0" [stack: 0x000000998b700000,0x000000998b800000] [id=23716]
  0x000001c7a0f33c90 ConcurrentGCThread "G1 Service" [stack: 0x000000998b800000,0x000000998b900000] [id=27640]

Threads with active compile tasks:
C2 CompilerThread0    73302 5538       4       javafx.scene.Parent::layout (160 bytes)

VM state: not at safepoint (normal execution)

VM Mutex/Monitor currently owned by a thread: None

Heap address: 0x0000000704a00000, size: 4022 MB, Compressed Oops mode: Zero based, Oop shift amount: 3

CDS archive(s) mapped at: [0x000001c7a1400000-0x000001c7a2060000-0x000001c7a2060000), size 12976128, SharedBaseAddress: 0x000001c7a1400000, ArchiveRelocationMode: 1.
Compressed class space mapped at: 0x000001c7a2400000-0x000001c7e2400000, reserved size: 1073741824
Narrow klass base: 0x000001c7a1400000, Narrow klass shift: 0, Narrow klass range: 0x100000000

GC Precious Log:
 CardTable entry size: 512
 Card Set container configuration: InlinePtr #cards 4 size 8 Array Of Cards #cards 16 size 48 Howl #buckets 8 coarsen threshold 3686 Howl Bitmap #cards 512 size 80 coarsen threshold 460 Card regions per heap region 1 cards per card region 4096
 CPUs: 12 total, 12 available
 Memory: 16086M
 Large Page Support: Disabled
 NUMA Support: Disabled
 Compressed Oops: Enabled (Zero based)
 Heap Region Size: 2M
 Heap Min Capacity: 8M
 Heap Initial Capacity: 252M
 Heap Max Capacity: 4022M
 Pre-touch: Disabled
 Parallel Workers: 10
 Concurrent Workers: 3
 Concurrent Refinement Workers: 10
 Periodic GC: Disabled

Heap:
 garbage-first heap   total 69632K, used 37677K [0x0000000704a00000, 0x0000000800000000)
  region size 2048K, 12 young (24576K), 3 survivors (6144K)
 Metaspace       used 30599K, committed 31040K, reserved 1114112K
  class space    used 4300K, committed 4480K, reserved 1048576K

Heap Regions: E=young(eden), S=young(survivor), O=old, HS=humongous(starts), HC=humongous(continues), CS=collection set, F=free, OA=open archive, CA=closed archive, TAMS=top-at-mark-start, PB=parsable bottom
|   0|0x0000000704a00000, 0x0000000704c00000, 0x0000000704c00000|100%|HS|  |TAMS 0x0000000704a00000| PB 0x0000000704a00000| Complete 
|   1|0x0000000704c00000, 0x0000000704db9800, 0x0000000704e00000| 86%| O|  |TAMS 0x0000000704c00000| PB 0x0000000704c00000| Complete 
|   2|0x0000000704e00000, 0x0000000705000000, 0x0000000705000000|100%|HS|  |TAMS 0x0000000704e00000| PB 0x0000000704e00000| Complete 
|   3|0x0000000705000000, 0x0000000705200000, 0x0000000705200000|100%| O|  |TAMS 0x0000000705000000| PB 0x0000000705000000| Untracked 
|   4|0x0000000705200000, 0x0000000705400000, 0x0000000705400000|100%| O|  |TAMS 0x0000000705200000| PB 0x0000000705200000| Untracked 
|   5|0x0000000705400000, 0x0000000705600000, 0x0000000705600000|100%| O|  |TAMS 0x0000000705400000| PB 0x0000000705400000| Untracked 
|   6|0x0000000705600000, 0x0000000705800000, 0x0000000705800000|100%| O|  |TAMS 0x0000000705600000| PB 0x0000000705600000| Untracked 
|   7|0x0000000705800000, 0x0000000705911e00, 0x0000000705a00000| 53%| O|  |TAMS 0x0000000705800000| PB 0x0000000705800000| Untracked 
|   8|0x0000000705a00000, 0x0000000705a00000, 0x0000000705c00000|  0%| F|  |TAMS 0x0000000705a00000| PB 0x0000000705a00000| Untracked 
|   9|0x0000000705c00000, 0x0000000705c00000, 0x0000000705e00000|  0%| F|  |TAMS 0x0000000705c00000| PB 0x0000000705c00000| Untracked 
|  10|0x0000000705e00000, 0x0000000705e00000, 0x0000000706000000|  0%| F|  |TAMS 0x0000000705e00000| PB 0x0000000705e00000| Untracked 
|  11|0x0000000706000000, 0x0000000706200000, 0x0000000706200000|100%| S|CS|TAMS 0x0000000706000000| PB 0x0000000706000000| Complete 
|  12|0x0000000706200000, 0x0000000706400000, 0x0000000706400000|100%| S|CS|TAMS 0x0000000706200000| PB 0x0000000706200000| Complete 
|  13|0x0000000706400000, 0x0000000706600000, 0x0000000706600000|100%| S|CS|TAMS 0x0000000706400000| PB 0x0000000706400000| Complete 
|  14|0x0000000706600000, 0x0000000706600000, 0x0000000706800000|  0%| F|  |TAMS 0x0000000706600000| PB 0x0000000706600000| Untracked 
|  15|0x0000000706800000, 0x0000000706800000, 0x0000000706a00000|  0%| F|  |TAMS 0x0000000706800000| PB 0x0000000706800000| Untracked 
|  16|0x0000000706a00000, 0x0000000706a00000, 0x0000000706c00000|  0%| F|  |TAMS 0x0000000706a00000| PB 0x0000000706a00000| Untracked 
|  17|0x0000000706c00000, 0x0000000706c00000, 0x0000000706e00000|  0%| F|  |TAMS 0x0000000706c00000| PB 0x0000000706c00000| Untracked 
|  18|0x0000000706e00000, 0x0000000706e00000, 0x0000000707000000|  0%| F|  |TAMS 0x0000000706e00000| PB 0x0000000706e00000| Untracked 
|  19|0x0000000707000000, 0x0000000707000000, 0x0000000707200000|  0%| F|  |TAMS 0x0000000707000000| PB 0x0000000707000000| Untracked 
|  20|0x0000000707200000, 0x0000000707200000, 0x0000000707400000|  0%| F|  |TAMS 0x0000000707200000| PB 0x0000000707200000| Untracked 
|  21|0x0000000707400000, 0x0000000707400000, 0x0000000707600000|  0%| F|  |TAMS 0x0000000707400000| PB 0x0000000707400000| Untracked 
|  22|0x0000000707600000, 0x0000000707600000, 0x0000000707800000|  0%| F|  |TAMS 0x0000000707600000| PB 0x0000000707600000| Untracked 
|  23|0x0000000707800000, 0x0000000707800000, 0x0000000707a00000|  0%| F|  |TAMS 0x0000000707800000| PB 0x0000000707800000| Untracked 
|  24|0x0000000707a00000, 0x0000000707a00000, 0x0000000707c00000|  0%| F|  |TAMS 0x0000000707a00000| PB 0x0000000707a00000| Untracked 
|  25|0x0000000707c00000, 0x0000000707d45320, 0x0000000707e00000| 63%| E|  |TAMS 0x0000000707c00000| PB 0x0000000707c00000| Complete 
|  26|0x0000000707e00000, 0x0000000708000000, 0x0000000708000000|100%| E|CS|TAMS 0x0000000707e00000| PB 0x0000000707e00000| Complete 
| 109|0x0000000712400000, 0x0000000712600000, 0x0000000712600000|100%| E|CS|TAMS 0x0000000712400000| PB 0x0000000712400000| Complete 
| 110|0x0000000712600000, 0x0000000712800000, 0x0000000712800000|100%| E|CS|TAMS 0x0000000712600000| PB 0x0000000712600000| Complete 
| 111|0x0000000712800000, 0x0000000712a00000, 0x0000000712a00000|100%| E|CS|TAMS 0x0000000712800000| PB 0x0000000712800000| Complete 
| 112|0x0000000712a00000, 0x0000000712c00000, 0x0000000712c00000|100%| E|CS|TAMS 0x0000000712a00000| PB 0x0000000712a00000| Complete 
| 113|0x0000000712c00000, 0x0000000712e00000, 0x0000000712e00000|100%| E|CS|TAMS 0x0000000712c00000| PB 0x0000000712c00000| Complete 
| 124|0x0000000714200000, 0x0000000714400000, 0x0000000714400000|100%| E|CS|TAMS 0x0000000714200000| PB 0x0000000714200000| Complete 
| 125|0x0000000714400000, 0x0000000714600000, 0x0000000714600000|100%| E|CS|TAMS 0x0000000714400000| PB 0x0000000714400000| Complete 

Card table byte_map: [0x000001c799590000,0x000001c799d70000] _byte_map_base: 0x000001c795d6b000

Marking Bits: (CMBitMap*) 0x000001c7ffb96280
 Bits: [0x000001c79a550000, 0x000001c79e428000)

Polling page: 0x000001c7ffbe0000

Metaspace:

Usage:
  Non-class:     25.68 MB used.
      Class:      4.20 MB used.
       Both:     29.88 MB used.

Virtual space:
  Non-class space:       64.00 MB reserved,      25.94 MB ( 41%) committed,  1 nodes.
      Class space:        1.00 GB reserved,       4.38 MB ( <1%) committed,  1 nodes.
             Both:        1.06 GB reserved,      30.31 MB (  3%) committed. 

Chunk freelists:
   Non-Class:  1.61 MB
       Class:  3.55 MB
        Both:  5.15 MB

MaxMetaspaceSize: unlimited
CompressedClassSpaceSize: 1.00 GB
Initial GC threshold: 21.00 MB
Current GC threshold: 35.25 MB
CDS: on
MetaspaceReclaimPolicy: balanced
 - commit_granule_bytes: 65536.
 - commit_granule_words: 8192.
 - virtual_space_node_default_size: 8388608.
 - enlarge_chunks_in_place: 1.
 - new_chunks_are_fully_committed: 0.
 - uncommit_free_chunks: 1.
 - use_allocation_guard: 0.


Internal statistics:

num_allocs_failed_limit: 3.
num_arena_births: 448.
num_arena_deaths: 0.
num_vsnodes_births: 2.
num_vsnodes_deaths: 0.
num_space_committed: 484.
num_space_uncommitted: 0.
num_chunks_returned_to_freelist: 3.
num_chunks_taken_from_freelist: 1335.
num_chunk_merges: 0.
num_chunk_splits: 938.
num_chunks_enlarged: 719.
num_inconsistent_stats: 0.

CodeHeap 'non-profiled nmethods': size=120000Kb used=2521Kb max_used=2521Kb free=117478Kb
 bounds [0x000001c790ef0000, 0x000001c791170000, 0x000001c798420000]
CodeHeap 'profiled nmethods': size=120000Kb used=11649Kb max_used=11649Kb free=108351Kb
 bounds [0x000001c789420000, 0x000001c789f90000, 0x000001c790950000]
CodeHeap 'non-nmethods': size=5760Kb used=2226Kb max_used=2280Kb free=3533Kb
 bounds [0x000001c790950000, 0x000001c790bc0000, 0x000001c790ef0000]
 total_blobs=6464 nmethods=5536 adapters=837
 compilation: enabled
              stopped_count=0, restarted_count=0
 full_count=0

Compilation events (20 events):
Event: 41.811 Thread 0x000001c7a10a44f0 nmethod 5528 0x000001c789f7f290 code [0x000001c789f7f460, 0x000001c789f7f8f8]
Event: 42.403 Thread 0x000001c7a10a6200 5529       4       java.util.concurrent.locks.AbstractQueuedSynchronizer$Node::getAndUnsetStatus (14 bytes)
Event: 42.404 Thread 0x000001c7a10a6200 nmethod 5529 0x000001c791162810 code [0x000001c791162980, 0x000001c791162a48]
Event: 42.824 Thread 0x000001c7a10a6200 5530   !   4       com.sun.scenario.animation.AbstractPrimaryTimer::timePulseImpl (157 bytes)
Event: 42.841 Thread 0x000001c7a10a6200 nmethod 5530 0x000001c791162b10 code [0x000001c791162dc0, 0x000001c7911639c0]
Event: 44.676 Thread 0x000001c7a10a6200 5531       4       java.util.concurrent.locks.AbstractQueuedSynchronizer$ConditionObject::canReacquire (38 bytes)
Event: 44.677 Thread 0x000001c7a10a6200 nmethod 5531 0x000001c791164590 code [0x000001c791164700, 0x000001c7911647d0]
Event: 44.914 Thread 0x000001c7a10a6200 5532       4       java.util.concurrent.locks.LockSupport::setCurrentBlocker (14 bytes)
Event: 44.915 Thread 0x000001c7a10a6200 nmethod 5532 0x000001c791164890 code [0x000001c791164a00, 0x000001c791164b30]
Event: 46.562 Thread 0x000001c7a10a6200 5533       4       java.util.concurrent.LinkedBlockingDeque::unlinkFirst (74 bytes)
Event: 46.572 Thread 0x000001c7a10a6200 nmethod 5533 0x000001c791164b90 code [0x000001c791164d20, 0x000001c791165698]
Event: 46.882 Thread 0x000001c7a10a6200 5534       4       com.sun.scenario.animation.AbstractPrimaryTimer::nanos (37 bytes)
Event: 46.883 Thread 0x000001c7a10a6200 nmethod 5534 0x000001c791165990 code [0x000001c791165b00, 0x000001c791165be0]
Event: 48.834 Thread 0x000001c7a10a6200 5535       4       com.sun.javafx.tk.Toolkit$$Lambda$562/0x000001c7a26a74e8::run (8 bytes)
Event: 48.837 Thread 0x000001c7a10a6200 nmethod 5535 0x000001c791165c90 code [0x000001c791165e60, 0x000001c791166158]
Event: 50.034 Thread 0x000001c7a10a44f0 5536       3       com.sun.scenario.animation.shared.TimelineClipCore::jumpTo (48 bytes)
Event: 50.034 Thread 0x000001c7a10a44f0 nmethod 5536 0x000001c789f7fa90 code [0x000001c789f7fc60, 0x000001c789f80278]
Event: 62.761 Thread 0x000001c7a10a6200 5537       4       java.lang.Thread::interrupted (7 bytes)
Event: 62.761 Thread 0x000001c7a10a6200 nmethod 5537 0x000001c791166490 code [0x000001c791166600, 0x000001c791166690]
Event: 73.234 Thread 0x000001c7a10a6200 5538       4       javafx.scene.Parent::layout (160 bytes)

GC Heap History (8 events):
Event: 1.044 GC heap before
{Heap before GC invocations=0 (full 0):
 garbage-first heap   total 258048K, used 22528K [0x0000000704a00000, 0x0000000800000000)
  region size 2048K, 11 young (22528K), 0 survivors (0K)
 Metaspace       used 3789K, committed 3968K, reserved 1114112K
  class space    used 394K, committed 448K, reserved 1048576K
}
Event: 1.047 GC heap after
{Heap after GC invocations=1 (full 0):
 garbage-first heap   total 258048K, used 2687K [0x0000000704a00000, 0x0000000800000000)
  region size 2048K, 2 young (4096K), 2 survivors (4096K)
 Metaspace       used 3789K, committed 3968K, reserved 1114112K
  class space    used 394K, committed 448K, reserved 1048576K
}
Event: 2.316 GC heap before
{Heap before GC invocations=1 (full 0):
 garbage-first heap   total 258048K, used 43647K [0x0000000704a00000, 0x0000000800000000)
  region size 2048K, 21 young (43008K), 2 survivors (4096K)
 Metaspace       used 14544K, committed 14912K, reserved 1114112K
  class space    used 2218K, committed 2368K, reserved 1048576K
}
Event: 2.338 GC heap after
{Heap after GC invocations=2 (full 0):
 garbage-first heap   total 258048K, used 9958K [0x0000000704a00000, 0x0000000800000000)
  region size 2048K, 3 young (6144K), 3 survivors (6144K)
 Metaspace       used 14544K, committed 14912K, reserved 1114112K
  class space    used 2218K, committed 2368K, reserved 1048576K
}
Event: 12.577 GC heap before
{Heap before GC invocations=2 (full 0):
 garbage-first heap   total 258048K, used 34534K [0x0000000704a00000, 0x0000000800000000)
  region size 2048K, 15 young (30720K), 3 survivors (6144K)
 Metaspace       used 21132K, committed 21504K, reserved 1114112K
  class space    used 3038K, committed 3200K, reserved 1048576K
}
Event: 12.590 GC heap after
{Heap after GC invocations=3 (full 0):
 garbage-first heap   total 258048K, used 15996K [0x0000000704a00000, 0x0000000800000000)
  region size 2048K, 5 young (10240K), 5 survivors (10240K)
 Metaspace       used 21132K, committed 21504K, reserved 1114112K
  class space    used 3038K, committed 3200K, reserved 1048576K
}
Event: 15.236 GC heap before
{Heap before GC invocations=4 (full 0):
 garbage-first heap   total 69632K, used 46716K [0x0000000704a00000, 0x0000000800000000)
  region size 2048K, 20 young (40960K), 5 survivors (10240K)
 Metaspace       used 29674K, committed 30016K, reserved 1114112K
  class space    used 4249K, committed 4416K, reserved 1048576K
}
Event: 15.247 GC heap after
{Heap after GC invocations=5 (full 0):
 garbage-first heap   total 69632K, used 21293K [0x0000000704a00000, 0x0000000800000000)
  region size 2048K, 3 young (6144K), 3 survivors (6144K)
 Metaspace       used 29674K, committed 30016K, reserved 1114112K
  class space    used 4249K, committed 4416K, reserved 1048576K
}

Dll operation events (20 events):
Event: 0.745 Loaded shared library C:\Users\votan\.openjfx\cache\20.0.2+3\amd64\api-ms-win-crt-multibyte-l1-1-0.dll
Event: 0.753 Loaded shared library C:\Users\votan\.openjfx\cache\20.0.2+3\amd64\api-ms-win-crt-private-l1-1-0.dll
Event: 0.761 Loaded shared library C:\Users\votan\.openjfx\cache\20.0.2+3\amd64\api-ms-win-crt-process-l1-1-0.dll
Event: 0.765 Loaded shared library C:\Users\votan\.openjfx\cache\20.0.2+3\amd64\api-ms-win-crt-runtime-l1-1-0.dll
Event: 0.769 Loaded shared library C:\Users\votan\.openjfx\cache\20.0.2+3\amd64\api-ms-win-crt-stdio-l1-1-0.dll
Event: 0.774 Loaded shared library C:\Users\votan\.openjfx\cache\20.0.2+3\amd64\api-ms-win-crt-string-l1-1-0.dll
Event: 0.778 Loaded shared library C:\Users\votan\.openjfx\cache\20.0.2+3\amd64\api-ms-win-crt-time-l1-1-0.dll
Event: 0.782 Loaded shared library C:\Users\votan\.openjfx\cache\20.0.2+3\amd64\api-ms-win-crt-utility-l1-1-0.dll
Event: 0.807 Loaded shared library C:\Users\votan\.openjfx\cache\20.0.2+3\amd64\ucrtbase.dll
Event: 0.812 Loaded shared library C:\Users\votan\.openjfx\cache\20.0.2+3\amd64\vcruntime140.dll
Event: 0.818 Loaded shared library C:\Users\votan\.openjfx\cache\20.0.2+3\amd64\vcruntime140_1.dll
Event: 0.830 Loaded shared library C:\Users\votan\.openjfx\cache\20.0.2+3\amd64\msvcp140.dll
Event: 0.834 Loaded shared library C:\Users\votan\.openjfx\cache\20.0.2+3\amd64\msvcp140_1.dll
Event: 0.840 Loaded shared library C:\Users\votan\.openjfx\cache\20.0.2+3\amd64\msvcp140_2.dll
Event: 0.902 Loaded shared library C:\Users\votan\.openjfx\cache\20.0.2+3\amd64\prism_d3d.dll
Event: 0.972 Loaded shared library C:\Users\votan\.openjfx\cache\20.0.2+3\amd64\glass.dll
Event: 1.144 Loaded shared library C:\Program Files\Java\jdk-20\bin\jimage.dll
Event: 1.308 Loaded shared library C:\Users\votan\.openjfx\cache\20.0.2+3\amd64\javafx_iio.dll
Event: 1.368 Loaded shared library C:\Users\votan\.openjfx\cache\20.0.2+3\amd64\javafx_font.dll
Event: 12.688 Loaded shared library C:\Program Files\Java\jdk-20\bin\sunmscapi.dll

Deoptimization events (20 events):
Event: 17.058 Thread 0x000001c7e7333330 Uncommon trap: trap_request=0xffffff45 fr.pc=0x000001c7910f8518 relative=0x00000000000006d8
Event: 17.058 Thread 0x000001c7e7333330 Uncommon trap: reason=unstable_if action=reinterpret pc=0x000001c7910f8518 method=javafx.scene.Node.updateBounds()V @ 70 c2
Event: 17.058 Thread 0x000001c7e7333330 DEOPT PACKING pc=0x000001c7910f8518 sp=0x000000998c7fe770
Event: 17.058 Thread 0x000001c7e7333330 DEOPT UNPACKING pc=0x000001c79096d2a2 sp=0x000000998c7fe6c0 mode 2
Event: 17.058 Thread 0x000001c7e7333330 Uncommon trap: trap_request=0xffffff45 fr.pc=0x000001c7910f8518 relative=0x00000000000006d8
Event: 17.058 Thread 0x000001c7e7333330 Uncommon trap: reason=unstable_if action=reinterpret pc=0x000001c7910f8518 method=javafx.scene.Node.updateBounds()V @ 70 c2
Event: 17.058 Thread 0x000001c7e7333330 DEOPT PACKING pc=0x000001c7910f8518 sp=0x000000998c7fe7d0
Event: 17.058 Thread 0x000001c7e7333330 DEOPT UNPACKING pc=0x000001c79096d2a2 sp=0x000000998c7fe720 mode 2
Event: 17.058 Thread 0x000001c7e7333330 Uncommon trap: trap_request=0xffffff45 fr.pc=0x000001c7910f8518 relative=0x00000000000006d8
Event: 17.058 Thread 0x000001c7e7333330 Uncommon trap: reason=unstable_if action=reinterpret pc=0x000001c7910f8518 method=javafx.scene.Node.updateBounds()V @ 70 c2
Event: 17.058 Thread 0x000001c7e7333330 DEOPT PACKING pc=0x000001c7910f8518 sp=0x000000998c7fe830
Event: 17.058 Thread 0x000001c7e7333330 DEOPT UNPACKING pc=0x000001c79096d2a2 sp=0x000000998c7fe780 mode 2
Event: 17.065 Thread 0x000001c7e6edeb00 Uncommon trap: trap_request=0xffffff45 fr.pc=0x000001c790ff391c relative=0x000000000000009c
Event: 17.065 Thread 0x000001c7e6edeb00 Uncommon trap: reason=unstable_if action=reinterpret pc=0x000001c790ff391c method=com.sun.javafx.geom.RectBounds.isEmpty()Z @ 21 c2
Event: 17.065 Thread 0x000001c7e6edeb00 DEOPT PACKING pc=0x000001c790ff391c sp=0x000000998c3fbd20
Event: 17.065 Thread 0x000001c7e6edeb00 DEOPT UNPACKING pc=0x000001c79096d2a2 sp=0x000000998c3fbcb0 mode 2
Event: 17.065 Thread 0x000001c7e6edeb00 Uncommon trap: trap_request=0xffffff45 fr.pc=0x000001c7910f52cc relative=0x000000000000012c
Event: 17.065 Thread 0x000001c7e6edeb00 Uncommon trap: reason=unstable_if action=reinterpret pc=0x000001c7910f52cc method=com.sun.prism.impl.BaseGraphics.validateTransformAndPaint()V @ 20 c2
Event: 17.065 Thread 0x000001c7e6edeb00 DEOPT PACKING pc=0x000001c7910f52cc sp=0x000000998c3fc950
Event: 17.065 Thread 0x000001c7e6edeb00 DEOPT UNPACKING pc=0x000001c79096d2a2 sp=0x000000998c3fc8f8 mode 2

Classes loaded (20 events):
Event: 15.233 Loading class sun/util/resources/LocaleData$SupplementaryStrategy
Event: 15.233 Loading class sun/util/resources/LocaleData$SupplementaryStrategy done
Event: 15.233 Loading class sun/text/resources/JavaTimeSupplementary
Event: 15.233 Loading class sun/util/resources/OpenListResourceBundle
Event: 15.233 Loading class sun/util/resources/OpenListResourceBundle done
Event: 15.233 Loading class sun/text/resources/JavaTimeSupplementary done
Event: 15.233 Loading class sun/text/resources/JavaTimeSupplementary_en
Event: 15.233 Loading class sun/text/resources/JavaTimeSupplementary_en done
Event: 15.233 Loading class sun/text/resources/JavaTimeSupplementary_en_US
Event: 15.233 Loading class sun/text/resources/JavaTimeSupplementary_en_US done
Event: 15.233 Loading class sun/util/resources/ParallelListResourceBundle$KeySet
Event: 15.233 Loading class sun/util/resources/ParallelListResourceBundle$KeySet done
Event: 15.247 Loading class sun/security/ssl/Alert
Event: 15.247 Loading class sun/security/ssl/Alert done
Event: 15.247 Loading class sun/util/locale/provider/CalendarDataUtility$CalendarFieldValueNameGetter
Event: 15.248 Loading class sun/util/locale/provider/CalendarDataUtility$CalendarFieldValueNameGetter done
Event: 15.248 Loading class sun/security/ssl/Alert$AlertConsumer
Event: 15.248 Loading class sun/security/ssl/Alert$AlertConsumer done
Event: 15.248 Loading class sun/security/ssl/Alert$Level
Event: 15.248 Loading class sun/security/ssl/Alert$Level done

Classes unloaded (0 events):
No events

Classes redefined (0 events):
No events

Internal exceptions (20 events):
Event: 9.668 Thread 0x000001c7e7333330 Exception <a 'java/lang/NoSuchMethodError'{0x000000071361d850}: 'java.lang.Object java.lang.invoke.DirectMethodHandle$Holder.newInvokeSpecial(java.lang.Object, java.lang.Object, int, int, int, int, int, java.lang.Object)'> (0x000000071361d850) 
thrown [s\open\src\hotspot\share\interpreter\linkResolver.cpp, line 773]
Event: 9.669 Thread 0x000001c7e7333330 Exception <a 'java/lang/NoSuchMethodError'{0x000000071362fd90}: 'java.lang.Object java.lang.invoke.DirectMethodHandle$Holder.newInvokeSpecial(java.lang.Object, java.lang.Object, java.lang.Object, int, int, int, int, int)'> (0x000000071362fd90) 
thrown [s\open\src\hotspot\share\interpreter\linkResolver.cpp, line 773]
Event: 9.669 Thread 0x000001c7e7333330 Exception <a 'java/lang/NoSuchMethodError'{0x00000007136370d0}: 'java.lang.Object java.lang.invoke.Invokers$Holder.linkToTargetMethod(java.lang.Object, java.lang.Object, int, int, int, int, int, java.lang.Object)'> (0x00000007136370d0) 
thrown [s\open\src\hotspot\share\interpreter\linkResolver.cpp, line 773]
Event: 12.277 Thread 0x000001c7e7333330 Exception <a 'sun/nio/fs/WindowsException'{0x000000071378f070}> (0x000000071378f070) 
thrown [s\open\src\hotspot\share\prims\jni.cpp, line 519]
Event: 12.309 Thread 0x000001c7e7333330 Exception <a 'sun/nio/fs/WindowsException'{0x000000071349d2f8}> (0x000000071349d2f8) 
thrown [s\open\src\hotspot\share\prims\jni.cpp, line 519]
Event: 12.310 Thread 0x000001c7e7333330 Exception <a 'sun/nio/fs/WindowsException'{0x000000071349f450}> (0x000000071349f450) 
thrown [s\open\src\hotspot\share\prims\jni.cpp, line 519]
Event: 12.322 Thread 0x000001c7e7333330 Exception <a 'sun/nio/fs/WindowsException'{0x00000007134fa520}> (0x00000007134fa520) 
thrown [s\open\src\hotspot\share\prims\jni.cpp, line 519]
Event: 12.323 Thread 0x000001c7e7333330 Exception <a 'sun/nio/fs/WindowsException'{0x00000007134fc7b8}> (0x00000007134fc7b8) 
thrown [s\open\src\hotspot\share\prims\jni.cpp, line 519]
Event: 12.327 Thread 0x000001c7e7333330 Exception <a 'java/lang/NoSuchMethodError'{0x0000000713513e98}: 'java.lang.Object java.lang.invoke.DirectMethodHandle$Holder.invokeVirtual(java.lang.Object, java.lang.Object, java.lang.Object)'> (0x0000000713513e98) 
thrown [s\open\src\hotspot\share\interpreter\linkResolver.cpp, line 773]
Event: 12.437 Thread 0x000001c7e7333330 Exception <a 'sun/nio/fs/WindowsException'{0x000000071301cf08}> (0x000000071301cf08) 
thrown [s\open\src\hotspot\share\prims\jni.cpp, line 519]
Event: 12.446 Thread 0x000001c7e7333330 Exception <a 'java/lang/ClassNotFoundException'{0x0000000713025e40}: jdk/net/ExtendedSocketOptions> (0x0000000713025e40) 
thrown [s\open\src\hotspot\share\classfile\systemDictionary.cpp, line 305]
Event: 12.563 Thread 0x000001c7e7333330 Exception <a 'sun/nio/fs/WindowsException'{0x0000000712ed8b80}> (0x0000000712ed8b80) 
thrown [s\open\src\hotspot\share\prims\jni.cpp, line 519]
Event: 12.627 Thread 0x000001c7e7333330 Exception <a 'sun/nio/fs/WindowsException'{0x00000007144b8e20}> (0x00000007144b8e20) 
thrown [s\open\src\hotspot\share\prims\jni.cpp, line 519]
Event: 12.632 Thread 0x000001c7e7333330 Exception <a 'sun/nio/fs/WindowsException'{0x00000007144cdb20}> (0x00000007144cdb20) 
thrown [s\open\src\hotspot\share\prims\jni.cpp, line 519]
Event: 14.012 Thread 0x000001c7e7333330 Exception <a 'sun/nio/fs/WindowsException'{0x0000000707403e68}> (0x0000000707403e68) 
thrown [s\open\src\hotspot\share\prims\jni.cpp, line 519]
Event: 14.088 Thread 0x000001c7e7333330 Exception <a 'java/lang/NoSuchMethodError'{0x000000070745fe18}: 'java.lang.Object java.lang.invoke.DirectMethodHandle$Holder.invokeStaticInit(java.lang.Object, java.lang.Object, java.lang.Object)'> (0x000000070745fe18) 
thrown [s\open\src\hotspot\share\interpreter\linkResolver.cpp, line 773]
Event: 14.662 Thread 0x000001c7e7333330 Exception <a 'java/io/FileNotFoundException'{0x0000000707107a78}> (0x0000000707107a78) 
thrown [s\open\src\hotspot\share\prims\jni.cpp, line 519]
Event: 14.947 Thread 0x000001c7e7333330 Exception <a 'java/lang/NoSuchMethodError'{0x0000000706bdfc00}: 'int java.lang.invoke.DirectMethodHandle$Holder.invokeVirtual(java.lang.Object, java.lang.Object)'> (0x0000000706bdfc00) 
thrown [s\open\src\hotspot\share\interpreter\linkResolver.cpp, line 773]
Event: 15.475 Thread 0x000001c7e7333330 Implicit null exception at 0x000001c7910a1dda to 0x000001c7910a2598
Event: 17.066 Thread 0x000001c7e6edeb00 Exception <a 'java/lang/NoSuchMethodError'{0x0000000712913818}: 'java.lang.Object java.lang.invoke.DirectMethodHandle$Holder.invokeStaticInit(java.lang.Object, int)'> (0x0000000712913818) 
thrown [s\open\src\hotspot\share\interpreter\linkResolver.cpp, line 773]

VM Operations (20 events):
Event: 20.471 Executing VM operation: Cleanup
Event: 20.471 Executing VM operation: Cleanup done
Event: 21.472 Executing VM operation: Cleanup
Event: 21.472 Executing VM operation: Cleanup done
Event: 23.472 Executing VM operation: Cleanup
Event: 23.473 Executing VM operation: Cleanup done
Event: 24.473 Executing VM operation: Cleanup
Event: 24.473 Executing VM operation: Cleanup done
Event: 26.473 Executing VM operation: Cleanup
Event: 26.474 Executing VM operation: Cleanup done
Event: 28.474 Executing VM operation: Cleanup
Event: 28.474 Executing VM operation: Cleanup done
Event: 36.477 Executing VM operation: Cleanup
Event: 36.477 Executing VM operation: Cleanup done
Event: 49.500 Executing VM operation: Cleanup
Event: 49.500 Executing VM operation: Cleanup done
Event: 60.112 Executing VM operation: HandshakeAllThreads
Event: 60.112 Executing VM operation: HandshakeAllThreads done
Event: 66.116 Executing VM operation: Cleanup
Event: 66.116 Executing VM operation: Cleanup done

Events (20 events):
Event: 1.661 Thread 0x000001c7e77f7b80 Thread exited: 0x000001c7e77f7b80
Event: 2.496 Thread 0x000001c7e7e389e0 Thread added: 0x000001c7e7e389e0
Event: 2.602 Thread 0x000001c7e7e389e0 Thread exited: 0x000001c7e7e389e0
Event: 2.759 Thread 0x000001c7e7b35c20 Thread added: 0x000001c7e7b35c20
Event: 2.873 Thread 0x000001c7e75ce6b0 Thread exited: 0x000001c7e75ce6b0
Event: 12.275 Thread 0x000001c7e7b66880 Thread added: 0x000001c7e7b66880
Event: 12.534 Thread 0x000001c7e6caeb40 Thread added: 0x000001c7e6caeb40
Event: 12.760 Thread 0x000001c7f03da5a0 Thread added: 0x000001c7f03da5a0
Event: 13.540 Thread 0x000001c7f03da5a0 Thread exited: 0x000001c7f03da5a0
Event: 13.540 Thread 0x000001c7e6caeb40 Thread exited: 0x000001c7e6caeb40
Event: 14.615 Thread 0x000001c7e66863a0 Thread added: 0x000001c7e66863a0
Event: 15.415 Thread 0x000001c7e66863a0 Thread exited: 0x000001c7e66863a0
Event: 15.489 Thread 0x000001c7f00e2a10 Thread added: 0x000001c7f00e2a10
Event: 15.509 Thread 0x000001c7f09c0a80 Thread added: 0x000001c7f09c0a80
Event: 15.799 Thread 0x000001c7f09c0a80 Thread exited: 0x000001c7f09c0a80
Event: 15.799 Thread 0x000001c7f00e2a10 Thread exited: 0x000001c7f00e2a10
Event: 17.036 Thread 0x000001c7f00e2a10 Thread added: 0x000001c7f00e2a10
Event: 17.036 Thread 0x000001c7f09c0a80 Thread added: 0x000001c7f09c0a80
Event: 17.871 Thread 0x000001c7f09c0a80 Thread exited: 0x000001c7f09c0a80
Event: 17.871 Thread 0x000001c7f00e2a10 Thread exited: 0x000001c7f00e2a10


Dynamic libraries:
0x00007ff7b6e50000 - 0x00007ff7b6e60000 	C:\Program Files\Java\jdk-20\bin\java.exe
0x00007ffcd9d90000 - 0x00007ffcd9fa4000 	C:\Windows\SYSTEM32\ntdll.dll
0x00007ffcd8960000 - 0x00007ffcd8a24000 	C:\Windows\System32\KERNEL32.DLL
0x00007ffcd72e0000 - 0x00007ffcd7684000 	C:\Windows\System32\KERNELBASE.dll
0x00007ffcd7960000 - 0x00007ffcd7a71000 	C:\Windows\System32\ucrtbase.dll
0x00007ffc9ced0000 - 0x00007ffc9cee9000 	C:\Program Files\Java\jdk-20\bin\jli.dll
0x00007ffcd2330000 - 0x00007ffcd234b000 	C:\Program Files\Java\jdk-20\bin\VCRUNTIME140.dll
0x00007ffcd81f0000 - 0x00007ffcd82a0000 	C:\Windows\System32\ADVAPI32.dll
0x00007ffcd8030000 - 0x00007ffcd80d7000 	C:\Windows\System32\msvcrt.dll
0x00007ffcd7e60000 - 0x00007ffcd7f06000 	C:\Windows\System32\sechost.dll
0x00007ffcd7f10000 - 0x00007ffcd8027000 	C:\Windows\System32\RPCRT4.dll
0x00007ffcd9ba0000 - 0x00007ffcd9d4e000 	C:\Windows\System32\USER32.dll
0x00007ffcd72b0000 - 0x00007ffcd72d6000 	C:\Windows\System32\win32u.dll
0x00007ffcd7c80000 - 0x00007ffcd7ca9000 	C:\Windows\System32\GDI32.dll
0x00007ffcd7780000 - 0x00007ffcd7898000 	C:\Windows\System32\gdi32full.dll
0x00007ffcd7a80000 - 0x00007ffcd7b1a000 	C:\Windows\System32\msvcp_win.dll
0x00007ffcb4020000 - 0x00007ffcb42b3000 	C:\Windows\WinSxS\amd64_microsoft.windows.common-controls_6595b64144ccf1df_6.0.22621.2215_none_270d72677387dfc3\COMCTL32.dll
0x00007ffccfb80000 - 0x00007ffccfb8a000 	C:\Windows\SYSTEM32\VERSION.dll
0x00007ffcd9a00000 - 0x00007ffcd9a31000 	C:\Windows\System32\IMM32.DLL
0x00007ffcd2320000 - 0x00007ffcd232c000 	C:\Program Files\Java\jdk-20\bin\vcruntime140_1.dll
0x00007ffc7f6a0000 - 0x00007ffc7f72e000 	C:\Program Files\Java\jdk-20\bin\msvcp140.dll
0x00007ffc4def0000 - 0x00007ffc4eb88000 	C:\Program Files\Java\jdk-20\bin\server\jvm.dll
0x00007ffcaa660000 - 0x00007ffcaa669000 	C:\Windows\SYSTEM32\WSOCK32.dll
0x00007ffcd9750000 - 0x00007ffcd97c1000 	C:\Windows\System32\WS2_32.dll
0x00007ffccb710000 - 0x00007ffccb744000 	C:\Windows\SYSTEM32\WINMM.dll
0x00007ffcd6100000 - 0x00007ffcd6118000 	C:\Windows\SYSTEM32\kernel.appcore.dll
0x00007ffcd22a0000 - 0x00007ffcd22aa000 	C:\Program Files\Java\jdk-20\bin\jimage.dll
0x00007ffcd4aa0000 - 0x00007ffcd4cce000 	C:\Windows\SYSTEM32\DBGHELP.DLL
0x00007ffcd8ad0000 - 0x00007ffcd8e5a000 	C:\Windows\System32\combase.dll
0x00007ffcd97d0000 - 0x00007ffcd98a7000 	C:\Windows\System32\OLEAUT32.dll
0x00007ffcbcd00000 - 0x00007ffcbcd32000 	C:\Windows\SYSTEM32\dbgcore.DLL
0x00007ffcd7690000 - 0x00007ffcd770a000 	C:\Windows\System32\bcryptPrimitives.dll
0x00007ffcd22b0000 - 0x00007ffcd22d6000 	C:\Program Files\Java\jdk-20\bin\java.dll
0x00007ffc9cef0000 - 0x00007ffc9cfc7000 	C:\Program Files\Java\jdk-20\bin\jsvml.dll
0x00007ffcd8e60000 - 0x00007ffcd9683000 	C:\Windows\System32\SHELL32.dll
0x00007ffcd5080000 - 0x00007ffcd596a000 	C:\Windows\SYSTEM32\windows.storage.dll
0x00007ffcd4f40000 - 0x00007ffcd507e000 	C:\Windows\SYSTEM32\wintypes.dll
0x00007ffcd80e0000 - 0x00007ffcd81d3000 	C:\Windows\System32\SHCORE.dll
0x00007ffcd8a70000 - 0x00007ffcd8ace000 	C:\Windows\System32\shlwapi.dll
0x00007ffcd7070000 - 0x00007ffcd7096000 	C:\Windows\SYSTEM32\profapi.dll
0x00007ffcd2260000 - 0x00007ffcd2273000 	C:\Program Files\Java\jdk-20\bin\net.dll
0x00007ffcd03d0000 - 0x00007ffcd0507000 	C:\Windows\SYSTEM32\WINHTTP.dll
0x00007ffcd65c0000 - 0x00007ffcd6629000 	C:\Windows\system32\mswsock.dll
0x00007ffcbc510000 - 0x00007ffcbc526000 	C:\Program Files\Java\jdk-20\bin\nio.dll
0x00007ffcbc400000 - 0x00007ffcbc418000 	C:\Program Files\Java\jdk-20\bin\zip.dll
0x000001c7a11e0000 - 0x000001c7a11e3000 	C:\Users\votan\.openjfx\cache\20.0.2+3\amd64\api-ms-win-core-console-l1-1-0.dll
0x000001c7a11f0000 - 0x000001c7a11f3000 	C:\Users\votan\.openjfx\cache\20.0.2+3\amd64\api-ms-win-core-console-l1-2-0.dll
0x000001c7a1200000 - 0x000001c7a1203000 	C:\Users\votan\.openjfx\cache\20.0.2+3\amd64\api-ms-win-core-datetime-l1-1-0.dll
0x000001c7a1210000 - 0x000001c7a1213000 	C:\Users\votan\.openjfx\cache\20.0.2+3\amd64\api-ms-win-core-debug-l1-1-0.dll
0x000001c7a1220000 - 0x000001c7a1223000 	C:\Users\votan\.openjfx\cache\20.0.2+3\amd64\api-ms-win-core-errorhandling-l1-1-0.dll
0x000001c7a1230000 - 0x000001c7a1234000 	C:\Users\votan\.openjfx\cache\20.0.2+3\amd64\api-ms-win-core-file-l1-1-0.dll
0x000001c7a1240000 - 0x000001c7a1243000 	C:\Users\votan\.openjfx\cache\20.0.2+3\amd64\api-ms-win-core-file-l1-2-0.dll
0x000001c7a1250000 - 0x000001c7a1253000 	C:\Users\votan\.openjfx\cache\20.0.2+3\amd64\api-ms-win-core-file-l2-1-0.dll
0x000001c7a1260000 - 0x000001c7a1263000 	C:\Users\votan\.openjfx\cache\20.0.2+3\amd64\api-ms-win-core-handle-l1-1-0.dll
0x000001c7a1270000 - 0x000001c7a1273000 	C:\Users\votan\.openjfx\cache\20.0.2+3\amd64\api-ms-win-core-heap-l1-1-0.dll
0x000001c7a1280000 - 0x000001c7a1283000 	C:\Users\votan\.openjfx\cache\20.0.2+3\amd64\api-ms-win-core-interlocked-l1-1-0.dll
0x000001c7a1290000 - 0x000001c7a1293000 	C:\Users\votan\.openjfx\cache\20.0.2+3\amd64\api-ms-win-core-libraryloader-l1-1-0.dll
0x000001c7a12a0000 - 0x000001c7a12a3000 	C:\Users\votan\.openjfx\cache\20.0.2+3\amd64\api-ms-win-core-localization-l1-2-0.dll
0x000001c7a12b0000 - 0x000001c7a12b3000 	C:\Users\votan\.openjfx\cache\20.0.2+3\amd64\api-ms-win-core-memory-l1-1-0.dll
0x000001c7a12c0000 - 0x000001c7a12c3000 	C:\Users\votan\.openjfx\cache\20.0.2+3\amd64\api-ms-win-core-namedpipe-l1-1-0.dll
0x000001c7a12d0000 - 0x000001c7a12d3000 	C:\Users\votan\.openjfx\cache\20.0.2+3\amd64\api-ms-win-core-processenvironment-l1-1-0.dll
0x000001c7a12e0000 - 0x000001c7a12e3000 	C:\Users\votan\.openjfx\cache\20.0.2+3\amd64\api-ms-win-core-processthreads-l1-1-0.dll
0x000001c7a12f0000 - 0x000001c7a12f3000 	C:\Users\votan\.openjfx\cache\20.0.2+3\amd64\api-ms-win-core-processthreads-l1-1-1.dll
0x000001c7a1300000 - 0x000001c7a1303000 	C:\Users\votan\.openjfx\cache\20.0.2+3\amd64\api-ms-win-core-profile-l1-1-0.dll
0x000001c7a1310000 - 0x000001c7a1313000 	C:\Users\votan\.openjfx\cache\20.0.2+3\amd64\api-ms-win-core-rtlsupport-l1-1-0.dll
0x000001c7a1320000 - 0x000001c7a1323000 	C:\Users\votan\.openjfx\cache\20.0.2+3\amd64\api-ms-win-core-string-l1-1-0.dll
0x000001c7a1330000 - 0x000001c7a1333000 	C:\Users\votan\.openjfx\cache\20.0.2+3\amd64\api-ms-win-core-synch-l1-1-0.dll
0x000001c7a1340000 - 0x000001c7a1343000 	C:\Users\votan\.openjfx\cache\20.0.2+3\amd64\api-ms-win-core-synch-l1-2-0.dll
0x000001c7a1350000 - 0x000001c7a1353000 	C:\Users\votan\.openjfx\cache\20.0.2+3\amd64\api-ms-win-core-sysinfo-l1-1-0.dll
0x000001c7a1360000 - 0x000001c7a1363000 	C:\Users\votan\.openjfx\cache\20.0.2+3\amd64\api-ms-win-core-timezone-l1-1-0.dll
0x000001c7a1370000 - 0x000001c7a1373000 	C:\Users\votan\.openjfx\cache\20.0.2+3\amd64\api-ms-win-core-util-l1-1-0.dll
0x000001c7a1380000 - 0x000001c7a1383000 	C:\Users\votan\.openjfx\cache\20.0.2+3\amd64\api-ms-win-crt-conio-l1-1-0.dll
0x000001c7a1390000 - 0x000001c7a1394000 	C:\Users\votan\.openjfx\cache\20.0.2+3\amd64\api-ms-win-crt-convert-l1-1-0.dll
0x000001c7a13a0000 - 0x000001c7a13a3000 	C:\Users\votan\.openjfx\cache\20.0.2+3\amd64\api-ms-win-crt-environment-l1-1-0.dll
0x000001c7a13b0000 - 0x000001c7a13b3000 	C:\Users\votan\.openjfx\cache\20.0.2+3\amd64\api-ms-win-crt-filesystem-l1-1-0.dll
0x000001c7a13c0000 - 0x000001c7a13c3000 	C:\Users\votan\.openjfx\cache\20.0.2+3\amd64\api-ms-win-crt-heap-l1-1-0.dll
0x000001c7a13d0000 - 0x000001c7a13d3000 	C:\Users\votan\.openjfx\cache\20.0.2+3\amd64\api-ms-win-crt-locale-l1-1-0.dll
0x000001c7a13e0000 - 0x000001c7a13e5000 	C:\Users\votan\.openjfx\cache\20.0.2+3\amd64\api-ms-win-crt-math-l1-1-0.dll
0x000001c7a13f0000 - 0x000001c7a13f5000 	C:\Users\votan\.openjfx\cache\20.0.2+3\amd64\api-ms-win-crt-multibyte-l1-1-0.dll
0x000001c7e7fd0000 - 0x000001c7e7fe0000 	C:\Users\votan\.openjfx\cache\20.0.2+3\amd64\api-ms-win-crt-private-l1-1-0.dll
0x000001c7e7fe0000 - 0x000001c7e7fe3000 	C:\Users\votan\.openjfx\cache\20.0.2+3\amd64\api-ms-win-crt-process-l1-1-0.dll
0x000001c7e7ff0000 - 0x000001c7e7ff4000 	C:\Users\votan\.openjfx\cache\20.0.2+3\amd64\api-ms-win-crt-runtime-l1-1-0.dll
0x000001c7e8000000 - 0x000001c7e8004000 	C:\Users\votan\.openjfx\cache\20.0.2+3\amd64\api-ms-win-crt-stdio-l1-1-0.dll
0x000001c7e8010000 - 0x000001c7e8014000 	C:\Users\votan\.openjfx\cache\20.0.2+3\amd64\api-ms-win-crt-string-l1-1-0.dll
0x000001c7e8020000 - 0x000001c7e8023000 	C:\Users\votan\.openjfx\cache\20.0.2+3\amd64\api-ms-win-crt-time-l1-1-0.dll
0x000001c7e8030000 - 0x000001c7e8033000 	C:\Users\votan\.openjfx\cache\20.0.2+3\amd64\api-ms-win-crt-utility-l1-1-0.dll
0x00007ffc50140000 - 0x00007ffc5023c000 	C:\Users\votan\.openjfx\cache\20.0.2+3\amd64\ucrtbase.dll
0x00007ffc9ceb0000 - 0x00007ffc9cecb000 	C:\Users\votan\.openjfx\cache\20.0.2+3\amd64\vcruntime140.dll
0x00007ffcb4760000 - 0x00007ffcb476c000 	C:\Users\votan\.openjfx\cache\20.0.2+3\amd64\vcruntime140_1.dll
0x00007ffc71d30000 - 0x00007ffc71dbe000 	C:\Users\votan\.openjfx\cache\20.0.2+3\amd64\msvcp140.dll
0x00007ffcaa790000 - 0x00007ffcaa799000 	C:\Users\votan\.openjfx\cache\20.0.2+3\amd64\msvcp140_1.dll
0x00007ffc8c860000 - 0x00007ffc8c890000 	C:\Users\votan\.openjfx\cache\20.0.2+3\amd64\msvcp140_2.dll
0x00007ffc81150000 - 0x00007ffc8117f000 	C:\Users\votan\.openjfx\cache\20.0.2+3\amd64\prism_d3d.dll
0x00007ffc9d5d0000 - 0x00007ffc9d779000 	C:\Windows\system32\d3d9.dll
0x00007ffcd4620000 - 0x00007ffcd464b000 	C:\Windows\SYSTEM32\dwmapi.dll
0x00007ffcd43e0000 - 0x00007ffcd4418000 	C:\Windows\SYSTEM32\dxcore.dll
0x00007ffcd42e0000 - 0x00007ffcd438b000 	C:\Windows\system32\uxtheme.dll
0x00007ffc4bf10000 - 0x00007ffc4c184000 	C:\Windows\System32\DriverStore\FileRepository\iigd_dch.inf_amd64_70ed43462b376a8e\igdumdim64.dll
0x00007ffcd7cc0000 - 0x00007ffcd7e5e000 	C:\Windows\System32\ole32.dll
0x00007ffc4abb0000 - 0x00007ffc4bf0d000 	C:\Windows\System32\DriverStore\FileRepository\iigd_dch.inf_amd64_70ed43462b376a8e\igd9dxva64.dll
0x00007ffcd84e0000 - 0x00007ffcd8954000 	C:\Windows\System32\SETUPAPI.dll
0x00007ffcd6e30000 - 0x00007ffcd6e7e000 	C:\Windows\SYSTEM32\cfgmgr32.dll
0x00007ffc56720000 - 0x00007ffc58445000 	C:\Windows\System32\DriverStore\FileRepository\iigd_dch.inf_amd64_70ed43462b376a8e\media_bin_64.dll
0x00007ffccb050000 - 0x00007ffccb48b000 	C:\Windows\System32\DriverStore\FileRepository\iigd_dch.inf_amd64_70ed43462b376a8e\igdgmm64.dll
0x00007ffcd02d0000 - 0x00007ffcd031a000 	C:\Windows\SYSTEM32\directxdatabasehelper.dll
0x00007ffc68a00000 - 0x00007ffc68a42000 	C:\Users\votan\.openjfx\cache\20.0.2+3\amd64\glass.dll
0x00007ffcd9a40000 - 0x00007ffcd9b39000 	C:\Windows\System32\COMDLG32.dll
0x00007ffcd98b0000 - 0x00007ffcd99f9000 	C:\Windows\System32\MSCTF.dll
0x0000000010000000 - 0x0000000010025000 	C:\Users\votan\AppData\Roaming\FOT4\whook.dll
0x00007ffc846b0000 - 0x00007ffc846d7000 	C:\Windows\System32\DriverStore\FileRepository\iigd_dch.inf_amd64_70ed43462b376a8e\igdinfo64.dll
0x00007ffcc6a70000 - 0x00007ffcca8fc000 	C:\Windows\System32\DriverStore\FileRepository\iigd_dch.inf_amd64_70ed43462b376a8e\igc64.dll
0x00007ffc75f20000 - 0x00007ffc75f4d000 	C:\Users\votan\.openjfx\cache\20.0.2+3\amd64\javafx_iio.dll
0x00007ffc862b0000 - 0x00007ffc862c4000 	C:\Users\votan\.openjfx\cache\20.0.2+3\amd64\javafx_font.dll
0x00007ffcd2c20000 - 0x00007ffcd2e87000 	C:\Windows\SYSTEM32\dwrite.dll
0x00007ffcd68e0000 - 0x00007ffcd68fb000 	C:\Windows\SYSTEM32\CRYPTSP.dll
0x00007ffcd60c0000 - 0x00007ffcd60f5000 	C:\Windows\system32\rsaenh.dll
0x00007ffcd6660000 - 0x00007ffcd668c000 	C:\Windows\SYSTEM32\USERENV.dll
0x00007ffcd6af0000 - 0x00007ffcd6b18000 	C:\Windows\SYSTEM32\bcrypt.dll
0x00007ffcd68c0000 - 0x00007ffcd68cc000 	C:\Windows\SYSTEM32\CRYPTBASE.dll
0x00007ffcd5bd0000 - 0x00007ffcd5bfd000 	C:\Windows\SYSTEM32\IPHLPAPI.DLL
0x00007ffcd7c70000 - 0x00007ffcd7c79000 	C:\Windows\System32\NSI.dll
0x00007ffcd02b0000 - 0x00007ffcd02c9000 	C:\Windows\SYSTEM32\dhcpcsvc6.DLL
0x00007ffcd0290000 - 0x00007ffcd02af000 	C:\Windows\SYSTEM32\dhcpcsvc.DLL
0x00007ffcd5c40000 - 0x00007ffcd5d32000 	C:\Windows\SYSTEM32\DNSAPI.dll
0x00007ffcd7bc0000 - 0x00007ffcd7c70000 	C:\Windows\System32\clbcatq.dll
0x00007ffcd2680000 - 0x00007ffcd2830000 	C:\Windows\SYSTEM32\WindowsCodecs.dll
0x00007ffcae9d0000 - 0x00007ffcaea2e000 	C:\Windows\system32\dataexchange.dll
0x00007ffccff80000 - 0x00007ffcd0202000 	C:\Windows\system32\twinapi.appcore.dll

dbghelp: loaded successfully - version: 4.0.5 - missing functions: none
symbol engine: initialized successfully - sym options: 0x614 - pdb path: .;C:\Program Files\Java\jdk-20\bin;C:\Windows\SYSTEM32;C:\Windows\WinSxS\amd64_microsoft.windows.common-controls_6595b64144ccf1df_6.0.22621.2215_none_270d72677387dfc3;C:\Program Files\Java\jdk-20\bin\server;C:\Users\votan\.openjfx\cache\20.0.2+3\amd64;C:\Windows\System32\DriverStore\FileRepository\iigd_dch.inf_amd64_70ed43462b376a8e;C:\Users\votan\AppData\Roaming\FOT4;C:\Program Files\Common Files\Microsoft Shared\Ink;C:\Program Files (x86)\IOTransfer\IOT

VM Arguments:
jvm_args: --module-path=C:\Users\votan\OneDrive\Máy tính\Student_Management\Student_Management_Admin\target\classes;C:\Users\votan\.m2\repository\com\sun\mail\javax.mail\1.6.2\javax.mail-1.6.2.jar;C:\Users\votan\.m2\repository\io\github\palexdev\materialfx\11.16.1\materialfx-11.16.1.jar;C:\Users\votan\.m2\repository\io\github\palexdev\mfxcore\11.3.0\mfxcore-11.3.0.jar;C:\Users\votan\.m2\repository\io\github\palexdev\mfxeffects\11.0.5\mfxeffects-11.0.5.jar;C:\Users\votan\.m2\repository\io\github\palexdev\mfxlocalization\11.1.0\mfxlocalization-11.1.0.jar;C:\Users\votan\.m2\repository\io\github\palexdev\mfxresources\11.3.2\mfxresources-11.3.2.jar;C:\Users\votan\.m2\repository\io\github\palexdev\virtualizedfx\11.9.1\virtualizedfx-11.9.1.jar;C:\Users\votan\.m2\repository\org\openjfx\javafx-base\20.0.2\javafx-base-20.0.2-win.jar;C:\Users\votan\.m2\repository\org\openjfx\javafx-controls\20.0.2\javafx-controls-20.0.2-win.jar;C:\Users\votan\.m2\repository\org\openjfx\javafx-fxml\20.0.2\javafx-fxml-20.0.2-win.jar;C:\Users\votan\.m2\repository\org\openjfx\javafx-graphics\20.0.2\javafx-graphics-20.0.2-win.jar --add-modules=com.team_fortune.student_management_admin -Djdk.module.main=com.team_fortune.student_management_admin 
java_command: com.team_fortune.student_management_admin/com.team_fortune.student_management_admin.App
java_class_path (initial): C:\Users\votan\OneDrive\Máy tính\Student_Management\Student_Management_Admin\target\classes;C:\Users\votan\.m2\repository\com\google\protobuf\protobuf-java\3.21.9\protobuf-java-3.21.9.jar;C:\Users\votan\.m2\repository\com\mysql\mysql-connector-j\8.1.0\mysql-connector-j-8.1.0.jar;C:\Users\votan\.m2\repository\javax\activation\activation\1.1\activation-1.1.jar;C:\Users\votan\.m2\repository\org\openjfx\javafx-base\20.0.2\javafx-base-20.0.2.jar;C:\Users\votan\.m2\repository\org\openjfx\javafx-controls\20.0.2\javafx-controls-20.0.2.jar;C:\Users\votan\.m2\repository\org\openjfx\javafx-fxml\20.0.2\javafx-fxml-20.0.2.jar;C:\Users\votan\.m2\repository\org\openjfx\javafx-graphics\20.0.2\javafx-graphics-20.0.2.jar
Launcher Type: SUN_STANDARD

[Global flags]
     intx CICompilerCount                          = 4                                         {product} {ergonomic}
     uint ConcGCThreads                            = 3                                         {product} {ergonomic}
     uint G1ConcRefinementThreads                  = 10                                        {product} {ergonomic}
   size_t G1HeapRegionSize                         = 2097152                                   {product} {ergonomic}
    uintx GCDrainStackTargetSize                   = 64                                        {product} {ergonomic}
   size_t InitialHeapSize                          = 264241152                                 {product} {ergonomic}
   size_t MarkStackSize                            = 4194304                                   {product} {ergonomic}
   size_t MaxHeapSize                              = 4217372672                                {product} {ergonomic}
   size_t MaxNewSize                               = 2529165312                                {product} {ergonomic}
   size_t MinHeapDeltaBytes                        = 2097152                                   {product} {ergonomic}
   size_t MinHeapSize                              = 8388608                                   {product} {ergonomic}
    uintx NonNMethodCodeHeapSize                   = 5839372                                {pd product} {ergonomic}
    uintx NonProfiledCodeHeapSize                  = 122909434                              {pd product} {ergonomic}
    uintx ProfiledCodeHeapSize                     = 122909434                              {pd product} {ergonomic}
    uintx ReservedCodeCacheSize                    = 251658240                              {pd product} {ergonomic}
     bool SegmentedCodeCache                       = true                                      {product} {ergonomic}
   size_t SoftMaxHeapSize                          = 4217372672                             {manageable} {ergonomic}
     bool UseCompressedClassPointers               = true                           {product lp64_product} {ergonomic}
     bool UseCompressedOops                        = true                           {product lp64_product} {ergonomic}
     bool UseG1GC                                  = true                                      {product} {ergonomic}
     bool UseLargePagesIndividualAllocation        = false                                  {pd product} {ergonomic}

Logging:
Log output configuration:
 #0: stdout all=warning uptime,level,tags foldmultilines=false
 #1: stderr all=off uptime,level,tags foldmultilines=false

Environment Variables:
JAVA_HOME=C:\Program Files\Java\jdk-20
PATH=C:\Program Files (x86)\VMware\VMware Workstation\bin\;C:\app\votan\product\21c\dbhomeXE\bin;C:\Program Files\Common Files\Oracle\Java\javapath;C:\Program Files (x86)\Common Files\Oracle\Java\javapath;C:\Program Files\Microsoft MPI\Bin\;C:\Python311\Scripts\;C:\Python311\;C:\Windows\system32;C:\Windows;C:\Windows\System32\Wbem;C:\Windows\System32\WindowsPowerShell\v1.0\;C:\Windows\System32\OpenSSH\;C:\Program Files (x86)\NVIDIA Corporation\PhysX\Common;C:\Program Files\NVIDIA Corporation\NVIDIA NvDLISR;C:\ProgramData\chocolatey\bin;C:\xampp\php;C:\composer;C:\Program Files (x86)\Microsoft SQL Server\160\Tools\Binn\;C:\Program Files\Microsoft SQL Server\160\Tools\Binn\;C:\Program Files\Microsoft SQL Server\Client SDK\ODBC\170\Tools\Binn\;C:\Program Files\Microsoft SQL Server\160\DTS\Binn\;C:\Program Files (x86)\Microsoft SQL Server\160\DTS\Binn\;C:\Program Files\Git\cmd;C:\Program Files\dotnet\;C:\Program Files\Docker\Docker\resources\bin;C:\Program Files\nodejs\;C:\Program Files\MySQL\MySQL Shell 8.0\bin\;C:\Users\votan\AppData\Local\Microsoft\WindowsApps;C:\Users\votan\AppData\Roaming\Composer\vendor\bin;C:\Users\votan\AppData\Local\Programs\Microsoft VS Code\bin;C:\Program Files\JetBrains\PhpStorm 2023.2.1\bin;;C:\Program Files\JetBrains\DataGrip 2023.2.1\bin;;C:\Program Files\JetBrains\CLion 2023.2.1\bin;;C:\Program Files\JetBrains\IntelliJ IDEA 2023.2.1\bin;;C:\Program Files\JetBrains\PyCharm 2023.2.1\bin;;C:\Program Files\JetBrains\GoLand 2023.2.1\bin;;C:\Program Files\JetBrains\JetBrains Rider 2023.2.1\bin;;C:\Program Files\JetBrains\Aqua 232.9921.1\bin;;C:\Program Files\JetBrains\WebStorm 2023.2.1\bin;;C:\Users\votan\AppData\Local\GitHubDesktop\bin;C:\Users\votan\AppData\Roaming\npm
USERNAME=votan
OS=Windows_NT
PROCESSOR_IDENTIFIER=Intel64 Family 6 Model 141 Stepping 1, GenuineIntel
TMP=C:\Users\votan\AppData\Local\Temp
TEMP=C:\Users\votan\AppData\Local\Temp




---------------  S Y S T E M  ---------------

OS:
 Windows 11 , 64 bit Build 22621 (10.0.22621.2215)
OS uptime: 0 days 1:38 hours
Hyper-V role detected

CPU: total 12 (initial active 12) (6 cores per cpu, 2 threads per core) family 6 model 141 stepping 1 microcode 0x34, cx8, cmov, fxsr, ht, mmx, 3dnowpref, sse, sse2, sse3, ssse3, sse4.1, sse4.2, popcnt, lzcnt, tsc, tscinvbit, avx, avx2, aes, erms, clmul, bmi1, bmi2, adx, avx512f, avx512dq, avx512cd, avx512bw, avx512vl, sha, fma, vzeroupper, avx512_vpopcntdq, avx512_vpclmulqdq, avx512_vaes, avx512_vnni, clflush, clflushopt, clwb, avx512_vbmi2, avx512_vbmi, hv, rdtscp, rdpid, fsrm, gfni, avx512_bitalg, f16c, cet_ibt, cet_ss, avx512_ifma

Memory: 4k page, system-wide physical 16086M (3860M free)
TotalPageFile size 65238M (AvailPageFile size 0M)
current process WorkingSet (physical memory assigned to process): 231M, peak: 255M
current process commit charge ("private bytes"): 278M, peak: 446M

vm_info: Java HotSpot(TM) 64-Bit Server VM (20.0.2+9-78) for windows-amd64 JRE (20.0.2+9-78), built on 2023-06-14T10:08:48Z by "mach5one" with MS VC++ 17.1 (VS2022)

END.
