#
# There is insufficient memory for the Java Runtime Environment to continue.
# Native memory allocation (malloc) failed to allocate 671936 bytes for Chunk::new
# Possible reasons:
#   The system is out of physical RAM or swap space
#   The process is running with CompressedOops enabled, and the Java Heap may be blocking the growth of the native heap
# Possible solutions:
#   Reduce memory load on the system
#   Increase physical memory or swap space
#   Check if swap backing store is full
#   Decrease Java heap size (-Xmx/-Xms)
#   Decrease number of Java threads
#   Decrease Java thread stack sizes (-Xss)
#   Set larger code cache with -XX:ReservedCodeCacheSize=
#   JVM is running with Zero Based Compressed Oops mode in which the Java heap is
#     placed in the first 32GB address space. The Java Heap base address is the
#     maximum limit for the native heap growth. Please use -XX:HeapBaseMinAddress
#     to set the Java Heap base and to place the Java Heap above 32GB virtual address.
# This output file may be truncated or incomplete.
#
#  Out of Memory Error (arena.cpp:184), pid=4432, tid=3032
#
# JRE version: Java(TM) SE Runtime Environment (20.0.2+9) (build 20.0.2+9-78)
# Java VM: Java HotSpot(TM) 64-Bit Server VM (20.0.2+9-78, mixed mode, sharing, tiered, compressed oops, compressed class ptrs, g1 gc, windows-amd64)
# No core dump will be written. Minidumps are not enabled by default on client versions of Windows
#

---------------  S U M M A R Y ------------

Command Line: -Dclassworlds.conf=C:\Program Files\NetBeans-19\netbeans\java\maven\bin\m2.conf -Dmaven.home=C:\Program Files\NetBeans-19\netbeans\java\maven -Dlibrary.jansi.path=C:\Program Files\NetBeans-19\netbeans\java\maven\lib\jansi-native -Dmaven.multiModuleProjectDirectory=C:\Users\votan\OneDrive\Máy tính\Student_Management\Student_Management_Admin org.codehaus.plexus.classworlds.launcher.Launcher -Dexec.vmArgs= -Dexec.appArgs= -Dmaven.ext.class.path=C:\Program Files\NetBeans-19\netbeans\java\maven-nblib\netbeans-eventspy.jar --no-transfer-progress clean javafx:run

Host: 11th Gen Intel(R) Core(TM) i5-11400H @ 2.70GHz, 12 cores, 15G,  Windows 11 , 64 bit Build 22621 (10.0.22621.2215)
Time: Wed Sep 27 19:12:47 2023 SE Asia Standard Time elapsed time: 7.242949 seconds (0d 0h 0m 7s)

---------------  T H R E A D  ---------------

Current thread (0x00000232f1520660):  JavaThread "C2 CompilerThread0" daemon [_thread_in_native, id=3032, stack(0x000000a479f00000,0x000000a47a000000)]


Current CompileTask:
C2:   7243 4501       4       java.lang.invoke.MethodType::methodType (69 bytes)

Stack: [0x000000a479f00000,0x000000a47a000000]
Native frames: (J=compiled Java code, j=interpreted, Vv=VM code, C=native code)
V  [jvm.dll+0x6bc25a]
V  [jvm.dll+0x84971a]
V  [jvm.dll+0x84b315]
V  [jvm.dll+0x84ba13]
V  [jvm.dll+0x280e4f]
V  [jvm.dll+0xc2ab1]
V  [jvm.dll+0xc2dd5]
V  [jvm.dll+0x2f611f]
V  [jvm.dll+0x5e3b0b]
V  [jvm.dll+0x254684]
V  [jvm.dll+0x24cfa4]
V  [jvm.dll+0x24a819]
V  [jvm.dll+0x1ce761]
V  [jvm.dll+0x25a0eb]
V  [jvm.dll+0x2587c0]
V  [jvm.dll+0x3f2dd5]
V  [jvm.dll+0x7f5c76]
V  [jvm.dll+0x6baecb]
C  [ucrtbase.dll+0x29363]
C  [KERNEL32.DLL+0x1257d]
C  [ntdll.dll+0x5aa68]


---------------  P R O C E S S  ---------------

Threads class SMR info:
_java_thread_list=0x00000232f6b3d2f0, length=11, elements={
0x00000232d1c14df0, 0x00000232f1512890, 0x00000232f1515740, 0x00000232f15184f0,
0x00000232f1519e40, 0x00000232f151b540, 0x00000232f151ca30, 0x00000232f1520660,
0x00000232f152d840, 0x00000232f5949600, 0x00000232f594fea0
}

Java Threads: ( => current thread )
  0x00000232d1c14df0 JavaThread "main" [_thread_in_native, id=14804, stack(0x000000a479200000,0x000000a479300000)]
  0x00000232f1512890 JavaThread "Reference Handler" daemon [_thread_blocked, id=20040, stack(0x000000a479900000,0x000000a479a00000)]
  0x00000232f1515740 JavaThread "Finalizer" daemon [_thread_blocked, id=26684, stack(0x000000a479a00000,0x000000a479b00000)]
  0x00000232f15184f0 JavaThread "Signal Dispatcher" daemon [_thread_blocked, id=8124, stack(0x000000a479b00000,0x000000a479c00000)]
  0x00000232f1519e40 JavaThread "Attach Listener" daemon [_thread_blocked, id=11152, stack(0x000000a479c00000,0x000000a479d00000)]
  0x00000232f151b540 JavaThread "Service Thread" daemon [_thread_blocked, id=2148, stack(0x000000a479d00000,0x000000a479e00000)]
  0x00000232f151ca30 JavaThread "Monitor Deflation Thread" daemon [_thread_blocked, id=4380, stack(0x000000a479e00000,0x000000a479f00000)]
=>0x00000232f1520660 JavaThread "C2 CompilerThread0" daemon [_thread_in_native, id=3032, stack(0x000000a479f00000,0x000000a47a000000)]
  0x00000232f152d840 JavaThread "C1 CompilerThread0" daemon [_thread_blocked, id=2016, stack(0x000000a47a000000,0x000000a47a100000)]
  0x00000232f5949600 JavaThread "Notification Thread" daemon [_thread_blocked, id=8948, stack(0x000000a47a100000,0x000000a47a200000)]
  0x00000232f594fea0 JavaThread "Common-Cleaner" daemon [_thread_blocked, id=23036, stack(0x000000a47a300000,0x000000a47a400000)]

Other Threads:
  0x00000232f14f6460 VMThread "VM Thread" [stack: 0x000000a479800000,0x000000a479900000] [id=8016]
  0x00000232f594cba0 WatcherThread "VM Periodic Task Thread" [stack: 0x000000a47a200000,0x000000a47a300000] [id=15288]
  0x00000232d1c869c0 WorkerThread "GC Thread#0" [stack: 0x000000a479300000,0x000000a479400000] [id=388]
  0x00000232f6429720 WorkerThread "GC Thread#1" [stack: 0x000000a47a600000,0x000000a47a700000] [id=18740]
  0x00000232f6428370 WorkerThread "GC Thread#2" [stack: 0x000000a47a700000,0x000000a47a800000] [id=27172]
  0x00000232f64299f0 WorkerThread "GC Thread#3" [stack: 0x000000a47a800000,0x000000a47a900000] [id=26208]
  0x00000232f6428640 WorkerThread "GC Thread#4" [stack: 0x000000a47a900000,0x000000a47aa00000] [id=26088]
  0x00000232f6429450 WorkerThread "GC Thread#5" [stack: 0x000000a47aa00000,0x000000a47ab00000] [id=12128]
  0x00000232f6429cc0 WorkerThread "GC Thread#6" [stack: 0x000000a47ab00000,0x000000a47ac00000] [id=3432]
  0x00000232f6428be0 WorkerThread "GC Thread#7" [stack: 0x000000a47ac00000,0x000000a47ad00000] [id=11500]
  0x00000232f6428eb0 WorkerThread "GC Thread#8" [stack: 0x000000a47ad00000,0x000000a47ae00000] [id=24884]
  0x00000232f64280a0 WorkerThread "GC Thread#9" [stack: 0x000000a47a400000,0x000000a47a500000] [id=10980]
  0x00000232d1c98340 ConcurrentGCThread "G1 Main Marker" [stack: 0x000000a479400000,0x000000a479500000] [id=28116]
  0x00000232d1c98e20 WorkerThread "G1 Conc#0" [stack: 0x000000a479500000,0x000000a479600000] [id=24392]
  0x00000232f13b5210 ConcurrentGCThread "G1 Refine#0" [stack: 0x000000a479600000,0x000000a479700000] [id=5924]
  0x00000232f13b5bc0 ConcurrentGCThread "G1 Service" [stack: 0x000000a479700000,0x000000a479800000] [id=19088]

Threads with active compile tasks:
C2 CompilerThread0     7302 4501       4       java.lang.invoke.MethodType::methodType (69 bytes)

VM state: not at safepoint (normal execution)

VM Mutex/Monitor currently owned by a thread: None

Heap address: 0x0000000704a00000, size: 4022 MB, Compressed Oops mode: Zero based, Oop shift amount: 3

CDS archive(s) mapped at: [0x0000023280000000-0x0000023280c60000-0x0000023280c60000), size 12976128, SharedBaseAddress: 0x0000023280000000, ArchiveRelocationMode: 1.
Compressed class space mapped at: 0x0000023281000000-0x00000232c1000000, reserved size: 1073741824
Narrow klass base: 0x0000023280000000, Narrow klass shift: 0, Narrow klass range: 0x100000000

GC Precious Log:
 CardTable entry size: 512
 Card Set container configuration: InlinePtr #cards 4 size 8 Array Of Cards #cards 16 size 48 Howl #buckets 8 coarsen threshold 3686 Howl Bitmap #cards 512 size 80 coarsen threshold 460 Card regions per heap region 1 cards per card region 4096
 CPUs: 12 total, 12 available
 Memory: 16086M
 Large Page Support: Disabled
 NUMA Support: Disabled
 Compressed Oops: Enabled (Zero based)
 Heap Region Size: 2M
 Heap Min Capacity: 8M
 Heap Initial Capacity: 252M
 Heap Max Capacity: 4022M
 Pre-touch: Disabled
 Parallel Workers: 10
 Concurrent Workers: 3
 Concurrent Refinement Workers: 10
 Periodic GC: Disabled

Heap:
 garbage-first heap   total 258048K, used 97952K [0x0000000704a00000, 0x0000000800000000)
  region size 2048K, 49 young (100352K), 2 survivors (4096K)
 Metaspace       used 19417K, committed 19712K, reserved 1114112K
  class space    used 2203K, committed 2368K, reserved 1048576K

Heap Regions: E=young(eden), S=young(survivor), O=old, HS=humongous(starts), HC=humongous(continues), CS=collection set, F=free, OA=open archive, CA=closed archive, TAMS=top-at-mark-start, PB=parsable bottom
|   0|0x0000000704a00000, 0x0000000704c00000, 0x0000000704c00000|100%| O|  |TAMS 0x0000000704a00000| PB 0x0000000704a00000| Untracked 
|   1|0x0000000704c00000, 0x0000000704d8e208, 0x0000000704e00000| 77%| O|  |TAMS 0x0000000704c00000| PB 0x0000000704c00000| Untracked 
|   2|0x0000000704e00000, 0x0000000704e00000, 0x0000000705000000|  0%| F|  |TAMS 0x0000000704e00000| PB 0x0000000704e00000| Untracked 
|   3|0x0000000705000000, 0x0000000705000000, 0x0000000705200000|  0%| F|  |TAMS 0x0000000705000000| PB 0x0000000705000000| Untracked 
|   4|0x0000000705200000, 0x0000000705200000, 0x0000000705400000|  0%| F|  |TAMS 0x0000000705200000| PB 0x0000000705200000| Untracked 
|   5|0x0000000705400000, 0x0000000705400000, 0x0000000705600000|  0%| F|  |TAMS 0x0000000705400000| PB 0x0000000705400000| Untracked 
|   6|0x0000000705600000, 0x0000000705600000, 0x0000000705800000|  0%| F|  |TAMS 0x0000000705600000| PB 0x0000000705600000| Untracked 
|   7|0x0000000705800000, 0x0000000705800000, 0x0000000705a00000|  0%| F|  |TAMS 0x0000000705800000| PB 0x0000000705800000| Untracked 
|   8|0x0000000705a00000, 0x0000000705a00000, 0x0000000705c00000|  0%| F|  |TAMS 0x0000000705a00000| PB 0x0000000705a00000| Untracked 
|   9|0x0000000705c00000, 0x0000000705c00000, 0x0000000705e00000|  0%| F|  |TAMS 0x0000000705c00000| PB 0x0000000705c00000| Untracked 
|  10|0x0000000705e00000, 0x0000000705e00000, 0x0000000706000000|  0%| F|  |TAMS 0x0000000705e00000| PB 0x0000000705e00000| Untracked 
|  11|0x0000000706000000, 0x0000000706000000, 0x0000000706200000|  0%| F|  |TAMS 0x0000000706000000| PB 0x0000000706000000| Untracked 
|  12|0x0000000706200000, 0x0000000706200000, 0x0000000706400000|  0%| F|  |TAMS 0x0000000706200000| PB 0x0000000706200000| Untracked 
|  13|0x0000000706400000, 0x0000000706400000, 0x0000000706600000|  0%| F|  |TAMS 0x0000000706400000| PB 0x0000000706400000| Untracked 
|  14|0x0000000706600000, 0x0000000706600000, 0x0000000706800000|  0%| F|  |TAMS 0x0000000706600000| PB 0x0000000706600000| Untracked 
|  15|0x0000000706800000, 0x0000000706800000, 0x0000000706a00000|  0%| F|  |TAMS 0x0000000706800000| PB 0x0000000706800000| Untracked 
|  16|0x0000000706a00000, 0x0000000706a00000, 0x0000000706c00000|  0%| F|  |TAMS 0x0000000706a00000| PB 0x0000000706a00000| Untracked 
|  17|0x0000000706c00000, 0x0000000706c00000, 0x0000000706e00000|  0%| F|  |TAMS 0x0000000706c00000| PB 0x0000000706c00000| Untracked 
|  18|0x0000000706e00000, 0x0000000706e00000, 0x0000000707000000|  0%| F|  |TAMS 0x0000000706e00000| PB 0x0000000706e00000| Untracked 
|  19|0x0000000707000000, 0x0000000707000000, 0x0000000707200000|  0%| F|  |TAMS 0x0000000707000000| PB 0x0000000707000000| Untracked 
|  20|0x0000000707200000, 0x0000000707200000, 0x0000000707400000|  0%| F|  |TAMS 0x0000000707200000| PB 0x0000000707200000| Untracked 
|  21|0x0000000707400000, 0x0000000707400000, 0x0000000707600000|  0%| F|  |TAMS 0x0000000707400000| PB 0x0000000707400000| Untracked 
|  22|0x0000000707600000, 0x0000000707600000, 0x0000000707800000|  0%| F|  |TAMS 0x0000000707600000| PB 0x0000000707600000| Untracked 
|  23|0x0000000707800000, 0x0000000707800000, 0x0000000707a00000|  0%| F|  |TAMS 0x0000000707800000| PB 0x0000000707800000| Untracked 
|  24|0x0000000707a00000, 0x0000000707a00000, 0x0000000707c00000|  0%| F|  |TAMS 0x0000000707a00000| PB 0x0000000707a00000| Untracked 
|  25|0x0000000707c00000, 0x0000000707c00000, 0x0000000707e00000|  0%| F|  |TAMS 0x0000000707c00000| PB 0x0000000707c00000| Untracked 
|  26|0x0000000707e00000, 0x0000000707e00000, 0x0000000708000000|  0%| F|  |TAMS 0x0000000707e00000| PB 0x0000000707e00000| Untracked 
|  27|0x0000000708000000, 0x0000000708000000, 0x0000000708200000|  0%| F|  |TAMS 0x0000000708000000| PB 0x0000000708000000| Untracked 
|  28|0x0000000708200000, 0x0000000708200000, 0x0000000708400000|  0%| F|  |TAMS 0x0000000708200000| PB 0x0000000708200000| Untracked 
|  29|0x0000000708400000, 0x0000000708400000, 0x0000000708600000|  0%| F|  |TAMS 0x0000000708400000| PB 0x0000000708400000| Untracked 
|  30|0x0000000708600000, 0x0000000708600000, 0x0000000708800000|  0%| F|  |TAMS 0x0000000708600000| PB 0x0000000708600000| Untracked 
|  31|0x0000000708800000, 0x0000000708800000, 0x0000000708a00000|  0%| F|  |TAMS 0x0000000708800000| PB 0x0000000708800000| Untracked 
|  32|0x0000000708a00000, 0x0000000708a00000, 0x0000000708c00000|  0%| F|  |TAMS 0x0000000708a00000| PB 0x0000000708a00000| Untracked 
|  33|0x0000000708c00000, 0x0000000708c00000, 0x0000000708e00000|  0%| F|  |TAMS 0x0000000708c00000| PB 0x0000000708c00000| Untracked 
|  34|0x0000000708e00000, 0x0000000708e00000, 0x0000000709000000|  0%| F|  |TAMS 0x0000000708e00000| PB 0x0000000708e00000| Untracked 
|  35|0x0000000709000000, 0x0000000709000000, 0x0000000709200000|  0%| F|  |TAMS 0x0000000709000000| PB 0x0000000709000000| Untracked 
|  36|0x0000000709200000, 0x0000000709200000, 0x0000000709400000|  0%| F|  |TAMS 0x0000000709200000| PB 0x0000000709200000| Untracked 
|  37|0x0000000709400000, 0x0000000709400000, 0x0000000709600000|  0%| F|  |TAMS 0x0000000709400000| PB 0x0000000709400000| Untracked 
|  38|0x0000000709600000, 0x0000000709600000, 0x0000000709800000|  0%| F|  |TAMS 0x0000000709600000| PB 0x0000000709600000| Untracked 
|  39|0x0000000709800000, 0x0000000709800000, 0x0000000709a00000|  0%| F|  |TAMS 0x0000000709800000| PB 0x0000000709800000| Untracked 
|  40|0x0000000709a00000, 0x0000000709a00000, 0x0000000709c00000|  0%| F|  |TAMS 0x0000000709a00000| PB 0x0000000709a00000| Untracked 
|  41|0x0000000709c00000, 0x0000000709c00000, 0x0000000709e00000|  0%| F|  |TAMS 0x0000000709c00000| PB 0x0000000709c00000| Untracked 
|  42|0x0000000709e00000, 0x0000000709e00000, 0x000000070a000000|  0%| F|  |TAMS 0x0000000709e00000| PB 0x0000000709e00000| Untracked 
|  43|0x000000070a000000, 0x000000070a000000, 0x000000070a200000|  0%| F|  |TAMS 0x000000070a000000| PB 0x000000070a000000| Untracked 
|  44|0x000000070a200000, 0x000000070a200000, 0x000000070a400000|  0%| F|  |TAMS 0x000000070a200000| PB 0x000000070a200000| Untracked 
|  45|0x000000070a400000, 0x000000070a400000, 0x000000070a600000|  0%| F|  |TAMS 0x000000070a400000| PB 0x000000070a400000| Untracked 
|  46|0x000000070a600000, 0x000000070a600000, 0x000000070a800000|  0%| F|  |TAMS 0x000000070a600000| PB 0x000000070a600000| Untracked 
|  47|0x000000070a800000, 0x000000070a800000, 0x000000070aa00000|  0%| F|  |TAMS 0x000000070a800000| PB 0x000000070a800000| Untracked 
|  48|0x000000070aa00000, 0x000000070aa00000, 0x000000070ac00000|  0%| F|  |TAMS 0x000000070aa00000| PB 0x000000070aa00000| Untracked 
|  49|0x000000070ac00000, 0x000000070ac00000, 0x000000070ae00000|  0%| F|  |TAMS 0x000000070ac00000| PB 0x000000070ac00000| Untracked 
|  50|0x000000070ae00000, 0x000000070ae00000, 0x000000070b000000|  0%| F|  |TAMS 0x000000070ae00000| PB 0x000000070ae00000| Untracked 
|  51|0x000000070b000000, 0x000000070b000000, 0x000000070b200000|  0%| F|  |TAMS 0x000000070b000000| PB 0x000000070b000000| Untracked 
|  52|0x000000070b200000, 0x000000070b200000, 0x000000070b400000|  0%| F|  |TAMS 0x000000070b200000| PB 0x000000070b200000| Untracked 
|  53|0x000000070b400000, 0x000000070b400000, 0x000000070b600000|  0%| F|  |TAMS 0x000000070b400000| PB 0x000000070b400000| Untracked 
|  54|0x000000070b600000, 0x000000070b600000, 0x000000070b800000|  0%| F|  |TAMS 0x000000070b600000| PB 0x000000070b600000| Untracked 
|  55|0x000000070b800000, 0x000000070b800000, 0x000000070ba00000|  0%| F|  |TAMS 0x000000070b800000| PB 0x000000070b800000| Untracked 
|  56|0x000000070ba00000, 0x000000070ba00000, 0x000000070bc00000|  0%| F|  |TAMS 0x000000070ba00000| PB 0x000000070ba00000| Untracked 
|  57|0x000000070bc00000, 0x000000070bc00000, 0x000000070be00000|  0%| F|  |TAMS 0x000000070bc00000| PB 0x000000070bc00000| Untracked 
|  58|0x000000070be00000, 0x000000070be00000, 0x000000070c000000|  0%| F|  |TAMS 0x000000070be00000| PB 0x000000070be00000| Untracked 
|  59|0x000000070c000000, 0x000000070c000000, 0x000000070c200000|  0%| F|  |TAMS 0x000000070c000000| PB 0x000000070c000000| Untracked 
|  60|0x000000070c200000, 0x000000070c200000, 0x000000070c400000|  0%| F|  |TAMS 0x000000070c200000| PB 0x000000070c200000| Untracked 
|  61|0x000000070c400000, 0x000000070c400000, 0x000000070c600000|  0%| F|  |TAMS 0x000000070c400000| PB 0x000000070c400000| Untracked 
|  62|0x000000070c600000, 0x000000070c600000, 0x000000070c800000|  0%| F|  |TAMS 0x000000070c600000| PB 0x000000070c600000| Untracked 
|  63|0x000000070c800000, 0x000000070c800000, 0x000000070ca00000|  0%| F|  |TAMS 0x000000070c800000| PB 0x000000070c800000| Untracked 
|  64|0x000000070ca00000, 0x000000070ca00000, 0x000000070cc00000|  0%| F|  |TAMS 0x000000070ca00000| PB 0x000000070ca00000| Untracked 
|  65|0x000000070cc00000, 0x000000070cc00000, 0x000000070ce00000|  0%| F|  |TAMS 0x000000070cc00000| PB 0x000000070cc00000| Untracked 
|  66|0x000000070ce00000, 0x000000070ce00000, 0x000000070d000000|  0%| F|  |TAMS 0x000000070ce00000| PB 0x000000070ce00000| Untracked 
|  67|0x000000070d000000, 0x000000070d000000, 0x000000070d200000|  0%| F|  |TAMS 0x000000070d000000| PB 0x000000070d000000| Untracked 
|  68|0x000000070d200000, 0x000000070d200000, 0x000000070d400000|  0%| F|  |TAMS 0x000000070d200000| PB 0x000000070d200000| Untracked 
|  69|0x000000070d400000, 0x000000070d400000, 0x000000070d600000|  0%| F|  |TAMS 0x000000070d400000| PB 0x000000070d400000| Untracked 
|  70|0x000000070d600000, 0x000000070d600000, 0x000000070d800000|  0%| F|  |TAMS 0x000000070d600000| PB 0x000000070d600000| Untracked 
|  71|0x000000070d800000, 0x000000070d800000, 0x000000070da00000|  0%| F|  |TAMS 0x000000070d800000| PB 0x000000070d800000| Untracked 
|  72|0x000000070da00000, 0x000000070da00000, 0x000000070dc00000|  0%| F|  |TAMS 0x000000070da00000| PB 0x000000070da00000| Untracked 
|  73|0x000000070dc00000, 0x000000070dc00000, 0x000000070de00000|  0%| F|  |TAMS 0x000000070dc00000| PB 0x000000070dc00000| Untracked 
|  74|0x000000070de00000, 0x000000070de00000, 0x000000070e000000|  0%| F|  |TAMS 0x000000070de00000| PB 0x000000070de00000| Untracked 
|  75|0x000000070e000000, 0x000000070e000000, 0x000000070e200000|  0%| F|  |TAMS 0x000000070e000000| PB 0x000000070e000000| Untracked 
|  76|0x000000070e200000, 0x000000070e200000, 0x000000070e400000|  0%| F|  |TAMS 0x000000070e200000| PB 0x000000070e200000| Untracked 
|  77|0x000000070e400000, 0x000000070e49f0f8, 0x000000070e600000| 31%| E|  |TAMS 0x000000070e400000| PB 0x000000070e400000| Complete 
|  78|0x000000070e600000, 0x000000070e800000, 0x000000070e800000|100%| E|CS|TAMS 0x000000070e600000| PB 0x000000070e600000| Complete 
|  79|0x000000070e800000, 0x000000070ea00000, 0x000000070ea00000|100%| E|CS|TAMS 0x000000070e800000| PB 0x000000070e800000| Complete 
|  80|0x000000070ea00000, 0x000000070ec00000, 0x000000070ec00000|100%| E|  |TAMS 0x000000070ea00000| PB 0x000000070ea00000| Complete 
|  81|0x000000070ec00000, 0x000000070ee00000, 0x000000070ee00000|100%| E|CS|TAMS 0x000000070ec00000| PB 0x000000070ec00000| Complete 
|  82|0x000000070ee00000, 0x000000070f000000, 0x000000070f000000|100%| E|CS|TAMS 0x000000070ee00000| PB 0x000000070ee00000| Complete 
|  83|0x000000070f000000, 0x000000070f200000, 0x000000070f200000|100%| E|CS|TAMS 0x000000070f000000| PB 0x000000070f000000| Complete 
|  84|0x000000070f200000, 0x000000070f400000, 0x000000070f400000|100%| E|CS|TAMS 0x000000070f200000| PB 0x000000070f200000| Complete 
|  85|0x000000070f400000, 0x000000070f600000, 0x000000070f600000|100%| E|CS|TAMS 0x000000070f400000| PB 0x000000070f400000| Complete 
|  86|0x000000070f600000, 0x000000070f800000, 0x000000070f800000|100%| E|CS|TAMS 0x000000070f600000| PB 0x000000070f600000| Complete 
|  87|0x000000070f800000, 0x000000070fa00000, 0x000000070fa00000|100%| E|CS|TAMS 0x000000070f800000| PB 0x000000070f800000| Complete 
|  88|0x000000070fa00000, 0x000000070fc00000, 0x000000070fc00000|100%| E|CS|TAMS 0x000000070fa00000| PB 0x000000070fa00000| Complete 
|  89|0x000000070fc00000, 0x000000070fe00000, 0x000000070fe00000|100%| E|CS|TAMS 0x000000070fc00000| PB 0x000000070fc00000| Complete 
|  90|0x000000070fe00000, 0x0000000710000000, 0x0000000710000000|100%| E|CS|TAMS 0x000000070fe00000| PB 0x000000070fe00000| Complete 
|  91|0x0000000710000000, 0x0000000710200000, 0x0000000710200000|100%| E|CS|TAMS 0x0000000710000000| PB 0x0000000710000000| Complete 
|  92|0x0000000710200000, 0x0000000710400000, 0x0000000710400000|100%| E|CS|TAMS 0x0000000710200000| PB 0x0000000710200000| Complete 
|  93|0x0000000710400000, 0x0000000710600000, 0x0000000710600000|100%| E|CS|TAMS 0x0000000710400000| PB 0x0000000710400000| Complete 
|  94|0x0000000710600000, 0x0000000710800000, 0x0000000710800000|100%| E|CS|TAMS 0x0000000710600000| PB 0x0000000710600000| Complete 
|  95|0x0000000710800000, 0x0000000710a00000, 0x0000000710a00000|100%| E|CS|TAMS 0x0000000710800000| PB 0x0000000710800000| Complete 
|  96|0x0000000710a00000, 0x0000000710c00000, 0x0000000710c00000|100%| E|CS|TAMS 0x0000000710a00000| PB 0x0000000710a00000| Complete 
|  97|0x0000000710c00000, 0x0000000710e00000, 0x0000000710e00000|100%| E|CS|TAMS 0x0000000710c00000| PB 0x0000000710c00000| Complete 
|  98|0x0000000710e00000, 0x0000000711000000, 0x0000000711000000|100%| E|CS|TAMS 0x0000000710e00000| PB 0x0000000710e00000| Complete 
|  99|0x0000000711000000, 0x0000000711200000, 0x0000000711200000|100%| E|CS|TAMS 0x0000000711000000| PB 0x0000000711000000| Complete 
| 100|0x0000000711200000, 0x0000000711400000, 0x0000000711400000|100%| E|CS|TAMS 0x0000000711200000| PB 0x0000000711200000| Complete 
| 101|0x0000000711400000, 0x0000000711600000, 0x0000000711600000|100%| E|CS|TAMS 0x0000000711400000| PB 0x0000000711400000| Complete 
| 102|0x0000000711600000, 0x0000000711800000, 0x0000000711800000|100%| E|CS|TAMS 0x0000000711600000| PB 0x0000000711600000| Complete 
| 103|0x0000000711800000, 0x0000000711a00000, 0x0000000711a00000|100%| E|CS|TAMS 0x0000000711800000| PB 0x0000000711800000| Complete 
| 104|0x0000000711a00000, 0x0000000711c00000, 0x0000000711c00000|100%| E|CS|TAMS 0x0000000711a00000| PB 0x0000000711a00000| Complete 
| 105|0x0000000711c00000, 0x0000000711e00000, 0x0000000711e00000|100%| E|CS|TAMS 0x0000000711c00000| PB 0x0000000711c00000| Complete 
| 106|0x0000000711e00000, 0x0000000711e1a008, 0x0000000712000000|  5%| S|CS|TAMS 0x0000000711e00000| PB 0x0000000711e00000| Complete 
| 107|0x0000000712000000, 0x0000000712200000, 0x0000000712200000|100%| S|CS|TAMS 0x0000000712000000| PB 0x0000000712000000| Complete 
| 108|0x0000000712200000, 0x0000000712400000, 0x0000000712400000|100%| E|CS|TAMS 0x0000000712200000| PB 0x0000000712200000| Complete 
| 109|0x0000000712400000, 0x0000000712600000, 0x0000000712600000|100%| E|CS|TAMS 0x0000000712400000| PB 0x0000000712400000| Complete 
| 110|0x0000000712600000, 0x0000000712800000, 0x0000000712800000|100%| E|CS|TAMS 0x0000000712600000| PB 0x0000000712600000| Complete 
| 111|0x0000000712800000, 0x0000000712a00000, 0x0000000712a00000|100%| E|CS|TAMS 0x0000000712800000| PB 0x0000000712800000| Complete 
| 112|0x0000000712a00000, 0x0000000712c00000, 0x0000000712c00000|100%| E|CS|TAMS 0x0000000712a00000| PB 0x0000000712a00000| Complete 
| 113|0x0000000712c00000, 0x0000000712e00000, 0x0000000712e00000|100%| E|CS|TAMS 0x0000000712c00000| PB 0x0000000712c00000| Complete 
| 114|0x0000000712e00000, 0x0000000713000000, 0x0000000713000000|100%| E|CS|TAMS 0x0000000712e00000| PB 0x0000000712e00000| Complete 
| 115|0x0000000713000000, 0x0000000713200000, 0x0000000713200000|100%| E|CS|TAMS 0x0000000713000000| PB 0x0000000713000000| Complete 
| 116|0x0000000713200000, 0x0000000713400000, 0x0000000713400000|100%| E|CS|TAMS 0x0000000713200000| PB 0x0000000713200000| Complete 
| 117|0x0000000713400000, 0x0000000713600000, 0x0000000713600000|100%| E|CS|TAMS 0x0000000713400000| PB 0x0000000713400000| Complete 
| 118|0x0000000713600000, 0x0000000713800000, 0x0000000713800000|100%| E|CS|TAMS 0x0000000713600000| PB 0x0000000713600000| Complete 
| 119|0x0000000713800000, 0x0000000713a00000, 0x0000000713a00000|100%| E|CS|TAMS 0x0000000713800000| PB 0x0000000713800000| Complete 
| 120|0x0000000713a00000, 0x0000000713c00000, 0x0000000713c00000|100%| E|CS|TAMS 0x0000000713a00000| PB 0x0000000713a00000| Complete 
| 121|0x0000000713c00000, 0x0000000713e00000, 0x0000000713e00000|100%| E|CS|TAMS 0x0000000713c00000| PB 0x0000000713c00000| Complete 
| 122|0x0000000713e00000, 0x0000000714000000, 0x0000000714000000|100%| E|CS|TAMS 0x0000000713e00000| PB 0x0000000713e00000| Complete 
| 123|0x0000000714000000, 0x0000000714200000, 0x0000000714200000|100%| E|CS|TAMS 0x0000000714000000| PB 0x0000000714000000| Complete 
| 124|0x0000000714200000, 0x0000000714400000, 0x0000000714400000|100%| E|CS|TAMS 0x0000000714200000| PB 0x0000000714200000| Complete 
| 125|0x0000000714400000, 0x0000000714600000, 0x0000000714600000|100%| E|CS|TAMS 0x0000000714400000| PB 0x0000000714400000| Complete 

Card table byte_map: [0x00000232e9a10000,0x00000232ea1f0000] _byte_map_base: 0x00000232e61eb000

Marking Bits: (CMBitMap*) 0x00000232d1c86f00
 Bits: [0x00000232ea9d0000, 0x00000232ee8a8000)

Polling page: 0x00000232cfc00000

Metaspace:

Usage:
  Non-class:     16.81 MB used.
      Class:      2.15 MB used.
       Both:     18.96 MB used.

Virtual space:
  Non-class space:       64.00 MB reserved,      16.94 MB ( 26%) committed,  1 nodes.
      Class space:        1.00 GB reserved,       2.31 MB ( <1%) committed,  1 nodes.
             Both:        1.06 GB reserved,      19.25 MB (  2%) committed. 

Chunk freelists:
   Non-Class:  3.09 MB
       Class:  1.59 MB
        Both:  4.69 MB

MaxMetaspaceSize: unlimited
CompressedClassSpaceSize: 1.00 GB
Initial GC threshold: 21.00 MB
Current GC threshold: 21.00 MB
CDS: on
MetaspaceReclaimPolicy: balanced
 - commit_granule_bytes: 65536.
 - commit_granule_words: 8192.
 - virtual_space_node_default_size: 8388608.
 - enlarge_chunks_in_place: 1.
 - new_chunks_are_fully_committed: 0.
 - uncommit_free_chunks: 1.
 - use_allocation_guard: 0.


Internal statistics:

num_allocs_failed_limit: 0.
num_arena_births: 188.
num_arena_deaths: 0.
num_vsnodes_births: 2.
num_vsnodes_deaths: 0.
num_space_committed: 308.
num_space_uncommitted: 0.
num_chunks_returned_to_freelist: 0.
num_chunks_taken_from_freelist: 856.
num_chunk_merges: 0.
num_chunk_splits: 603.
num_chunks_enlarged: 492.
num_inconsistent_stats: 0.

CodeHeap 'non-profiled nmethods': size=120000Kb used=2153Kb max_used=2153Kb free=117846Kb
 bounds [0x00000232e17b0000, 0x00000232e1a20000, 0x00000232e8ce0000]
CodeHeap 'profiled nmethods': size=120000Kb used=9126Kb max_used=9126Kb free=110873Kb
 bounds [0x00000232d9ce0000, 0x00000232da5d0000, 0x00000232e1210000]
CodeHeap 'non-nmethods': size=5760Kb used=1583Kb max_used=1611Kb free=4176Kb
 bounds [0x00000232e1210000, 0x00000232e1480000, 0x00000232e17b0000]
 total_blobs=4997 nmethods=4500 adapters=407
 compilation: enabled
              stopped_count=0, restarted_count=0
 full_count=0

Compilation events (20 events):
Event: 7.177 Thread 0x00000232f152d840 nmethod 4491 0x00000232e19c8290 code [0x00000232e19c8400, 0x00000232e19c84d0]
Event: 7.177 Thread 0x00000232f152d840 4492       3       java.nio.MappedByteBuffer::position (8 bytes)
Event: 7.177 Thread 0x00000232f152d840 nmethod 4492 0x00000232da5c8310 code [0x00000232da5c84a0, 0x00000232da5c8650]
Event: 7.177 Thread 0x00000232f152d840 4493       3       java.nio.MappedByteBuffer::limit (8 bytes)
Event: 7.177 Thread 0x00000232f152d840 nmethod 4493 0x00000232da5c8710 code [0x00000232da5c88a0, 0x00000232da5c8a50]
Event: 7.179 Thread 0x00000232f152d840 4494       1       java.nio.MappedByteBuffer::fileDescriptor (5 bytes)
Event: 7.179 Thread 0x00000232f152d840 nmethod 4494 0x00000232e19c8590 code [0x00000232e19c8700, 0x00000232e19c87d0]
Event: 7.179 Thread 0x00000232f152d840 4495       1       java.nio.MappedByteBuffer::isSync (5 bytes)
Event: 7.179 Thread 0x00000232f152d840 nmethod 4495 0x00000232e19c8890 code [0x00000232e19c8a00, 0x00000232e19c8ad0]
Event: 7.187 Thread 0x00000232f152d840 4496       1       jdk.internal.loader.BuiltinClassLoader$LoadedModule::mref (5 bytes)
Event: 7.187 Thread 0x00000232f152d840 nmethod 4496 0x00000232e19c8b90 code [0x00000232e19c8d00, 0x00000232e19c8dd0]
Event: 7.188 Thread 0x00000232f152d840 4497       1       java.nio.DirectByteBufferR::isDirect (2 bytes)
Event: 7.189 Thread 0x00000232f152d840 nmethod 4497 0x00000232e19c8e90 code [0x00000232e19c9000, 0x00000232e19c90c8]
Event: 7.190 Thread 0x00000232f1520660 4498       4       java.lang.String::concat (15 bytes)
Event: 7.190 Thread 0x00000232f152d840 4499       3       java.lang.NamedPackage::<init> (59 bytes)
Event: 7.191 Thread 0x00000232f152d840 nmethod 4499 0x00000232da5c8b10 code [0x00000232da5c8d80, 0x00000232da5c97c8]
Event: 7.197 Thread 0x00000232f1520660 nmethod 4498 0x00000232e19c9190 code [0x00000232e19c9340, 0x00000232e19c98f0]
Event: 7.197 Thread 0x00000232f1520660 4500       4       jdk.internal.jimage.ImageStringsReader::stringFromByteBufferMatches (138 bytes)
Event: 7.202 Thread 0x00000232f1520660 nmethod 4500 0x00000232e19c9d90 code [0x00000232e19c9f20, 0x00000232e19ca2f0]
Event: 7.202 Thread 0x00000232f1520660 4501       4       java.lang.invoke.MethodType::methodType (69 bytes)

GC Heap History (4 events):
Event: 1.040 GC heap before
{Heap before GC invocations=0 (full 0):
 garbage-first heap   total 258048K, used 22528K [0x0000000704a00000, 0x0000000800000000)
  region size 2048K, 11 young (22528K), 0 survivors (0K)
 Metaspace       used 5588K, committed 5760K, reserved 1114112K
  class space    used 640K, committed 768K, reserved 1048576K
}
Event: 1.046 GC heap after
{Heap after GC invocations=1 (full 0):
 garbage-first heap   total 258048K, used 3990K [0x0000000704a00000, 0x0000000800000000)
  region size 2048K, 2 young (4096K), 2 survivors (4096K)
 Metaspace       used 5588K, committed 5760K, reserved 1114112K
  class space    used 640K, committed 768K, reserved 1048576K
}
Event: 2.213 GC heap before
{Heap before GC invocations=1 (full 0):
 garbage-first heap   total 258048K, used 36758K [0x0000000704a00000, 0x0000000800000000)
  region size 2048K, 18 young (36864K), 2 survivors (4096K)
 Metaspace       used 10177K, committed 10304K, reserved 1114112K
  class space    used 1205K, committed 1280K, reserved 1048576K
}
Event: 2.218 GC heap after
{Heap after GC invocations=2 (full 0):
 garbage-first heap   total 258048K, used 5792K [0x0000000704a00000, 0x0000000800000000)
  region size 2048K, 2 young (4096K), 2 survivors (4096K)
 Metaspace       used 10177K, committed 10304K, reserved 1114112K
  class space    used 1205K, committed 1280K, reserved 1048576K
}

Dll operation events (8 events):
Event: 0.014 Loaded shared library C:\Program Files\Java\jdk-20\bin\java.dll
Event: 0.041 Loaded shared library C:\Program Files\Java\jdk-20\bin\jsvml.dll
Event: 0.079 Loaded shared library C:\Program Files\Java\jdk-20\bin\net.dll
Event: 0.081 Loaded shared library C:\Program Files\Java\jdk-20\bin\nio.dll
Event: 0.084 Loaded shared library C:\Program Files\Java\jdk-20\bin\zip.dll
Event: 0.280 Loaded shared library C:\Program Files\Java\jdk-20\bin\jimage.dll
Event: 0.334 Loaded shared library C:\Program Files\NetBeans-19\netbeans\java\maven\lib\jansi-native\Windows\x86_64\jansi.dll
Event: 0.352 Loaded shared library C:\Program Files\Java\jdk-20\bin\verify.dll

Deoptimization events (20 events):
Event: 6.681 Thread 0x00000232d1c14df0 Uncommon trap: trap_request=0xffffffec fr.pc=0x00000232e188bf0c relative=0x000000000000008c
Event: 6.681 Thread 0x00000232d1c14df0 Uncommon trap: reason=null_assert_or_unreached0 action=make_not_entrant pc=0x00000232e188bf0c method=java.util.jar.JarFile.maybeInstantiateVerifier()V @ 4 c2
Event: 6.681 Thread 0x00000232d1c14df0 DEOPT PACKING pc=0x00000232e188bf0c sp=0x000000a4792fd130
Event: 6.681 Thread 0x00000232d1c14df0 DEOPT UNPACKING pc=0x00000232e122d2a2 sp=0x000000a4792fd0c0 mode 2
Event: 6.684 Thread 0x00000232d1c14df0 Uncommon trap: trap_request=0xffffff45 fr.pc=0x00000232e1841764 relative=0x0000000000000064
Event: 6.684 Thread 0x00000232d1c14df0 Uncommon trap: reason=unstable_if action=reinterpret pc=0x00000232e1841764 method=jdk.internal.module.ModuleReferenceImpl.hashCode()I @ 6 c2
Event: 6.684 Thread 0x00000232d1c14df0 DEOPT PACKING pc=0x00000232e1841764 sp=0x000000a4792fd130
Event: 6.684 Thread 0x00000232d1c14df0 DEOPT UNPACKING pc=0x00000232e122d2a2 sp=0x000000a4792fd0c0 mode 2
Event: 6.719 Thread 0x00000232d1c14df0 Uncommon trap: trap_request=0xffffffc6 fr.pc=0x00000232e182b074 relative=0x0000000000000414
Event: 6.719 Thread 0x00000232d1c14df0 Uncommon trap: reason=bimorphic_or_optimized_type_check action=maybe_recompile pc=0x00000232e182b074 method=java.util.regex.Pattern$BmpCharPropertyGreedy.match(Ljava/util/regex/Matcher;ILjava/lang/CharSequence;)Z @ 26 c2
Event: 6.719 Thread 0x00000232d1c14df0 DEOPT PACKING pc=0x00000232e182b074 sp=0x000000a4792fd090
Event: 6.719 Thread 0x00000232d1c14df0 DEOPT UNPACKING pc=0x00000232e122d2a2 sp=0x000000a4792fd018 mode 2
Event: 7.106 Thread 0x00000232d1c14df0 Uncommon trap: trap_request=0xffffff45 fr.pc=0x00000232e18181b4 relative=0x00000000000000b4
Event: 7.106 Thread 0x00000232d1c14df0 Uncommon trap: reason=unstable_if action=reinterpret pc=0x00000232e18181b4 method=java.nio.Buffer.limit(I)Ljava/nio/Buffer; @ 42 c2
Event: 7.106 Thread 0x00000232d1c14df0 DEOPT PACKING pc=0x00000232e18181b4 sp=0x000000a4792fd090
Event: 7.106 Thread 0x00000232d1c14df0 DEOPT UNPACKING pc=0x00000232e122d2a2 sp=0x000000a4792fd018 mode 2
Event: 7.164 Thread 0x00000232d1c14df0 Uncommon trap: trap_request=0xffffff45 fr.pc=0x00000232e182963c relative=0x00000000000000bc
Event: 7.164 Thread 0x00000232d1c14df0 Uncommon trap: reason=unstable_if action=reinterpret pc=0x00000232e182963c method=java.util.regex.ASCII.isType(II)Z @ 6 c2
Event: 7.164 Thread 0x00000232d1c14df0 DEOPT PACKING pc=0x00000232e182963c sp=0x000000a4792fbed0
Event: 7.164 Thread 0x00000232d1c14df0 DEOPT UNPACKING pc=0x00000232e122d2a2 sp=0x000000a4792fbd38 mode 2

Classes loaded (20 events):
Event: 7.168 Loading class java/util/JumboEnumSet
Event: 7.168 Loading class java/util/JumboEnumSet done
Event: 7.170 Loading class java/nio/file/FileVisitOption
Event: 7.170 Loading class java/nio/file/FileVisitOption done
Event: 7.175 Loading class java/nio/file/FileSystemNotFoundException
Event: 7.175 Loading class java/nio/file/FileSystemNotFoundException done
Event: 7.175 Loading class java/util/JumboEnumSet$EnumSetIterator
Event: 7.175 Loading class java/util/JumboEnumSet$EnumSetIterator done
Event: 7.178 Loading class java/util/MissingResourceException
Event: 7.178 Loading class java/util/MissingResourceException done
Event: 7.180 Loading class java/util/ResourceBundle$CacheKey
Event: 7.180 Loading class java/util/ResourceBundle$CacheKey done
Event: 7.180 Loading class java/util/ResourceBundle$KeyElementReference
Event: 7.180 Loading class java/util/ResourceBundle$CacheKeyReference
Event: 7.180 Loading class java/util/ResourceBundle$CacheKeyReference done
Event: 7.180 Loading class java/util/ResourceBundle$KeyElementReference done
Event: 7.180 Loading class java/util/ResourceBundle$3
Event: 7.180 Loading class java/util/ResourceBundle$3 done
Event: 7.184 Loading class java/util/ResourceBundle$BundleReference
Event: 7.184 Loading class java/util/ResourceBundle$BundleReference done

Classes unloaded (0 events):
No events

Classes redefined (0 events):
No events

Internal exceptions (20 events):
Event: 3.238 Thread 0x00000232d1c14df0 Implicit null exception at 0x00000232e188af25 to 0x00000232e188b6f0
Event: 3.546 Thread 0x00000232d1c14df0 Implicit null exception at 0x00000232e186177b to 0x00000232e1861944
Event: 3.546 Thread 0x00000232d1c14df0 Implicit null exception at 0x00000232e18207a9 to 0x00000232e1820fa4
Event: 3.547 Thread 0x00000232d1c14df0 Implicit null exception at 0x00000232e18623fb to 0x00000232e18625c4
Event: 3.830 Thread 0x00000232d1c14df0 Exception <a 'java/lang/NoSuchMethodError'{0x0000000711c78780}: 'java.lang.Object java.lang.invoke.DirectMethodHandle$Holder.newInvokeSpecial(java.lang.Object, java.lang.Object, java.lang.Object, java.lang.Object, java.lang.Object, java.lang.Object, java.lang.Object)'> (0x0000000711c78780) 
thrown [s\open\src\hotspot\share\interpreter\linkResolver.cpp, line 773]
Event: 4.018 Thread 0x00000232d1c14df0 Exception <a 'java/lang/NoSuchMethodError'{0x00000007118a46b8}: 'java.lang.Object java.lang.invoke.DirectMethodHandle$Holder.invokeVirtual(java.lang.Object, java.lang.Object, java.lang.Object)'> (0x00000007118a46b8) 
thrown [s\open\src\hotspot\share\interpreter\linkResolver.cpp, line 773]
Event: 4.019 Thread 0x00000232d1c14df0 Exception <a 'java/lang/NoSuchMethodError'{0x00000007118ab758}: 'void java.lang.invoke.DirectMethodHandle$Holder.invokeSpecial(java.lang.Object, java.lang.Object, java.lang.Object, java.lang.Object, java.lang.Object, java.lang.Object)'> (0x00000007118ab758) 
thrown [s\open\src\hotspot\share\interpreter\linkResolver.cpp, line 773]
Event: 4.020 Thread 0x00000232d1c14df0 Exception <a 'java/lang/NoSuchMethodError'{0x00000007118b6b38}: 'int java.lang.invoke.DirectMethodHandle$Holder.invokeVirtual(java.lang.Object, java.lang.Object)'> (0x00000007118b6b38) 
thrown [s\open\src\hotspot\share\interpreter\linkResolver.cpp, line 773]
Event: 4.101 Thread 0x00000232d1c14df0 Exception <a 'java/lang/NoSuchMethodError'{0x00000007119c5a90}: 'void java.lang.invoke.Invokers$Holder.invokeExact_MT(java.lang.Object, java.lang.Object, int, java.lang.Object)'> (0x00000007119c5a90) 
thrown [s\open\src\hotspot\share\interpreter\linkResolver.cpp, line 773]
Event: 4.106 Thread 0x00000232d1c14df0 Exception <a 'java/lang/NoSuchMethodError'{0x00000007119fa288}: 'void java.lang.invoke.DirectMethodHandle$Holder.invokeInterface(java.lang.Object, java.lang.Object, java.lang.Object)'> (0x00000007119fa288) 
thrown [s\open\src\hotspot\share\interpreter\linkResolver.cpp, line 773]
Event: 5.017 Thread 0x00000232d1c14df0 Exception <a 'sun/nio/fs/WindowsException'{0x0000000710c8e778}> (0x0000000710c8e778) 
thrown [s\open\src\hotspot\share\prims\jni.cpp, line 519]
Event: 5.061 Thread 0x00000232d1c14df0 Exception <a 'sun/nio/fs/WindowsException'{0x0000000710c90080}> (0x0000000710c90080) 
thrown [s\open\src\hotspot\share\prims\jni.cpp, line 519]
Event: 5.102 Thread 0x00000232d1c14df0 Exception <a 'sun/nio/fs/WindowsException'{0x0000000710c91870}> (0x0000000710c91870) 
thrown [s\open\src\hotspot\share\prims\jni.cpp, line 519]
Event: 5.140 Thread 0x00000232d1c14df0 Exception <a 'sun/nio/fs/WindowsException'{0x0000000710c931d8}> (0x0000000710c931d8) 
thrown [s\open\src\hotspot\share\prims\jni.cpp, line 519]
Event: 5.173 Thread 0x00000232d1c14df0 Exception <a 'sun/nio/fs/WindowsException'{0x0000000710c949f8}> (0x0000000710c949f8) 
thrown [s\open\src\hotspot\share\prims\jni.cpp, line 519]
Event: 5.202 Thread 0x00000232d1c14df0 Exception <a 'sun/nio/fs/WindowsException'{0x0000000710c96200}> (0x0000000710c96200) 
thrown [s\open\src\hotspot\share\prims\jni.cpp, line 519]
Event: 5.681 Thread 0x00000232d1c14df0 Implicit null exception at 0x00000232e1867b60 to 0x00000232e18680c4
Event: 6.616 Thread 0x00000232d1c14df0 Exception <a 'sun/nio/fs/WindowsException'{0x000000070eba2518}> (0x000000070eba2518) 
thrown [s\open\src\hotspot\share\prims\jni.cpp, line 519]
Event: 6.629 Thread 0x00000232d1c14df0 Exception <a 'sun/nio/fs/WindowsException'{0x000000070ebb40c0}> (0x000000070ebb40c0) 
thrown [s\open\src\hotspot\share\prims\jni.cpp, line 519]
Event: 6.634 Thread 0x00000232d1c14df0 Exception <a 'sun/nio/fs/WindowsException'{0x000000070ebb5988}> (0x000000070ebb5988) 
thrown [s\open\src\hotspot\share\prims\jni.cpp, line 519]

VM Operations (20 events):
Event: 3.216 Executing VM operation: HandshakeAllThreads
Event: 3.216 Executing VM operation: HandshakeAllThreads done
Event: 3.216 Executing VM operation: HandshakeAllThreads
Event: 3.216 Executing VM operation: HandshakeAllThreads done
Event: 3.319 Executing VM operation: ICBufferFull
Event: 3.319 Executing VM operation: ICBufferFull done
Event: 3.993 Executing VM operation: ICBufferFull
Event: 3.993 Executing VM operation: ICBufferFull done
Event: 4.100 Executing VM operation: HandshakeAllThreads
Event: 4.100 Executing VM operation: HandshakeAllThreads done
Event: 4.908 Executing VM operation: ICBufferFull
Event: 4.908 Executing VM operation: ICBufferFull done
Event: 5.916 Executing VM operation: Cleanup
Event: 5.916 Executing VM operation: Cleanup done
Event: 6.632 Executing VM operation: HandshakeAllThreads
Event: 6.632 Executing VM operation: HandshakeAllThreads done
Event: 7.169 Executing VM operation: HandshakeAllThreads
Event: 7.169 Executing VM operation: HandshakeAllThreads done
Event: 7.169 Executing VM operation: Cleanup
Event: 7.169 Executing VM operation: Cleanup done

Events (20 events):
Event: 0.054 Thread 0x00000232f15184f0 Thread added: 0x00000232f15184f0
Event: 0.054 Thread 0x00000232f1519e40 Thread added: 0x00000232f1519e40
Event: 0.054 Thread 0x00000232f151b540 Thread added: 0x00000232f151b540
Event: 0.054 Thread 0x00000232f151ca30 Thread added: 0x00000232f151ca30
Event: 0.055 Thread 0x00000232f1520660 Thread added: 0x00000232f1520660
Event: 0.055 Thread 0x00000232f152d840 Thread added: 0x00000232f152d840
Event: 0.073 Thread 0x00000232f5949600 Thread added: 0x00000232f5949600
Event: 0.076 Thread 0x00000232f594fea0 Thread added: 0x00000232f594fea0
Event: 0.669 Thread 0x00000232f632cfe0 Thread added: 0x00000232f632cfe0
Event: 1.013 Thread 0x00000232f6340bd0 Thread added: 0x00000232f6340bd0
Event: 1.652 Thread 0x00000232f6340bd0 Thread exited: 0x00000232f6340bd0
Event: 1.866 Thread 0x00000232f632cfe0 Thread exited: 0x00000232f632cfe0
Event: 2.781 Thread 0x00000232f6c08550 Thread added: 0x00000232f6c08550
Event: 3.395 Thread 0x00000232f7148ad0 Thread added: 0x00000232f7148ad0
Event: 4.614 Thread 0x00000232f7148ad0 Thread exited: 0x00000232f7148ad0
Event: 5.134 Thread 0x00000232f6c08550 Thread exited: 0x00000232f6c08550
Event: 5.580 Thread 0x00000232f629d190 Thread added: 0x00000232f629d190
Event: 6.118 Thread 0x00000232f629d190 Thread exited: 0x00000232f629d190
Event: 6.279 Thread 0x00000232f6783140 Thread added: 0x00000232f6783140
Event: 6.414 Thread 0x00000232f6783140 Thread exited: 0x00000232f6783140


Dynamic libraries:
0x00007ff7b6e50000 - 0x00007ff7b6e60000 	C:\Program Files\Java\jdk-20\bin\java.exe
0x00007ffcd9d90000 - 0x00007ffcd9fa4000 	C:\Windows\SYSTEM32\ntdll.dll
0x00007ffcd8960000 - 0x00007ffcd8a24000 	C:\Windows\System32\KERNEL32.DLL
0x00007ffcd72e0000 - 0x00007ffcd7684000 	C:\Windows\System32\KERNELBASE.dll
0x00007ffcd7960000 - 0x00007ffcd7a71000 	C:\Windows\System32\ucrtbase.dll
0x00007ffc73450000 - 0x00007ffc73469000 	C:\Program Files\Java\jdk-20\bin\jli.dll
0x00007ffcd81f0000 - 0x00007ffcd82a0000 	C:\Windows\System32\ADVAPI32.dll
0x00007ffcd8030000 - 0x00007ffcd80d7000 	C:\Windows\System32\msvcrt.dll
0x00007ffcd2330000 - 0x00007ffcd234b000 	C:\Program Files\Java\jdk-20\bin\VCRUNTIME140.dll
0x00007ffcd7e60000 - 0x00007ffcd7f06000 	C:\Windows\System32\sechost.dll
0x00007ffcd7f10000 - 0x00007ffcd8027000 	C:\Windows\System32\RPCRT4.dll
0x00007ffcd9ba0000 - 0x00007ffcd9d4e000 	C:\Windows\System32\USER32.dll
0x00007ffcd72b0000 - 0x00007ffcd72d6000 	C:\Windows\System32\win32u.dll
0x00007ffcd7c80000 - 0x00007ffcd7ca9000 	C:\Windows\System32\GDI32.dll
0x00007ffcd7780000 - 0x00007ffcd7898000 	C:\Windows\System32\gdi32full.dll
0x00007ffcd7a80000 - 0x00007ffcd7b1a000 	C:\Windows\System32\msvcp_win.dll
0x00007ffcb4020000 - 0x00007ffcb42b3000 	C:\Windows\WinSxS\amd64_microsoft.windows.common-controls_6595b64144ccf1df_6.0.22621.2215_none_270d72677387dfc3\COMCTL32.dll
0x00007ffccfb80000 - 0x00007ffccfb8a000 	C:\Windows\SYSTEM32\VERSION.dll
0x00007ffcd9a00000 - 0x00007ffcd9a31000 	C:\Windows\System32\IMM32.DLL
0x00007ffcd2320000 - 0x00007ffcd232c000 	C:\Program Files\Java\jdk-20\bin\vcruntime140_1.dll
0x00007ffc71d30000 - 0x00007ffc71dbe000 	C:\Program Files\Java\jdk-20\bin\msvcp140.dll
0x00007ffc4def0000 - 0x00007ffc4eb88000 	C:\Program Files\Java\jdk-20\bin\server\jvm.dll
0x00007ffccb710000 - 0x00007ffccb744000 	C:\Windows\SYSTEM32\WINMM.dll
0x00007ffcaa660000 - 0x00007ffcaa669000 	C:\Windows\SYSTEM32\WSOCK32.dll
0x00007ffcd9750000 - 0x00007ffcd97c1000 	C:\Windows\System32\WS2_32.dll
0x00007ffcd6100000 - 0x00007ffcd6118000 	C:\Windows\SYSTEM32\kernel.appcore.dll
0x00007ffcd22a0000 - 0x00007ffcd22aa000 	C:\Program Files\Java\jdk-20\bin\jimage.dll
0x00007ffcd4aa0000 - 0x00007ffcd4cce000 	C:\Windows\SYSTEM32\DBGHELP.DLL
0x00007ffcd8ad0000 - 0x00007ffcd8e5a000 	C:\Windows\System32\combase.dll
0x00007ffcd97d0000 - 0x00007ffcd98a7000 	C:\Windows\System32\OLEAUT32.dll
0x00007ffcbcd00000 - 0x00007ffcbcd32000 	C:\Windows\SYSTEM32\dbgcore.DLL
0x00007ffcd7690000 - 0x00007ffcd770a000 	C:\Windows\System32\bcryptPrimitives.dll
0x00007ffcd22b0000 - 0x00007ffcd22d6000 	C:\Program Files\Java\jdk-20\bin\java.dll
0x00007ffc9cef0000 - 0x00007ffc9cfc7000 	C:\Program Files\Java\jdk-20\bin\jsvml.dll
0x00007ffcd8e60000 - 0x00007ffcd9683000 	C:\Windows\System32\SHELL32.dll
0x00007ffcd5080000 - 0x00007ffcd596a000 	C:\Windows\SYSTEM32\windows.storage.dll
0x00007ffcd4f40000 - 0x00007ffcd507e000 	C:\Windows\SYSTEM32\wintypes.dll
0x00007ffcd80e0000 - 0x00007ffcd81d3000 	C:\Windows\System32\SHCORE.dll
0x00007ffcd8a70000 - 0x00007ffcd8ace000 	C:\Windows\System32\shlwapi.dll
0x00007ffcd7070000 - 0x00007ffcd7096000 	C:\Windows\SYSTEM32\profapi.dll
0x00007ffcd2260000 - 0x00007ffcd2273000 	C:\Program Files\Java\jdk-20\bin\net.dll
0x00007ffcd03d0000 - 0x00007ffcd0507000 	C:\Windows\SYSTEM32\WINHTTP.dll
0x00007ffcd65c0000 - 0x00007ffcd6629000 	C:\Windows\system32\mswsock.dll
0x00007ffcbc510000 - 0x00007ffcbc526000 	C:\Program Files\Java\jdk-20\bin\nio.dll
0x00007ffcbc400000 - 0x00007ffcbc418000 	C:\Program Files\Java\jdk-20\bin\zip.dll
0x0000000069ac0000 - 0x0000000069ae4000 	C:\Program Files\NetBeans-19\netbeans\java\maven\lib\jansi-native\Windows\x86_64\jansi.dll
0x00007ffcb7140000 - 0x00007ffcb7150000 	C:\Program Files\Java\jdk-20\bin\verify.dll
0x00007ffcd6170000 - 0x00007ffcd61a4000 	C:\Windows\SYSTEM32\ntmarta.dll

dbghelp: loaded successfully - version: 4.0.5 - missing functions: none
symbol engine: initialized successfully - sym options: 0x614 - pdb path: .;C:\Program Files\Java\jdk-20\bin;C:\Windows\SYSTEM32;C:\Windows\WinSxS\amd64_microsoft.windows.common-controls_6595b64144ccf1df_6.0.22621.2215_none_270d72677387dfc3;C:\Program Files\Java\jdk-20\bin\server;C:\Program Files\NetBeans-19\netbeans\java\maven\lib\jansi-native\Windows\x86_64

VM Arguments:
jvm_args: -Dclassworlds.conf=C:\Program Files\NetBeans-19\netbeans\java\maven\bin\m2.conf -Dmaven.home=C:\Program Files\NetBeans-19\netbeans\java\maven -Dlibrary.jansi.path=C:\Program Files\NetBeans-19\netbeans\java\maven\lib\jansi-native -Dmaven.multiModuleProjectDirectory=C:\Users\votan\OneDrive\Máy tính\Student_Management\Student_Management_Admin 
java_command: org.codehaus.plexus.classworlds.launcher.Launcher -Dexec.vmArgs= -Dexec.appArgs= -Dmaven.ext.class.path=C:\Program Files\NetBeans-19\netbeans\java\maven-nblib\netbeans-eventspy.jar --no-transfer-progress clean javafx:run
java_class_path (initial): C:\Program Files\NetBeans-19\netbeans\java\maven\boot\plexus-classworlds-2.7.0.jar
Launcher Type: SUN_STANDARD

[Global flags]
     intx CICompilerCount                          = 4                                         {product} {ergonomic}
     uint ConcGCThreads                            = 3                                         {product} {ergonomic}
     uint G1ConcRefinementThreads                  = 10                                        {product} {ergonomic}
   size_t G1HeapRegionSize                         = 2097152                                   {product} {ergonomic}
    uintx GCDrainStackTargetSize                   = 64                                        {product} {ergonomic}
   size_t InitialHeapSize                          = 264241152                                 {product} {ergonomic}
   size_t MarkStackSize                            = 4194304                                   {product} {ergonomic}
   size_t MaxHeapSize                              = 4217372672                                {product} {ergonomic}
   size_t MaxNewSize                               = 2529165312                                {product} {ergonomic}
   size_t MinHeapDeltaBytes                        = 2097152                                   {product} {ergonomic}
   size_t MinHeapSize                              = 8388608                                   {product} {ergonomic}
    uintx NonNMethodCodeHeapSize                   = 5839372                                {pd product} {ergonomic}
    uintx NonProfiledCodeHeapSize                  = 122909434                              {pd product} {ergonomic}
    uintx ProfiledCodeHeapSize                     = 122909434                              {pd product} {ergonomic}
    uintx ReservedCodeCacheSize                    = 251658240                              {pd product} {ergonomic}
     bool SegmentedCodeCache                       = true                                      {product} {ergonomic}
   size_t SoftMaxHeapSize                          = 4217372672                             {manageable} {ergonomic}
     bool UseCompressedClassPointers               = true                           {product lp64_product} {ergonomic}
     bool UseCompressedOops                        = true                           {product lp64_product} {ergonomic}
     bool UseG1GC                                  = true                                      {product} {ergonomic}
     bool UseLargePagesIndividualAllocation        = false                                  {pd product} {ergonomic}

Logging:
Log output configuration:
 #0: stdout all=warning uptime,level,tags foldmultilines=false
 #1: stderr all=off uptime,level,tags foldmultilines=false

Environment Variables:
JAVA_HOME=C:\Program Files\Java\jdk-20
PATH=C:\Program Files (x86)\VMware\VMware Workstation\bin\;C:\app\votan\product\21c\dbhomeXE\bin;C:\Program Files\Common Files\Oracle\Java\javapath;C:\Program Files (x86)\Common Files\Oracle\Java\javapath;C:\Program Files\Microsoft MPI\Bin\;C:\Python311\Scripts\;C:\Python311\;C:\Windows\system32;C:\Windows;C:\Windows\System32\Wbem;C:\Windows\System32\WindowsPowerShell\v1.0\;C:\Windows\System32\OpenSSH\;C:\Program Files (x86)\NVIDIA Corporation\PhysX\Common;C:\Program Files\NVIDIA Corporation\NVIDIA NvDLISR;C:\ProgramData\chocolatey\bin;C:\xampp\php;C:\composer;C:\Program Files (x86)\Microsoft SQL Server\160\Tools\Binn\;C:\Program Files\Microsoft SQL Server\160\Tools\Binn\;C:\Program Files\Microsoft SQL Server\Client SDK\ODBC\170\Tools\Binn\;C:\Program Files\Microsoft SQL Server\160\DTS\Binn\;C:\Program Files (x86)\Microsoft SQL Server\160\DTS\Binn\;C:\Program Files\Git\cmd;C:\Program Files\dotnet\;C:\Program Files\Docker\Docker\resources\bin;C:\Program Files\nodejs\;C:\Program Files\MySQL\MySQL Shell 8.0\bin\;C:\Users\votan\AppData\Local\Microsoft\WindowsApps;C:\Users\votan\AppData\Roaming\Composer\vendor\bin;C:\Users\votan\AppData\Local\Programs\Microsoft VS Code\bin;C:\Program Files\JetBrains\PhpStorm 2023.2.1\bin;;C:\Program Files\JetBrains\DataGrip 2023.2.1\bin;;C:\Program Files\JetBrains\CLion 2023.2.1\bin;;C:\Program Files\JetBrains\IntelliJ IDEA 2023.2.1\bin;;C:\Program Files\JetBrains\PyCharm 2023.2.1\bin;;C:\Program Files\JetBrains\GoLand 2023.2.1\bin;;C:\Program Files\JetBrains\JetBrains Rider 2023.2.1\bin;;C:\Program Files\JetBrains\Aqua 232.9921.1\bin;;C:\Program Files\JetBrains\WebStorm 2023.2.1\bin;;C:\Users\votan\AppData\Local\GitHubDesktop\bin;C:\Users\votan\AppData\Roaming\npm
USERNAME=votan
OS=Windows_NT
PROCESSOR_IDENTIFIER=Intel64 Family 6 Model 141 Stepping 1, GenuineIntel
TMP=C:\Users\votan\AppData\Local\Temp
TEMP=C:\Users\votan\AppData\Local\Temp




---------------  S Y S T E M  ---------------

OS:
 Windows 11 , 64 bit Build 22621 (10.0.22621.2215)
OS uptime: 0 days 1:36 hours
Hyper-V role detected

CPU: total 12 (initial active 12) (6 cores per cpu, 2 threads per core) family 6 model 141 stepping 1 microcode 0x34, cx8, cmov, fxsr, ht, mmx, 3dnowpref, sse, sse2, sse3, ssse3, sse4.1, sse4.2, popcnt, lzcnt, tsc, tscinvbit, avx, avx2, aes, erms, clmul, bmi1, bmi2, adx, avx512f, avx512dq, avx512cd, avx512bw, avx512vl, sha, fma, vzeroupper, avx512_vpopcntdq, avx512_vpclmulqdq, avx512_vaes, avx512_vnni, clflush, clflushopt, clwb, avx512_vbmi2, avx512_vbmi, hv, rdtscp, rdpid, fsrm, gfni, avx512_bitalg, f16c, cet_ibt, cet_ss, avx512_ifma

Memory: 4k page, system-wide physical 16086M (3432M free)
TotalPageFile size 65238M (AvailPageFile size 5M)
current process WorkingSet (physical memory assigned to process): 190M, peak: 190M
current process commit charge ("private bytes"): 389M, peak: 389M

vm_info: Java HotSpot(TM) 64-Bit Server VM (20.0.2+9-78) for windows-amd64 JRE (20.0.2+9-78), built on 2023-06-14T10:08:48Z by "mach5one" with MS VC++ 17.1 (VS2022)

END.
