#
# There is insufficient memory for the Java Runtime Environment to continue.
# Native memory allocation (malloc) failed to allocate 436144 bytes for Chunk::new
# Possible reasons:
#   The system is out of physical RAM or swap space
#   The process is running with CompressedOops enabled, and the Java Heap may be blocking the growth of the native heap
# Possible solutions:
#   Reduce memory load on the system
#   Increase physical memory or swap space
#   Check if swap backing store is full
#   Decrease Java heap size (-Xmx/-Xms)
#   Decrease number of Java threads
#   Decrease Java thread stack sizes (-Xss)
#   Set larger code cache with -XX:ReservedCodeCacheSize=
#   JVM is running with Zero Based Compressed Oops mode in which the Java heap is
#     placed in the first 32GB address space. The Java Heap base address is the
#     maximum limit for the native heap growth. Please use -XX:HeapBaseMinAddress
#     to set the Java Heap base and to place the Java Heap above 32GB virtual address.
# This output file may be truncated or incomplete.
#
#  Out of Memory Error (arena.cpp:184), pid=18652, tid=22976
#
# JRE version: Java(TM) SE Runtime Environment (20.0.2+9) (build 20.0.2+9-78)
# Java VM: Java HotSpot(TM) 64-Bit Server VM (20.0.2+9-78, mixed mode, sharing, tiered, compressed oops, compressed class ptrs, g1 gc, windows-amd64)
# No core dump will be written. Minidumps are not enabled by default on client versions of Windows
#

---------------  S U M M A R Y ------------

Command Line: -Dclassworlds.conf=C:\Program Files\NetBeans-19\netbeans\java\maven\bin\m2.conf -Dmaven.home=C:\Program Files\NetBeans-19\netbeans\java\maven -Dlibrary.jansi.path=C:\Program Files\NetBeans-19\netbeans\java\maven\lib\jansi-native -Dmaven.multiModuleProjectDirectory=C:\Users\votan\OneDrive\Máy tính\Student_Management\Student_Management_Admin org.codehaus.plexus.classworlds.launcher.Launcher -Dexec.vmArgs= -Dexec.appArgs= -Dmaven.ext.class.path=C:\Program Files\NetBeans-19\netbeans\java\maven-nblib\netbeans-eventspy.jar --no-transfer-progress clean javafx:run

Host: 11th Gen Intel(R) Core(TM) i5-11400H @ 2.70GHz, 12 cores, 15G,  Windows 11 , 64 bit Build 22621 (10.0.22621.2215)
Time: Wed Sep 27 19:10:23 2023 SE Asia Standard Time elapsed time: 3.162748 seconds (0d 0h 0m 3s)

---------------  T H R E A D  ---------------

Current thread (0x000001bdfa592e10):  JavaThread "C2 CompilerThread0" daemon [_thread_in_native, id=22976, stack(0x000000b10d500000,0x000000b10d600000)]


Current CompileTask:
C2:   3162 2037       4       jdk.internal.org.objectweb.asm.Frame::execute (2305 bytes)

Stack: [0x000000b10d500000,0x000000b10d600000]
Native frames: (J=compiled Java code, j=interpreted, Vv=VM code, C=native code)
V  [jvm.dll+0x6bc25a]
V  [jvm.dll+0x84971a]
V  [jvm.dll+0x84b315]
V  [jvm.dll+0x84ba13]
V  [jvm.dll+0x280e4f]
V  [jvm.dll+0xc2ab1]
V  [jvm.dll+0xc2dd5]
V  [jvm.dll+0x3bb64c]
V  [jvm.dll+0x385b75]
V  [jvm.dll+0x384fea]
V  [jvm.dll+0x24b529]
V  [jvm.dll+0x24a921]
V  [jvm.dll+0x1ce761]
V  [jvm.dll+0x25a0eb]
V  [jvm.dll+0x2587c0]
V  [jvm.dll+0x3f2dd5]
V  [jvm.dll+0x7f5c76]
V  [jvm.dll+0x6baecb]
C  [ucrtbase.dll+0x29363]
C  [KERNEL32.DLL+0x1257d]
C  [ntdll.dll+0x5aa68]


---------------  P R O C E S S  ---------------

Threads class SMR info:
_java_thread_list=0x000001bdd0a455a0, length=12, elements={
0x000001bde9c84b10, 0x000001bdfa5841a0, 0x000001bdfa5874c0, 0x000001bdfa588bb0,
0x000001bdfa58a9a0, 0x000001bdfa58b3d0, 0x000001bdfa58bf30, 0x000001bdfa592e10,
0x000001bdfa59c8e0, 0x000001bdfe918630, 0x000001bdfe927260, 0x000001bdd04c7370
}

Java Threads: ( => current thread )
  0x000001bde9c84b10 JavaThread "main" [_thread_in_vm, id=22044, stack(0x000000b10c800000,0x000000b10c900000)]
  0x000001bdfa5841a0 JavaThread "Reference Handler" daemon [_thread_blocked, id=13700, stack(0x000000b10cf00000,0x000000b10d000000)]
  0x000001bdfa5874c0 JavaThread "Finalizer" daemon [_thread_blocked, id=18476, stack(0x000000b10d000000,0x000000b10d100000)]
  0x000001bdfa588bb0 JavaThread "Signal Dispatcher" daemon [_thread_blocked, id=18588, stack(0x000000b10d100000,0x000000b10d200000)]
  0x000001bdfa58a9a0 JavaThread "Attach Listener" daemon [_thread_blocked, id=28568, stack(0x000000b10d200000,0x000000b10d300000)]
  0x000001bdfa58b3d0 JavaThread "Service Thread" daemon [_thread_blocked, id=22332, stack(0x000000b10d300000,0x000000b10d400000)]
  0x000001bdfa58bf30 JavaThread "Monitor Deflation Thread" daemon [_thread_blocked, id=18784, stack(0x000000b10d400000,0x000000b10d500000)]
=>0x000001bdfa592e10 JavaThread "C2 CompilerThread0" daemon [_thread_in_native, id=22976, stack(0x000000b10d500000,0x000000b10d600000)]
  0x000001bdfa59c8e0 JavaThread "C1 CompilerThread0" daemon [_thread_blocked, id=25128, stack(0x000000b10d600000,0x000000b10d700000)]
  0x000001bdfe918630 JavaThread "Notification Thread" daemon [_thread_blocked, id=23508, stack(0x000000b10d700000,0x000000b10d800000)]
  0x000001bdfe927260 JavaThread "Common-Cleaner" daemon [_thread_blocked, id=27740, stack(0x000000b10d900000,0x000000b10da00000)]
  0x000001bdd04c7370 JavaThread "C2 CompilerThread1" daemon [_thread_blocked, id=18408, stack(0x000000b10db00000,0x000000b10dc00000)]

Other Threads:
  0x000001bdfa566e90 VMThread "VM Thread" [stack: 0x000000b10ce00000,0x000000b10cf00000] [id=17868]
  0x000001bdfe91c5c0 WatcherThread "VM Periodic Task Thread" [stack: 0x000000b10d800000,0x000000b10d900000] [id=26572]
  0x000001bde9cf59b0 WorkerThread "GC Thread#0" [stack: 0x000000b10c900000,0x000000b10ca00000] [id=18104]
  0x000001bdff3e2180 WorkerThread "GC Thread#1" [stack: 0x000000b10dc00000,0x000000b10dd00000] [id=21440]
  0x000001bdff3e1370 WorkerThread "GC Thread#2" [stack: 0x000000b10dd00000,0x000000b10de00000] [id=17896]
  0x000001bdff3e2cc0 WorkerThread "GC Thread#3" [stack: 0x000000b10de00000,0x000000b10df00000] [id=8888]
  0x000001bdff3e10a0 WorkerThread "GC Thread#4" [stack: 0x000000b10df00000,0x000000b10e000000] [id=5564]
  0x000001bdff3e1640 WorkerThread "GC Thread#5" [stack: 0x000000b10e000000,0x000000b10e100000] [id=22740]
  0x000001bdff3e1be0 WorkerThread "GC Thread#6" [stack: 0x000000b10e100000,0x000000b10e200000] [id=23924]
  0x000001bdff3e2450 WorkerThread "GC Thread#7" [stack: 0x000000b10e200000,0x000000b10e300000] [id=2524]
  0x000001bdff3e1910 WorkerThread "GC Thread#8" [stack: 0x000000b10e300000,0x000000b10e400000] [id=15524]
  0x000001bdff3e1eb0 WorkerThread "GC Thread#9" [stack: 0x000000b10da00000,0x000000b10db00000] [id=1168]
  0x000001bde9d075c0 ConcurrentGCThread "G1 Main Marker" [stack: 0x000000b10ca00000,0x000000b10cb00000] [id=18612]
  0x000001bde9d08790 WorkerThread "G1 Conc#0" [stack: 0x000000b10cb00000,0x000000b10cc00000] [id=28612]
  0x000001bde9d3ebf0 ConcurrentGCThread "G1 Refine#0" [stack: 0x000000b10cc00000,0x000000b10cd00000] [id=23892]
  0x000001bdfa422920 ConcurrentGCThread "G1 Service" [stack: 0x000000b10cd00000,0x000000b10ce00000] [id=18968]

Threads with active compile tasks:
C2 CompilerThread0     3266 2037       4       jdk.internal.org.objectweb.asm.Frame::execute (2305 bytes)

VM state: not at safepoint (normal execution)

VM Mutex/Monitor currently owned by a thread: None

Heap address: 0x0000000704a00000, size: 4022 MB, Compressed Oops mode: Zero based, Oop shift amount: 3

CDS archive(s) mapped at: [0x000001bd8f000000-0x000001bd8fc60000-0x000001bd8fc60000), size 12976128, SharedBaseAddress: 0x000001bd8f000000, ArchiveRelocationMode: 1.
Compressed class space mapped at: 0x000001bd90000000-0x000001bdd0000000, reserved size: 1073741824
Narrow klass base: 0x000001bd8f000000, Narrow klass shift: 0, Narrow klass range: 0x100000000

GC Precious Log:
 CardTable entry size: 512
 Card Set container configuration: InlinePtr #cards 4 size 8 Array Of Cards #cards 16 size 48 Howl #buckets 8 coarsen threshold 3686 Howl Bitmap #cards 512 size 80 coarsen threshold 460 Card regions per heap region 1 cards per card region 4096
 CPUs: 12 total, 12 available
 Memory: 16086M
 Large Page Support: Disabled
 NUMA Support: Disabled
 Compressed Oops: Enabled (Zero based)
 Heap Region Size: 2M
 Heap Min Capacity: 8M
 Heap Initial Capacity: 252M
 Heap Max Capacity: 4022M
 Pre-touch: Disabled
 Parallel Workers: 10
 Concurrent Workers: 3
 Concurrent Refinement Workers: 10
 Periodic GC: Disabled

Heap:
 garbage-first heap   total 258048K, used 12025K [0x0000000704a00000, 0x0000000800000000)
  region size 2048K, 6 young (12288K), 2 survivors (4096K)
 Metaspace       used 11382K, committed 11584K, reserved 1114112K
  class space    used 1357K, committed 1472K, reserved 1048576K

Heap Regions: E=young(eden), S=young(survivor), O=old, HS=humongous(starts), HC=humongous(continues), CS=collection set, F=free, OA=open archive, CA=closed archive, TAMS=top-at-mark-start, PB=parsable bottom
|   0|0x0000000704a00000, 0x0000000704c00000, 0x0000000704c00000|100%| O|  |TAMS 0x0000000704a00000| PB 0x0000000704a00000| Untracked 
|   1|0x0000000704c00000, 0x0000000704da5400, 0x0000000704e00000| 82%| O|  |TAMS 0x0000000704c00000| PB 0x0000000704c00000| Untracked 
|   2|0x0000000704e00000, 0x0000000704e00000, 0x0000000705000000|  0%| F|  |TAMS 0x0000000704e00000| PB 0x0000000704e00000| Untracked 
|   3|0x0000000705000000, 0x0000000705000000, 0x0000000705200000|  0%| F|  |TAMS 0x0000000705000000| PB 0x0000000705000000| Untracked 
|   4|0x0000000705200000, 0x0000000705200000, 0x0000000705400000|  0%| F|  |TAMS 0x0000000705200000| PB 0x0000000705200000| Untracked 
|   5|0x0000000705400000, 0x0000000705400000, 0x0000000705600000|  0%| F|  |TAMS 0x0000000705400000| PB 0x0000000705400000| Untracked 
|   6|0x0000000705600000, 0x0000000705600000, 0x0000000705800000|  0%| F|  |TAMS 0x0000000705600000| PB 0x0000000705600000| Untracked 
|   7|0x0000000705800000, 0x0000000705800000, 0x0000000705a00000|  0%| F|  |TAMS 0x0000000705800000| PB 0x0000000705800000| Untracked 
|   8|0x0000000705a00000, 0x0000000705a00000, 0x0000000705c00000|  0%| F|  |TAMS 0x0000000705a00000| PB 0x0000000705a00000| Untracked 
|   9|0x0000000705c00000, 0x0000000705c00000, 0x0000000705e00000|  0%| F|  |TAMS 0x0000000705c00000| PB 0x0000000705c00000| Untracked 
|  10|0x0000000705e00000, 0x0000000705e00000, 0x0000000706000000|  0%| F|  |TAMS 0x0000000705e00000| PB 0x0000000705e00000| Untracked 
|  11|0x0000000706000000, 0x0000000706000000, 0x0000000706200000|  0%| F|  |TAMS 0x0000000706000000| PB 0x0000000706000000| Untracked 
|  12|0x0000000706200000, 0x0000000706200000, 0x0000000706400000|  0%| F|  |TAMS 0x0000000706200000| PB 0x0000000706200000| Untracked 
|  13|0x0000000706400000, 0x0000000706400000, 0x0000000706600000|  0%| F|  |TAMS 0x0000000706400000| PB 0x0000000706400000| Untracked 
|  14|0x0000000706600000, 0x0000000706600000, 0x0000000706800000|  0%| F|  |TAMS 0x0000000706600000| PB 0x0000000706600000| Untracked 
|  15|0x0000000706800000, 0x0000000706800000, 0x0000000706a00000|  0%| F|  |TAMS 0x0000000706800000| PB 0x0000000706800000| Untracked 
|  16|0x0000000706a00000, 0x0000000706a00000, 0x0000000706c00000|  0%| F|  |TAMS 0x0000000706a00000| PB 0x0000000706a00000| Untracked 
|  17|0x0000000706c00000, 0x0000000706c00000, 0x0000000706e00000|  0%| F|  |TAMS 0x0000000706c00000| PB 0x0000000706c00000| Untracked 
|  18|0x0000000706e00000, 0x0000000706e00000, 0x0000000707000000|  0%| F|  |TAMS 0x0000000706e00000| PB 0x0000000706e00000| Untracked 
|  19|0x0000000707000000, 0x0000000707000000, 0x0000000707200000|  0%| F|  |TAMS 0x0000000707000000| PB 0x0000000707000000| Untracked 
|  20|0x0000000707200000, 0x0000000707200000, 0x0000000707400000|  0%| F|  |TAMS 0x0000000707200000| PB 0x0000000707200000| Untracked 
|  21|0x0000000707400000, 0x0000000707400000, 0x0000000707600000|  0%| F|  |TAMS 0x0000000707400000| PB 0x0000000707400000| Untracked 
|  22|0x0000000707600000, 0x0000000707600000, 0x0000000707800000|  0%| F|  |TAMS 0x0000000707600000| PB 0x0000000707600000| Untracked 
|  23|0x0000000707800000, 0x0000000707800000, 0x0000000707a00000|  0%| F|  |TAMS 0x0000000707800000| PB 0x0000000707800000| Untracked 
|  24|0x0000000707a00000, 0x0000000707a00000, 0x0000000707c00000|  0%| F|  |TAMS 0x0000000707a00000| PB 0x0000000707a00000| Untracked 
|  25|0x0000000707c00000, 0x0000000707c00000, 0x0000000707e00000|  0%| F|  |TAMS 0x0000000707c00000| PB 0x0000000707c00000| Untracked 
|  26|0x0000000707e00000, 0x0000000707e00000, 0x0000000708000000|  0%| F|  |TAMS 0x0000000707e00000| PB 0x0000000707e00000| Untracked 
|  27|0x0000000708000000, 0x0000000708000000, 0x0000000708200000|  0%| F|  |TAMS 0x0000000708000000| PB 0x0000000708000000| Untracked 
|  28|0x0000000708200000, 0x0000000708200000, 0x0000000708400000|  0%| F|  |TAMS 0x0000000708200000| PB 0x0000000708200000| Untracked 
|  29|0x0000000708400000, 0x0000000708400000, 0x0000000708600000|  0%| F|  |TAMS 0x0000000708400000| PB 0x0000000708400000| Untracked 
|  30|0x0000000708600000, 0x0000000708600000, 0x0000000708800000|  0%| F|  |TAMS 0x0000000708600000| PB 0x0000000708600000| Untracked 
|  31|0x0000000708800000, 0x0000000708800000, 0x0000000708a00000|  0%| F|  |TAMS 0x0000000708800000| PB 0x0000000708800000| Untracked 
|  32|0x0000000708a00000, 0x0000000708a00000, 0x0000000708c00000|  0%| F|  |TAMS 0x0000000708a00000| PB 0x0000000708a00000| Untracked 
|  33|0x0000000708c00000, 0x0000000708c00000, 0x0000000708e00000|  0%| F|  |TAMS 0x0000000708c00000| PB 0x0000000708c00000| Untracked 
|  34|0x0000000708e00000, 0x0000000708e00000, 0x0000000709000000|  0%| F|  |TAMS 0x0000000708e00000| PB 0x0000000708e00000| Untracked 
|  35|0x0000000709000000, 0x0000000709000000, 0x0000000709200000|  0%| F|  |TAMS 0x0000000709000000| PB 0x0000000709000000| Untracked 
|  36|0x0000000709200000, 0x0000000709200000, 0x0000000709400000|  0%| F|  |TAMS 0x0000000709200000| PB 0x0000000709200000| Untracked 
|  37|0x0000000709400000, 0x0000000709400000, 0x0000000709600000|  0%| F|  |TAMS 0x0000000709400000| PB 0x0000000709400000| Untracked 
|  38|0x0000000709600000, 0x0000000709600000, 0x0000000709800000|  0%| F|  |TAMS 0x0000000709600000| PB 0x0000000709600000| Untracked 
|  39|0x0000000709800000, 0x0000000709800000, 0x0000000709a00000|  0%| F|  |TAMS 0x0000000709800000| PB 0x0000000709800000| Untracked 
|  40|0x0000000709a00000, 0x0000000709a00000, 0x0000000709c00000|  0%| F|  |TAMS 0x0000000709a00000| PB 0x0000000709a00000| Untracked 
|  41|0x0000000709c00000, 0x0000000709c00000, 0x0000000709e00000|  0%| F|  |TAMS 0x0000000709c00000| PB 0x0000000709c00000| Untracked 
|  42|0x0000000709e00000, 0x0000000709e00000, 0x000000070a000000|  0%| F|  |TAMS 0x0000000709e00000| PB 0x0000000709e00000| Untracked 
|  43|0x000000070a000000, 0x000000070a000000, 0x000000070a200000|  0%| F|  |TAMS 0x000000070a000000| PB 0x000000070a000000| Untracked 
|  44|0x000000070a200000, 0x000000070a200000, 0x000000070a400000|  0%| F|  |TAMS 0x000000070a200000| PB 0x000000070a200000| Untracked 
|  45|0x000000070a400000, 0x000000070a400000, 0x000000070a600000|  0%| F|  |TAMS 0x000000070a400000| PB 0x000000070a400000| Untracked 
|  46|0x000000070a600000, 0x000000070a600000, 0x000000070a800000|  0%| F|  |TAMS 0x000000070a600000| PB 0x000000070a600000| Untracked 
|  47|0x000000070a800000, 0x000000070a800000, 0x000000070aa00000|  0%| F|  |TAMS 0x000000070a800000| PB 0x000000070a800000| Untracked 
|  48|0x000000070aa00000, 0x000000070aa00000, 0x000000070ac00000|  0%| F|  |TAMS 0x000000070aa00000| PB 0x000000070aa00000| Untracked 
|  49|0x000000070ac00000, 0x000000070ac00000, 0x000000070ae00000|  0%| F|  |TAMS 0x000000070ac00000| PB 0x000000070ac00000| Untracked 
|  50|0x000000070ae00000, 0x000000070ae00000, 0x000000070b000000|  0%| F|  |TAMS 0x000000070ae00000| PB 0x000000070ae00000| Untracked 
|  51|0x000000070b000000, 0x000000070b000000, 0x000000070b200000|  0%| F|  |TAMS 0x000000070b000000| PB 0x000000070b000000| Untracked 
|  52|0x000000070b200000, 0x000000070b200000, 0x000000070b400000|  0%| F|  |TAMS 0x000000070b200000| PB 0x000000070b200000| Untracked 
|  53|0x000000070b400000, 0x000000070b400000, 0x000000070b600000|  0%| F|  |TAMS 0x000000070b400000| PB 0x000000070b400000| Untracked 
|  54|0x000000070b600000, 0x000000070b600000, 0x000000070b800000|  0%| F|  |TAMS 0x000000070b600000| PB 0x000000070b600000| Untracked 
|  55|0x000000070b800000, 0x000000070b800000, 0x000000070ba00000|  0%| F|  |TAMS 0x000000070b800000| PB 0x000000070b800000| Untracked 
|  56|0x000000070ba00000, 0x000000070ba00000, 0x000000070bc00000|  0%| F|  |TAMS 0x000000070ba00000| PB 0x000000070ba00000| Untracked 
|  57|0x000000070bc00000, 0x000000070bc00000, 0x000000070be00000|  0%| F|  |TAMS 0x000000070bc00000| PB 0x000000070bc00000| Untracked 
|  58|0x000000070be00000, 0x000000070be00000, 0x000000070c000000|  0%| F|  |TAMS 0x000000070be00000| PB 0x000000070be00000| Untracked 
|  59|0x000000070c000000, 0x000000070c000000, 0x000000070c200000|  0%| F|  |TAMS 0x000000070c000000| PB 0x000000070c000000| Untracked 
|  60|0x000000070c200000, 0x000000070c200000, 0x000000070c400000|  0%| F|  |TAMS 0x000000070c200000| PB 0x000000070c200000| Untracked 
|  61|0x000000070c400000, 0x000000070c400000, 0x000000070c600000|  0%| F|  |TAMS 0x000000070c400000| PB 0x000000070c400000| Untracked 
|  62|0x000000070c600000, 0x000000070c600000, 0x000000070c800000|  0%| F|  |TAMS 0x000000070c600000| PB 0x000000070c600000| Untracked 
|  63|0x000000070c800000, 0x000000070c800000, 0x000000070ca00000|  0%| F|  |TAMS 0x000000070c800000| PB 0x000000070c800000| Untracked 
|  64|0x000000070ca00000, 0x000000070ca00000, 0x000000070cc00000|  0%| F|  |TAMS 0x000000070ca00000| PB 0x000000070ca00000| Untracked 
|  65|0x000000070cc00000, 0x000000070cc00000, 0x000000070ce00000|  0%| F|  |TAMS 0x000000070cc00000| PB 0x000000070cc00000| Untracked 
|  66|0x000000070ce00000, 0x000000070ce00000, 0x000000070d000000|  0%| F|  |TAMS 0x000000070ce00000| PB 0x000000070ce00000| Untracked 
|  67|0x000000070d000000, 0x000000070d000000, 0x000000070d200000|  0%| F|  |TAMS 0x000000070d000000| PB 0x000000070d000000| Untracked 
|  68|0x000000070d200000, 0x000000070d200000, 0x000000070d400000|  0%| F|  |TAMS 0x000000070d200000| PB 0x000000070d200000| Untracked 
|  69|0x000000070d400000, 0x000000070d400000, 0x000000070d600000|  0%| F|  |TAMS 0x000000070d400000| PB 0x000000070d400000| Untracked 
|  70|0x000000070d600000, 0x000000070d600000, 0x000000070d800000|  0%| F|  |TAMS 0x000000070d600000| PB 0x000000070d600000| Untracked 
|  71|0x000000070d800000, 0x000000070d800000, 0x000000070da00000|  0%| F|  |TAMS 0x000000070d800000| PB 0x000000070d800000| Untracked 
|  72|0x000000070da00000, 0x000000070da00000, 0x000000070dc00000|  0%| F|  |TAMS 0x000000070da00000| PB 0x000000070da00000| Untracked 
|  73|0x000000070dc00000, 0x000000070dc00000, 0x000000070de00000|  0%| F|  |TAMS 0x000000070dc00000| PB 0x000000070dc00000| Untracked 
|  74|0x000000070de00000, 0x000000070de00000, 0x000000070e000000|  0%| F|  |TAMS 0x000000070de00000| PB 0x000000070de00000| Untracked 
|  75|0x000000070e000000, 0x000000070e000000, 0x000000070e200000|  0%| F|  |TAMS 0x000000070e000000| PB 0x000000070e000000| Untracked 
|  76|0x000000070e200000, 0x000000070e200000, 0x000000070e400000|  0%| F|  |TAMS 0x000000070e200000| PB 0x000000070e200000| Untracked 
|  77|0x000000070e400000, 0x000000070e400000, 0x000000070e600000|  0%| F|  |TAMS 0x000000070e400000| PB 0x000000070e400000| Untracked 
|  78|0x000000070e600000, 0x000000070e600000, 0x000000070e800000|  0%| F|  |TAMS 0x000000070e600000| PB 0x000000070e600000| Untracked 
|  79|0x000000070e800000, 0x000000070e800000, 0x000000070ea00000|  0%| F|  |TAMS 0x000000070e800000| PB 0x000000070e800000| Untracked 
|  80|0x000000070ea00000, 0x000000070ea00000, 0x000000070ec00000|  0%| F|  |TAMS 0x000000070ea00000| PB 0x000000070ea00000| Untracked 
|  81|0x000000070ec00000, 0x000000070ec00000, 0x000000070ee00000|  0%| F|  |TAMS 0x000000070ec00000| PB 0x000000070ec00000| Untracked 
|  82|0x000000070ee00000, 0x000000070ee00000, 0x000000070f000000|  0%| F|  |TAMS 0x000000070ee00000| PB 0x000000070ee00000| Untracked 
|  83|0x000000070f000000, 0x000000070f000000, 0x000000070f200000|  0%| F|  |TAMS 0x000000070f000000| PB 0x000000070f000000| Untracked 
|  84|0x000000070f200000, 0x000000070f200000, 0x000000070f400000|  0%| F|  |TAMS 0x000000070f200000| PB 0x000000070f200000| Untracked 
|  85|0x000000070f400000, 0x000000070f400000, 0x000000070f600000|  0%| F|  |TAMS 0x000000070f400000| PB 0x000000070f400000| Untracked 
|  86|0x000000070f600000, 0x000000070f600000, 0x000000070f800000|  0%| F|  |TAMS 0x000000070f600000| PB 0x000000070f600000| Untracked 
|  87|0x000000070f800000, 0x000000070f800000, 0x000000070fa00000|  0%| F|  |TAMS 0x000000070f800000| PB 0x000000070f800000| Untracked 
|  88|0x000000070fa00000, 0x000000070fa00000, 0x000000070fc00000|  0%| F|  |TAMS 0x000000070fa00000| PB 0x000000070fa00000| Untracked 
|  89|0x000000070fc00000, 0x000000070fc00000, 0x000000070fe00000|  0%| F|  |TAMS 0x000000070fc00000| PB 0x000000070fc00000| Untracked 
|  90|0x000000070fe00000, 0x000000070fe00000, 0x0000000710000000|  0%| F|  |TAMS 0x000000070fe00000| PB 0x000000070fe00000| Untracked 
|  91|0x0000000710000000, 0x0000000710000000, 0x0000000710200000|  0%| F|  |TAMS 0x0000000710000000| PB 0x0000000710000000| Untracked 
|  92|0x0000000710200000, 0x0000000710200000, 0x0000000710400000|  0%| F|  |TAMS 0x0000000710200000| PB 0x0000000710200000| Untracked 
|  93|0x0000000710400000, 0x0000000710400000, 0x0000000710600000|  0%| F|  |TAMS 0x0000000710400000| PB 0x0000000710400000| Untracked 
|  94|0x0000000710600000, 0x0000000710600000, 0x0000000710800000|  0%| F|  |TAMS 0x0000000710600000| PB 0x0000000710600000| Untracked 
|  95|0x0000000710800000, 0x0000000710800000, 0x0000000710a00000|  0%| F|  |TAMS 0x0000000710800000| PB 0x0000000710800000| Untracked 
|  96|0x0000000710a00000, 0x0000000710a00000, 0x0000000710c00000|  0%| F|  |TAMS 0x0000000710a00000| PB 0x0000000710a00000| Untracked 
|  97|0x0000000710c00000, 0x0000000710c00000, 0x0000000710e00000|  0%| F|  |TAMS 0x0000000710c00000| PB 0x0000000710c00000| Untracked 
|  98|0x0000000710e00000, 0x0000000710e00000, 0x0000000711000000|  0%| F|  |TAMS 0x0000000710e00000| PB 0x0000000710e00000| Untracked 
|  99|0x0000000711000000, 0x0000000711000000, 0x0000000711200000|  0%| F|  |TAMS 0x0000000711000000| PB 0x0000000711000000| Untracked 
| 100|0x0000000711200000, 0x0000000711200000, 0x0000000711400000|  0%| F|  |TAMS 0x0000000711200000| PB 0x0000000711200000| Untracked 
| 101|0x0000000711400000, 0x0000000711400000, 0x0000000711600000|  0%| F|  |TAMS 0x0000000711400000| PB 0x0000000711400000| Untracked 
| 102|0x0000000711600000, 0x0000000711600000, 0x0000000711800000|  0%| F|  |TAMS 0x0000000711600000| PB 0x0000000711600000| Untracked 
| 103|0x0000000711800000, 0x0000000711800000, 0x0000000711a00000|  0%| F|  |TAMS 0x0000000711800000| PB 0x0000000711800000| Untracked 
| 104|0x0000000711a00000, 0x0000000711a00000, 0x0000000711c00000|  0%| F|  |TAMS 0x0000000711a00000| PB 0x0000000711a00000| Untracked 
| 105|0x0000000711c00000, 0x0000000711c00000, 0x0000000711e00000|  0%| F|  |TAMS 0x0000000711c00000| PB 0x0000000711c00000| Untracked 
| 106|0x0000000711e00000, 0x0000000711e192a0, 0x0000000712000000|  4%| S|CS|TAMS 0x0000000711e00000| PB 0x0000000711e00000| Complete 
| 107|0x0000000712000000, 0x0000000712200000, 0x0000000712200000|100%| S|CS|TAMS 0x0000000712000000| PB 0x0000000712000000| Complete 
| 108|0x0000000712200000, 0x0000000712200000, 0x0000000712400000|  0%| F|  |TAMS 0x0000000712200000| PB 0x0000000712200000| Untracked 
| 109|0x0000000712400000, 0x0000000712400000, 0x0000000712600000|  0%| F|  |TAMS 0x0000000712400000| PB 0x0000000712400000| Untracked 
| 110|0x0000000712600000, 0x0000000712600000, 0x0000000712800000|  0%| F|  |TAMS 0x0000000712600000| PB 0x0000000712600000| Untracked 
| 111|0x0000000712800000, 0x0000000712800000, 0x0000000712a00000|  0%| F|  |TAMS 0x0000000712800000| PB 0x0000000712800000| Untracked 
| 112|0x0000000712a00000, 0x0000000712a00000, 0x0000000712c00000|  0%| F|  |TAMS 0x0000000712a00000| PB 0x0000000712a00000| Untracked 
| 113|0x0000000712c00000, 0x0000000712c00000, 0x0000000712e00000|  0%| F|  |TAMS 0x0000000712c00000| PB 0x0000000712c00000| Untracked 
| 114|0x0000000712e00000, 0x0000000712e00000, 0x0000000713000000|  0%| F|  |TAMS 0x0000000712e00000| PB 0x0000000712e00000| Untracked 
| 115|0x0000000713000000, 0x0000000713000000, 0x0000000713200000|  0%| F|  |TAMS 0x0000000713000000| PB 0x0000000713000000| Untracked 
| 116|0x0000000713200000, 0x0000000713200000, 0x0000000713400000|  0%| F|  |TAMS 0x0000000713200000| PB 0x0000000713200000| Untracked 
| 117|0x0000000713400000, 0x0000000713400000, 0x0000000713600000|  0%| F|  |TAMS 0x0000000713400000| PB 0x0000000713400000| Untracked 
| 118|0x0000000713600000, 0x0000000713600000, 0x0000000713800000|  0%| F|  |TAMS 0x0000000713600000| PB 0x0000000713600000| Untracked 
| 119|0x0000000713800000, 0x0000000713800000, 0x0000000713a00000|  0%| F|  |TAMS 0x0000000713800000| PB 0x0000000713800000| Untracked 
| 120|0x0000000713a00000, 0x0000000713a00000, 0x0000000713c00000|  0%| F|  |TAMS 0x0000000713a00000| PB 0x0000000713a00000| Untracked 
| 121|0x0000000713c00000, 0x0000000713c00000, 0x0000000713e00000|  0%| F|  |TAMS 0x0000000713c00000| PB 0x0000000713c00000| Untracked 
| 122|0x0000000713e00000, 0x0000000713f3f280, 0x0000000714000000| 62%| E|  |TAMS 0x0000000713e00000| PB 0x0000000713e00000| Complete 
| 123|0x0000000714000000, 0x0000000714200000, 0x0000000714200000|100%| E|CS|TAMS 0x0000000714000000| PB 0x0000000714000000| Complete 
| 124|0x0000000714200000, 0x0000000714400000, 0x0000000714400000|100%| E|CS|TAMS 0x0000000714200000| PB 0x0000000714200000| Complete 
| 125|0x0000000714400000, 0x0000000714600000, 0x0000000714600000|100%| E|CS|TAMS 0x0000000714400000| PB 0x0000000714400000| Complete 

Card table byte_map: [0x000001bdf2a80000,0x000001bdf3260000] _byte_map_base: 0x000001bdef25b000

Marking Bits: (CMBitMap*) 0x000001bde9cf5fe0
 Bits: [0x000001bdf3a40000, 0x000001bdf7918000)

Polling page: 0x000001bde7c60000

Metaspace:

Usage:
  Non-class:      9.80 MB used.
      Class:      1.33 MB used.
       Both:     11.13 MB used.

Virtual space:
  Non-class space:       64.00 MB reserved,       9.88 MB ( 15%) committed,  1 nodes.
      Class space:        1.00 GB reserved,       1.44 MB ( <1%) committed,  1 nodes.
             Both:        1.06 GB reserved,      11.31 MB (  1%) committed. 

Chunk freelists:
   Non-Class:  784.00 KB
       Class:  2.61 MB
        Both:  3.38 MB

MaxMetaspaceSize: unlimited
CompressedClassSpaceSize: 1.00 GB
Initial GC threshold: 21.00 MB
Current GC threshold: 21.00 MB
CDS: on
MetaspaceReclaimPolicy: balanced
 - commit_granule_bytes: 65536.
 - commit_granule_words: 8192.
 - virtual_space_node_default_size: 8388608.
 - enlarge_chunks_in_place: 1.
 - new_chunks_are_fully_committed: 0.
 - uncommit_free_chunks: 1.
 - use_allocation_guard: 0.


Internal statistics:

num_allocs_failed_limit: 0.
num_arena_births: 108.
num_arena_deaths: 0.
num_vsnodes_births: 2.
num_vsnodes_deaths: 0.
num_space_committed: 181.
num_space_uncommitted: 0.
num_chunks_returned_to_freelist: 0.
num_chunks_taken_from_freelist: 476.
num_chunk_merges: 0.
num_chunk_splits: 341.
num_chunks_enlarged: 283.
num_inconsistent_stats: 0.

CodeHeap 'non-profiled nmethods': size=120000Kb used=775Kb max_used=775Kb free=119224Kb
 bounds [0x000001bd87ad0000, 0x000001bd87d40000, 0x000001bd8f000000]
CodeHeap 'profiled nmethods': size=120000Kb used=4059Kb max_used=4059Kb free=115941Kb
 bounds [0x000001bd80000000, 0x000001bd80400000, 0x000001bd87530000]
CodeHeap 'non-nmethods': size=5760Kb used=1533Kb max_used=1557Kb free=4227Kb
 bounds [0x000001bd87530000, 0x000001bd877a0000, 0x000001bd87ad0000]
 total_blobs=2613 nmethods=2150 adapters=373
 compilation: enabled
              stopped_count=0, restarted_count=0
 full_count=0

Compilation events (20 events):
Event: 3.114 Thread 0x000001bdfa592e10 nmethod 2009 0x000001bd87b8a490 code [0x000001bd87b8a600, 0x000001bd87b8a828]
Event: 3.114 Thread 0x000001bdfa592e10 2012       4       java.util.Optional::empty (6 bytes)
Event: 3.115 Thread 0x000001bdfa592e10 nmethod 2012 0x000001bd87b8a890 code [0x000001bd87b8aa00, 0x000001bd87b8aa70]
Event: 3.121 Thread 0x000001bdfa59c8e0 2032       3       java.lang.ClassLoader::checkName (37 bytes)
Event: 3.123 Thread 0x000001bdfa59c8e0 nmethod 2032 0x000001bd803c8110 code [0x000001bd803c8360, 0x000001bd803c8d80]
Event: 3.132 Thread 0x000001bdfa59c8e0 2033       3       com.google.inject.internal.AbstractProcessor::visitOther (6 bytes)
Event: 3.132 Thread 0x000001bdfa59c8e0 nmethod 2033 0x000001bd803c9110 code [0x000001bd803c92a0, 0x000001bd803c9500]
Event: 3.133 Thread 0x000001bdfa59c8e0 2034       3       com.google.inject.internal.AbstractProcessor::visitOther (5 bytes)
Event: 3.133 Thread 0x000001bdfa59c8e0 nmethod 2034 0x000001bd803c9610 code [0x000001bd803c97a0, 0x000001bd803c9920]
Event: 3.133 Thread 0x000001bdfa592e10 2035       4       java.util.ArrayList::elementAt (4 bytes)
Event: 3.134 Thread 0x000001bdfa592e10 nmethod 2035 0x000001bd87b8ab90 code [0x000001bd87b8ad00, 0x000001bd87b8ada0]
Event: 3.152 Thread 0x000001bdfa59c8e0 2036       3       jdk.internal.org.objectweb.asm.SymbolTable::addConstant (330 bytes)
Event: 3.152 Thread 0x000001bdfa592e10 2037       4       jdk.internal.org.objectweb.asm.Frame::execute (2305 bytes)
Event: 3.154 Thread 0x000001bdfa59c8e0 nmethod 2036 0x000001bd803c9a10 code [0x000001bd803c9f40, 0x000001bd803ccfa0]
Event: 3.154 Thread 0x000001bdfa59c8e0 2038       3       java.lang.reflect.Proxy$ProxyBuilder::addElementTypes (33 bytes)
Event: 3.154 Thread 0x000001bdfa59c8e0 nmethod 2038 0x000001bd803cd910 code [0x000001bd803cdb00, 0x000001bd803ce1d8]
Event: 3.155 Thread 0x000001bdfa59c8e0 2040       3       java.util.ArrayList::isClear (21 bytes)
Event: 3.155 Thread 0x000001bdfa59c8e0 nmethod 2040 0x000001bd803ce490 code [0x000001bd803ce620, 0x000001bd803ce7b0]
Event: 3.155 Thread 0x000001bdfa59c8e0 2041       3       java.util.concurrent.TimeUnit::toMillis (69 bytes)
Event: 3.155 Thread 0x000001bdfa59c8e0 nmethod 2041 0x000001bd803ce890 code [0x000001bd803cea40, 0x000001bd803ced50]

GC Heap History (4 events):
Event: 1.373 GC heap before
{Heap before GC invocations=0 (full 0):
 garbage-first heap   total 258048K, used 22528K [0x0000000704a00000, 0x0000000800000000)
  region size 2048K, 11 young (22528K), 0 survivors (0K)
 Metaspace       used 5593K, committed 5824K, reserved 1114112K
  class space    used 640K, committed 768K, reserved 1048576K
}
Event: 1.378 GC heap after
{Heap after GC invocations=1 (full 0):
 garbage-first heap   total 258048K, used 3978K [0x0000000704a00000, 0x0000000800000000)
  region size 2048K, 2 young (4096K), 2 survivors (4096K)
 Metaspace       used 5593K, committed 5824K, reserved 1114112K
  class space    used 640K, committed 768K, reserved 1048576K
}
Event: 2.867 GC heap before
{Heap before GC invocations=1 (full 0):
 garbage-first heap   total 258048K, used 36746K [0x0000000704a00000, 0x0000000800000000)
  region size 2048K, 18 young (36864K), 2 survivors (4096K)
 Metaspace       used 10146K, committed 10368K, reserved 1114112K
  class space    used 1200K, committed 1280K, reserved 1048576K
}
Event: 2.878 GC heap after
{Heap after GC invocations=2 (full 0):
 garbage-first heap   total 258048K, used 5881K [0x0000000704a00000, 0x0000000800000000)
  region size 2048K, 2 young (4096K), 2 survivors (4096K)
 Metaspace       used 10146K, committed 10368K, reserved 1114112K
  class space    used 1200K, committed 1280K, reserved 1048576K
}

Dll operation events (8 events):
Event: 0.019 Loaded shared library C:\Program Files\Java\jdk-20\bin\java.dll
Event: 0.046 Loaded shared library C:\Program Files\Java\jdk-20\bin\jsvml.dll
Event: 0.095 Loaded shared library C:\Program Files\Java\jdk-20\bin\net.dll
Event: 0.098 Loaded shared library C:\Program Files\Java\jdk-20\bin\nio.dll
Event: 0.104 Loaded shared library C:\Program Files\Java\jdk-20\bin\zip.dll
Event: 0.365 Loaded shared library C:\Program Files\Java\jdk-20\bin\jimage.dll
Event: 0.442 Loaded shared library C:\Program Files\NetBeans-19\netbeans\java\maven\lib\jansi-native\Windows\x86_64\jansi.dll
Event: 0.468 Loaded shared library C:\Program Files\Java\jdk-20\bin\verify.dll

Deoptimization events (20 events):
Event: 2.722 Thread 0x000001bde9c84b10 Uncommon trap: trap_request=0xffffffc6 fr.pc=0x000001bd87b4fa98 relative=0x00000000000002d8
Event: 2.722 Thread 0x000001bde9c84b10 Uncommon trap: reason=bimorphic_or_optimized_type_check action=maybe_recompile pc=0x000001bd87b4fa98 method=java.util.HashMap.getNode(Ljava/lang/Object;)Ljava/util/HashMap$Node; @ 63 c2
Event: 2.722 Thread 0x000001bde9c84b10 DEOPT PACKING pc=0x000001bd87b4fa98 sp=0x000000b10c8fe0d0
Event: 2.722 Thread 0x000001bde9c84b10 DEOPT UNPACKING pc=0x000001bd8754d2a2 sp=0x000000b10c8fe038 mode 2
Event: 2.724 Thread 0x000001bde9c84b10 Uncommon trap: trap_request=0xffffffc6 fr.pc=0x000001bd87b7595c relative=0x000000000000029c
Event: 2.724 Thread 0x000001bde9c84b10 Uncommon trap: reason=bimorphic_or_optimized_type_check action=maybe_recompile pc=0x000001bd87b7595c method=java.util.HashMap.getNode(Ljava/lang/Object;)Ljava/util/HashMap$Node; @ 128 c2
Event: 2.724 Thread 0x000001bde9c84b10 DEOPT PACKING pc=0x000001bd87b7595c sp=0x000000b10c8fe270
Event: 2.724 Thread 0x000001bde9c84b10 DEOPT UNPACKING pc=0x000001bd8754d2a2 sp=0x000000b10c8fe178 mode 2
Event: 2.979 Thread 0x000001bde9c84b10 Uncommon trap: trap_request=0xffffff45 fr.pc=0x000001bd87b6b414 relative=0x0000000000000274
Event: 2.979 Thread 0x000001bde9c84b10 Uncommon trap: reason=unstable_if action=reinterpret pc=0x000001bd87b6b414 method=java.util.concurrent.ConcurrentHashMap.get(Ljava/lang/Object;)Ljava/lang/Object; @ 76 c2
Event: 2.979 Thread 0x000001bde9c84b10 DEOPT PACKING pc=0x000001bd87b6b414 sp=0x000000b10c8fb240
Event: 2.979 Thread 0x000001bde9c84b10 DEOPT UNPACKING pc=0x000001bd8754d2a2 sp=0x000000b10c8fb1b8 mode 2
Event: 3.085 Thread 0x000001bde9c84b10 Uncommon trap: trap_request=0xffffff45 fr.pc=0x000001bd87b47904 relative=0x0000000000000184
Event: 3.085 Thread 0x000001bde9c84b10 Uncommon trap: reason=unstable_if action=reinterpret pc=0x000001bd87b47904 method=java.lang.ClassLoader.checkName(Ljava/lang/String;)Z @ 1 c2
Event: 3.085 Thread 0x000001bde9c84b10 DEOPT PACKING pc=0x000001bd87b47904 sp=0x000000b10c8fd990
Event: 3.085 Thread 0x000001bde9c84b10 DEOPT UNPACKING pc=0x000001bd8754d2a2 sp=0x000000b10c8fd928 mode 2
Event: 3.096 Thread 0x000001bde9c84b10 Uncommon trap: trap_request=0xffffff45 fr.pc=0x000001bd87b81a64 relative=0x00000000000002e4
Event: 3.096 Thread 0x000001bde9c84b10 Uncommon trap: reason=unstable_if action=reinterpret pc=0x000001bd87b81a64 method=jdk.internal.org.objectweb.asm.SymbolTable.put(Ljdk/internal/org/objectweb/asm/SymbolTable$Entry;)Ljdk/internal/org/objectweb/asm/SymbolTable$Entry; @ 13 c2
Event: 3.096 Thread 0x000001bde9c84b10 DEOPT PACKING pc=0x000001bd87b81a64 sp=0x000000b10c8fd630
Event: 3.096 Thread 0x000001bde9c84b10 DEOPT UNPACKING pc=0x000001bd8754d2a2 sp=0x000000b10c8fd5b0 mode 2

Classes loaded (20 events):
Event: 2.664 Loading class java/util/concurrent/CompletionService
Event: 2.664 Loading class java/util/concurrent/CompletionService done
Event: 2.779 Loading class sun/reflect/generics/repository/FieldRepository
Event: 2.779 Loading class sun/reflect/generics/repository/FieldRepository done
Event: 2.810 Loading class java/io/UncheckedIOException
Event: 2.811 Loading class java/io/UncheckedIOException done
Event: 2.832 Loading class java/nio/channels/OverlappingFileLockException
Event: 2.832 Loading class java/nio/channels/OverlappingFileLockException done
Event: 2.832 Loading class java/nio/channels/FileLock
Event: 2.832 Loading class java/nio/channels/FileLock done
Event: 2.896 Loading class java/nio/file/AccessDeniedException
Event: 2.896 Loading class java/nio/file/AccessDeniedException done
Event: 2.967 Loading class java/lang/ExceptionInInitializerError
Event: 2.967 Loading class java/lang/ExceptionInInitializerError done
Event: 2.979 Loading class jdk/internal/vm/annotation/ForceInline
Event: 2.979 Loading class jdk/internal/vm/annotation/ForceInline done
Event: 3.046 Loading class sun/invoke/util/ValueConversions$1
Event: 3.046 Loading class sun/invoke/util/ValueConversions$1 done
Event: 3.047 Loading class java/lang/invoke/BoundMethodHandle$Species_LI
Event: 3.047 Loading class java/lang/invoke/BoundMethodHandle$Species_LI done

Classes unloaded (0 events):
No events

Classes redefined (0 events):
No events

Internal exceptions (20 events):
Event: 0.526 Thread 0x000001bde9c84b10 Exception <a 'java/lang/NoSuchMethodError'{0x0000000713c04248}: 'void java.lang.invoke.DirectMethodHandle$Holder.invokeStatic(java.lang.Object, java.lang.Object, java.lang.Object)'> (0x0000000713c04248) 
thrown [s\open\src\hotspot\share\interpreter\linkResolver.cpp, line 773]
Event: 0.711 Thread 0x000001bde9c84b10 Exception <a 'java/lang/NoSuchMethodError'{0x0000000713dbd440}: 'java.lang.Object java.lang.invoke.DirectMethodHandle$Holder.invokeSpecialIFC(java.lang.Object, java.lang.Object, java.lang.Object, java.lang.Object)'> (0x0000000713dbd440) 
thrown [s\open\src\hotspot\share\interpreter\linkResolver.cpp, line 773]
Event: 1.051 Thread 0x000001bde9c84b10 Exception <a 'java/lang/NoSuchMethodError'{0x000000071371f958}: 'void java.lang.invoke.DirectMethodHandle$Holder.invokeSpecial(java.lang.Object, java.lang.Object, java.lang.Object)'> (0x000000071371f958) 
thrown [s\open\src\hotspot\share\interpreter\linkResolver.cpp, line 773]
Event: 1.099 Thread 0x000001bde9c84b10 Exception <a 'java/lang/NoSuchMethodError'{0x000000071345d570}: 'java.lang.Object java.lang.invoke.DirectMethodHandle$Holder.invokeInterface(java.lang.Object, java.lang.Object)'> (0x000000071345d570) 
thrown [s\open\src\hotspot\share\interpreter\linkResolver.cpp, line 773]
Event: 1.129 Thread 0x000001bde9c84b10 Exception <a 'java/lang/NoSuchMethodError'{0x00000007134f2cc8}: 'int java.lang.invoke.DirectMethodHandle$Holder.invokeStatic(java.lang.Object, java.lang.Object, java.lang.Object, java.lang.Object)'> (0x00000007134f2cc8) 
thrown [s\open\src\hotspot\share\interpreter\linkResolver.cpp, line 773]
Event: 1.129 Thread 0x000001bde9c84b10 Exception <a 'java/lang/NoSuchMethodError'{0x00000007134f6348}: 'java.lang.Object java.lang.invoke.Invokers$Holder.invokeExact_MT(java.lang.Object, java.lang.Object, java.lang.Object, java.lang.Object, java.lang.Object, java.lang.Object)'> (0x00000007134f6348) 
thrown [s\open\src\hotspot\share\interpreter\linkResolver.cpp, line 773]
Event: 1.131 Thread 0x000001bde9c84b10 Exception <a 'java/lang/NoSuchMethodError'{0x00000007135067b8}: 'int java.lang.invoke.DirectMethodHandle$Holder.invokeSpecialIFC(java.lang.Object, java.lang.Object, java.lang.Object, java.lang.Object, java.lang.Object)'> (0x00000007135067b8) 
thrown [s\open\src\hotspot\share\interpreter\linkResolver.cpp, line 773]
Event: 1.248 Thread 0x000001bde9c84b10 Exception <a 'java/lang/NoSuchMethodError'{0x0000000713284ca8}: 'java.lang.Object java.lang.invoke.DirectMethodHandle$Holder.newInvokeSpecial(java.lang.Object, java.lang.Object, java.lang.Object, java.lang.Object, java.lang.Object)'> (0x0000000713284ca8) 
thrown [s\open\src\hotspot\share\interpreter\linkResolver.cpp, line 773]
Event: 1.290 Thread 0x000001bde9c84b10 Exception <a 'java/lang/NoSuchMethodError'{0x000000071337b660}: 'int java.lang.invoke.DirectMethodHandle$Holder.invokeStaticInit(java.lang.Object, java.lang.Object)'> (0x000000071337b660) 
thrown [s\open\src\hotspot\share\interpreter\linkResolver.cpp, line 773]
Event: 1.301 Thread 0x000001bde9c84b10 Exception <a 'java/lang/NoClassDefFoundError'{0x00000007133af7b0}: javax/enterprise/inject/Typed> (0x00000007133af7b0) 
thrown [s\open\src\hotspot\share\classfile\systemDictionary.cpp, line 294]
Event: 2.962 Thread 0x000001bde9c84b10 Exception <a 'java/lang/NoSuchMethodError'{0x0000000714267310}: 'void java.lang.invoke.DirectMethodHandle$Holder.invokeStaticInit(java.lang.Object, java.lang.Object, java.lang.Object)'> (0x0000000714267310) 
thrown [s\open\src\hotspot\share\interpreter\linkResolver.cpp, line 773]
Event: 2.976 Thread 0x000001bde9c84b10 Exception <a 'java/lang/ExceptionInInitializerError'{0x00000007142906b0}> (0x00000007142906b0) 
thrown [s\open\src\hotspot\share\oops\instanceKlass.cpp, line 1160]
Event: 3.047 Thread 0x000001bde9c84b10 Exception <a 'java/lang/NoSuchMethodError'{0x000000071439b0d8}: 'long java.lang.invoke.DirectMethodHandle$Holder.invokeStatic(java.lang.Object, java.lang.Object, int)'> (0x000000071439b0d8) 
thrown [s\open\src\hotspot\share\interpreter\linkResolver.cpp, line 773]
Event: 3.050 Thread 0x000001bde9c84b10 Exception <a 'java/lang/NoSuchMethodError'{0x00000007143ae170}: 'java.lang.Object java.lang.invoke.DirectMethodHandle$Holder.invokeStatic(java.lang.Object, java.lang.Object, java.lang.Object, java.lang.Object, int)'> (0x00000007143ae170) 
thrown [s\open\src\hotspot\share\interpreter\linkResolver.cpp, line 773]
Event: 3.051 Thread 0x000001bde9c84b10 Exception <a 'java/lang/NoSuchMethodError'{0x00000007143b6088}: 'java.lang.Object java.lang.invoke.DirectMethodHandle$Holder.invokeSpecial(java.lang.Object, java.lang.Object, java.lang.Object, java.lang.Object, long)'> (0x00000007143b6088) 
thrown [s\open\src\hotspot\share\interpreter\linkResolver.cpp, line 773]
Event: 3.076 Thread 0x000001bde9c84b10 Exception <a 'java/lang/NoSuchMethodError'{0x00000007143c1b78}: 'java.lang.Object java.lang.invoke.DirectMethodHandle$Holder.invokeSpecial(java.lang.Object, java.lang.Object, java.lang.Object, int, java.lang.Object)'> (0x00000007143c1b78) 
thrown [s\open\src\hotspot\share\interpreter\linkResolver.cpp, line 773]
Event: 3.079 Thread 0x000001bde9c84b10 Exception <a 'java/lang/NoSuchMethodError'{0x00000007143c9c98}: 'int java.lang.invoke.DirectMethodHandle$Holder.invokeSpecial(java.lang.Object, java.lang.Object, java.lang.Object, int)'> (0x00000007143c9c98) 
thrown [s\open\src\hotspot\share\interpreter\linkResolver.cpp, line 773]
Event: 3.085 Thread 0x000001bde9c84b10 Implicit null exception at 0x000001bd87b4779d to 0x000001bd87b478f4
Event: 3.087 Thread 0x000001bde9c84b10 Exception <a 'java/lang/NoSuchMethodError'{0x00000007143ee7d0}: 'java.lang.Object java.lang.invoke.Invokers$Holder.invokeExact_MT(java.lang.Object, int, java.lang.Object)'> (0x00000007143ee7d0) 
thrown [s\open\src\hotspot\share\interpreter\linkResolver.cpp, line 773]
Event: 3.099 Thread 0x000001bde9c84b10 Exception <a 'java/lang/NoSuchMethodError'{0x000000071404eec8}: 'void java.lang.invoke.DirectMethodHandle$Holder.invokeStatic(java.lang.Object, java.lang.Object)'> (0x000000071404eec8) 
thrown [s\open\src\hotspot\share\interpreter\linkResolver.cpp, line 773]

VM Operations (20 events):
Event: 0.358 Executing VM operation: HandshakeAllThreads
Event: 0.358 Executing VM operation: HandshakeAllThreads done
Event: 0.384 Executing VM operation: HandshakeAllThreads
Event: 0.384 Executing VM operation: HandshakeAllThreads done
Event: 0.742 Executing VM operation: HandshakeAllThreads
Event: 0.742 Executing VM operation: HandshakeAllThreads done
Event: 1.326 Executing VM operation: ICBufferFull
Event: 1.327 Executing VM operation: ICBufferFull done
Event: 1.373 Executing VM operation: G1CollectForAllocation
Event: 1.378 Executing VM operation: G1CollectForAllocation done
Event: 2.262 Executing VM operation: HandshakeAllThreads
Event: 2.262 Executing VM operation: HandshakeAllThreads done
Event: 2.325 Executing VM operation: HandshakeAllThreads
Event: 2.325 Executing VM operation: HandshakeAllThreads done
Event: 2.367 Executing VM operation: ICBufferFull
Event: 2.367 Executing VM operation: ICBufferFull done
Event: 2.867 Executing VM operation: G1CollectForAllocation
Event: 2.878 Executing VM operation: G1CollectForAllocation done
Event: 2.988 Executing VM operation: HandshakeAllThreads
Event: 2.988 Executing VM operation: HandshakeAllThreads done

Events (15 events):
Event: 0.046 Thread 0x000001bde9c84b10 Thread added: 0x000001bde9c84b10
Event: 0.060 Thread 0x000001bdfa5841a0 Thread added: 0x000001bdfa5841a0
Event: 0.060 Thread 0x000001bdfa5874c0 Thread added: 0x000001bdfa5874c0
Event: 0.060 Thread 0x000001bdfa588bb0 Thread added: 0x000001bdfa588bb0
Event: 0.060 Thread 0x000001bdfa58a9a0 Thread added: 0x000001bdfa58a9a0
Event: 0.060 Thread 0x000001bdfa58b3d0 Thread added: 0x000001bdfa58b3d0
Event: 0.060 Thread 0x000001bdfa58bf30 Thread added: 0x000001bdfa58bf30
Event: 0.061 Thread 0x000001bdfa592e10 Thread added: 0x000001bdfa592e10
Event: 0.061 Thread 0x000001bdfa59c8e0 Thread added: 0x000001bdfa59c8e0
Event: 0.088 Thread 0x000001bdfe918630 Thread added: 0x000001bdfe918630
Event: 0.091 Thread 0x000001bdfe927260 Thread added: 0x000001bdfe927260
Event: 1.336 Thread 0x000001bdfef33090 Thread added: 0x000001bdfef33090
Event: 1.337 Thread 0x000001bdfef33620 Thread added: 0x000001bdfef33620
Event: 2.043 Thread 0x000001bdfef33620 Thread exited: 0x000001bdfef33620
Event: 2.050 Thread 0x000001bdfef33090 Thread exited: 0x000001bdfef33090


Dynamic libraries:
0x00007ff7b6e50000 - 0x00007ff7b6e60000 	C:\Program Files\Java\jdk-20\bin\java.exe
0x00007ffcd9d90000 - 0x00007ffcd9fa4000 	C:\Windows\SYSTEM32\ntdll.dll
0x00007ffcd8960000 - 0x00007ffcd8a24000 	C:\Windows\System32\KERNEL32.DLL
0x00007ffcd72e0000 - 0x00007ffcd7684000 	C:\Windows\System32\KERNELBASE.dll
0x00007ffcd7960000 - 0x00007ffcd7a71000 	C:\Windows\System32\ucrtbase.dll
0x00007ffc73450000 - 0x00007ffc73469000 	C:\Program Files\Java\jdk-20\bin\jli.dll
0x00007ffcd2330000 - 0x00007ffcd234b000 	C:\Program Files\Java\jdk-20\bin\VCRUNTIME140.dll
0x00007ffcd81f0000 - 0x00007ffcd82a0000 	C:\Windows\System32\ADVAPI32.dll
0x00007ffcd8030000 - 0x00007ffcd80d7000 	C:\Windows\System32\msvcrt.dll
0x00007ffcd7e60000 - 0x00007ffcd7f06000 	C:\Windows\System32\sechost.dll
0x00007ffcd7f10000 - 0x00007ffcd8027000 	C:\Windows\System32\RPCRT4.dll
0x00007ffcd9ba0000 - 0x00007ffcd9d4e000 	C:\Windows\System32\USER32.dll
0x00007ffcd72b0000 - 0x00007ffcd72d6000 	C:\Windows\System32\win32u.dll
0x00007ffcd7c80000 - 0x00007ffcd7ca9000 	C:\Windows\System32\GDI32.dll
0x00007ffcd7780000 - 0x00007ffcd7898000 	C:\Windows\System32\gdi32full.dll
0x00007ffcb4020000 - 0x00007ffcb42b3000 	C:\Windows\WinSxS\amd64_microsoft.windows.common-controls_6595b64144ccf1df_6.0.22621.2215_none_270d72677387dfc3\COMCTL32.dll
0x00007ffcd7a80000 - 0x00007ffcd7b1a000 	C:\Windows\System32\msvcp_win.dll
0x00007ffccfb80000 - 0x00007ffccfb8a000 	C:\Windows\SYSTEM32\VERSION.dll
0x00007ffcd9a00000 - 0x00007ffcd9a31000 	C:\Windows\System32\IMM32.DLL
0x00007ffcd2320000 - 0x00007ffcd232c000 	C:\Program Files\Java\jdk-20\bin\vcruntime140_1.dll
0x00007ffc71d30000 - 0x00007ffc71dbe000 	C:\Program Files\Java\jdk-20\bin\msvcp140.dll
0x00007ffc4def0000 - 0x00007ffc4eb88000 	C:\Program Files\Java\jdk-20\bin\server\jvm.dll
0x00007ffccb710000 - 0x00007ffccb744000 	C:\Windows\SYSTEM32\WINMM.dll
0x00007ffcaa660000 - 0x00007ffcaa669000 	C:\Windows\SYSTEM32\WSOCK32.dll
0x00007ffcd9750000 - 0x00007ffcd97c1000 	C:\Windows\System32\WS2_32.dll
0x00007ffcd6100000 - 0x00007ffcd6118000 	C:\Windows\SYSTEM32\kernel.appcore.dll
0x00007ffcd22a0000 - 0x00007ffcd22aa000 	C:\Program Files\Java\jdk-20\bin\jimage.dll
0x00007ffcd4aa0000 - 0x00007ffcd4cce000 	C:\Windows\SYSTEM32\DBGHELP.DLL
0x00007ffcd8ad0000 - 0x00007ffcd8e5a000 	C:\Windows\System32\combase.dll
0x00007ffcd97d0000 - 0x00007ffcd98a7000 	C:\Windows\System32\OLEAUT32.dll
0x00007ffcbcd00000 - 0x00007ffcbcd32000 	C:\Windows\SYSTEM32\dbgcore.DLL
0x00007ffcd7690000 - 0x00007ffcd770a000 	C:\Windows\System32\bcryptPrimitives.dll
0x00007ffcd22b0000 - 0x00007ffcd22d6000 	C:\Program Files\Java\jdk-20\bin\java.dll
0x00007ffc9cef0000 - 0x00007ffc9cfc7000 	C:\Program Files\Java\jdk-20\bin\jsvml.dll
0x00007ffcd8e60000 - 0x00007ffcd9683000 	C:\Windows\System32\SHELL32.dll
0x00007ffcd5080000 - 0x00007ffcd596a000 	C:\Windows\SYSTEM32\windows.storage.dll
0x00007ffcd4f40000 - 0x00007ffcd507e000 	C:\Windows\SYSTEM32\wintypes.dll
0x00007ffcd80e0000 - 0x00007ffcd81d3000 	C:\Windows\System32\SHCORE.dll
0x00007ffcd8a70000 - 0x00007ffcd8ace000 	C:\Windows\System32\shlwapi.dll
0x00007ffcd7070000 - 0x00007ffcd7096000 	C:\Windows\SYSTEM32\profapi.dll
0x00007ffcd2260000 - 0x00007ffcd2273000 	C:\Program Files\Java\jdk-20\bin\net.dll
0x00007ffcd03d0000 - 0x00007ffcd0507000 	C:\Windows\SYSTEM32\WINHTTP.dll
0x00007ffcd65c0000 - 0x00007ffcd6629000 	C:\Windows\system32\mswsock.dll
0x00007ffcbc510000 - 0x00007ffcbc526000 	C:\Program Files\Java\jdk-20\bin\nio.dll
0x00007ffcbc400000 - 0x00007ffcbc418000 	C:\Program Files\Java\jdk-20\bin\zip.dll
0x0000000069ac0000 - 0x0000000069ae4000 	C:\Program Files\NetBeans-19\netbeans\java\maven\lib\jansi-native\Windows\x86_64\jansi.dll
0x00007ffcb7140000 - 0x00007ffcb7150000 	C:\Program Files\Java\jdk-20\bin\verify.dll

dbghelp: loaded successfully - version: 4.0.5 - missing functions: none
symbol engine: initialized successfully - sym options: 0x614 - pdb path: .;C:\Program Files\Java\jdk-20\bin;C:\Windows\SYSTEM32;C:\Windows\WinSxS\amd64_microsoft.windows.common-controls_6595b64144ccf1df_6.0.22621.2215_none_270d72677387dfc3;C:\Program Files\Java\jdk-20\bin\server;C:\Program Files\NetBeans-19\netbeans\java\maven\lib\jansi-native\Windows\x86_64

VM Arguments:
jvm_args: -Dclassworlds.conf=C:\Program Files\NetBeans-19\netbeans\java\maven\bin\m2.conf -Dmaven.home=C:\Program Files\NetBeans-19\netbeans\java\maven -Dlibrary.jansi.path=C:\Program Files\NetBeans-19\netbeans\java\maven\lib\jansi-native -Dmaven.multiModuleProjectDirectory=C:\Users\votan\OneDrive\Máy tính\Student_Management\Student_Management_Admin 
java_command: org.codehaus.plexus.classworlds.launcher.Launcher -Dexec.vmArgs= -Dexec.appArgs= -Dmaven.ext.class.path=C:\Program Files\NetBeans-19\netbeans\java\maven-nblib\netbeans-eventspy.jar --no-transfer-progress clean javafx:run
java_class_path (initial): C:\Program Files\NetBeans-19\netbeans\java\maven\boot\plexus-classworlds-2.7.0.jar
Launcher Type: SUN_STANDARD

[Global flags]
     intx CICompilerCount                          = 4                                         {product} {ergonomic}
     uint ConcGCThreads                            = 3                                         {product} {ergonomic}
     uint G1ConcRefinementThreads                  = 10                                        {product} {ergonomic}
   size_t G1HeapRegionSize                         = 2097152                                   {product} {ergonomic}
    uintx GCDrainStackTargetSize                   = 64                                        {product} {ergonomic}
   size_t InitialHeapSize                          = 264241152                                 {product} {ergonomic}
   size_t MarkStackSize                            = 4194304                                   {product} {ergonomic}
   size_t MaxHeapSize                              = 4217372672                                {product} {ergonomic}
   size_t MaxNewSize                               = 2529165312                                {product} {ergonomic}
   size_t MinHeapDeltaBytes                        = 2097152                                   {product} {ergonomic}
   size_t MinHeapSize                              = 8388608                                   {product} {ergonomic}
    uintx NonNMethodCodeHeapSize                   = 5839372                                {pd product} {ergonomic}
    uintx NonProfiledCodeHeapSize                  = 122909434                              {pd product} {ergonomic}
    uintx ProfiledCodeHeapSize                     = 122909434                              {pd product} {ergonomic}
    uintx ReservedCodeCacheSize                    = 251658240                              {pd product} {ergonomic}
     bool SegmentedCodeCache                       = true                                      {product} {ergonomic}
   size_t SoftMaxHeapSize                          = 4217372672                             {manageable} {ergonomic}
     bool UseCompressedClassPointers               = true                           {product lp64_product} {ergonomic}
     bool UseCompressedOops                        = true                           {product lp64_product} {ergonomic}
     bool UseG1GC                                  = true                                      {product} {ergonomic}
     bool UseLargePagesIndividualAllocation        = false                                  {pd product} {ergonomic}

Logging:
Log output configuration:
 #0: stdout all=warning uptime,level,tags foldmultilines=false
 #1: stderr all=off uptime,level,tags foldmultilines=false

Environment Variables:
JAVA_HOME=C:\Program Files\Java\jdk-20
PATH=C:\Program Files (x86)\VMware\VMware Workstation\bin\;C:\app\votan\product\21c\dbhomeXE\bin;C:\Program Files\Common Files\Oracle\Java\javapath;C:\Program Files (x86)\Common Files\Oracle\Java\javapath;C:\Program Files\Microsoft MPI\Bin\;C:\Python311\Scripts\;C:\Python311\;C:\Windows\system32;C:\Windows;C:\Windows\System32\Wbem;C:\Windows\System32\WindowsPowerShell\v1.0\;C:\Windows\System32\OpenSSH\;C:\Program Files (x86)\NVIDIA Corporation\PhysX\Common;C:\Program Files\NVIDIA Corporation\NVIDIA NvDLISR;C:\ProgramData\chocolatey\bin;C:\xampp\php;C:\composer;C:\Program Files (x86)\Microsoft SQL Server\160\Tools\Binn\;C:\Program Files\Microsoft SQL Server\160\Tools\Binn\;C:\Program Files\Microsoft SQL Server\Client SDK\ODBC\170\Tools\Binn\;C:\Program Files\Microsoft SQL Server\160\DTS\Binn\;C:\Program Files (x86)\Microsoft SQL Server\160\DTS\Binn\;C:\Program Files\Git\cmd;C:\Program Files\dotnet\;C:\Program Files\Docker\Docker\resources\bin;C:\Program Files\nodejs\;C:\Program Files\MySQL\MySQL Shell 8.0\bin\;C:\Users\votan\AppData\Local\Microsoft\WindowsApps;C:\Users\votan\AppData\Roaming\Composer\vendor\bin;C:\Users\votan\AppData\Local\Programs\Microsoft VS Code\bin;C:\Program Files\JetBrains\PhpStorm 2023.2.1\bin;;C:\Program Files\JetBrains\DataGrip 2023.2.1\bin;;C:\Program Files\JetBrains\CLion 2023.2.1\bin;;C:\Program Files\JetBrains\IntelliJ IDEA 2023.2.1\bin;;C:\Program Files\JetBrains\PyCharm 2023.2.1\bin;;C:\Program Files\JetBrains\GoLand 2023.2.1\bin;;C:\Program Files\JetBrains\JetBrains Rider 2023.2.1\bin;;C:\Program Files\JetBrains\Aqua 232.9921.1\bin;;C:\Program Files\JetBrains\WebStorm 2023.2.1\bin;;C:\Users\votan\AppData\Local\GitHubDesktop\bin;C:\Users\votan\AppData\Roaming\npm
USERNAME=votan
OS=Windows_NT
PROCESSOR_IDENTIFIER=Intel64 Family 6 Model 141 Stepping 1, GenuineIntel
TMP=C:\Users\votan\AppData\Local\Temp
TEMP=C:\Users\votan\AppData\Local\Temp




---------------  S Y S T E M  ---------------

OS:
 Windows 11 , 64 bit Build 22621 (10.0.22621.2215)
OS uptime: 0 days 1:33 hours
Hyper-V role detected

CPU: total 12 (initial active 12) (6 cores per cpu, 2 threads per core) family 6 model 141 stepping 1 microcode 0x34, cx8, cmov, fxsr, ht, mmx, 3dnowpref, sse, sse2, sse3, ssse3, sse4.1, sse4.2, popcnt, lzcnt, tsc, tscinvbit, avx, avx2, aes, erms, clmul, bmi1, bmi2, adx, avx512f, avx512dq, avx512cd, avx512bw, avx512vl, sha, fma, vzeroupper, avx512_vpopcntdq, avx512_vpclmulqdq, avx512_vaes, avx512_vnni, clflush, clflushopt, clwb, avx512_vbmi2, avx512_vbmi, hv, rdtscp, rdpid, fsrm, gfni, avx512_bitalg, f16c, cet_ibt, cet_ss, avx512_ifma

Memory: 4k page, system-wide physical 16086M (3242M free)
TotalPageFile size 65238M (AvailPageFile size 0M)
current process WorkingSet (physical memory assigned to process): 115M, peak: 115M
current process commit charge ("private bytes"): 374M, peak: 374M

vm_info: Java HotSpot(TM) 64-Bit Server VM (20.0.2+9-78) for windows-amd64 JRE (20.0.2+9-78), built on 2023-06-14T10:08:48Z by "mach5one" with MS VC++ 17.1 (VS2022)

END.
